time,per. metric/s,metric total,overall metric/s,per. row/s,row total,overall row/s
1737535950,131378.02,1.313800E+06,131378.02,11789.82,1.179000E+05,11789.82
1737535960,292420.04,4.238000E+06,211898.42,26115.00,3.790500E+05,18952.36
1737535970,292560.03,7.163600E+06,238785.49,26077.50,6.398250E+05,21327.39
1737535980,272919.98,9.892800E+06,247319.08,24307.50,8.829000E+05,22072.42
1737535990,268200.02,1.257480E+07,251495.25,23917.50,1.122075E+06,22441.43
1737536000,265739.98,1.523220E+07,253869.37,23692.50,1.359000E+06,22649.94
1737536010,280855.02,1.804075E+07,257724.45,24952.50,1.608525E+06,22978.88
1737536020,280099.93,2.084175E+07,260521.38,24892.49,1.857450E+06,23218.08
1737536030,230937.50,2.315112E+07,257234.29,20722.50,2.064675E+06,22940.79
1737536040,278792.51,2.593905E+07,259390.11,24675.00,2.311425E+06,23114.22
1737536050,269875.03,2.863780E+07,260343.28,24180.00,2.553225E+06,23211.10
1737536060,284900.01,3.148680E+07,262389.68,25395.00,2.807175E+06,23393.10
1737536070,283459.99,3.432140E+07,264010.47,25222.50,3.059400E+06,23533.82
1737536080,285792.52,3.717932E+07,265566.33,25387.50,3.313275E+06,23666.22
1737536090,276482.49,3.994415E+07,266294.07,24727.50,3.560550E+06,23736.98
1737536100,259635.00,4.254050E+07,265877.88,23175.00,3.792300E+06,23701.85
1737536110,264905.01,4.518955E+07,265820.65,23542.50,4.027725E+06,23692.48
1737536120,271089.92,4.790045E+07,266113.39,24142.49,4.269150E+06,23717.48
1737536130,266872.59,5.056918E+07,266153.35,23767.51,4.506825E+06,23720.11
1737536140,270127.48,5.327045E+07,266352.05,24105.00,4.747875E+06,23739.36
1737536150,202954.96,5.530000E+07,263333.14,18112.50,4.929000E+06,23471.41
1737536160,155799.88,5.685800E+07,258445.27,13897.49,5.067975E+06,23036.23
1737536170,149145.13,5.834945E+07,253693.10,13177.51,5.199750E+06,22607.59
1737536180,135942.51,5.970888E+07,248786.82,12097.50,5.320725E+06,22169.67
1737536190,123195.01,6.094082E+07,243763.16,11025.00,5.430975E+06,21723.89
1737536200,168292.42,6.262375E+07,240860.44,14939.99,5.580375E+06,21462.97
1737536210,204520.09,6.466895E+07,239514.50,18337.51,5.763750E+06,21347.21
1737536220,234645.01,6.701540E+07,239340.59,20917.50,5.972925E+06,21331.86
1737536230,227379.94,6.928920E+07,238928.15,20309.99,6.176025E+06,21296.63
1737536240,229727.54,7.158648E+07,238621.46,20310.00,6.379125E+06,21263.74
1737536250,228340.02,7.386988E+07,238289.81,20400.00,6.583125E+06,21235.88
1737536260,233374.93,7.620362E+07,238136.22,20744.99,6.790575E+06,21220.54
1737536270,233164.98,7.853528E+07,237985.57,20775.00,6.998325E+06,21207.04
1737536280,231792.48,8.085320E+07,237803.42,20790.00,7.206225E+06,21194.77
1737536290,234440.09,8.319760E+07,237707.33,20887.51,7.415100E+06,21185.99
1737536300,204789.97,8.524550E+07,236792.96,18105.00,7.596150E+06,21100.41
1737536310,238402.56,8.762952E+07,236836.46,21412.51,7.810275E+06,21108.84
1737536320,245782.44,9.008735E+07,237071.88,21757.50,8.027850E+06,21125.91
1737536330,229532.54,9.238268E+07,236878.56,20542.50,8.233275E+06,21110.95
1737536340,229167.51,9.467435E+07,236685.79,20437.50,8.437650E+06,21094.12
1737536350,230575.00,9.698010E+07,236536.74,20490.00,8.642550E+06,21079.38
1737536360,224830.00,9.922840E+07,236258.01,19965.00,8.842200E+06,21052.85
1737536370,228010.01,1.015085E+08,236066.20,20415.00,9.046350E+06,21038.02
1737536380,234094.99,1.038494E+08,236021.40,20842.50,9.254775E+06,21033.57
1737536390,235695.01,1.062064E+08,236014.14,21052.50,9.465300E+06,21033.99
1737536400,239554.99,1.086020E+08,236091.12,21217.50,9.677475E+06,21037.98
1737536410,228725.01,1.108892E+08,235934.39,20497.50,9.882450E+06,21026.48
1737536420,225502.50,1.131442E+08,235717.06,20077.50,1.008322E+07,21006.71
1737536430,234792.51,1.154922E+08,235698.19,20932.50,1.029255E+07,21005.20
1737536440,216922.50,1.176614E+08,235322.68,19267.50,1.048522E+07,20970.44
1737536450,285622.47,1.205176E+08,236308.95,25567.50,1.074090E+07,21060.58
1737536460,262384.94,1.231414E+08,236810.41,23212.49,1.097302E+07,21101.96
1737536470,246249.97,1.256040E+08,236988.52,22102.50,1.119405E+07,21120.84
1737536480,247590.10,1.280798E+08,237184.84,21930.01,1.141335E+07,21135.83
1737536490,236834.98,1.304482E+08,237178.48,21217.50,1.162552E+07,21137.31
1737536500,239989.98,1.328481E+08,237228.69,21277.50,1.183830E+07,21139.82
1737536510,235355.05,1.352016E+08,237195.82,21037.50,1.204868E+07,21138.02
1737536520,241155.00,1.376132E+08,237264.08,21412.50,1.226280E+07,21142.75
1737536530,235055.00,1.399638E+08,237226.64,20985.00,1.247265E+07,21140.08
1737536540,241034.91,1.423741E+08,237290.11,21419.99,1.268685E+07,21144.74
1737536550,242872.60,1.448028E+08,237381.62,21652.51,1.290338E+07,21153.07
1737536560,243442.48,1.472372E+08,237479.38,21750.00,1.312088E+07,21162.70
1737536570,240885.01,1.496461E+08,237533.44,21397.50,1.333485E+07,21166.42
1737536580,243292.41,1.520790E+08,237623.42,21712.49,1.355198E+07,21174.96
1737536590,266115.10,1.547402E+08,238061.75,23685.01,1.378882E+07,21213.57
1737536600,281750.00,1.575577E+08,238723.70,25110.00,1.403992E+07,21272.61
1737536610,278112.52,1.603388E+08,239311.59,24892.50,1.428885E+07,21326.64
1737536620,282799.91,1.631668E+08,239951.12,25199.99,1.454085E+07,21383.60
1737536630,273427.59,1.659011E+08,240436.29,24307.51,1.478392E+07,21425.97
1737536640,284745.00,1.687485E+08,241069.27,25455.00,1.503848E+07,21483.53
1737536650,254049.95,1.712890E+08,241252.10,22530.00,1.526378E+07,21498.27
1737536660,245520.04,1.737442E+08,241311.37,21945.00,1.548322E+07,21504.47
1737536670,261337.49,1.763576E+08,241585.70,23332.50,1.571655E+07,21529.52
1737536680,266640.00,1.790240E+08,241924.28,23760.00,1.595415E+07,21559.66
1737536690,263254.75,1.816566E+08,242208.68,23369.98,1.618785E+07,21583.80
1737536700,266925.27,1.843258E+08,242533.90,23805.02,1.642590E+07,21613.02
1737536710,247914.99,1.868050E+08,242603.78,22035.00,1.664625E+07,21618.50
1737536720,254525.00,1.893502E+08,242756.62,22792.50,1.687418E+07,21633.55
1737536730,255654.99,1.919068E+08,242919.89,22650.00,1.710068E+07,21646.42
1737536740,259332.47,1.945001E+08,243125.05,23145.00,1.733212E+07,21665.15
1737536750,251657.53,1.970166E+08,243230.39,22492.50,1.755705E+07,21675.37
1737536760,254772.40,1.995644E+08,243371.14,22657.49,1.778362E+07,21687.34
1737536770,235482.44,2.019192E+08,243276.10,20917.49,1.799280E+07,21678.07
1737536780,213177.62,2.040510E+08,242917.78,19117.51,1.818398E+07,21647.59
1737536790,216667.53,2.062176E+08,242608.96,19237.50,1.837635E+07,21619.23
1737536800,200619.98,2.082238E+08,242120.71,17827.50,1.855462E+07,21575.14
1737536810,116707.50,2.093909E+08,240679.18,10545.00,1.866008E+07,21448.36
1737536820,140697.50,2.107979E+08,239543.03,12442.50,1.878450E+07,21346.02
1737536830,119010.00,2.119880E+08,238188.72,10710.00,1.889160E+07,21226.51
1737536840,111919.90,2.131072E+08,236785.74,9959.99,1.899120E+07,21101.33
1737536850,124125.03,2.143484E+08,235547.71,10995.00,1.910115E+07,20990.27
1737536860,150700.03,2.158554E+08,234625.45,13500.00,1.923615E+07,20908.86
1737536870,216057.61,2.180160E+08,234425.80,19162.51,1.942778E+07,20890.08
1737536880,220997.46,2.202260E+08,234282.94,19800.00,1.962578E+07,20878.48
1737536890,223035.04,2.224564E+08,234164.54,19747.50,1.982325E+07,20866.58
1737536900,225219.96,2.247086E+08,234071.37,20032.50,2.002358E+07,20857.89
1737536910,226787.48,2.269764E+08,233996.28,20220.00,2.022578E+07,20851.31
1737536920,226067.54,2.292371E+08,233915.37,20137.50,2.042715E+07,20844.03
1737536930,230810.01,2.315452E+08,233884.01,20707.50,2.063422E+07,20842.65
1737536940,190519.94,2.334504E+08,233450.36,16897.49,2.080320E+07,20803.20
1737536950,243510.06,2.358855E+08,233549.97,21750.01,2.102070E+07,20812.57
1737536960,250075.01,2.383862E+08,233711.98,22275.00,2.124345E+07,20826.91
1737536970,247390.01,2.408602E+08,233844.77,21960.00,2.146305E+07,20837.91
1737536980,271232.50,2.435725E+08,234204.27,24307.50,2.170612E+07,20871.27
1737536990,288717.51,2.464596E+08,234723.44,25635.00,2.196248E+07,20916.64
1737537000,291809.99,2.493778E+08,235262.00,26047.50,2.222295E+07,20965.04
1737537010,275690.00,2.521346E+08,235639.83,24600.00,2.246895E+07,20999.02
1737537020,280645.01,2.549411E+08,236056.54,24915.00,2.271810E+07,21035.27
1737537030,260369.99,2.575448E+08,236279.60,23280.00,2.295090E+07,21055.87
1737537040,268680.00,2.602316E+08,236574.15,23947.50,2.319038E+07,21082.16
1737537050,270712.51,2.629387E+08,236881.70,24030.00,2.343068E+07,21108.71
1737537060,267232.50,2.656110E+08,237152.69,23850.00,2.366918E+07,21133.19
1737537070,261254.98,2.682236E+08,237365.99,23355.00,2.390272E+07,21152.85
1737537080,269880.02,2.709224E+08,237651.20,23887.50,2.414160E+07,21176.84
1737537090,267315.00,2.735956E+08,237909.14,23827.50,2.437988E+07,21199.89
1737537100,264569.98,2.762412E+08,238138.98,23647.50,2.461635E+07,21220.99
1737537110,263474.89,2.788760E+08,238355.52,23534.99,2.485170E+07,21240.77
1737537120,272857.63,2.816046E+08,238647.91,24232.51,2.509402E+07,21266.12
1737537130,235557.50,2.839602E+08,238621.95,21052.50,2.530455E+07,21264.33
1737537140,257900.00,2.865392E+08,238782.60,22957.50,2.553412E+07,21278.43
1737537150,235605.01,2.888952E+08,238756.33,21037.50,2.574450E+07,21276.44
1737537160,247034.99,2.913656E+08,238824.19,21877.50,2.596328E+07,21281.37
1737537170,237585.01,2.937414E+08,238814.12,21300.00,2.617628E+07,21281.52
1737537180,239284.91,2.961342E+08,238817.91,21194.99,2.638822E+07,21280.82
1737537190,236720.08,2.985014E+08,238801.13,21202.51,2.660025E+07,21280.20
1737537200,233457.47,3.008360E+08,238758.72,20752.50,2.680778E+07,21276.01
1737537210,226292.53,3.030990E+08,238660.56,20167.50,2.700945E+07,21267.28
1737537220,227049.93,3.053694E+08,238569.85,20279.99,2.721225E+07,21259.57
1737537230,226895.06,3.076384E+08,238479.35,20235.01,2.741460E+07,21251.63
1737537240,224145.03,3.098798E+08,238369.09,19875.00,2.761335E+07,21241.04
1737537250,246654.98,3.123464E+08,238432.34,22095.00,2.783430E+07,21247.55
1737537260,247530.00,3.148217E+08,238501.26,22020.00,2.805450E+07,21253.41
1737537270,241965.00,3.172414E+08,238527.30,21532.50,2.826982E+07,21255.51
1737537280,250240.00,3.197438E+08,238614.71,22282.50,2.849265E+07,21263.17
1737537290,240735.01,3.221511E+08,238630.42,21390.00,2.870655E+07,21264.11
1737537300,246429.99,3.246154E+08,238687.77,22125.00,2.892780E+07,21270.44
1737537310,244439.92,3.270598E+08,238729.75,21719.99,2.914500E+07,21273.72
1737537320,253997.57,3.295998E+08,238840.39,22582.51,2.937082E+07,21283.20
1737537330,278502.43,3.323848E+08,239125.73,24907.49,2.961990E+07,21309.28
1737537340,285740.08,3.352422E+08,239458.69,25320.01,2.987310E+07,21337.93
1737537350,278337.50,3.380256E+08,239734.43,24952.50,3.012262E+07,21363.56
1737537360,281777.49,3.408434E+08,240030.50,25072.50,3.037335E+07,21389.68
1737537370,280355.02,3.436469E+08,240312.49,24870.00,3.062205E+07,21414.02
1737537380,276549.98,3.464124E+08,240564.14,24735.00,3.086940E+07,21437.08
1737537390,267269.91,3.490851E+08,240748.32,23834.99,3.110775E+07,21453.62
1737537400,216382.58,3.512489E+08,240581.43,19192.51,3.129968E+07,21438.13
1737537410,245289.95,3.537018E+08,240613.46,21990.00,3.151958E+07,21441.89
1737537420,250097.50,3.562028E+08,240677.54,22267.50,3.174225E+07,21447.46
1737537430,241980.06,3.586226E+08,240686.28,21547.51,3.195772E+07,21448.14
1737537440,248077.45,3.611034E+08,240735.56,21990.00,3.217762E+07,21451.75
1737537450,244477.47,3.635482E+08,240760.34,21892.50,3.239655E+07,21454.67
1737537460,218545.07,3.657336E+08,240614.19,19485.01,3.259140E+07,21441.71
1737537470,150689.99,3.672405E+08,240026.45,13305.00,3.272445E+07,21388.53
1737537480,143362.42,3.686741E+08,239398.76,12862.49,3.285308E+07,21333.16
1737537490,149557.59,3.701697E+08,238819.14,13342.51,3.298650E+07,21281.61
1737537500,134637.44,3.715161E+08,238151.31,11902.50,3.310552E+07,21221.49
1737537510,147277.55,3.729888E+08,237572.49,13162.50,3.323715E+07,21170.16
1737537520,186792.46,3.748568E+08,237251.10,16702.50,3.340418E+07,21141.88
1737537530,231065.06,3.771674E+08,237212.19,20520.01,3.360938E+07,21137.97
1737537540,236360.00,3.795310E+08,237206.87,21060.00,3.381998E+07,21137.48
1737537550,247277.48,3.820038E+08,237269.42,22102.50,3.404100E+07,21143.48
1737537560,248740.01,3.844912E+08,237340.23,22230.00,3.426330E+07,21150.18
1737537570,254229.94,3.870335E+08,237443.84,22484.99,3.448815E+07,21158.37
1737537580,248470.06,3.895182E+08,237511.08,22245.01,3.471060E+07,21165.00
1737537590,246540.01,3.919836E+08,237565.80,21960.00,3.493020E+07,21169.82
1737537600,250622.45,3.944898E+08,237644.45,22342.50,3.515362E+07,21176.88
1737537610,243377.55,3.969236E+08,237678.78,21712.50,3.537075E+07,21180.09
1737537620,242097.40,3.993446E+08,237705.08,21562.49,3.558638E+07,21182.36
1737537630,235507.57,4.016996E+08,237692.08,21037.51,3.579675E+07,21181.51
1737537640,240349.99,4.041032E+08,237707.71,21337.50,3.601012E+07,21182.42
1737537650,243262.53,4.065358E+08,237740.20,21705.00,3.622718E+07,21185.48
1737537660,247682.41,4.090126E+08,237798.00,21952.49,3.644670E+07,21189.94
1737537670,242100.08,4.114336E+08,237822.87,21570.01,3.666240E+07,21192.14
1737537680,246370.01,4.138973E+08,237871.99,22110.00,3.688350E+07,21197.41
1737537690,247110.02,4.163684E+08,237924.78,21870.00,3.710220E+07,21201.26
1737537700,248484.98,4.188532E+08,237984.78,22215.00,3.732435E+07,21207.02
1737537710,250480.00,4.213580E+08,238055.38,22320.00,3.754755E+07,21213.30
1737537720,252954.99,4.238876E+08,238139.08,22485.00,3.777240E+07,21220.45
1737537730,258507.52,4.264727E+08,238252.87,23032.50,3.800272E+07,21230.57
1737537740,259632.50,4.290690E+08,238371.65,23197.50,3.823470E+07,21241.50
1737537750,254832.50,4.316173E+08,238462.59,22717.50,3.846188E+07,21249.65
1737537760,256287.50,4.341802E+08,238560.53,22912.50,3.869100E+07,21258.79
1737537770,266482.50,4.368450E+08,238713.11,23737.50,3.892838E+07,21272.33
1737537780,270847.50,4.395535E+08,238887.75,23977.50,3.916815E+07,21287.04
1737537790,275169.99,4.423052E+08,239083.87,24525.00,3.941340E+07,21304.54
1737537800,275725.01,4.450624E+08,239280.87,24615.00,3.965955E+07,21322.34
1737537810,266114.95,4.477236E+08,239424.37,23685.00,3.989640E+07,21334.97
1737537820,234950.04,4.500731E+08,239400.57,20970.00,4.010610E+07,21333.03
1737537830,234162.46,4.524147E+08,239372.85,20857.50,4.031468E+07,21330.51
1737537840,234320.04,4.547579E+08,239346.26,20880.00,4.052348E+07,21328.14
1737537850,235865.01,4.571166E+08,239328.03,21090.00,4.073438E+07,21326.90
1737537860,225632.48,4.593729E+08,239256.70,20092.50,4.093530E+07,21320.47
1737537870,225849.93,4.616314E+08,239187.24,20099.99,4.113630E+07,21314.14
1737537880,227360.08,4.639050E+08,239126.27,20302.51,4.133932E+07,21308.93
1737537890,186537.49,4.657704E+08,238856.58,16650.00,4.150582E+07,21285.04
1737537900,248932.44,4.682597E+08,238907.99,22132.49,4.172715E+07,21289.36
1737537910,249610.06,4.707558E+08,238962.32,22185.01,4.194900E+07,21293.91
1737537920,245080.01,4.732066E+08,238993.21,21960.00,4.216860E+07,21297.27
1737537930,242295.00,4.756296E+08,239009.81,21585.00,4.238445E+07,21298.72
1737537940,250584.97,4.781354E+08,239067.68,22335.00,4.260780E+07,21303.90
1737537950,246750.03,4.806029E+08,239105.90,21825.00,4.282605E+07,21306.49
1737537960,242699.92,4.830299E+08,239123.69,21629.99,4.304235E+07,21308.09
1737537970,242730.08,4.854572E+08,239141.46,21645.01,4.325880E+07,21309.75
1737537980,250847.51,4.879657E+08,239198.84,22372.50,4.348252E+07,21314.96
1737537990,260812.49,4.905738E+08,239304.28,23340.00,4.371592E+07,21324.84
1737538000,257552.49,4.931493E+08,239392.86,22920.00,4.394512E+07,21332.58
1737538010,255942.52,4.957088E+08,239472.81,22695.00,4.417208E+07,21339.17
1737538020,257322.47,4.982820E+08,239558.62,22995.00,4.440202E+07,21347.13
1737538030,268620.03,5.009682E+08,239697.67,23880.00,4.464082E+07,21359.24
1737538040,278082.50,5.037490E+08,239880.46,24937.50,4.489020E+07,21376.28
1737538050,279542.41,5.065444E+08,240068.43,24757.49,4.513778E+07,21392.31
1737538060,280482.51,5.093492E+08,240259.06,25057.50,4.538835E+07,21409.60
1737538070,270405.08,5.120533E+08,240400.59,24120.01,4.562955E+07,21422.32
1737538080,219864.94,5.142520E+08,240304.63,19649.99,4.582605E+07,21414.04
1737538090,222240.06,5.164744E+08,240220.61,19642.51,4.602248E+07,21405.80
1737538100,220095.01,5.186753E+08,240127.44,19687.50,4.621935E+07,21397.85
1737538110,211710.00,5.207924E+08,239996.48,18930.00,4.640865E+07,21386.47
1737538120,167434.99,5.224668E+08,239663.63,14820.00,4.655685E+07,21356.35
1737538130,121904.89,5.236858E+08,239125.92,10904.99,4.666590E+07,21308.63
1737538140,121792.58,5.249037E+08,238592.59,10882.51,4.677472E+07,21261.24
1737538150,119745.01,5.261012E+08,238054.81,10590.00,4.688062E+07,21212.95
1737538160,112257.50,5.272238E+08,237488.16,9975.00,4.698038E+07,21162.33
1737538170,116144.93,5.283852E+08,236944.02,10477.49,4.708515E+07,21114.42
1737538180,162560.14,5.300108E+08,236611.95,14527.51,4.723042E+07,21085.01
1737538190,209359.98,5.321044E+08,236490.83,18622.50,4.741665E+07,21074.07
1737538200,214745.00,5.342518E+08,236394.61,18997.50,4.760662E+07,21064.88
1737538210,204010.01,5.362920E+08,236251.94,18270.00,4.778932E+07,21052.56
1737538220,206682.49,5.383588E+08,236122.25,18390.00,4.797322E+07,21040.89
1737538230,213665.01,5.404954E+08,236024.19,19080.00,4.816402E+07,21032.32
1737538240,211889.99,5.426143E+08,235919.26,18945.00,4.835348E+07,21023.25
1737538250,218287.50,5.447972E+08,235842.93,19455.00,4.854802E+07,21016.46
1737538260,221880.00,5.470160E+08,235782.74,19597.50,4.874400E+07,21010.34
1737538270,219607.50,5.492121E+08,235713.32,19612.50,4.894012E+07,21004.34
1737538280,221792.51,5.514300E+08,235653.83,19875.00,4.913888E+07,20999.52
1737538290,215044.91,5.535804E+08,235566.13,19079.99,4.932968E+07,20991.35
1737538300,221755.08,5.557980E+08,235507.61,19830.01,4.952798E+07,20986.43
1737538310,216570.00,5.579637E+08,235427.71,19312.50,4.972110E+07,20979.37
1737538320,217349.99,5.601372E+08,235351.75,19335.00,4.991445E+07,20972.46
1737538330,224790.01,5.623851E+08,235307.56,19965.00,5.011410E+07,20968.24
1737538340,233585.01,5.647210E+08,235300.38,20775.00,5.032185E+07,20967.44
1737538350,234634.99,5.670673E+08,235297.62,20925.00,5.053110E+07,20967.26
1737538360,234994.97,5.694172E+08,235296.37,20977.50,5.074088E+07,20967.30
1737538370,227975.00,5.716970E+08,235266.24,20385.00,5.094472E+07,20964.91
1737538380,225232.45,5.739493E+08,235225.12,20040.00,5.114512E+07,20961.12
1737538390,218807.58,5.761374E+08,235158.11,19515.01,5.134028E+07,20955.21
1737538400,210319.98,5.782406E+08,235057.14,18750.00,5.152778E+07,20946.25
1737538410,225420.04,5.804948E+08,235018.12,20062.50,5.172840E+07,20942.67

Summary:
loaded 581760000 metrics in 2475.197sec with 10 workers (mean rate 235035.85 metrics/sec)
loaded 51840000 rows in 2475.197sec with 10 workers (mean rate 20943.79 rows/sec)
Run complete after 691200 queries with 10 workers (Overall query rate 279.25 queries/sec):
          :
min:     0.98ms, med:     1.97ms, mean:     6.26ms, max: 2229.76ms, stddev:    15.13ms, sum: 4326.0sec, count: 691200
all queries:
min:     0.98ms, med:     1.97ms, mean:     6.26ms, max: 2229.76ms, stddev:    15.13ms, sum: 4326.0sec, count: 691200
Saving Response Latencies to /home/benchUser/results/latenciesInserts_other.csv
