time,per. metric/s,metric total,overall metric/s,per. row/s,row total,overall row/s
1737294212,417470.17,4.175200E+06,417470.17,37345.54,3.735000E+05,37345.54
1737294222,618359.92,1.035880E+07,517909.06,55009.99,9.236000E+05,46177.24
1737294232,638910.09,1.674790E+07,558241.12,56980.01,1.493400E+06,49778.02
1737294242,610299.90,2.285090E+07,571255.43,54369.99,2.037100E+06,50925.98
1737294252,643070.06,2.928160E+07,585618.01,57340.01,2.610500E+06,52208.75
1737294262,629139.92,3.557300E+07,592871.52,56019.99,3.170700E+06,52843.95
1737294272,629920.10,4.187220E+07,598164.08,56110.01,3.731800E+06,53310.52
1737294282,585579.99,4.772800E+07,596591.10,52260.00,4.254400E+06,53179.21
1737294292,607029.91,5.379830E+07,597750.95,54039.99,4.794800E+06,53274.85
1737294302,624690.04,6.004520E+07,600444.83,55600.00,5.350800E+06,53507.36
1737294312,592660.05,6.597180E+07,599737.13,52940.00,5.880200E+06,53455.78
1737294322,586039.98,7.183220E+07,598595.71,52070.00,6.400900E+06,53340.30
1737294332,556489.87,7.739710E+07,595356.83,49639.99,6.897300E+06,53055.67
1737294342,618290.21,8.358000E+07,596994.91,55170.02,7.449000E+06,53206.69
1737294352,589679.94,8.947680E+07,596507.25,52539.99,7.974400E+06,53162.24
1737294362,615920.02,9.563600E+07,597720.54,54920.00,8.523600E+06,53272.10
1737294372,613599.95,1.017720E+08,598654.62,54690.00,9.070500E+06,53355.51
1737294382,580560.02,1.075776E+08,597649.37,51690.00,9.587400E+06,53262.98
1737294392,587990.08,1.134575E+08,597140.99,52310.01,1.011050E+07,53212.82
1737294402,487779.97,1.183353E+08,591672.97,43590.00,1.054640E+07,52731.69
1737294412,583100.01,1.241663E+08,591264.73,51920.00,1.106560E+07,52693.03
1737294422,522569.76,1.293920E+08,588142.25,46559.98,1.153120E+07,52414.26
1737294432,519900.15,1.345910E+08,585175.22,46320.01,1.199440E+07,52149.29
1737294442,589380.04,1.404848E+08,585350.42,52550.00,1.251990E+07,52165.99
1737294452,610140.00,1.465862E+08,586342.00,54270.00,1.306260E+07,52250.15
1737294462,624409.79,1.528303E+08,587806.14,55739.98,1.362000E+07,52384.37
1737294472,615740.23,1.589877E+08,588840.73,54840.02,1.416840E+07,52475.32
1737294482,618530.03,1.651730E+08,589901.06,55060.00,1.471900E+07,52567.63
1737294492,559759.88,1.707706E+08,588861.71,49989.99,1.521890E+07,52478.75
1737294502,599340.09,1.767640E+08,589210.99,53380.01,1.575270E+07,52508.79
1737294512,631019.69,1.830742E+08,590559.65,56189.97,1.631460E+07,52627.54
1737294522,602060.24,1.890948E+08,590919.04,53640.02,1.685100E+07,52659.18
1737294532,609630.05,1.951911E+08,591486.04,54350.00,1.739450E+07,52710.42
1737294542,611670.01,2.013078E+08,592079.68,54520.00,1.793970E+07,52763.64
1737294552,600019.99,2.073080E+08,592306.55,53470.00,1.847440E+07,52783.82
1737294562,620740.04,2.135154E+08,593096.37,55340.00,1.902780E+07,52854.82
1737294572,615340.00,2.196688E+08,593697.54,54810.00,1.957590E+07,52907.67
1737294582,616409.71,2.258329E+08,594295.23,54799.97,2.012390E+07,52957.46
1737294592,587349.87,2.317064E+08,594117.14,52459.99,2.064850E+07,52944.71
1737294602,439900.15,2.361054E+08,590261.73,39080.01,2.103930E+07,52598.09
1737294612,601390.10,2.421193E+08,590533.16,53740.01,2.157670E+07,52625.94
1737294622,606710.03,2.481864E+08,590918.32,54050.00,2.211720E+07,52659.85
1737294632,630080.02,2.544872E+08,591829.05,56150.00,2.267870E+07,52741.02
1737294642,644540.01,2.609326E+08,593027.03,57390.00,2.325260E+07,52846.67
1737294652,604319.88,2.669758E+08,593277.98,53799.99,2.379060E+07,52867.86
1737294662,606590.14,2.730417E+08,593567.37,54050.01,2.433110E+07,52893.56
1737294672,654969.93,2.795914E+08,594873.81,58399.99,2.491510E+07,53010.72
1737294682,630499.74,2.858964E+08,595616.01,56189.98,2.547700E+07,53076.95
1737294692,511500.20,2.910114E+08,593899.37,45630.02,2.593330E+07,52924.97
1737294702,520190.13,2.962133E+08,592425.19,46240.01,2.639570E+07,52791.27
1737294712,519289.91,3.014062E+08,590991.16,46319.99,2.685890E+07,52664.39
1737294722,621580.07,3.076220E+08,591579.41,55350.01,2.741240E+07,52716.03
1737294732,647959.90,3.141016E+08,592643.19,57809.99,2.799050E+07,52812.15
1737294742,660269.94,3.207043E+08,593895.54,58729.99,2.857780E+07,52921.73
1737294752,629530.16,3.269996E+08,594543.44,56080.01,2.913860E+07,52979.16
1737294762,743480.03,3.344344E+08,597203.01,66300.00,2.980160E+07,53217.03
1737294772,748949.91,3.419239E+08,599865.23,66809.99,3.046970E+07,53455.50
1737294782,716169.64,3.490856E+08,601870.48,63839.97,3.110810E+07,53634.54
1737294792,566160.19,3.547472E+08,601265.22,50440.02,3.161250E+07,53580.40
1737294802,736400.04,3.621112E+08,603517.46,65650.00,3.226900E+07,53781.56
1737294812,476260.04,3.668738E+08,601431.28,42440.00,3.269340E+07,53595.63
1737294822,421419.96,3.710880E+08,598527.88,37530.00,3.306870E+07,53336.51
1737294832,407239.94,3.751604E+08,595491.57,36149.99,3.343020E+07,53063.71
1737294842,344359.75,3.786040E+08,591567.64,30819.98,3.373840E+07,52716.15
1737294852,474800.52,3.833520E+08,589771.22,42310.05,3.416150E+07,52556.06
1737294862,587519.96,3.892272E+08,589737.11,52250.00,3.468400E+07,52551.42
1737294872,581000.04,3.950372E+08,589606.71,51740.00,3.520140E+07,52539.31
1737294882,605800.02,4.010952E+08,589844.85,53980.00,3.574120E+07,52560.50
1737294892,594560.01,4.070408E+08,589913.18,53130.00,3.627250E+07,52568.75
1737294902,611449.95,4.131553E+08,590220.85,54440.00,3.681690E+07,52595.48
1737294912,593260.01,4.190879E+08,590263.66,52880.00,3.734570E+07,52599.49
1737294922,635530.05,4.254432E+08,590892.35,56630.00,3.791200E+07,52655.47
1737294932,664949.83,4.320927E+08,591906.84,59269.99,3.850470E+07,52746.08
1737294942,657360.10,4.386663E+08,592791.34,58450.01,3.908920E+07,52823.16
1737294952,656140.00,4.452277E+08,593635.99,58530.00,3.967450E+07,52899.25
1737294962,664760.01,4.518753E+08,594571.83,59350.00,4.026800E+07,52984.13
1737294972,653999.98,4.584153E+08,595343.62,58230.00,4.085030E+07,53052.26
1737294982,702169.36,4.654370E+08,596713.18,62539.94,4.147570E+07,53173.89
1737294992,595720.60,4.713942E+08,596700.62,52980.05,4.200550E+07,53171.44
1737295002,682059.89,4.782148E+08,597767.61,60929.99,4.261480E+07,53268.42
1737295012,692689.91,4.851417E+08,598939.49,61629.99,4.323110E+07,53371.65
1737295022,704910.05,4.921908E+08,600231.81,62900.00,4.386010E+07,53487.85
1737295032,718080.06,4.993716E+08,601651.66,63950.01,4.449960E+07,53613.90
1737295042,749380.07,5.068654E+08,603410.33,66670.01,4.516630E+07,53769.33
1737295052,690990.04,5.137753E+08,604440.68,61720.00,4.578350E+07,53862.87
1737295062,718209.87,5.209574E+08,605763.58,64009.99,4.642360E+07,53980.86
1737295072,694800.14,5.279054E+08,606786.98,61900.01,4.704260E+07,54071.88
1737295082,702500.01,5.349304E+08,607874.63,62580.00,4.766840E+07,54168.56
1737295092,633019.94,5.412606E+08,608157.16,56379.99,4.823220E+07,54193.41
1737295102,642009.51,5.476807E+08,608533.30,57169.96,4.880390E+07,54226.48
1737295112,633070.47,5.540114E+08,608802.94,56500.04,4.936890E+07,54251.47
1737295122,669420.01,5.607056E+08,609461.82,59630.00,4.996520E+07,54309.93
1737295132,685459.90,5.675602E+08,610279.00,61029.99,5.057550E+07,54382.19
1737295142,720219.99,5.747624E+08,611448.58,64220.00,5.121770E+07,54486.85
1737295152,699449.61,5.817569E+08,612374.91,62219.97,5.183990E+07,54568.25

Summary:
loaded 581760000 metrics in 951.193sec with 10 workers (mean rate 611610.70 metrics/sec)
loaded 51840000 rows in 951.193sec with 10 workers (mean rate 54499.96 rows/sec)
Run complete after 518400 queries with 10 workers (Overall query rate 545.00 queries/sec):
          :
min:     1.05ms, med:     6.13ms, mean:    10.61ms, max: 6787.07ms, stddev:    38.08ms, sum: 5500.1sec, count: 518400
all queries:
min:     1.05ms, med:     6.13ms, mean:    10.61ms, max: 6787.07ms, stddev:    38.08ms, sum: 5500.1sec, count: 518400
Saving Response Latencies to /home/benchUser/results/latenciesInserts_other.csv
