time,per. metric/s,metric total,overall metric/s,per. row/s,row total,overall row/s
1734190853,67913.54,6.792000E+05,67913.54,6179.41,6.180000E+04,6179.41
1734190863,363919.82,4.318400E+06,215909.67,32439.98,3.862000E+05,19309.08
1734190873,379170.20,8.110100E+06,270328.10,33770.02,7.239000E+05,24129.23
1734190883,362229.93,1.173240E+07,293303.01,32209.99,1.046000E+06,26149.38
1734190893,342679.97,1.515920E+07,303178.21,30640.00,1.352400E+06,27047.48
1734190903,328599.91,1.844520E+07,307415.10,29219.99,1.644600E+06,27409.56
1734190913,306980.02,2.151500E+07,307352.94,27350.00,1.918100E+06,27401.05
1734190923,371280.17,2.522780E+07,315343.75,33060.01,2.248700E+06,28108.42
1734190933,411339.74,2.934120E+07,326009.86,36609.98,2.614800E+06,29053.02
1734190943,384280.25,3.318400E+07,331836.84,34360.02,2.958400E+06,29583.72
1734190953,393329.81,3.711730E+07,337427.07,35029.98,3.308700E+06,30078.83
1734190963,391200.15,4.102930E+07,341908.12,34830.01,3.657000E+06,30474.76
1734190973,303520.01,4.406450E+07,338955.21,27070.00,3.927700E+06,30212.86
1734190983,391210.06,4.797660E+07,342687.67,34850.01,4.276200E+06,30544.08
1734190993,390989.87,5.188650E+07,345907.80,34769.99,4.623900E+06,30825.80
1734191003,389039.85,5.577690E+07,348603.54,34739.99,4.971300E+06,31070.44
1734191013,396190.18,5.973880E+07,351402.74,35310.02,5.324400E+06,31319.82
1734191023,343639.95,6.317520E+07,350971.47,30580.00,5.630200E+06,31278.72
1734191033,328720.10,6.646240E+07,349800.35,29390.01,5.924100E+06,31179.32
1734191043,390609.84,7.036850E+07,351840.82,34689.99,6.271000E+06,31354.85
1734191053,396950.03,7.433800E+07,353988.87,35320.00,6.624200E+06,31543.67
1734191063,395400.19,7.829200E+07,355871.19,35270.02,6.976900E+06,31713.04
1734191073,384559.74,8.213760E+07,357118.51,34399.98,7.320900E+06,31829.87
1734191083,322400.07,8.536160E+07,355671.92,28700.01,7.607900E+06,31699.46
1734191093,402300.04,8.938460E+07,357537.04,35780.00,7.965700E+06,31862.68
1734191103,390180.08,9.328640E+07,358792.53,34870.01,8.314400E+06,31978.34
1734191113,385499.86,9.714140E+07,359781.69,34249.99,8.656900E+06,32062.48
1734191123,386870.17,1.010101E+08,360749.13,34420.01,9.001100E+06,32146.68
1734191133,332939.97,1.043395E+08,359790.20,29750.00,9.298600E+06,32064.03
1734191143,355960.08,1.078991E+08,359662.53,31740.01,9.616000E+06,32053.23
1734191153,391570.02,1.118148E+08,360691.80,34840.00,9.964400E+06,32143.13
1734191163,409879.91,1.159136E+08,362228.92,36619.99,1.033060E+07,32283.03
1734191173,162559.99,1.175392E+08,356178.37,14460.00,1.047520E+07,31742.94
1734191183,328960.03,1.208288E+08,355377.83,29300.00,1.076820E+07,31671.09
1734191193,400099.95,1.248298E+08,356655.60,35560.00,1.112380E+07,31782.20
1734191203,423719.73,1.290670E+08,358518.49,37839.98,1.150220E+07,31950.47
1734191213,406010.33,1.331271E+08,359802.05,36210.03,1.186430E+07,32065.59
1734191223,339999.97,1.365271E+08,359280.94,30280.00,1.216710E+07,32018.60
1734191233,399419.96,1.405213E+08,360310.15,35480.00,1.252190E+07,32107.36
1734191243,400820.00,1.445295E+08,361322.89,35820.00,1.288010E+07,32200.17
1734191253,406470.07,1.485942E+08,362424.04,36100.01,1.324110E+07,32295.29
1734191263,374049.77,1.523347E+08,362700.84,33439.98,1.357550E+07,32322.55
1734191273,329760.18,1.556323E+08,361934.78,29300.02,1.386850E+07,32252.25
1734191283,356140.01,1.591937E+08,361803.08,31770.00,1.418620E+07,32241.29
1734191293,375189.84,1.629456E+08,362100.56,33519.99,1.452140E+07,32269.71
1734191303,385580.07,1.668014E+08,362610.99,34330.01,1.486470E+07,32314.50
1734191313,396099.86,1.707624E+08,363323.52,35299.99,1.521770E+07,32378.02
1734191323,340570.09,1.741681E+08,362849.49,30390.01,1.552160E+07,32336.60
1734191333,267829.93,1.768464E+08,360910.32,23839.99,1.576000E+07,32163.20
1734191343,264320.18,1.794896E+08,358978.52,23540.02,1.599540E+07,31990.74
1734191353,265849.93,1.821481E+08,357152.47,23669.99,1.623210E+07,31827.59
1734191363,304850.03,1.851966E+08,356146.66,27060.00,1.650270E+07,31735.90
1734191373,350740.01,1.887040E+08,356044.64,31390.00,1.681660E+07,31729.38
1734191383,396889.96,1.926729E+08,356801.04,35390.00,1.717050E+07,31797.17
1734191393,435029.87,1.970232E+08,358223.38,38729.99,1.755780E+07,31923.22
1734191403,401520.07,2.010384E+08,358996.53,35660.01,1.791440E+07,31989.95
1734191413,399369.86,2.050321E+08,359704.83,35749.99,1.827190E+07,32055.91
1734191423,338870.14,2.084208E+08,359345.62,30170.01,1.857360E+07,32023.40
1734191433,386479.98,2.122856E+08,359805.52,34390.00,1.891750E+07,32063.51
1734191443,394810.11,2.162337E+08,360388.93,35120.01,1.926870E+07,32114.45
1734191453,397029.94,2.202040E+08,360989.60,35449.99,1.962320E+07,32169.13
1734191463,355520.07,2.237592E+08,360901.38,31670.01,1.993990E+07,32161.08
1734191473,342399.76,2.271832E+08,360607.71,30559.98,2.024550E+07,32135.67
1734191483,391250.17,2.310957E+08,361086.49,34730.02,2.059280E+07,32176.20
1734191493,169609.94,2.327918E+08,358140.70,15139.99,2.074420E+07,31914.11
1734191503,388010.09,2.366719E+08,358593.27,34550.01,2.108970E+07,31954.04
1734191513,373659.79,2.404085E+08,358818.14,33399.98,2.142370E+07,31975.63
1734191523,296400.24,2.433725E+08,357900.23,26320.02,2.168690E+07,31892.46
1734191533,279229.99,2.461648E+08,356760.09,25020.00,2.193710E+07,31792.85
1734191543,288300.02,2.490478E+08,355782.09,25620.00,2.219330E+07,31704.67
1734191553,276260.00,2.518104E+08,354662.06,24670.00,2.244000E+07,31605.59
1734191563,344180.05,2.552522E+08,354516.48,30530.00,2.274530E+07,31590.65
1734191573,325969.96,2.585119E+08,354125.43,29170.00,2.303700E+07,31557.49
1734191583,399800.02,2.625099E+08,354742.65,35550.00,2.339250E+07,31611.45
1734191593,400449.69,2.665144E+08,355352.08,35769.97,2.375020E+07,31666.89
1734191603,390770.19,2.704221E+08,355818.11,34770.02,2.409790E+07,31707.72
1734191613,397250.13,2.743946E+08,356356.18,35350.01,2.445140E+07,31755.03
1734191623,317829.92,2.775729E+08,355862.26,28389.99,2.473530E+07,31711.88
1734191633,394510.09,2.815180E+08,356351.47,35070.01,2.508600E+07,31754.39
1734191643,395539.34,2.854734E+08,356841.32,35229.94,2.543830E+07,31797.84
1734191653,399630.57,2.894697E+08,357369.58,35770.05,2.579600E+07,31846.88
1734191663,311409.94,2.925838E+08,356809.10,27589.99,2.607190E+07,31794.96
1734191673,389920.09,2.964830E+08,357208.02,34850.01,2.642040E+07,31831.77
1734191683,395170.04,3.004347E+08,357659.95,35180.00,2.677220E+07,31871.63
1734191693,340529.89,3.038400E+08,357458.42,30389.99,2.707610E+07,31854.20
1734191703,259999.98,3.064400E+08,356325.19,23210.00,2.730820E+07,31753.69
1734191713,272659.97,3.091666E+08,355363.52,24240.00,2.755060E+07,31667.32
1734191723,395379.98,3.131204E+08,355818.25,35200.00,2.790260E+07,31707.47
1734191733,398199.42,3.171024E+08,356294.44,35579.95,2.825840E+07,31750.98
1734191743,399780.49,3.211002E+08,356777.62,35450.04,2.861290E+07,31792.08
1734191753,327510.27,3.243753E+08,356456.00,29350.02,2.890640E+07,31765.24
1734191763,394149.95,3.283168E+08,356865.72,35060.00,2.925700E+07,31801.05
1734191773,400119.97,3.323180E+08,357330.82,35620.00,2.961320E+07,31842.12
1734191783,402760.11,3.363456E+08,357814.11,35960.01,2.997280E+07,31885.93
1734191793,394569.64,3.402913E+08,358201.01,35189.97,3.032470E+07,31920.70
1734191803,316310.18,3.434544E+08,357764.64,28160.02,3.060630E+07,31881.53
1734191813,400199.91,3.474564E+08,358202.12,35569.99,3.096200E+07,31919.56
1734191823,177029.96,3.492267E+08,356353.43,15770.00,3.111970E+07,31754.76
1734191833,405370.32,3.532804E+08,356848.55,36170.03,3.148140E+07,31799.36
1734191843,388839.75,3.571688E+08,357168.46,34679.98,3.182820E+07,31828.17
1734191853,303750.16,3.602063E+08,356639.56,26960.01,3.209780E+07,31779.97
1734191863,393110.06,3.641374E+08,356997.12,35140.01,3.244920E+07,31812.91
1734191873,409569.74,3.682331E+08,357507.53,36479.98,3.281400E+07,31858.22
1734191883,395900.23,3.721921E+08,357876.69,35270.02,3.316670E+07,31891.03
1734191893,341909.74,3.756112E+08,357724.63,30509.98,3.347180E+07,31877.88
1734191903,395019.93,3.795614E+08,358076.47,35189.99,3.382370E+07,31909.12
1734191913,403520.35,3.835966E+08,358501.18,35970.03,3.418340E+07,31947.07
1734191923,401110.00,3.876077E+08,358895.70,35610.00,3.453950E+07,31980.99
1734191933,404209.96,3.916498E+08,359311.43,36030.00,3.489980E+07,32018.14
1734191943,335970.00,3.950095E+08,359099.23,30030.00,3.520010E+07,32000.06
1734191953,409930.13,3.991088E+08,359557.17,36550.01,3.556560E+07,32041.05
1734191963,392859.95,4.030374E+08,359854.52,34870.00,3.591430E+07,32066.31
1734191973,404869.81,4.070861E+08,360252.88,36119.98,3.627550E+07,32102.19
1734191983,339890.10,4.104850E+08,360074.26,30320.01,3.657870E+07,32086.55
1734191993,402500.00,4.145100E+08,360443.18,35790.00,3.693660E+07,32118.76
1734192003,392680.02,4.184368E+08,360721.08,35130.00,3.728790E+07,32144.71
1734192013,348839.95,4.219252E+08,360619.54,31010.00,3.759800E+07,32135.02
1734192023,371520.11,4.256404E+08,360711.91,33110.01,3.792910E+07,32143.28
1734192033,341159.91,4.290520E+08,360547.61,30329.99,3.823240E+07,32128.04
1734192043,411260.01,4.331646E+08,360970.21,36680.00,3.859920E+07,32165.97
1734192053,385459.80,4.370192E+08,361172.61,34459.98,3.894380E+07,32184.93
1734192063,333770.12,4.403569E+08,360948.00,29610.01,3.923990E+07,32163.83
1734192073,272549.93,4.430824E+08,360229.31,24409.99,3.948400E+07,32100.79
1734192083,269820.12,4.457806E+08,359500.21,23910.01,3.972310E+07,32034.73
1734192093,328549.99,4.490661E+08,359252.61,29370.00,4.001680E+07,32013.42
1734192103,392879.86,4.529949E+08,359519.49,35029.99,4.036710E+07,32037.36
1734192113,397710.27,4.569720E+08,359820.20,35480.02,4.072190E+07,32064.46
1734192123,389569.94,4.608677E+08,360052.62,34639.99,4.106830E+07,32084.59
1734192133,306420.03,4.639319E+08,359636.87,27340.00,4.134170E+07,32047.81
1734192143,155069.92,4.654826E+08,358063.28,13729.99,4.147900E+07,31906.90
1734192153,288699.82,4.683696E+08,357533.78,25839.98,4.173740E+07,31860.59
1734192163,157240.00,4.699420E+08,356016.41,13890.00,4.187630E+07,31724.45
1734192173,218150.02,4.721235E+08,354979.82,19460.00,4.207090E+07,31632.23
1734192183,261690.29,4.747404E+08,354283.63,23430.03,4.230520E+07,31571.02
1734192193,268819.99,4.774286E+08,353650.57,23900.00,4.254420E+07,31514.20
1734192203,263359.94,4.800622E+08,352986.66,23479.99,4.277900E+07,31455.13
1734192213,280800.05,4.828702E+08,352459.76,24920.00,4.302820E+07,31407.42
1734192223,348070.01,4.863509E+08,352427.95,31050.00,4.333870E+07,31404.83
1734192233,375319.87,4.901041E+08,352592.64,33539.99,4.367410E+07,31420.19
1734192243,282539.84,4.929295E+08,352092.26,25179.99,4.392590E+07,31375.62
1734192253,391260.27,4.968421E+08,352370.05,34740.02,4.427330E+07,31399.48
1734192263,403089.93,5.008730E+08,352727.23,35929.99,4.463260E+07,31431.39
1734192273,395080.04,5.048238E+08,353023.40,35250.00,4.498510E+07,31458.09
1734192283,399019.99,5.088140E+08,353342.82,35530.00,4.534040E+07,31486.37
1734192293,340150.05,5.122155E+08,353251.84,30360.00,4.564400E+07,31478.60
1734192303,363929.85,5.158548E+08,353324.97,32439.99,4.596840E+07,31485.18
1734192313,387299.96,5.197278E+08,353556.10,34490.00,4.631330E+07,31505.63
1734192323,394500.22,5.236728E+08,353832.75,35070.02,4.666400E+07,31529.71
1734192333,393089.90,5.276037E+08,354096.22,35119.99,4.701520E+07,31553.81
1734192343,392290.05,5.315266E+08,354350.84,34960.00,4.736480E+07,31576.51
1734192353,334300.03,5.348696E+08,354218.05,29830.00,4.766310E+07,31564.95
1734192363,336679.99,5.382364E+08,354102.67,29970.00,4.796280E+07,31554.45
1734192373,395289.73,5.421893E+08,354371.87,35189.98,4.831470E+07,31578.22
1734192383,402880.33,5.462181E+08,354686.86,35840.03,4.867310E+07,31605.89
1734192393,375779.94,5.499759E+08,354822.94,33609.99,4.900920E+07,31618.82
1734192403,332229.95,5.532982E+08,354678.12,29570.00,4.930490E+07,31605.69
1734192413,360626.09,5.569045E+08,354716.00,32149.65,4.962640E+07,31609.15
1734192423,388504.34,5.607895E+08,354929.85,34640.39,4.997280E+07,31628.34
1734192433,378169.80,5.645712E+08,355076.01,33639.98,5.030920E+07,31640.99
1734192443,363480.14,5.682060E+08,355128.54,32380.01,5.063300E+07,31645.61
1734192453,333719.86,5.715432E+08,354995.57,29829.99,5.093130E+07,31634.33
1734192463,391640.21,5.754596E+08,355221.77,34730.02,5.127860E+07,31653.44
1734192473,390739.94,5.793670E+08,355439.67,34939.99,5.162800E+07,31673.60

Summary:
loaded 581760000 metrics in 1636.060sec with 10 workers (mean rate 355586.08 metrics/sec)
loaded 51840000 rows in 1636.060sec with 10 workers (mean rate 31685.89 rows/sec)
Run complete after 518400 queries with 10 workers (Overall query rate 316.86 queries/sec):
          :
min:     1.20ms, med:    28.04ms, mean:    29.28ms, max: 4563.97ms, stddev:    35.52ms, sum: 15177.6sec, count: 518400
all queries:
min:     1.20ms, med:    28.04ms, mean:    29.28ms, max: 4563.97ms, stddev:    35.52ms, sum: 15177.6sec, count: 518400
Saving Response Latencies to /home/benchUser/results/latenciesInserts_latest.csv
