time,per. metric/s,metric total,overall metric/s,per. row/s,row total,overall row/s
1734190853,56349.28,5.635000E+05,56349.28,5039.94,5.040000E+04,5039.94
1734190863,350679.97,4.070300E+06,203513.69,31350.00,3.639000E+05,18194.88
1734190873,385479.92,7.925100E+06,264168.85,34239.99,7.063000E+05,23543.23
1734190883,368049.95,1.160560E+07,290139.04,32940.00,1.035700E+06,25892.41
1734190893,344160.02,1.504720E+07,300943.21,30580.00,1.341500E+06,26829.93
1734190903,322860.11,1.827580E+07,304596.01,28750.01,1.629000E+06,27149.94
1734190913,331870.02,2.159450E+07,308492.29,29610.00,1.925100E+06,27501.38
1734190923,361699.79,2.521150E+07,315143.22,32169.98,2.246800E+06,28084.95
1734190933,411890.03,2.933040E+07,325892.85,36680.00,2.613600E+06,29039.96
1734190943,378520.14,3.311560E+07,331155.57,33800.01,2.951600E+06,29515.96
1734190953,399759.97,3.711320E+07,337392.33,35660.00,3.308200E+06,30074.51
1734190963,330660.01,4.041980E+07,336831.30,29430.00,3.602500E+06,30020.80
1734190973,363609.97,4.405590E+07,338891.20,32400.00,3.926500E+06,30203.82
1734190983,380970.04,4.786560E+07,341896.83,34000.00,4.266500E+06,30474.97
1734190993,403139.97,5.189700E+07,345979.70,35900.00,4.625500E+06,30836.64
1734191003,388439.95,5.578140E+07,348633.46,34630.00,4.971800E+06,31073.72
1734191013,278000.06,5.856140E+07,344478.56,24760.01,5.219400E+06,30702.33
1734191023,383259.76,6.239400E+07,346633.07,34099.98,5.560400E+06,30891.09
1734191033,399240.30,6.638640E+07,349401.87,35680.03,5.917200E+06,31143.14
1734191043,386479.86,7.025120E+07,351255.77,34419.99,6.261400E+06,31306.98
1734191053,330690.13,7.355810E+07,350276.45,29450.01,6.555900E+06,31218.55
1734191063,403330.00,7.759140E+07,352687.98,35920.00,6.915100E+06,31432.25
1734191073,384879.93,8.144020E+07,354087.63,34229.99,7.257400E+06,31553.90
1734191083,386599.95,8.530620E+07,355442.31,34520.00,7.602600E+06,31677.48
1734191093,396539.93,8.927160E+07,357086.21,35299.99,7.955600E+06,31822.38
1734191103,333950.14,9.261110E+07,356196.36,29730.01,8.252900E+06,31741.91
1734191113,372589.99,9.633700E+07,356803.53,33260.00,8.585500E+06,31798.13
1734191123,413179.98,1.004688E+08,358816.98,36850.00,8.954000E+06,31978.56
1734191133,392680.08,1.043956E+08,359984.67,34860.01,9.302600E+06,32077.92
1734191143,387329.68,1.082689E+08,360896.17,34529.97,9.647900E+06,32159.65
1734191153,319470.21,1.114636E+08,359559.85,28610.02,9.934000E+06,32045.15
1734191163,357699.99,1.150406E+08,359501.73,31820.00,1.025220E+07,32038.11
1734191173,164580.01,1.166864E+08,353595.01,14620.00,1.039840E+07,31510.29
1734191183,384859.93,1.205350E+08,354514.57,34339.99,1.074180E+07,31593.52
1734191193,414850.11,1.246835E+08,356238.44,36880.01,1.111060E+07,31744.56
1734191203,304269.87,1.277262E+08,354794.87,27199.99,1.138260E+07,31618.32
1734191213,386100.06,1.315872E+08,355640.96,34470.01,1.172730E+07,31695.39
1734191223,376989.97,1.353571E+08,356202.77,33480.00,1.206210E+07,31742.36
1734191233,387280.07,1.392299E+08,356999.63,34480.01,1.240690E+07,31812.55
1734191243,406750.01,1.432974E+08,358243.38,36370.00,1.277060E+07,31926.49
1734191253,337739.90,1.466748E+08,357743.30,30039.99,1.307100E+07,31880.48
1734191263,357279.98,1.502476E+08,357732.27,31900.00,1.339000E+07,31880.94
1734191273,411160.07,1.543592E+08,358974.77,36600.01,1.375600E+07,31990.69
1734191283,384709.92,1.582063E+08,359559.66,34179.99,1.409780E+07,32040.44
1734191293,369355.43,1.618999E+08,359777.35,33019.59,1.442800E+07,32062.20
1734191303,321214.06,1.651120E+08,358939.03,28640.36,1.471440E+07,31987.82
1734191313,379359.84,1.689056E+08,359373.51,33789.99,1.505230E+07,32026.16
1734191323,281290.06,1.717185E+08,357746.78,25000.01,1.530230E+07,31879.78
1734191333,259050.05,1.743090E+08,355732.56,23120.00,1.553350E+07,31701.01
1734191343,257159.86,1.768806E+08,353761.10,22829.99,1.576180E+07,31523.59
1734191353,317120.21,1.800518E+08,353042.66,28360.02,1.604540E+07,31461.56
1734191363,392979.99,1.839816E+08,353810.68,34900.00,1.639440E+07,31527.68
1734191373,331880.00,1.873004E+08,353396.89,29580.00,1.669020E+07,31490.94
1734191383,391419.90,1.912146E+08,354101.02,35039.99,1.704060E+07,31556.66
1734191393,386940.09,1.950840E+08,354698.10,34440.01,1.738500E+07,31609.08
1734191403,396610.06,1.990501E+08,355446.53,35370.01,1.773870E+07,31676.24
1734191413,317369.83,2.022238E+08,354778.51,28229.98,1.802100E+07,31615.78
1734191423,385280.09,2.060766E+08,355304.40,34370.01,1.836470E+07,31663.27
1734191433,383870.02,2.099153E+08,355788.57,34080.00,1.870550E+07,31704.23
1734191443,375109.81,2.136664E+08,356110.59,33529.98,1.904080E+07,31734.66
1734191453,389200.00,2.175584E+08,356653.04,34730.00,1.938810E+07,31783.76
1734191463,306670.11,2.206251E+08,355846.86,27320.01,1.966130E+07,31711.77
1734191473,358250.20,2.242076E+08,355885.01,31830.02,1.997960E+07,31713.64
1734191483,388139.90,2.280890E+08,356388.99,34589.99,2.032550E+07,31758.59
1734191493,399080.01,2.320798E+08,357045.78,35580.00,2.068130E+07,31817.38
1734191503,158650.02,2.336663E+08,354039.78,14100.00,2.082230E+07,31548.93
1734191513,278889.82,2.364552E+08,352918.14,24929.98,2.107160E+07,31450.14
1734191523,298100.06,2.394362E+08,352111.99,26540.01,2.133700E+07,31377.94
1734191533,277420.02,2.422104E+08,351029.50,24760.00,2.158460E+07,31282.02
1734191543,255860.07,2.447690E+08,349669.94,22760.01,2.181220E+07,31160.28
1734191553,283899.94,2.476080E+08,348743.60,25330.00,2.206550E+07,31078.16
1734191563,355280.08,2.511608E+08,348834.38,31650.01,2.238200E+07,31086.11
1734191573,396750.00,2.551283E+08,349490.76,35380.00,2.273580E+07,31144.93
1734191583,408009.89,2.592084E+08,350281.56,36199.99,2.309780E+07,31213.24
1734191593,403180.01,2.632402E+08,350986.87,35960.00,2.345740E+07,31276.53
1734191603,338680.10,2.666270E+08,350824.94,30220.01,2.375960E+07,31262.63
1734191613,402489.96,2.706519E+08,351495.92,35930.00,2.411890E+07,31323.24
1734191623,402329.90,2.746752E+08,352147.63,35849.99,2.447740E+07,31381.28
1734191633,402320.13,2.786984E+08,352782.73,35780.01,2.483520E+07,31436.96
1734191643,395639.96,2.826548E+08,353318.44,35240.00,2.518760E+07,31484.49
1734191653,339879.95,2.860536E+08,353152.54,30320.00,2.549080E+07,31470.12
1734191663,396520.14,2.900188E+08,353681.41,35360.01,2.584440E+07,31517.56
1734191673,405879.87,2.940776E+08,354310.31,36219.99,2.620660E+07,31574.21
1734191683,397809.46,2.980557E+08,354828.15,35369.95,2.656030E+07,31619.40
1734191693,349290.53,3.015486E+08,354763.01,31040.05,2.687070E+07,31612.58
1734191703,390899.74,3.054576E+08,355183.20,34959.98,2.722030E+07,31651.51
1734191713,399399.95,3.094516E+08,355691.44,35530.00,2.757560E+07,31696.09
1734191723,281559.35,3.122672E+08,354849.03,25159.94,2.782720E+07,31621.81
1734191733,265150.76,3.149187E+08,353841.18,23650.07,2.806370E+07,31532.24
1734191743,330190.12,3.182206E+08,353578.39,29380.01,2.835750E+07,31508.33
1734191753,403199.89,3.222526E+08,354123.69,35899.99,2.871650E+07,31556.59
1734191763,334970.07,3.256023E+08,353915.49,29880.01,2.901530E+07,31538.37
1734191773,401529.72,3.296176E+08,354427.48,35789.98,2.937320E+07,31584.08
1734191783,394880.05,3.335664E+08,354857.82,35160.00,2.972480E+07,31622.12
1734191793,405039.80,3.376168E+08,355386.05,36119.98,3.008600E+07,31669.47
1734191803,403840.28,3.416552E+08,355890.78,35980.03,3.044580E+07,31714.37
1734191813,340050.07,3.450557E+08,355727.48,30330.01,3.074910E+07,31700.10
1734191823,375479.97,3.488105E+08,355929.03,33320.00,3.108230E+07,31716.63
1734191833,178669.99,3.505972E+08,354138.54,15910.00,3.124140E+07,31556.97
1734191843,380070.12,3.543979E+08,354397.85,33880.01,3.158020E+07,31580.20
1734191853,400129.90,3.583992E+08,354850.65,35789.99,3.193810E+07,31621.88
1734191863,310700.00,3.615062E+08,354417.80,27540.00,3.221350E+07,31581.86
1734191873,396439.89,3.654706E+08,354825.78,35349.99,3.256700E+07,31618.44
1734191883,388839.88,3.693590E+08,355152.84,34709.99,3.291410E+07,31648.17
1734191893,392150.14,3.732805E+08,355505.19,34940.01,3.326350E+07,31679.52
1734191903,399210.16,3.772726E+08,355917.50,35550.01,3.361900E+07,31716.03
1734191913,327510.00,3.805477E+08,355652.01,29220.00,3.391120E+07,31692.71
1734191923,407109.98,3.846188E+08,356128.48,36200.00,3.427320E+07,31734.44
1734191933,402919.86,3.886480E+08,356557.75,35879.99,3.463200E+07,31772.47
1734191943,403689.76,3.926849E+08,356986.23,35989.98,3.499190E+07,31810.81
1734191953,344950.30,3.961344E+08,356877.80,30870.03,3.530060E+07,31802.34
1734191963,400219.92,4.001366E+08,357264.78,35559.99,3.565620E+07,31835.89
1734191973,400639.96,4.041430E+08,357648.63,35760.00,3.601380E+07,31870.62
1734191983,406730.16,4.082103E+08,358079.17,36150.01,3.637530E+07,31908.15
1734191993,404560.01,4.122559E+08,358483.35,36080.00,3.673610E+07,31944.43
1734192003,326429.93,4.155202E+08,358207.03,29199.99,3.702810E+07,31920.77
1734192013,373240.01,4.192526E+08,358335.52,33210.00,3.736020E+07,31931.79
1734192023,394180.02,4.231944E+08,358639.28,35190.00,3.771210E+07,31959.40
1734192033,411499.68,4.273094E+08,359083.49,36649.97,3.807860E+07,31998.82
1734192043,343740.11,4.307468E+08,358955.63,30480.01,3.838340E+07,31986.16
1734192053,387020.00,4.346170E+08,359187.56,34520.00,3.872860E+07,32007.10
1734192063,343739.97,4.380544E+08,359060.94,30740.00,3.903600E+07,31996.72
1734192073,393589.95,4.419903E+08,359341.67,34970.00,3.938570E+07,32020.89
1734192083,354790.18,4.455382E+08,359304.96,31580.02,3.970150E+07,32017.34
1734192093,258560.02,4.481238E+08,358499.00,23040.00,3.993190E+07,31945.52
1734192103,266810.01,4.507919E+08,357771.31,23780.00,4.016970E+07,31880.71
1734192113,393910.07,4.547310E+08,358055.87,35160.01,4.052130E+07,31906.53
1734192123,396749.92,4.586985E+08,358358.17,35299.99,4.087430E+07,31933.04
1734192133,368549.81,4.623840E+08,358437.17,32989.98,4.120420E+07,31941.24
1734192143,306350.21,4.654475E+08,358036.50,27290.02,4.147710E+07,31905.46
1734192153,191189.98,4.673594E+08,356762.87,16910.00,4.164620E+07,31790.99
1734192163,154700.01,4.689064E+08,355232.09,13860.00,4.178480E+07,31655.15
1734192173,219639.76,4.711028E+08,354212.59,19629.98,4.198110E+07,31564.73
1734192183,313580.38,4.742386E+08,353909.37,27880.03,4.225990E+07,31537.24
1734192193,315270.03,4.773913E+08,353623.15,28100.00,4.254090E+07,31511.77
1734192203,268789.97,4.800792E+08,352999.38,24010.00,4.278100E+07,31456.61
1734192213,298429.72,4.830635E+08,352601.06,26589.98,4.304690E+07,31421.09
1734192223,377290.31,4.868364E+08,352779.97,33510.03,4.338200E+07,31436.23
1734192233,377340.06,4.906098E+08,352956.66,33610.01,4.371810E+07,31451.87
1734192243,340439.91,4.940142E+08,352867.25,30299.99,4.402110E+07,31443.64
1734192253,351040.02,4.975246E+08,352854.29,31430.00,4.433540E+07,31443.54
1734192263,391709.98,5.014417E+08,353127.93,34770.00,4.468310E+07,31466.97
1734192273,396530.04,5.054070E+08,353431.44,35320.00,4.503630E+07,31493.91
1734192283,393759.95,5.093446E+08,353711.50,35190.00,4.538820E+07,31519.58
1734192293,327340.05,5.126180E+08,353529.62,29160.00,4.567980E+07,31503.31
1734192303,396580.03,5.165838E+08,353824.49,35360.00,4.603340E+07,31529.72
1734192313,393849.79,5.205223E+08,354096.77,34989.98,4.638330E+07,31553.26
1734192323,392860.15,5.244509E+08,354358.69,35100.01,4.673430E+07,31577.23
1734192333,348330.02,5.279342E+08,354318.22,31010.00,4.704440E+07,31573.42
1734192343,391810.03,5.318523E+08,354568.17,34950.00,4.739390E+07,31595.93
1734192353,401899.94,5.358713E+08,354881.63,35709.99,4.775100E+07,31623.18
1734192363,405130.06,5.399226E+08,355212.21,36150.00,4.811250E+07,31652.96
1734192373,400279.81,5.439254E+08,355506.77,35719.98,4.846970E+07,31679.54
1734192383,342220.08,5.473476E+08,355420.49,30400.01,4.877370E+07,31671.23
1734192393,364980.05,5.509974E+08,355482.16,32590.00,4.909960E+07,31677.16
1734192403,378480.05,5.547822E+08,355629.59,33660.00,4.943620E+07,31689.87
1734192413,394049.97,5.587227E+08,355874.30,35150.00,4.978770E+07,31711.91
1734192423,375870.07,5.624814E+08,356000.86,33570.01,5.012340E+07,31723.67
1734192433,322400.01,5.657054E+08,355789.53,28690.00,5.041030E+07,31704.59
1734192443,367359.95,5.693790E+08,355861.85,32750.00,5.073780E+07,31711.12
1734192453,383660.00,5.732156E+08,356034.51,34160.00,5.107940E+07,31726.33
1734192463,374600.02,5.769616E+08,356149.11,33460.00,5.141400E+07,31737.03
1734192473,400469.53,5.809663E+08,356421.01,35569.96,5.176970E+07,31760.55

Summary:
loaded 581760000 metrics in 1632.673sec with 10 workers (mean rate 356323.59 metrics/sec)
loaded 51840000 rows in 1632.673sec with 10 workers (mean rate 31751.61 rows/sec)
Run complete after 518400 queries with 10 workers (Overall query rate 317.52 queries/sec):
          :
min:     1.21ms, med:    28.30ms, mean:    29.43ms, max: 8691.20ms, stddev:    38.19ms, sum: 15255.7sec, count: 518400
all queries:
min:     1.21ms, med:    28.30ms, mean:    29.43ms, max: 8691.20ms, stddev:    38.19ms, sum: 15255.7sec, count: 518400
Saving Response Latencies to /home/benchUser/results/latenciesInserts_other.csv
