After 500 queries with 10 workers:
Interval query rate: 2.65 queries/sec	Overall query rate: 2.65 queries/sec
VictoriaMetrics mean of 10 metrics, all hosts, random 12h0m0s by 1h:
min:   928.19ms, med:  3747.07ms, mean:  3740.24ms, max: 4668.67ms, stddev:   353.02ms, sum: 1870.1sec, count: 500
all queries                                                        :
min:   928.19ms, med:  3747.07ms, mean:  3740.24ms, max: 4668.67ms, stddev:   353.02ms, sum: 1870.1sec, count: 500

After 1000 queries with 10 workers:
Interval query rate: 2.60 queries/sec	Overall query rate: 2.62 queries/sec
VictoriaMetrics mean of 10 metrics, all hosts, random 12h0m0s by 1h:
min:   928.19ms, med:  3795.07ms, mean:  3795.15ms, max: 4920.32ms, stddev:   328.42ms, sum: 3795.1sec, count: 1000
all queries                                                        :
min:   928.19ms, med:  3795.07ms, mean:  3795.15ms, max: 4920.32ms, stddev:   328.42ms, sum: 3795.1sec, count: 1000

After 1500 queries with 10 workers:
Interval query rate: 2.63 queries/sec	Overall query rate: 2.63 queries/sec
VictoriaMetrics mean of 10 metrics, all hosts, random 12h0m0s by 1h:
min:   928.19ms, med:  3790.34ms, mean:  3795.63ms, max: 4920.32ms, stddev:   306.27ms, sum: 5693.4sec, count: 1500
all queries                                                        :
min:   928.19ms, med:  3790.34ms, mean:  3795.63ms, max: 4920.32ms, stddev:   306.27ms, sum: 5693.4sec, count: 1500

After 2000 queries with 10 workers:
Interval query rate: 2.65 queries/sec	Overall query rate: 2.63 queries/sec
VictoriaMetrics mean of 10 metrics, all hosts, random 12h0m0s by 1h:
min:   928.19ms, med:  3781.63ms, mean:  3788.46ms, max: 4920.32ms, stddev:   295.17ms, sum: 7576.9sec, count: 2000
all queries                                                        :
min:   928.19ms, med:  3781.63ms, mean:  3788.46ms, max: 4920.32ms, stddev:   295.17ms, sum: 7576.9sec, count: 2000

After 2500 queries with 10 workers:
Interval query rate: 2.66 queries/sec	Overall query rate: 2.64 queries/sec
VictoriaMetrics mean of 10 metrics, all hosts, random 12h0m0s by 1h:
min:   928.19ms, med:  3772.41ms, mean:  3783.12ms, max: 4920.32ms, stddev:   295.02ms, sum: 9457.8sec, count: 2500
all queries                                                        :
min:   928.19ms, med:  3772.41ms, mean:  3783.12ms, max: 4920.32ms, stddev:   295.02ms, sum: 9457.8sec, count: 2500

After 3000 queries with 10 workers:
Interval query rate: 2.66 queries/sec	Overall query rate: 2.64 queries/sec
VictoriaMetrics mean of 10 metrics, all hosts, random 12h0m0s by 1h:
min:   928.19ms, med:  3766.66ms, mean:  3779.89ms, max: 4920.32ms, stddev:   296.16ms, sum: 11339.7sec, count: 3000
all queries                                                        :
min:   928.19ms, med:  3766.66ms, mean:  3779.89ms, max: 4920.32ms, stddev:   296.16ms, sum: 11339.7sec, count: 3000

After 3500 queries with 10 workers:
Interval query rate: 2.66 queries/sec	Overall query rate: 2.64 queries/sec
VictoriaMetrics mean of 10 metrics, all hosts, random 12h0m0s by 1h:
min:   928.19ms, med:  3764.86ms, mean:  3777.86ms, max: 4920.32ms, stddev:   293.76ms, sum: 13222.5sec, count: 3500
all queries                                                        :
min:   928.19ms, med:  3764.86ms, mean:  3777.86ms, max: 4920.32ms, stddev:   293.76ms, sum: 13222.5sec, count: 3500

After 4000 queries with 10 workers:
Interval query rate: 2.62 queries/sec	Overall query rate: 2.64 queries/sec
VictoriaMetrics mean of 10 metrics, all hosts, random 12h0m0s by 1h:
min:   928.19ms, med:  3768.19ms, mean:  3781.91ms, max: 4920.32ms, stddev:   293.01ms, sum: 15127.7sec, count: 4000
all queries                                                        :
min:   928.19ms, med:  3768.19ms, mean:  3781.91ms, max: 4920.32ms, stddev:   293.01ms, sum: 15127.7sec, count: 4000

After 4500 queries with 10 workers:
Interval query rate: 2.64 queries/sec	Overall query rate: 2.64 queries/sec
VictoriaMetrics mean of 10 metrics, all hosts, random 12h0m0s by 1h:
min:   928.19ms, med:  3769.60ms, mean:  3783.53ms, max: 4925.95ms, stddev:   294.04ms, sum: 17025.9sec, count: 4500
all queries                                                        :
min:   928.19ms, med:  3769.60ms, mean:  3783.53ms, max: 4925.95ms, stddev:   294.04ms, sum: 17025.9sec, count: 4500

After 5000 queries with 10 workers:
Interval query rate: 2.63 queries/sec	Overall query rate: 2.64 queries/sec
VictoriaMetrics mean of 10 metrics, all hosts, random 12h0m0s by 1h:
min:   928.19ms, med:  3770.49ms, mean:  3786.01ms, max: 4925.95ms, stddev:   291.81ms, sum: 18930.1sec, count: 5000
all queries                                                        :
min:   928.19ms, med:  3770.49ms, mean:  3786.01ms, max: 4925.95ms, stddev:   291.81ms, sum: 18930.1sec, count: 5000

After 5500 queries with 10 workers:
Interval query rate: 2.65 queries/sec	Overall query rate: 2.64 queries/sec
VictoriaMetrics mean of 10 metrics, all hosts, random 12h0m0s by 1h:
min:   928.19ms, med:  3771.78ms, mean:  3785.13ms, max: 4925.95ms, stddev:   289.92ms, sum: 20818.2sec, count: 5500
all queries                                                        :
min:   928.19ms, med:  3771.78ms, mean:  3785.13ms, max: 4925.95ms, stddev:   289.92ms, sum: 20818.2sec, count: 5500

After 6000 queries with 10 workers:
Interval query rate: 2.64 queries/sec	Overall query rate: 2.64 queries/sec
VictoriaMetrics mean of 10 metrics, all hosts, random 12h0m0s by 1h:
min:   928.19ms, med:  3774.46ms, mean:  3786.07ms, max: 4925.95ms, stddev:   288.15ms, sum: 22716.4sec, count: 6000
all queries                                                        :
min:   928.19ms, med:  3774.46ms, mean:  3786.07ms, max: 4925.95ms, stddev:   288.15ms, sum: 22716.4sec, count: 6000

After 6500 queries with 10 workers:
Interval query rate: 2.68 queries/sec	Overall query rate: 2.64 queries/sec
VictoriaMetrics mean of 10 metrics, all hosts, random 12h0m0s by 1h:
min:   928.19ms, med:  3770.88ms, mean:  3782.33ms, max: 4925.95ms, stddev:   286.79ms, sum: 24585.2sec, count: 6500
all queries                                                        :
min:   928.19ms, med:  3770.88ms, mean:  3782.33ms, max: 4925.95ms, stddev:   286.79ms, sum: 24585.2sec, count: 6500

After 7000 queries with 10 workers:
Interval query rate: 2.66 queries/sec	Overall query rate: 2.64 queries/sec
VictoriaMetrics mean of 10 metrics, all hosts, random 12h0m0s by 1h:
min:   928.19ms, med:  3767.04ms, mean:  3780.41ms, max: 4925.95ms, stddev:   287.16ms, sum: 26462.9sec, count: 7000
all queries                                                        :
min:   928.19ms, med:  3767.04ms, mean:  3780.41ms, max: 4925.95ms, stddev:   287.16ms, sum: 26462.9sec, count: 7000

After 7500 queries with 10 workers:
Interval query rate: 2.61 queries/sec	Overall query rate: 2.64 queries/sec
VictoriaMetrics mean of 10 metrics, all hosts, random 12h0m0s by 1h:
min:   928.19ms, med:  3768.57ms, mean:  3784.09ms, max: 5117.44ms, stddev:   288.79ms, sum: 28380.7sec, count: 7500
all queries                                                        :
min:   928.19ms, med:  3768.57ms, mean:  3784.09ms, max: 5117.44ms, stddev:   288.79ms, sum: 28380.7sec, count: 7500

After 8000 queries with 10 workers:
Interval query rate: 2.60 queries/sec	Overall query rate: 2.64 queries/sec
VictoriaMetrics mean of 10 metrics, all hosts, random 12h0m0s by 1h:
min:   928.19ms, med:  3773.44ms, mean:  3788.37ms, max: 5117.44ms, stddev:   288.42ms, sum: 30307.0sec, count: 8000
all queries                                                        :
min:   928.19ms, med:  3773.44ms, mean:  3788.37ms, max: 5117.44ms, stddev:   288.42ms, sum: 30307.0sec, count: 8000

After 8500 queries with 10 workers:
Interval query rate: 2.61 queries/sec	Overall query rate: 2.64 queries/sec
VictoriaMetrics mean of 10 metrics, all hosts, random 12h0m0s by 1h:
min:   928.19ms, med:  3775.49ms, mean:  3790.57ms, max: 5117.44ms, stddev:   287.74ms, sum: 32219.9sec, count: 8500
all queries                                                        :
min:   928.19ms, med:  3775.49ms, mean:  3790.57ms, max: 5117.44ms, stddev:   287.74ms, sum: 32219.9sec, count: 8500

Run complete after 8640 queries with 10 workers (Overall query rate 2.64 queries/sec):
VictoriaMetrics mean of 10 metrics, all hosts, random 12h0m0s by 1h:
min:   928.19ms, med:  3777.15ms, mean:  3792.38ms, max: 5117.44ms, stddev:   288.24ms, sum: 32766.1sec, count: 8640
all queries                                                        :
min:   928.19ms, med:  3777.15ms, mean:  3792.38ms, max: 5117.44ms, stddev:   288.24ms, sum: 32766.1sec, count: 8640
Saving Response Latencies to /home/benchUser/results/latenciesQueries_other.csv
wall clock time: 3278.213872sec
