time,per. metric/s,metric total,overall metric/s,per. row/s,row total,overall row/s
1732694429,474038.04,4.740800E+06,474038.04,42386.25,4.239000E+05,42386.25
1732694439,464110.31,9.381900E+06,469074.40,41230.03,8.362000E+05,41808.16
1732694449,460589.84,1.398780E+07,466246.29,41039.99,1.246600E+06,41552.11
1732694459,481210.02,1.879990E+07,469987.14,43000.00,1.676600E+06,41914.08
1732694469,459380.00,2.339370E+07,467865.75,40970.00,2.086300E+06,41725.26
1732694479,402779.98,2.742150E+07,457018.28,35840.00,2.444700E+06,40744.40
1732694489,419050.10,3.161200E+07,451594.33,37290.01,2.817600E+06,40250.92
1732694499,407450.05,3.568650E+07,446076.35,36380.00,3.181400E+06,39767.06
1732694509,469589.83,4.038240E+07,448688.94,41809.98,3.599500E+06,39994.05
1732694519,463750.19,4.501990E+07,450195.05,41260.02,4.012100E+06,40120.65
1732694529,454839.86,4.956830E+07,450617.30,40639.99,4.418500E+06,40167.86
1732694539,393210.07,5.350040E+07,445833.40,34910.01,4.767600E+06,39729.71
1732694549,502460.07,5.852500E+07,450189.27,44860.01,5.216200E+06,40124.34
1732694559,394489.93,6.246990E+07,446210.77,35069.99,5.566900E+06,39763.32
1732694569,274479.83,6.521470E+07,434762.10,24449.98,5.811400E+06,38742.44
1732694579,283390.08,6.804860E+07,425301.40,25280.01,6.064200E+06,37901.04
1732694589,298749.96,7.103610E+07,417857.24,26610.00,6.330300E+06,37236.87
1732694599,446470.20,7.550080E+07,419446.84,39880.02,6.729100E+06,37383.71
1732694609,407939.96,7.958020E+07,418841.22,36260.00,7.091700E+06,37324.56
1732694619,502820.09,8.460840E+07,423040.14,44790.01,7.539600E+06,37697.83
1732694629,487079.97,8.947920E+07,426089.64,43510.00,7.974700E+06,37974.60
1732694639,462639.86,9.410560E+07,427751.01,41239.99,8.387100E+06,38123.03
1732694649,446830.09,9.857390E+07,428580.53,39690.01,8.784000E+06,38191.16
1732694659,405497.30,1.026289E+08,427618.73,36149.76,9.145500E+06,38106.10
1732694669,429292.98,1.069218E+08,427685.70,38320.27,9.528700E+06,38114.67
1732694679,460199.97,1.115238E+08,428936.24,40980.00,9.938500E+06,38224.87
1732694689,455459.99,1.160784E+08,429918.60,40670.00,1.034520E+07,38315.43
1732694699,459119.88,1.206696E+08,430961.50,40889.99,1.075410E+07,38407.38
1732694709,428129.98,1.249509E+08,430863.86,38150.00,1.113560E+07,38398.50
1732694719,378630.08,1.287372E+08,429122.74,33700.01,1.147260E+07,38241.89
1732694729,441500.04,1.331522E+08,429522.01,39280.00,1.186540E+07,38275.38
1732694739,433659.74,1.374888E+08,429651.31,38769.98,1.225310E+07,38290.83
1732694749,481780.24,1.423066E+08,431230.97,42830.02,1.268140E+07,38428.38
1732694759,488619.84,1.471928E+08,432918.88,43619.99,1.311760E+07,38581.08
1732694769,378410.14,1.509769E+08,431361.49,33750.01,1.345510E+07,38443.05
1732694779,426149.80,1.552384E+08,431216.72,37889.98,1.383400E+07,38427.68
1732694789,403129.93,1.592697E+08,430457.62,35869.99,1.419270E+07,38358.56
1732694799,394929.96,1.632190E+08,429522.68,35160.00,1.454430E+07,38274.38
1732694809,358820.23,1.668072E+08,427709.80,32110.02,1.486540E+07,38116.32
1732694819,338339.97,1.701906E+08,425475.56,30120.00,1.516660E+07,37916.42
1732694829,459620.08,1.747868E+08,426308.35,40900.01,1.557560E+07,37989.19
1732694839,469669.82,1.794835E+08,427340.77,41909.98,1.599470E+07,38082.54
1732694849,453710.13,1.840206E+08,427954.01,40470.01,1.639940E+07,38138.06
1732694859,471270.14,1.887333E+08,428938.46,41930.01,1.681870E+07,38224.24
1732694869,414429.75,1.928776E+08,428616.05,36849.98,1.718720E+07,38193.70
1732694879,444000.22,1.973176E+08,428950.48,39560.02,1.758280E+07,38223.41
1732694889,454539.96,2.018630E+08,429494.94,40590.00,1.798870E+07,38273.76
1732694899,459809.97,2.064611E+08,430126.50,40940.00,1.839810E+07,38329.30
1732694909,419599.91,2.106571E+08,429911.67,37359.99,1.877170E+07,38309.52
1732694919,433930.16,2.149964E+08,429992.04,38710.01,1.915880E+07,38317.53
1732694929,477649.93,2.197729E+08,430926.51,42509.99,1.958390E+07,38399.74
1732694939,453939.78,2.243123E+08,431369.07,40459.98,1.998850E+07,38439.36
1732694949,456130.31,2.288736E+08,431836.27,40780.03,2.039630E+07,38483.52
1732694959,386069.78,2.327343E+08,430988.74,34359.98,2.073990E+07,38407.16
1732694969,433290.17,2.370672E+08,431030.58,38490.02,2.112480E+07,38408.67
1732694979,470800.01,2.417752E+08,431740.75,42040.00,2.154520E+07,38473.51
1732694989,469509.72,2.464703E+08,432403.36,41869.98,2.196390E+07,38533.10
1732694999,469190.30,2.511622E+08,433037.62,41830.03,2.238220E+07,38589.94
1732695009,371999.97,2.548822E+08,432003.08,33160.00,2.271380E+07,38497.91
1732695019,451859.88,2.594008E+08,432334.03,40239.99,2.311620E+07,38526.94
1732695029,473640.02,2.641372E+08,433011.18,42080.00,2.353700E+07,38585.19
1732695039,309500.04,2.672322E+08,431019.06,27690.00,2.381390E+07,38409.46
1732695049,299150.03,2.702237E+08,428925.91,26660.00,2.408050E+07,38222.96
1732695059,332540.03,2.735491E+08,427419.88,29680.00,2.437730E+07,38089.48
1732695069,424219.95,2.777913E+08,427370.65,37660.00,2.475390E+07,38082.87
1732695079,448949.95,2.822808E+08,427697.61,40150.00,2.515540E+07,38114.19
1732695089,371680.14,2.859976E+08,426861.53,33120.01,2.548660E+07,38039.65
1732695099,415819.79,2.901558E+08,426699.15,36889.98,2.585550E+07,38022.74
1732695109,431930.09,2.944751E+08,426774.96,38630.01,2.624180E+07,38031.55
1732695119,468760.05,2.991627E+08,427374.75,41790.00,2.665970E+07,38085.24
1732695129,452549.93,3.036882E+08,427729.33,40329.99,2.706300E+07,38116.85
1732695139,415760.13,3.078458E+08,427563.09,36920.01,2.743220E+07,38100.23
1732695149,491549.91,3.127613E+08,428439.62,43849.99,2.787070E+07,38179.00
1732695159,510169.89,3.178630E+08,429544.08,45409.99,2.832480E+07,38276.71
1732695169,462100.03,3.224840E+08,429978.16,41200.00,2.873680E+07,38315.69
1732695179,486169.99,3.273457E+08,430717.53,43370.00,2.917050E+07,38382.19
1732695189,364549.96,3.309912E+08,429858.21,32510.00,2.949560E+07,38305.93
1732695199,466700.16,3.356582E+08,430330.54,41500.01,2.991060E+07,38346.88
1732695209,511439.97,3.407726E+08,431357.24,45680.00,3.036740E+07,38439.70
1732695219,476099.93,3.455336E+08,431916.52,42399.99,3.079140E+07,38489.21
1732695229,413040.00,3.496640E+08,431683.48,36850.00,3.115990E+07,38468.97
1732695239,452880.13,3.541928E+08,431941.98,40350.01,3.156340E+07,38491.91
1732695249,472269.93,3.589155E+08,432427.85,41939.99,3.198280E+07,38533.45
1732695259,480569.95,3.637212E+08,433000.97,42960.00,3.241240E+07,38586.15
1732695269,474529.92,3.684665E+08,433489.55,42189.99,3.283430E+07,38628.55
1732695279,485770.19,3.733242E+08,434097.46,43330.02,3.326760E+07,38683.22
1732695289,378229.99,3.771065E+08,433455.31,33630.00,3.360390E+07,38625.13
1732695299,503779.98,3.821443E+08,434254.45,45020.00,3.405410E+07,38697.80
1732695309,480789.80,3.869522E+08,434777.32,42679.98,3.448090E+07,38742.55
1732695319,487860.24,3.918308E+08,435367.13,43600.02,3.491690E+07,38796.52
1732695329,477739.89,3.966082E+08,435832.77,42609.99,3.534300E+07,38838.42
1732695339,333879.94,3.999470E+08,434724.58,29659.99,3.563960E+07,38738.66
1732695349,495050.10,4.048975E+08,435373.24,44050.01,3.608010E+07,38795.77
1732695359,496889.94,4.098664E+08,436027.68,44409.99,3.652420E+07,38855.50
1732695369,471530.13,4.145817E+08,436401.39,41890.01,3.694310E+07,38887.44
1732695379,486369.93,4.194454E+08,436921.89,43359.99,3.737670E+07,38934.03
1732695389,397329.96,4.234187E+08,436513.73,35480.00,3.773150E+07,38898.42
1732695399,484870.08,4.282674E+08,437007.16,43210.01,3.816360E+07,38942.41
1732695409,470900.03,4.329764E+08,437349.51,41980.00,3.858340E+07,38973.10
1732695419,456059.91,4.375370E+08,437536.61,40509.99,3.898850E+07,38988.47
1732695429,287739.81,4.404144E+08,436053.48,25779.98,3.924630E+07,38857.69
1732695439,312349.74,4.435379E+08,434840.70,27799.98,3.952430E+07,38749.28
1732695449,306290.54,4.466008E+08,433592.64,27250.05,3.979680E+07,38637.64
1732695459,357639.60,4.501772E+08,432862.32,31959.96,4.011640E+07,38573.43
1732695469,416820.28,4.543454E+08,432709.54,36990.02,4.048630E+07,38558.35
1732695479,431060.05,4.586560E+08,432693.98,38540.00,4.087170E+07,38558.18
1732695489,467100.12,4.633270E+08,433015.53,41560.01,4.128730E+07,38586.23
1732695499,501319.92,4.683402E+08,433647.98,44699.99,4.173430E+07,38642.84
1732695509,460500.09,4.729452E+08,433894.33,41030.01,4.214460E+07,38664.74
1732695519,495079.98,4.778960E+08,434450.56,44190.00,4.258650E+07,38714.97
1732695529,371029.91,4.816063E+08,433879.20,33039.99,4.291690E+07,38663.84
1732695539,482400.03,4.864303E+08,434312.43,42880.00,4.334570E+07,38701.49
1732695549,472089.83,4.911512E+08,434646.74,42169.98,4.376740E+07,38732.18
1732695559,451570.20,4.956669E+08,434795.19,40250.02,4.416990E+07,38745.50
1732695569,457600.05,5.002429E+08,434993.49,40640.00,4.457630E+07,38761.97
1732695579,396979.80,5.042127E+08,434665.79,35429.98,4.493060E+07,38733.25
1732695589,414490.17,5.083576E+08,434493.35,37030.01,4.530090E+07,38718.69
1732695599,462599.80,5.129836E+08,434731.54,41129.98,4.571220E+07,38739.12
1732695609,462420.02,5.176078E+08,434964.21,41130.00,4.612350E+07,38759.21
1732695619,486480.28,5.224726E+08,435393.51,43420.03,4.655770E+07,38798.05
1732695629,404299.90,5.265156E+08,435136.54,36049.99,4.691820E+07,38775.34
1732695639,473509.96,5.312507E+08,435451.08,42150.00,4.733970E+07,38803.00
1732695649,463200.02,5.358827E+08,435676.68,41280.00,4.775250E+07,38823.14
1732695659,464290.03,5.405256E+08,435907.43,41460.00,4.816710E+07,38844.41
1732695669,475459.98,5.452802E+08,436223.85,42390.00,4.859100E+07,38872.77
1732695679,376280.01,5.490430E+08,435748.11,33370.00,4.892470E+07,38829.10
1732695689,479139.99,5.538344E+08,436089.78,42810.00,4.935280E+07,38860.45
1732695699,417739.97,5.580118E+08,435946.42,37110.00,4.972390E+07,38846.77
1732695709,404870.09,5.620605E+08,435705.52,36120.01,5.008510E+07,38825.63
1732695719,493289.78,5.669934E+08,436148.47,43979.98,5.052490E+07,38865.28
1732695729,411320.12,5.711066E+08,435958.94,36610.01,5.089100E+07,38848.07
1732695739,443680.02,5.755434E+08,436017.44,39510.00,5.128610E+07,38853.08
1732695749,470539.94,5.802488E+08,436277.00,42019.99,5.170630E+07,38876.89

Summary:
loaded 581760000 metrics in 1333.614sec with 10 workers (mean rate 436228.16 metrics/sec)
loaded 51840000 rows in 1333.614sec with 10 workers (mean rate 38871.82 rows/sec)
Run complete after 518400 queries with 10 workers (Overall query rate 388.72 queries/sec):
          :
min:     0.98ms, med:    22.25ms, mean:    21.74ms, max:  385.26ms, stddev:    14.61ms, sum: 11270.1sec, count: 518400
all queries:
min:     0.98ms, med:    22.25ms, mean:    21.74ms, max:  385.26ms, stddev:    14.61ms, sum: 11270.1sec, count: 518400
Saving Response Latencies to /home/benchUser/results/latenciesInserts_latest.csv
