After 500 queries with 10 workers:
Interval query rate: 2.87 queries/sec	Overall query rate: 2.87 queries/sec
VictoriaMetrics mean of 10 metrics, all hosts, random 12h0m0s by 1h:
min:   810.24ms, med:  3465.22ms, mean:  3453.76ms, max: 4155.65ms, stddev:   336.49ms, sum: 1726.9sec, count: 500
all queries                                                        :
min:   810.24ms, med:  3465.22ms, mean:  3453.76ms, max: 4155.65ms, stddev:   336.49ms, sum: 1726.9sec, count: 500

After 1000 queries with 10 workers:
Interval query rate: 2.83 queries/sec	Overall query rate: 2.85 queries/sec
VictoriaMetrics mean of 10 metrics, all hosts, random 12h0m0s by 1h:
min:   810.24ms, med:  3497.22ms, mean:  3492.58ms, max: 4249.34ms, stddev:   294.57ms, sum: 3492.6sec, count: 1000
all queries                                                        :
min:   810.24ms, med:  3497.22ms, mean:  3492.58ms, max: 4249.34ms, stddev:   294.57ms, sum: 3492.6sec, count: 1000

After 1500 queries with 10 workers:
Interval query rate: 2.86 queries/sec	Overall query rate: 2.85 queries/sec
VictoriaMetrics mean of 10 metrics, all hosts, random 12h0m0s by 1h:
min:   810.24ms, med:  3487.36ms, mean:  3496.09ms, max: 4551.68ms, stddev:   282.13ms, sum: 5244.1sec, count: 1500
all queries                                                        :
min:   810.24ms, med:  3487.36ms, mean:  3496.09ms, max: 4551.68ms, stddev:   282.13ms, sum: 5244.1sec, count: 1500

After 2000 queries with 10 workers:
Interval query rate: 2.82 queries/sec	Overall query rate: 2.84 queries/sec
VictoriaMetrics mean of 10 metrics, all hosts, random 12h0m0s by 1h:
min:   810.24ms, med:  3504.64ms, mean:  3508.96ms, max: 4551.68ms, stddev:   270.08ms, sum: 7017.9sec, count: 2000
all queries                                                        :
min:   810.24ms, med:  3504.64ms, mean:  3508.96ms, max: 4551.68ms, stddev:   270.08ms, sum: 7017.9sec, count: 2000

After 2500 queries with 10 workers:
Interval query rate: 2.87 queries/sec	Overall query rate: 2.85 queries/sec
VictoriaMetrics mean of 10 metrics, all hosts, random 12h0m0s by 1h:
min:   810.24ms, med:  3497.86ms, mean:  3503.98ms, max: 4551.68ms, stddev:   267.27ms, sum: 8760.0sec, count: 2500
all queries                                                        :
min:   810.24ms, med:  3497.86ms, mean:  3503.98ms, max: 4551.68ms, stddev:   267.27ms, sum: 8760.0sec, count: 2500

After 3000 queries with 10 workers:
Interval query rate: 2.88 queries/sec	Overall query rate: 2.85 queries/sec
VictoriaMetrics mean of 10 metrics, all hosts, random 12h0m0s by 1h:
min:   810.24ms, med:  3491.58ms, mean:  3499.08ms, max: 4551.68ms, stddev:   265.71ms, sum: 10497.2sec, count: 3000
all queries                                                        :
min:   810.24ms, med:  3491.58ms, mean:  3499.08ms, max: 4551.68ms, stddev:   265.71ms, sum: 10497.2sec, count: 3000

After 3500 queries with 10 workers:
Interval query rate: 2.84 queries/sec	Overall query rate: 2.85 queries/sec
VictoriaMetrics mean of 10 metrics, all hosts, random 12h0m0s by 1h:
min:   810.24ms, med:  3494.66ms, mean:  3502.34ms, max: 4551.68ms, stddev:   262.05ms, sum: 12258.2sec, count: 3500
all queries                                                        :
min:   810.24ms, med:  3494.66ms, mean:  3502.34ms, max: 4551.68ms, stddev:   262.05ms, sum: 12258.2sec, count: 3500

After 4000 queries with 10 workers:
Interval query rate: 2.83 queries/sec	Overall query rate: 2.85 queries/sec
VictoriaMetrics mean of 10 metrics, all hosts, random 12h0m0s by 1h:
min:   810.24ms, med:  3495.42ms, mean:  3504.51ms, max: 4551.68ms, stddev:   259.60ms, sum: 14018.0sec, count: 4000
all queries                                                        :
min:   810.24ms, med:  3495.42ms, mean:  3504.51ms, max: 4551.68ms, stddev:   259.60ms, sum: 14018.0sec, count: 4000

After 4500 queries with 10 workers:
Interval query rate: 2.87 queries/sec	Overall query rate: 2.85 queries/sec
VictoriaMetrics mean of 10 metrics, all hosts, random 12h0m0s by 1h:
min:   810.24ms, med:  3495.42ms, mean:  3502.36ms, max: 4551.68ms, stddev:   258.57ms, sum: 15760.6sec, count: 4500
all queries                                                        :
min:   810.24ms, med:  3495.42ms, mean:  3502.36ms, max: 4551.68ms, stddev:   258.57ms, sum: 15760.6sec, count: 4500

After 5000 queries with 10 workers:
Interval query rate: 2.88 queries/sec	Overall query rate: 2.85 queries/sec
VictoriaMetrics mean of 10 metrics, all hosts, random 12h0m0s by 1h:
min:   810.24ms, med:  3490.56ms, mean:  3499.90ms, max: 4551.68ms, stddev:   255.55ms, sum: 17499.5sec, count: 5000
all queries                                                        :
min:   810.24ms, med:  3490.56ms, mean:  3499.90ms, max: 4551.68ms, stddev:   255.55ms, sum: 17499.5sec, count: 5000

After 5500 queries with 10 workers:
Interval query rate: 2.89 queries/sec	Overall query rate: 2.86 queries/sec
VictoriaMetrics mean of 10 metrics, all hosts, random 12h0m0s by 1h:
min:   810.24ms, med:  3486.72ms, mean:  3496.19ms, max: 4551.68ms, stddev:   253.23ms, sum: 19229.0sec, count: 5500
all queries                                                        :
min:   810.24ms, med:  3486.72ms, mean:  3496.19ms, max: 4551.68ms, stddev:   253.23ms, sum: 19229.0sec, count: 5500

After 6000 queries with 10 workers:
Interval query rate: 2.84 queries/sec	Overall query rate: 2.86 queries/sec
VictoriaMetrics mean of 10 metrics, all hosts, random 12h0m0s by 1h:
min:   810.24ms, med:  3489.15ms, mean:  3498.00ms, max: 4551.68ms, stddev:   251.40ms, sum: 20988.0sec, count: 6000
all queries                                                        :
min:   810.24ms, med:  3489.15ms, mean:  3498.00ms, max: 4551.68ms, stddev:   251.40ms, sum: 20988.0sec, count: 6000

After 6500 queries with 10 workers:
Interval query rate: 2.89 queries/sec	Overall query rate: 2.86 queries/sec
VictoriaMetrics mean of 10 metrics, all hosts, random 12h0m0s by 1h:
min:   810.24ms, med:  3486.72ms, mean:  3495.58ms, max: 4551.68ms, stddev:   249.90ms, sum: 22721.2sec, count: 6500
all queries                                                        :
min:   810.24ms, med:  3486.72ms, mean:  3495.58ms, max: 4551.68ms, stddev:   249.90ms, sum: 22721.2sec, count: 6500

After 7000 queries with 10 workers:
Interval query rate: 2.85 queries/sec	Overall query rate: 2.86 queries/sec
VictoriaMetrics mean of 10 metrics, all hosts, random 12h0m0s by 1h:
min:   810.24ms, med:  3487.61ms, mean:  3496.15ms, max: 4551.68ms, stddev:   250.25ms, sum: 24473.0sec, count: 7000
all queries                                                        :
min:   810.24ms, med:  3487.61ms, mean:  3496.15ms, max: 4551.68ms, stddev:   250.25ms, sum: 24473.0sec, count: 7000

After 7500 queries with 10 workers:
Interval query rate: 2.87 queries/sec	Overall query rate: 2.86 queries/sec
VictoriaMetrics mean of 10 metrics, all hosts, random 12h0m0s by 1h:
min:   810.24ms, med:  3486.59ms, mean:  3495.96ms, max: 4551.68ms, stddev:   251.09ms, sum: 26219.7sec, count: 7500
all queries                                                        :
min:   810.24ms, med:  3486.59ms, mean:  3495.96ms, max: 4551.68ms, stddev:   251.09ms, sum: 26219.7sec, count: 7500

After 8000 queries with 10 workers:
Interval query rate: 2.83 queries/sec	Overall query rate: 2.86 queries/sec
VictoriaMetrics mean of 10 metrics, all hosts, random 12h0m0s by 1h:
min:   810.24ms, med:  3490.18ms, mean:  3498.62ms, max: 4551.68ms, stddev:   250.77ms, sum: 27988.9sec, count: 8000
all queries                                                        :
min:   810.24ms, med:  3490.18ms, mean:  3498.62ms, max: 4551.68ms, stddev:   250.77ms, sum: 27988.9sec, count: 8000

After 8500 queries with 10 workers:
Interval query rate: 2.84 queries/sec	Overall query rate: 2.86 queries/sec
VictoriaMetrics mean of 10 metrics, all hosts, random 12h0m0s by 1h:
min:   810.24ms, med:  3491.20ms, mean:  3500.43ms, max: 4551.68ms, stddev:   249.68ms, sum: 29753.7sec, count: 8500
all queries                                                        :
min:   810.24ms, med:  3491.20ms, mean:  3500.43ms, max: 4551.68ms, stddev:   249.68ms, sum: 29753.7sec, count: 8500

Run complete after 8640 queries with 10 workers (Overall query rate 2.85 queries/sec):
VictoriaMetrics mean of 10 metrics, all hosts, random 12h0m0s by 1h:
min:   810.24ms, med:  3491.97ms, mean:  3501.09ms, max: 4551.68ms, stddev:   249.11ms, sum: 30249.4sec, count: 8640
all queries                                                        :
min:   810.24ms, med:  3491.97ms, mean:  3501.09ms, max: 4551.68ms, stddev:   249.11ms, sum: 30249.4sec, count: 8640
Saving Response Latencies to /home/benchUser/results/latenciesQueries_other.csv
wall clock time: 3026.427310sec
