time,per. metric/s,metric total,overall metric/s,per. row/s,row total,overall row/s
1737564403,181435.65,1.814600E+06,181435.65,16310.31,1.631250E+05,16310.31
1737564413,397532.50,5.789925E+06,289476.82,35422.50,5.173500E+05,25865.76
1737564423,416857.52,9.958500E+06,331935.16,37080.00,8.881500E+05,29603.68
1737564433,429749.87,1.425600E+07,356388.02,38354.99,1.271700E+06,31791.43
1737564443,428952.56,1.854552E+07,370900.54,38257.51,1.654275E+06,33084.61
1737564453,438074.98,2.292628E+07,382096.03,38985.00,2.044125E+06,34067.99
1737564463,341677.52,2.634305E+07,376322.06,30330.00,2.347425E+06,33534.00
1737564473,428937.55,3.063242E+07,382898.89,38235.00,2.729775E+06,34121.62
1737564483,439419.98,3.502662E+07,389178.92,39300.00,3.122775E+06,34696.98
1737564493,421217.42,3.923880E+07,392382.72,37529.99,3.498075E+06,34980.28
1737564503,360485.05,4.284365E+07,389482.97,32040.00,3.818475E+06,34712.99
1737564513,433192.52,4.717558E+07,393125.39,38595.00,4.204425E+06,35036.48
1737564523,440107.54,5.157665E+07,396739.37,39262.50,4.597050E+06,35361.56
1737564533,426747.48,5.584412E+07,398882.78,37942.50,4.976475E+06,35545.91
1737564543,412184.99,5.996598E+07,399769.59,36735.00,5.343825E+06,35625.18
1737564553,377127.52,6.373725E+07,398354.47,33652.50,5.680350E+06,35501.89
1737564563,425577.45,6.799302E+07,399955.81,38002.50,6.060375E+06,35648.98
1737564573,418349.91,7.217652E+07,400977.70,37207.49,6.432450E+06,35735.57
1737564583,427842.59,7.645495E+07,402391.63,38100.01,6.813450E+06,35860.01
1737564593,429944.98,8.075440E+07,403769.29,38385.00,7.197300E+06,35986.26
1737564603,370349.74,8.445790E+07,402177.89,32954.98,7.526850E+06,35841.91
1737564613,380325.36,8.826120E+07,401184.59,33914.59,7.866000E+06,35754.31
1737564623,372684.68,9.198800E+07,399945.48,33240.42,8.198400E+06,35645.01
1737564633,309732.64,9.508532E+07,396186.64,27547.51,8.473875E+06,35307.61
1737564643,307505.01,9.816038E+07,392639.39,27375.00,8.747625E+06,34990.31
1737564653,293542.30,1.010958E+08,388827.98,26137.48,9.009000E+06,34649.82
1737564663,419492.61,1.052907E+08,389963.70,37350.01,9.382500E+06,34749.83
1737564673,350307.65,1.087938E+08,388547.42,31342.51,9.695925E+06,34628.14
1737564683,412507.48,1.129189E+08,389373.63,36780.00,1.006372E+07,34702.34
1737564693,348752.51,1.164064E+08,388019.60,31057.50,1.037430E+07,34580.85
1737564703,240772.41,1.188141E+08,383269.71,21457.49,1.058888E+07,34157.51
1737564713,413707.48,1.229512E+08,384220.88,36862.50,1.095750E+07,34242.04
1737564723,408035.15,1.270316E+08,384942.52,36255.01,1.132005E+07,34303.04
1737564733,411555.01,1.311471E+08,385725.24,36645.00,1.168650E+07,34371.92
1737564743,406769.96,1.352148E+08,386326.52,36375.00,1.205025E+07,34429.15
1737564753,324879.95,1.384636E+08,384619.67,28957.50,1.233982E+07,34277.16
1737564763,415515.06,1.426188E+08,385454.68,36885.00,1.270868E+07,34347.65
1737564773,404982.48,1.466686E+08,385968.57,36135.00,1.307002E+07,34394.68
1737564783,404442.54,1.507130E+08,386442.26,36067.50,1.343070E+07,34437.57
1737564793,357704.97,1.542900E+08,385723.83,31965.00,1.375035E+07,34375.76
1737564803,392925.02,1.582193E+08,385899.47,34875.00,1.409910E+07,34387.94
1737564813,400422.27,1.622235E+08,386245.25,35774.98,1.445685E+07,34420.96
1737564823,415237.80,1.663759E+08,386919.49,36885.03,1.482570E+07,34478.26
1737564833,318325.01,1.695592E+08,385360.53,28515.00,1.511085E+07,34342.74
1737564843,249805.00,1.720572E+08,382348.19,22230.00,1.533315E+07,34073.57
1737564853,364919.95,1.757064E+08,381969.32,32550.00,1.565865E+07,34040.44
1737564863,400359.98,1.797100E+08,382360.61,35535.00,1.601400E+07,34072.24
1737564873,411674.96,1.838268E+08,382971.32,36667.50,1.638068E+07,34126.31
1737564883,357605.07,1.874028E+08,382453.65,31972.51,1.670040E+07,34082.36
1737564893,404520.03,1.914480E+08,382894.97,36060.00,1.706100E+07,34121.91
1737564903,405439.95,1.955024E+08,383337.03,36165.00,1.742265E+07,34161.97
1737564913,401290.02,1.995153E+08,383682.28,35670.00,1.777935E+07,34190.97
1737564923,370592.49,2.032212E+08,383435.30,32962.50,1.810898E+07,34167.79
1737564933,400197.51,2.072232E+08,383745.71,35797.50,1.846695E+07,34197.97
1737564943,395079.93,2.111740E+08,383951.79,35227.49,1.881922E+07,34216.69
1737564953,392797.60,2.151020E+08,384109.75,34860.01,1.916782E+07,34228.18
1737564963,408322.44,2.191852E+08,384534.53,36494.99,1.953278E+07,34267.95
1737564973,356644.99,2.227516E+08,384053.68,31717.50,1.984995E+07,34223.97
1737564983,403535.08,2.267870E+08,384383.87,35985.01,2.020980E+07,34253.82
1737564993,399699.99,2.307840E+08,384639.14,35580.00,2.056560E+07,34275.92
1737565003,254119.98,2.333252E+08,382499.49,22717.50,2.079278E+07,34086.44
1737565013,368310.01,2.370083E+08,382270.62,32767.50,2.112045E+07,34065.17
1737565023,418344.91,2.411918E+08,382843.23,37192.49,2.149238E+07,34114.81
1737565033,390225.05,2.450940E+08,382958.57,34882.50,2.184120E+07,34126.80
1737565043,393385.05,2.490278E+08,383118.98,34942.50,2.219062E+07,34139.35
1737565053,393602.52,2.529639E+08,383277.82,35190.00,2.254252E+07,34155.27
1737565063,374147.46,2.567054E+08,383141.55,33225.00,2.287478E+07,34141.39
1737565073,412574.81,2.608311E+08,383574.39,36772.48,2.324250E+07,34180.08
1737565083,397105.11,2.648022E+08,383770.48,35452.51,2.359702E+07,34198.52
1737565093,406177.62,2.688639E+08,384090.59,36285.01,2.395988E+07,34228.33
1737565103,399452.48,2.728584E+08,384306.95,35452.50,2.431440E+07,34245.57
1737565113,357702.41,2.764355E+08,383937.44,31912.49,2.463352E+07,34213.17
1737565123,428337.43,2.807188E+08,384545.66,38174.99,2.501528E+07,34267.44
1737565133,398435.16,2.847032E+08,384733.36,35602.51,2.537130E+07,34285.48
1737565143,405739.87,2.887606E+08,385013.44,36089.99,2.573220E+07,34309.54
1737565153,395020.13,2.927108E+08,385145.11,35242.51,2.608462E+07,34321.81
1737565163,378079.98,2.964916E+08,385053.35,33682.50,2.642145E+07,34313.51
1737565173,409992.50,3.005915E+08,385373.09,36442.50,2.678588E+07,34340.81
1737565183,400819.90,3.045997E+08,385568.62,35759.99,2.714348E+07,34358.77
1737565193,309192.49,3.076916E+08,384613.92,27465.00,2.741812E+07,34272.60
1737565203,280220.06,3.104938E+08,383325.11,25080.01,2.766892E+07,34159.11
1737565213,387329.93,3.143672E+08,383373.94,34537.49,2.801430E+07,34163.72
1737565223,404045.07,3.184076E+08,383622.99,36007.51,2.837438E+07,34185.94
1737565233,411600.00,3.225236E+08,383956.05,36690.00,2.874128E+07,34215.75
1737565243,343335.00,3.259570E+08,383478.16,30457.50,2.904585E+07,34171.53
1737565253,343704.94,3.293940E+08,383015.68,30757.49,2.935342E+07,34131.84
1737565263,240110.06,3.317951E+08,381373.09,21367.51,2.956710E+07,33985.12
1737565273,236730.00,3.341624E+08,379729.42,21120.00,2.977830E+07,33838.93
1737565283,240982.50,3.365722E+08,378170.47,21487.50,2.999318E+07,33700.15
1737565293,281335.01,3.393856E+08,377094.52,25020.00,3.024338E+07,33603.70
1737565303,299982.49,3.423854E+08,376247.14,26760.00,3.051098E+07,33528.49
1737565313,392789.70,3.463133E+08,376426.95,34867.47,3.085965E+07,33543.05
1737565323,281187.69,3.491252E+08,375402.87,25117.52,3.111082E+07,33452.45
1737565333,360599.97,3.527312E+08,375245.39,32220.00,3.143302E+07,33439.34
1737565343,351902.38,3.562502E+08,374999.68,31207.49,3.174510E+07,33415.85
1737565353,402770.11,3.602779E+08,375288.95,35940.01,3.210450E+07,33442.14
1737565363,390480.07,3.641827E+08,375445.56,34800.01,3.245250E+07,33456.14
1737565373,369272.36,3.678754E+08,375382.57,32887.49,3.278138E+07,33450.34
1737565383,308187.58,3.709573E+08,374703.83,27427.51,3.305565E+07,33389.50
1737565393,392229.98,3.748796E+08,374879.10,35107.50,3.340672E+07,33406.68
1737565403,403129.58,3.789109E+08,375158.80,35917.46,3.376590E+07,33431.54
1737565413,386292.93,3.827738E+08,375267.96,34372.54,3.410962E+07,33440.76
1737565423,393565.08,3.867095E+08,375445.60,34980.01,3.445942E+07,33455.71
1737565433,364769.92,3.903572E+08,375342.95,32519.99,3.478462E+07,33446.71
1737565443,396392.45,3.943211E+08,375543.42,35347.50,3.513810E+07,33464.81
1737565453,396354.86,3.982846E+08,375739.76,35347.49,3.549158E+07,33482.58
1737565463,383010.16,4.021148E+08,375807.71,34185.01,3.583342E+07,33489.14
1737565473,407975.10,4.061945E+08,376105.55,36247.51,3.619590E+07,33514.68
1737565483,347124.95,4.096658E+08,375839.67,30915.00,3.650505E+07,33490.83
1737565493,412972.40,4.137955E+08,376177.24,36847.49,3.687352E+07,33521.35
1737565503,392890.04,4.177244E+08,376327.81,35010.00,3.722362E+07,33534.76
1737565513,399047.63,4.217148E+08,376530.67,35565.01,3.757928E+07,33552.88
1737565523,406394.99,4.257788E+08,376794.95,36315.00,3.794242E+07,33577.33
1737565533,338699.95,4.291658E+08,376460.78,30150.00,3.824392E+07,33547.26
1737565543,394777.39,4.331136E+08,376620.06,35144.99,3.859538E+07,33561.16
1737565553,396257.62,4.370762E+08,376789.35,35317.51,3.894855E+07,33576.30
1737565563,418975.00,4.412659E+08,377149.91,37275.00,3.932130E+07,33607.91
1737565573,395394.99,4.452198E+08,377304.53,35205.00,3.967335E+07,33621.44
1737565583,337935.05,4.485992E+08,376973.69,30112.50,3.997448E+07,33591.96
1737565593,421794.93,4.528172E+08,377347.20,37597.49,4.035045E+07,33625.34
1737565603,241305.01,4.552302E+08,376222.89,21465.00,4.056510E+07,33524.84
1737565613,241169.91,4.576419E+08,375115.90,21539.99,4.078050E+07,33426.60
1737565623,407420.20,4.617161E+08,375378.53,36360.02,4.114410E+07,33450.45
1737565633,372099.76,4.654371E+08,375352.09,33164.98,4.147575E+07,33448.15
1737565643,279965.14,4.682368E+08,374589.00,24832.51,4.172408E+07,33379.22
1737565653,319277.40,4.714295E+08,374150.02,28619.99,4.201028E+07,33341.45
1737565663,418072.58,4.756102E+08,374495.86,37170.01,4.238198E+07,33371.60
1737565673,411540.05,4.797256E+08,374785.27,36637.50,4.274835E+07,33397.11
1737565683,412845.07,4.838541E+08,375080.31,36840.01,4.311675E+07,33423.80
1737565693,416162.33,4.880157E+08,375396.32,37072.48,4.348748E+07,33451.87
1737565703,361170.05,4.916274E+08,375287.73,32250.00,4.380998E+07,33442.69
1737565713,416129.97,4.957887E+08,375597.14,36937.50,4.417935E+07,33469.17
1737565723,413535.05,4.999241E+08,375882.38,36877.50,4.454812E+07,33494.80
1737565733,411922.48,5.040433E+08,376151.34,36697.50,4.491510E+07,33518.70
1737565743,392304.92,5.079664E+08,376271.00,35054.99,4.526565E+07,33530.08
1737565753,430287.61,5.122692E+08,376668.18,38235.01,4.564800E+07,33564.67
1737565763,431857.52,5.165878E+08,377071.02,38587.50,4.603388E+07,33601.34
1737565773,397659.98,5.205644E+08,377220.21,35460.00,4.638848E+07,33614.80
1737565783,432687.44,5.248913E+08,377619.26,38444.99,4.677292E+07,33649.55
1737565793,389612.66,5.287874E+08,377704.92,34800.01,4.712092E+07,33657.77
1737565803,421224.79,5.329996E+08,378013.58,37582.48,4.749675E+07,33685.61
1737565813,410555.11,5.371052E+08,378242.74,36525.01,4.786200E+07,33705.60
1737565823,415772.55,5.412629E+08,378505.19,37027.50,4.823228E+07,33728.83
1737565833,368687.40,5.449498E+08,378437.01,32894.99,4.856122E+07,33723.04
1737565843,435687.64,5.493067E+08,378831.84,38805.01,4.894928E+07,33758.09
1737565853,411622.50,5.534229E+08,379056.43,36667.50,4.931595E+07,33778.02
1737565863,416859.91,5.575915E+08,379313.60,37094.99,4.968690E+07,33800.58
1737565873,367989.91,5.612714E+08,379237.09,32872.49,5.001562E+07,33794.31
1737565883,344654.98,5.647180E+08,379004.99,30585.00,5.032148E+07,33772.77
1737565893,411547.50,5.688334E+08,379221.94,36682.50,5.068830E+07,33792.17
1737565903,399590.03,5.728293E+08,379356.83,35737.50,5.104568E+07,33805.05
1737565913,320782.60,5.760372E+08,378971.47,28477.51,5.133045E+07,33770.00
1737565923,322622.47,5.792634E+08,378603.18,28717.50,5.161762E+07,33736.98
1737565933,226239.94,5.815258E+08,377613.81,20159.99,5.181922E+07,33648.82

Summary:
loaded 581760000 metrics in 1541.281sec with 10 workers (mean rate 377452.30 metrics/sec)
loaded 51840000 rows in 1541.281sec with 10 workers (mean rate 33634.36 rows/sec)
Run complete after 691200 queries with 10 workers (Overall query rate 448.46 queries/sec):
          :
min:     1.04ms, med:    13.31ms, mean:    14.47ms, max: 3337.86ms, stddev:    22.32ms, sum: 10005.4sec, count: 691200
all queries:
min:     1.04ms, med:    13.31ms, mean:    14.47ms, max: 3337.86ms, stddev:    22.32ms, sum: 10005.4sec, count: 691200
Saving Response Latencies to /home/benchUser/results/latenciesInserts_other.csv
