time,per. metric/s,metric total,overall metric/s,per. row/s,row total,overall row/s
1737564403,188764.75,1.888025E+06,188764.75,16939.11,1.694250E+05,16939.11
1737564413,402800.08,5.916025E+06,295771.71,35835.01,5.277750E+05,26386.11
1737564423,423954.37,1.015560E+07,338496.63,37859.72,9.063750E+05,30210.41
1737564433,434035.69,1.449592E+07,362380.02,38662.78,1.293000E+06,32323.39
1737564443,438802.45,1.888395E+07,377663.90,39105.00,1.684050E+06,33679.65
1737564453,410347.46,2.298742E+07,383110.98,36592.50,2.049975E+06,34165.11
1737564463,385317.62,2.684060E+07,383426.20,34222.51,2.392200E+06,34173.31
1737564473,439420.01,3.123480E+07,390425.25,39277.50,2.784975E+06,34811.32
1737564483,434412.38,3.557892E+07,395312.61,38654.99,3.171525E+06,35238.38
1737564493,434602.52,3.992495E+07,399241.52,38632.50,3.557850E+06,35577.79
1737564503,354687.43,4.347182E+07,395191.22,31589.99,3.873750E+06,35215.27
1737564513,421937.64,4.769120E+07,397420.05,37665.01,4.250400E+06,35419.41
1737564523,432532.38,5.201652E+07,400120.96,38572.49,4.636125E+06,35661.95
1737564533,447017.65,5.648670E+07,403470.67,39742.51,5.033550E+06,35953.42
1737564543,429500.03,6.078170E+07,405205.94,38340.00,5.416950E+06,36112.52
1737564553,349504.93,6.427675E+07,401724.67,31229.99,5.729250E+06,35807.37
1737564563,436110.07,6.863785E+07,403747.32,38850.01,6.117750E+06,35986.34
1737564573,434645.01,7.298430E+07,405463.84,38670.00,6.504450E+06,36135.43
1737564583,422329.93,7.720760E+07,406351.52,37717.49,6.881625E+06,36218.70
1737564593,419200.03,8.139960E+07,406993.94,37312.50,7.254750E+06,36273.39
1737564603,337144.87,8.477105E+07,403667.82,29939.99,7.554150E+06,35971.80
1737564613,390572.52,8.867678E+07,403072.58,34927.50,7.903425E+06,35924.33
1737564623,380442.57,9.248120E+07,402088.68,33915.01,8.242575E+06,35836.97
1737564633,289377.45,9.537498E+07,397392.42,25740.00,8.499975E+06,35416.27
1737564643,297152.58,9.834650E+07,393382.86,26392.51,8.763900E+06,35055.32
1737564653,343029.79,1.017768E+08,391446.21,30689.98,9.070800E+06,34887.42
1737564663,402560.25,1.058024E+08,391857.84,35850.02,9.429300E+06,34923.07
1737564673,357754.97,1.093800E+08,390639.89,31875.00,9.748050E+06,34814.22
1737564683,408747.56,1.134674E+08,391264.29,36397.51,1.011202E+07,34868.81
1737564693,294092.36,1.164084E+08,388025.24,26234.99,1.037438E+07,34581.02
1737564703,320392.29,1.196123E+08,385843.55,28529.98,1.065968E+07,34385.83
1737564713,402410.46,1.236364E+08,386361.26,35775.04,1.101742E+07,34429.24
1737564723,400669.89,1.276431E+08,386794.85,35789.99,1.137532E+07,34470.47
1737564733,401877.56,1.316618E+08,387238.46,35842.51,1.173375E+07,34510.83
1737564743,398740.00,1.356492E+08,387567.07,35460.00,1.208835E+07,34537.95
1737564753,346412.46,1.391134E+08,386423.90,30907.50,1.239742E+07,34437.10
1737564763,423767.54,1.433510E+08,387433.18,37672.50,1.277415E+07,34524.54
1737564773,404960.04,1.474006E+08,387894.41,36142.50,1.313558E+07,34567.12
1737564783,407639.96,1.514770E+08,388400.70,36360.00,1.349918E+07,34613.09
1737564793,369115.00,1.551682E+08,387918.56,32895.00,1.382812E+07,34570.14
1737564803,415777.57,1.593260E+08,388598.05,36990.01,1.419802E+07,34629.16
1737564813,414217.41,1.634682E+08,389208.03,36862.49,1.456665E+07,34682.33
1737564823,410175.07,1.675699E+08,389695.63,36585.01,1.493250E+07,34726.58
1737564833,237889.98,1.699488E+08,386245.52,21247.50,1.514498E+07,34420.24
1737564843,294460.06,1.728934E+08,384205.85,26242.51,1.540740E+07,34238.51
1737564853,415702.37,1.770504E+08,384890.56,36997.49,1.577738E+07,34298.49
1737564863,395972.59,1.810102E+08,385126.34,35287.51,1.613025E+07,34319.54
1737564873,420715.02,1.852173E+08,385867.77,37530.00,1.650555E+07,34386.42
1737564883,345939.94,1.886767E+08,385052.92,30734.99,1.681290E+07,34311.90
1737564893,410279.97,1.927795E+08,385557.46,36600.00,1.717890E+07,34357.66
1737564903,402290.08,1.968024E+08,385885.55,35940.01,1.753830E+07,34388.69
1737564913,411239.93,2.009148E+08,386373.13,36667.49,1.790498E+07,34432.51
1737564923,360703.58,2.045219E+08,385888.79,32031.93,1.822530E+07,34387.22
1737564933,410677.28,2.086286E+08,386347.83,36540.65,1.859070E+07,34427.09
1737564943,409687.44,2.127255E+08,386772.18,36622.49,1.895692E+07,34467.01
1737564953,439545.17,2.171209E+08,387714.55,39075.02,1.934768E+07,34549.30
1737564963,430070.00,2.214216E+08,388457.63,38415.00,1.973182E+07,34617.12
1737564973,319307.37,2.246147E+08,387265.39,28387.49,2.001570E+07,34509.71
1737564983,439185.13,2.290066E+08,388145.38,39157.51,2.040728E+07,34588.48
1737564993,373437.40,2.327409E+08,387900.25,33344.99,2.074072E+07,34567.76
1737565003,324347.63,2.359844E+08,386858.41,28920.01,2.102992E+07,34475.17
1737565013,397997.40,2.399644E+08,387038.07,35369.99,2.138362E+07,34489.61
1737565023,390607.52,2.438704E+08,387094.72,34792.50,2.173155E+07,34494.41
1737565033,420265.01,2.480731E+08,387613.01,37455.00,2.210610E+07,34540.67
1737565043,429559.98,2.523687E+08,388258.34,38340.00,2.248950E+07,34599.12
1737565053,426762.50,2.566363E+08,388841.74,37957.50,2.286908E+07,34650.01
1737565063,379497.60,2.604313E+08,388702.27,33802.51,2.320710E+07,34637.36
1737565073,423049.94,2.646618E+08,389207.39,37829.99,2.358540E+07,34684.31
1737565083,426205.03,2.689238E+08,389743.58,37897.50,2.396438E+07,34730.88
1737565093,398082.45,2.729047E+08,389862.71,35557.50,2.431995E+07,34742.69
1737565103,434569.78,2.772504E+08,390492.38,38662.48,2.470658E+07,34797.89
1737565113,372935.22,2.809797E+08,390248.54,33270.02,2.503928E+07,34776.67
1737565123,425349.98,2.852332E+08,390729.38,37770.00,2.541698E+07,34817.68
1737565133,405132.45,2.892846E+08,390924.01,36165.00,2.577862E+07,34835.89
1737565143,427265.08,2.935572E+08,391408.56,38017.51,2.615880E+07,34878.31
1737565153,407047.37,2.976277E+08,391614.33,36412.49,2.652292E+07,34898.49
1737565163,381192.59,3.014396E+08,391478.98,33945.01,2.686238E+07,34886.11
1737565173,441075.02,3.058504E+08,392114.83,39255.00,2.725492E+07,34942.12
1737565183,420295.00,3.100533E+08,392471.54,37462.50,2.762955E+07,34974.03
1737565193,418540.05,3.142387E+08,392797.39,37200.00,2.800155E+07,35001.85
1737565203,393542.41,3.181741E+08,392806.59,35152.49,2.835308E+07,35003.71
1737565213,330582.40,3.214800E+08,392047.76,29497.49,2.864805E+07,34936.56
1737565223,415747.67,3.256374E+08,392333.30,36952.52,2.901758E+07,34960.85
1737565233,342250.00,3.290599E+08,391737.07,30630.00,2.932388E+07,34909.29
1737565243,239869.95,3.314586E+08,389950.41,21262.50,2.953650E+07,34748.74
1737565253,408750.03,3.355461E+08,390169.01,36457.50,2.990108E+07,34768.61
1737565263,333357.56,3.388797E+08,389516.00,29617.51,3.019725E+07,34709.40
1737565273,317159.95,3.420513E+08,388693.78,28365.00,3.048090E+07,34637.31
1737565283,301189.93,3.450632E+08,387710.59,26894.99,3.074985E+07,34550.32
1737565293,289439.87,3.479576E+08,386618.69,25754.99,3.100740E+07,34452.59
1737565303,245107.66,3.504087E+08,385063.63,21832.51,3.122572E+07,34313.91
1737565313,367349.96,3.540822E+08,384871.09,32670.00,3.155242E+07,34296.04
1737565323,396497.62,3.580472E+08,384996.11,35370.01,3.190612E+07,34307.59
1737565333,388702.52,3.619342E+08,385035.54,34665.00,3.225278E+07,34311.39
1737565343,394059.92,3.658748E+08,385130.53,35024.99,3.260302E+07,34318.90
1737565353,387352.53,3.697483E+08,385153.68,34492.50,3.294795E+07,34320.71
1737565363,382289.99,3.735712E+08,385124.16,34185.00,3.328980E+07,34319.31
1737565373,389040.07,3.774616E+08,385164.11,34710.01,3.363690E+07,34323.30
1737565383,321879.91,3.806804E+08,384524.88,28634.99,3.392325E+07,34265.84
1737565393,385550.05,3.845359E+08,384535.13,34245.00,3.426570E+07,34265.63
1737565403,399409.98,3.885300E+08,384682.41,35752.50,3.462322E+07,34280.35
1737565413,393795.08,3.924680E+08,384771.75,35010.01,3.497332E+07,34287.51
1737565423,393834.29,3.964063E+08,384859.73,35002.44,3.532335E+07,34294.45
1737565433,339735.55,3.998036E+08,384425.85,30277.55,3.562612E+07,34255.82
1737565443,396212.47,4.037658E+08,384538.10,35310.00,3.597922E+07,34265.86
1737565453,406280.05,4.078286E+08,384743.21,36315.00,3.634238E+07,34285.19
1737565463,392432.39,4.117529E+08,384815.07,34874.99,3.669112E+07,34290.71
1737565473,408750.10,4.158404E+08,385036.70,36570.01,3.705682E+07,34311.81
1737565483,340897.55,4.192494E+08,384631.75,30315.00,3.735998E+07,34275.14
1737565493,390622.48,4.231556E+08,384686.21,34702.50,3.770700E+07,34279.03
1737565503,396137.41,4.271170E+08,384789.37,35302.49,3.806002E+07,34288.25
1737565513,383122.51,4.309482E+08,384774.49,34297.50,3.840300E+07,34288.33
1737565523,368632.53,4.346345E+08,384631.64,32707.50,3.873008E+07,34274.34
1737565533,394165.02,4.385762E+08,384715.27,35137.50,3.908145E+07,34281.91
1737565543,404697.46,4.426232E+08,384889.03,36022.50,3.944168E+07,34297.05
1737565553,380795.09,4.464311E+08,384853.73,33960.01,3.978128E+07,34294.14
1737565563,401029.92,4.504414E+08,384991.99,35812.49,4.013940E+07,34307.12
1737565573,323432.45,4.536757E+08,384470.30,28807.50,4.042748E+07,34260.51
1737565583,409912.54,4.577748E+08,384684.10,36607.50,4.079355E+07,34280.24
1737565593,393644.97,4.617113E+08,384758.78,34980.00,4.114335E+07,34286.07
1737565603,232610.06,4.640374E+08,383501.35,20655.01,4.134990E+07,34173.41
1737565613,212810.00,4.661655E+08,382102.24,19080.00,4.154070E+07,34049.70
1737565623,391030.03,4.700758E+08,382174.83,34830.00,4.188900E+07,34056.04
1737565633,376939.98,4.738452E+08,382132.61,33615.00,4.222515E+07,34052.49
1737565643,405559.98,4.779008E+08,382320.03,36165.00,4.258680E+07,34069.39
1737565653,330132.51,4.812021E+08,381905.84,29407.50,4.288088E+07,34032.39
1737565663,385475.00,4.850569E+08,381933.95,34245.00,4.322332E+07,34034.06
1737565673,417317.37,4.892300E+08,382210.38,37222.49,4.359555E+07,34058.97
1737565683,398867.59,4.932187E+08,382339.50,35512.51,4.395068E+07,34070.24
1737565693,348850.04,4.967072E+08,382081.89,31155.00,4.426222E+07,34047.81
1737565703,418224.98,5.008895E+08,382357.79,37170.00,4.463392E+07,34071.65
1737565713,395709.92,5.048466E+08,382458.95,35249.99,4.498642E+07,34080.57
1737565723,399020.05,5.088368E+08,382583.47,35700.00,4.534342E+07,34092.75
1737565733,378535.08,5.126221E+08,382553.25,33690.01,4.568032E+07,34089.74
1737565743,390902.34,5.165312E+08,382615.10,34852.49,4.602885E+07,34095.39
1737565753,392445.07,5.204556E+08,382687.38,34935.01,4.637820E+07,34101.57
1737565763,419012.53,5.246457E+08,382952.53,37267.50,4.675088E+07,34124.68
1737565773,418097.51,5.288267E+08,383207.20,37282.50,4.712370E+07,34147.56
1737565783,317287.45,5.319996E+08,382732.96,28252.50,4.740622E+07,34105.15
1737565793,424002.54,5.362396E+08,383027.74,37905.00,4.778528E+07,34132.29
1737565803,410917.49,5.403488E+08,383225.54,36615.00,4.815142E+07,34149.90
1737565813,368947.52,5.440382E+08,383124.99,32752.50,4.847895E+07,34140.06
1737565823,363652.39,5.476748E+08,382988.82,32407.49,4.880302E+07,34127.94
1737565833,431362.62,5.519884E+08,383324.75,38580.01,4.918882E+07,34158.86
1737565843,392587.52,5.559143E+08,383388.63,34830.00,4.953712E+07,34163.49
1737565853,403572.44,5.599500E+08,383526.87,35947.49,4.989660E+07,34175.71
1737565863,380765.00,5.637576E+08,383508.08,33975.00,5.023635E+07,34174.34
1737565873,326075.08,5.670184E+08,383120.02,29175.01,5.052810E+07,34140.56
1737565883,395567.45,5.709741E+08,383203.56,35242.50,5.088052E+07,34147.96
1737565893,389932.51,5.748734E+08,383248.42,34687.50,5.122740E+07,34151.55
1737565903,355054.95,5.784240E+08,383061.71,31665.00,5.154405E+07,34135.09
1737565913,289845.04,5.813224E+08,382448.44,25860.00,5.180265E+07,34080.65

Summary:
loaded 581760000 metrics in 1521.751sec with 10 workers (mean rate 382296.52 metrics/sec)
loaded 51840000 rows in 1521.751sec with 10 workers (mean rate 34066.03 rows/sec)
Run complete after 691200 queries with 10 workers (Overall query rate 454.21 queries/sec):
          :
min:     0.97ms, med:    14.53ms, mean:    14.97ms, max: 3119.87ms, stddev:    22.94ms, sum: 10346.6sec, count: 691200
all queries:
min:     0.97ms, med:    14.53ms, mean:    14.97ms, max: 3119.87ms, stddev:    22.94ms, sum: 10346.6sec, count: 691200
Saving Response Latencies to /home/benchUser/results/latenciesInserts_latest.csv
