time,per. metric/s,metric total,overall metric/s,per. row/s,row total,overall row/s
1737544089,217229.09,2.172300E+06,217229.09,19409.92,1.941000E+05,19409.92
1737544099,429844.78,6.470750E+06,323536.74,38257.48,5.766750E+05,28833.68
1737544109,432645.18,1.079720E+07,359906.15,38700.02,9.636750E+05,32122.45
1737544119,415950.09,1.495670E+07,373917.12,36922.51,1.332900E+06,33322.47
1737544129,393190.00,1.888860E+07,377771.69,35130.00,1.684200E+06,33683.97
1737544139,351219.85,2.240080E+07,373346.39,31259.99,1.996800E+06,33279.98
1737544149,306357.51,2.546438E+07,363776.55,27262.50,2.269425E+06,32420.34
1737544159,324017.56,2.870455E+07,358806.68,28920.01,2.558625E+06,31982.80
1737544169,325220.03,3.195675E+07,355074.84,29062.50,2.849250E+06,31658.32
1737544179,418364.74,3.614040E+07,361403.83,37214.98,3.221400E+06,32213.98
1737544189,394562.78,4.008602E+07,364418.27,35077.53,3.572175E+06,32474.31
1737544199,365640.02,4.374242E+07,364520.09,32685.00,3.899025E+06,32491.86
1737544209,420657.49,4.794900E+07,368838.35,37500.00,4.274025E+06,32877.11
1737544219,397060.00,5.191960E+07,370854.18,35415.00,4.628175E+06,33058.38
1737544229,412800.00,5.604760E+07,373650.57,36765.00,4.995825E+06,33305.49
1737544239,395919.81,6.000680E+07,375042.39,35279.98,5.348625E+06,33428.90
1737544249,360995.07,6.361675E+07,374216.08,32130.01,5.669925E+06,33352.49
1737544259,418420.09,6.780095E+07,376671.86,37192.51,6.041850E+06,33565.83
1737544269,395447.53,7.175542E+07,377660.05,35227.50,6.394125E+06,33653.28
1737544279,421622.45,7.597165E+07,379858.17,37635.00,6.770475E+06,33852.37
1737544289,407789.85,8.004955E+07,381188.25,36397.49,7.134450E+06,33973.56
1737544299,340522.62,8.345478E+07,379339.81,30277.51,7.437225E+06,33805.56
1737544309,416272.47,8.761750E+07,380945.58,37147.50,7.808700E+06,33950.86
1737544319,427130.02,9.188880E+07,382869.93,38010.00,8.188800E+06,34119.99
1737544329,397390.04,9.586270E+07,383450.74,35475.00,8.543550E+06,34174.19
1737544339,352197.52,9.938468E+07,382248.69,31267.50,8.856225E+06,34062.40
1737544349,421435.00,1.035990E+08,383700.03,37575.00,9.231975E+06,34192.49
1737544359,419192.01,1.077910E+08,384967.61,37319.96,9.605175E+06,34304.19
1737544369,403077.94,1.118217E+08,385592.10,35955.04,9.964725E+06,34361.12
1737544379,417347.45,1.159952E+08,386650.61,37312.50,1.033785E+07,34459.50
1737544389,223800.04,1.182332E+08,381397.37,19875.00,1.053660E+07,33989.03
1737544399,400002.42,1.222332E+08,381978.78,35632.49,1.089292E+07,34040.39
1737544409,428562.57,1.265188E+08,383390.41,38182.51,1.127475E+07,34165.90
1737544419,398710.01,1.305060E+08,383840.98,35490.00,1.162965E+07,34204.85
1737544429,431804.96,1.348240E+08,385211.38,38595.00,1.201560E+07,34330.28
1737544439,326545.02,1.380894E+08,383581.76,28942.50,1.230502E+07,34180.62
1737544449,423515.00,1.423246E+08,384661.04,37875.00,1.268378E+07,34280.47
1737544459,392639.89,1.462510E+08,384871.01,34852.49,1.303230E+07,34295.52
1737544469,412702.46,1.503780E+08,385584.64,36787.50,1.340018E+07,34359.42
1737544479,399432.59,1.543724E+08,385930.83,35730.01,1.375748E+07,34393.68
1737544489,346892.57,1.578413E+08,384978.68,30907.51,1.406655E+07,34308.66
1737544499,441037.46,1.622516E+08,386313.41,39157.50,1.445812E+07,34424.10
1737544509,397404.95,1.662257E+08,386571.36,35482.50,1.481295E+07,34448.72
1737544519,329269.96,1.695184E+08,385269.05,29265.00,1.510560E+07,34330.91
1737544529,253375.04,1.720522E+08,382338.08,22695.00,1.533255E+07,34072.33
1737544539,368320.05,1.757354E+08,382033.34,32730.00,1.565985E+07,34043.15
1737544549,410452.35,1.798399E+08,382638.00,36667.49,1.602652E+07,34098.99
1737544559,392490.17,1.837648E+08,382843.25,34965.02,1.637618E+07,34117.03
1737544569,372582.43,1.874906E+08,382633.84,33224.99,1.670842E+07,34098.82
1737544579,422020.07,1.917108E+08,383421.57,37620.01,1.708462E+07,34169.25
1737544589,405597.22,1.957668E+08,383856.39,36059.98,1.744522E+07,34206.32
1737544599,422455.25,1.999913E+08,384598.67,37605.02,1.782128E+07,34271.68
1737544609,395417.44,2.039455E+08,384802.80,35219.99,1.817348E+07,34289.57
1737544619,369422.61,2.076397E+08,384517.98,33000.01,1.850348E+07,34265.69
1737544629,412777.48,2.117675E+08,385031.79,36742.50,1.887090E+07,34310.72
1737544639,413609.94,2.159036E+08,385542.11,36809.99,1.923900E+07,34355.35
1737544649,406920.05,2.199728E+08,385917.17,36390.00,1.960290E+07,34391.05
1737544659,377845.00,2.237512E+08,385777.99,33585.00,1.993875E+07,34377.15
1737544669,418780.02,2.279390E+08,386337.35,37267.50,2.031142E+07,34426.14
1737544679,394375.00,2.318828E+08,386471.31,35220.00,2.066362E+07,34439.37
1737544689,269302.47,2.345758E+08,384550.51,23955.00,2.090318E+07,34267.50
1737544699,411607.41,2.386919E+08,384986.91,36652.49,2.126970E+07,34305.97
1737544709,370945.09,2.424014E+08,384764.02,33075.01,2.160045E+07,34286.43
1737544719,437685.02,2.467782E+08,385590.91,39015.00,2.199060E+07,34360.31
1737544729,390415.00,2.506824E+08,385665.13,34905.00,2.233965E+07,34368.69
1737544739,394875.00,2.546311E+08,385804.67,35145.00,2.269110E+07,34380.45
1737544749,411011.17,2.587412E+08,386180.89,36577.16,2.305688E+07,34413.24
1737544759,423638.89,2.629776E+08,386731.74,37822.85,2.343510E+07,34463.38
1737544769,303880.02,2.660164E+08,385530.99,27030.00,2.370540E+07,34355.65
1737544779,296905.04,2.689854E+08,384264.91,26362.50,2.396902E+07,34241.46
1737544789,284337.49,2.718288E+08,382857.48,25395.00,2.422298E+07,34116.86
1737544799,298224.83,2.748111E+08,381682.02,26534.99,2.448832E+07,34011.56
1737544809,267375.12,2.774848E+08,380116.18,23865.01,2.472698E+07,33872.57
1737544819,328587.53,2.807707E+08,379419.84,29272.50,2.501970E+07,33810.40
1737544829,406640.01,2.848371E+08,379782.78,36240.00,2.538210E+07,33842.80
1737544839,433912.41,2.891762E+08,380495.01,38647.49,2.576858E+07,33906.02
1737544849,398117.51,2.931574E+08,380723.88,35482.50,2.612340E+07,33926.49
1737544859,423740.03,2.973948E+08,381275.36,37867.50,2.650208E+07,33977.02
1737544869,375601.36,3.011508E+08,381203.54,33329.90,2.683538E+07,33968.83
1737544879,423156.31,3.053824E+08,381727.95,37845.12,2.721382E+07,34017.28
1737544889,401372.52,3.093961E+08,381970.47,35647.50,2.757030E+07,34037.41
1737544899,420369.98,3.135998E+08,382438.76,37470.00,2.794500E+07,34079.27
1737544909,401105.03,3.176108E+08,382663.66,35775.00,2.830275E+07,34099.70
1737544919,384184.96,3.214527E+08,382681.77,34275.00,2.864550E+07,34101.78
1737544929,412262.51,3.255753E+08,383029.78,36742.50,2.901292E+07,34132.85
1737544939,434344.98,3.299188E+08,383626.46,38610.00,2.939902E+07,34184.91
1737544949,334117.28,3.332600E+08,383057.39,29902.48,2.969805E+07,34135.69
1737544959,289700.20,3.361570E+08,381996.52,25770.02,2.995575E+07,34040.62
1737544969,402342.47,3.401804E+08,382225.12,35767.50,3.031342E+07,34060.03
1737544979,423402.57,3.444144E+08,382682.65,37867.51,3.069210E+07,34102.33
1737544989,427340.00,3.486878E+08,383173.39,38047.50,3.107258E+07,34145.69
1737544999,258199.98,3.512698E+08,381814.98,22995.00,3.130252E+07,34024.48
1737545009,388589.93,3.551557E+08,381887.83,34657.49,3.164910E+07,34031.29
1737545019,404315.11,3.591988E+08,382126.42,36045.01,3.200955E+07,34052.71
1737545029,419792.47,3.633968E+08,382522.90,37387.50,3.238342E+07,34087.81
1737545039,418664.99,3.675834E+08,382899.38,37260.00,3.275602E+07,34120.86
1737545049,380857.53,3.713920E+08,382878.33,33967.50,3.309570E+07,34119.28
1737545059,441255.02,3.758046E+08,383474.01,39187.50,3.348758E+07,34170.99
1737545069,418622.47,3.799908E+08,383829.05,37365.00,3.386122E+07,34203.26
1737545079,413992.50,3.841307E+08,384130.68,36832.50,3.422955E+07,34229.55
1737545089,411855.01,3.882492E+08,384405.18,36697.50,3.459652E+07,34253.98
1737545099,373577.50,3.919850E+08,384299.03,33390.00,3.493042E+07,34245.51
1737545109,432967.46,3.963147E+08,384771.54,38527.50,3.531570E+07,34287.09
1737545119,397772.45,4.002924E+08,384896.55,35407.50,3.566978E+07,34297.86
1737545129,416117.59,4.044536E+08,385193.89,37222.51,3.604200E+07,34325.71
1737545139,422889.99,4.086825E+08,385549.51,37552.50,3.641752E+07,34356.15
1737545149,376144.95,4.124440E+08,385461.62,33652.50,3.675405E+07,34349.58
1737545159,433167.58,4.167756E+08,385903.34,38452.51,3.713858E+07,34387.57
1737545169,405132.39,4.208270E+08,386079.76,36164.99,3.750022E+07,34403.87
1737545179,418975.11,4.250167E+08,386378.80,37267.51,3.787290E+07,34429.91
1737545189,401734.99,4.290340E+08,386517.15,35865.00,3.823155E+07,34442.84
1737545199,371679.97,4.327508E+08,386384.67,33120.00,3.856275E+07,34431.03
1737545209,442915.05,4.371800E+08,386884.94,39540.00,3.895815E+07,34476.24
1737545219,411524.99,4.412952E+08,387101.08,36682.50,3.932498E+07,34495.59
1737545229,441254.97,4.457078E+08,387571.99,39202.50,3.971700E+07,34536.52
1737545239,414549.97,4.498533E+08,387804.55,37050.00,4.008750E+07,34558.19
1737545249,343470.01,4.532880E+08,387425.63,30450.00,4.039200E+07,34523.08
1737545259,422072.55,4.575087E+08,387719.25,37680.00,4.076880E+07,34549.83
1737545269,420527.50,4.617140E+08,387994.94,37500.00,4.114380E+07,34574.62
1737545279,373879.97,4.654528E+08,387877.32,33390.00,4.147770E+07,34564.75
1737545289,314397.52,4.685968E+08,387270.04,27989.78,4.175760E+07,34510.41
1737545299,450118.55,4.730980E+08,387785.19,40005.32,4.215765E+07,34555.45
1737545309,431924.97,4.774172E+08,388144.05,38602.50,4.254368E+07,34588.35
1737545319,428240.00,4.816996E+08,388467.41,38160.00,4.292528E+07,34617.16
1737545329,416475.07,4.858644E+08,388691.47,36997.51,4.329525E+07,34636.20
1737545339,354199.89,4.894064E+08,388417.72,31522.49,4.361048E+07,34611.49
1737545349,446425.10,4.938706E+08,388874.48,39862.51,4.400910E+07,34652.83
1737545359,411584.99,4.979864E+08,389051.90,36645.00,4.437555E+07,34668.40
1737545369,347229.85,5.014588E+08,388727.70,30929.99,4.468485E+07,34639.42
1737545379,262005.06,5.040788E+08,387752.91,23467.51,4.491952E+07,34553.48
1737545389,437040.00,5.084492E+08,388129.15,38925.00,4.530878E+07,34586.85
1737545399,421982.63,5.126690E+08,388385.61,37500.01,4.568378E+07,34608.92
1737545409,411847.49,5.167875E+08,388562.02,36712.50,4.605090E+07,34624.74
1737545419,369730.00,5.204848E+08,388421.48,33045.00,4.638135E+07,34612.95
1737545429,297992.50,5.234647E+08,387751.64,26572.50,4.664708E+07,34553.39
1737545439,279909.99,5.262638E+08,386958.68,24810.00,4.689518E+07,34481.75
1737545449,273827.46,5.290021E+08,386132.91,24367.50,4.713885E+07,34407.92
1737545459,247937.52,5.314815E+08,385131.49,22207.50,4.736092E+07,34319.51
1737545469,343417.49,5.349156E+08,384831.39,30555.00,4.766648E+07,34292.43
1737545479,331595.05,5.382316E+08,384451.13,29572.50,4.796220E+07,34258.71
1737545489,373257.50,5.419642E+08,384371.74,33315.00,4.829535E+07,34252.02
1737545499,390202.43,5.458662E+08,384412.81,34724.99,4.864260E+07,34255.35
1737545509,399490.06,5.498611E+08,384518.24,35550.00,4.899810E+07,34264.40
1737545519,331535.00,5.531764E+08,384150.30,29557.50,4.929368E+07,34231.72
1737545529,381817.35,5.569946E+08,384134.21,34109.99,4.963478E+07,34230.88
1737545539,401897.65,5.610136E+08,384255.88,35722.51,4.999200E+07,34241.09
1737545549,379384.96,5.648074E+08,384222.74,33787.50,5.032988E+07,34238.01
1737545559,420115.02,5.690086E+08,384465.26,37432.50,5.070420E+07,34259.59
1737545569,344545.00,5.724540E+08,384197.34,30735.00,5.101155E+07,34235.94
1737545579,382549.92,5.762796E+08,384186.36,34049.99,5.135205E+07,34234.70
1737545589,400977.58,5.802893E+08,384297.56,35782.51,5.170988E+07,34244.95

Summary:
loaded 581760000 metrics in 1513.640sec with 10 workers (mean rate 384344.94 metrics/sec)
loaded 51840000 rows in 1513.640sec with 10 workers (mean rate 34248.56 rows/sec)
Run complete after 691200 queries with 10 workers (Overall query rate 456.65 queries/sec):
          :
min:     0.81ms, med:     4.81ms, mean:    12.64ms, max: 2767.87ms, stddev:    21.69ms, sum: 8739.2sec, count: 691200
all queries:
min:     0.81ms, med:     4.81ms, mean:    12.64ms, max: 2767.87ms, stddev:    21.69ms, sum: 8739.2sec, count: 691200
Saving Response Latencies to /home/benchUser/results/latenciesInserts_other.csv
