time,per. metric/s,metric total,overall metric/s,per. row/s,row total,overall row/s
1738487748,224584.27,2.246125E+06,224584.27,20104.97,2.010750E+05,20104.97
1738487758,438322.54,6.629350E+06,331446.69,38970.00,5.907750E+05,29536.90
1738487768,423365.02,1.086300E+07,362084.85,37860.00,9.693750E+05,32311.15
1738487778,442739.98,1.529040E+07,382248.00,39382.50,1.363200E+06,34078.93
1738487788,468954.80,1.997995E+07,399588.93,41812.48,1.781325E+06,35625.60
1738487798,449082.51,2.447078E+07,407837.69,39990.00,2.181225E+06,36352.99
1738487808,354155.10,2.801232E+07,400168.88,31627.51,2.497500E+06,35677.93
1738487818,466900.07,3.268132E+07,408510.15,41617.51,2.913675E+06,36420.37
1738487828,418402.48,3.686535E+07,409609.28,37215.00,3.285825E+06,36508.66
1738487838,446419.97,4.132955E+07,413290.31,39862.50,3.684450E+06,36844.04
1738487848,401792.52,4.534748E+07,412245.06,35707.50,4.041525E+06,36740.72
1738487858,443560.06,4.978308E+07,414854.62,39480.01,4.436325E+06,36968.99
1738487868,460874.86,5.439182E+07,418394.61,41084.99,4.847175E+06,37285.60
1738487878,455617.52,5.894800E+07,421053.36,40732.50,5.254500E+06,37531.81
1738487888,444100.12,6.338900E+07,422589.80,39570.01,5.650200E+06,37667.68
1738487898,419009.96,6.757910E+07,422366.06,37290.00,6.023100E+06,37644.08
1738487908,452210.01,7.210120E+07,424121.57,40290.00,6.426000E+06,37799.72
1738487918,444009.93,7.654130E+07,425226.48,39554.99,6.821550E+06,37897.24
1738487928,451400.09,8.105530E+07,426604.02,40155.01,7.223100E+06,38016.06
1738487938,452427.48,8.557958E+07,427895.19,40312.50,7.626225E+06,38130.89
1738487948,375042.49,8.933000E+07,425378.41,33555.00,7.961775E+06,37912.99
1738487958,424876.94,9.357878E+07,425355.62,37724.95,8.339025E+06,37904.44
1738487968,391202.99,9.749080E+07,423870.73,34995.04,8.688975E+06,37777.95
1738487978,368264.58,1.011734E+08,421553.82,32677.46,9.015750E+06,37565.43
1738487988,279522.73,1.039687E+08,415872.61,24997.52,9.265725E+06,37062.71
1738487998,312772.54,1.070964E+08,411907.24,27892.50,9.544650E+06,36710.01
1738488008,390652.58,1.110029E+08,411120.03,34762.51,9.892275E+06,36637.89
1738488018,418787.50,1.151908E+08,411393.87,37380.00,1.026608E+07,36664.39
1738488028,294907.51,1.181399E+08,407377.12,26145.00,1.052752E+07,36301.65
1738488038,420002.42,1.223399E+08,407797.96,37417.49,1.090170E+07,36338.85
1738488048,379707.55,1.261370E+08,406891.82,33832.50,1.124002E+07,36258.00
1738488058,408742.51,1.302244E+08,406949.65,36555.00,1.160558E+07,36267.28
1738488068,394434.97,1.341688E+08,406570.42,35167.50,1.195725E+07,36233.95
1738488078,376135.05,1.379301E+08,405675.27,33360.00,1.229085E+07,36149.43
1738488088,428389.98,1.422140E+08,406324.26,38175.00,1.267260E+07,36207.30
1738488098,364447.44,1.458585E+08,405161.02,32512.50,1.299772E+07,36104.67
1738488108,423312.50,1.500916E+08,405651.59,37845.00,1.337618E+07,36151.70
1738488118,425785.07,1.543494E+08,406181.42,37860.01,1.375478E+07,36196.66
1738488128,428989.95,1.586394E+08,406766.25,38257.50,1.413735E+07,36249.50
1738488138,360472.54,1.622441E+08,405608.91,32017.50,1.445752E+07,36143.70
1738488148,404907.45,1.662932E+08,405591.81,36075.00,1.481828E+07,36142.02
1738488158,444962.49,1.707428E+08,406529.20,39675.00,1.521502E+07,36226.14
1738488168,398082.52,1.747236E+08,406332.77,35572.50,1.557075E+07,36210.94
1738488178,266135.03,1.773850E+08,403146.46,23700.00,1.580775E+07,35926.60
1738488188,328684.96,1.806718E+08,401491.77,29175.00,1.609950E+07,35776.57
1738488198,430085.03,1.849726E+08,402113.36,38407.50,1.648358E+07,35833.76
1738488208,406034.97,1.890330E+08,402196.80,36262.50,1.684620E+07,35842.88
1738488218,449852.53,1.935315E+08,403189.62,39967.50,1.724588E+07,35928.81
1738488228,370352.55,1.972350E+08,402519.48,32955.00,1.757542E+07,35868.12
1738488238,413564.89,2.013707E+08,402740.39,36907.49,1.794450E+07,35888.91
1738488248,412740.09,2.054981E+08,402936.46,36825.01,1.831275E+07,35907.26
1738488258,421864.99,2.097168E+08,403300.47,37650.00,1.868925E+07,35940.78
1738488268,381672.48,2.135335E+08,402892.39,33967.50,1.902892E+07,35903.55
1738488278,425412.48,2.177876E+08,403309.43,37912.50,1.940805E+07,35940.75
1738488288,426002.44,2.220476E+08,403722.03,37852.49,1.978658E+07,35975.51
1738488298,431182.53,2.263594E+08,404212.40,38557.50,2.017215E+07,36021.62
1738488308,417165.06,2.305311E+08,404439.64,37035.01,2.054250E+07,36039.39
1738488318,222962.44,2.327607E+08,401310.72,19987.49,2.074238E+07,35762.64
1738488328,375220.12,2.365129E+08,400868.51,33330.01,2.107568E+07,35721.41
1738488338,397999.97,2.404929E+08,400820.70,35565.00,2.143132E+07,35718.80
1738488348,428607.52,2.447790E+08,401276.22,38205.00,2.181338E+07,35759.56
1738488358,404389.79,2.488229E+08,401326.44,36052.48,2.217390E+07,35764.28
1738488368,434217.74,2.531651E+08,401848.52,38602.52,2.255992E+07,35809.33
1738488378,347387.47,2.566390E+08,400997.57,30952.50,2.286945E+07,35733.45
1738488388,414182.54,2.607808E+08,401200.42,36997.50,2.323942E+07,35752.89
1738488398,411124.92,2.648920E+08,401350.79,36599.99,2.360542E+07,35765.73
1738488408,405997.42,2.689520E+08,401420.14,36217.49,2.396760E+07,35772.47
1738488418,435592.64,2.733079E+08,401922.68,38827.51,2.435588E+07,35817.40
1738488428,344077.45,2.767487E+08,401084.34,30502.50,2.466090E+07,35740.37
1738488438,423575.08,2.809844E+08,401405.64,37905.01,2.503995E+07,35771.29
1738488448,440107.46,2.853855E+08,401950.73,39060.00,2.543055E+07,35817.61
1738488458,423627.56,2.896218E+08,402251.80,37867.51,2.580922E+07,35846.08
1738488468,345742.49,2.930792E+08,401477.70,30735.00,2.611658E+07,35776.07
1738488478,433162.43,2.974108E+08,401905.87,38617.49,2.650275E+07,35814.47
1738488488,406369.95,3.014746E+08,401965.39,36150.00,2.686425E+07,35818.94
1738488498,425870.11,3.057332E+08,402279.93,38010.01,2.724435E+07,35847.77
1738488508,439267.45,3.101259E+08,402760.28,39112.50,2.763548E+07,35890.17
1738488518,347650.03,3.136024E+08,402053.74,30990.00,2.794538E+07,35827.35
1738488528,422682.52,3.178292E+08,402314.87,37777.50,2.832315E+07,35852.03
1738488538,418634.94,3.220156E+08,402518.87,37244.99,2.869560E+07,35869.44
1738488548,429960.05,3.263152E+08,402857.65,38370.00,2.907930E+07,35900.31
1738488558,409744.94,3.304126E+08,402941.64,36427.49,2.944358E+07,35906.74
1738488568,320124.96,3.336139E+08,401943.85,28492.50,2.972850E+07,35817.42
1738488578,416710.10,3.377810E+08,402119.64,37222.51,3.010072E+07,35834.14
1738488588,434172.44,3.421227E+08,402496.73,38594.99,3.048668E+07,35866.62
1738488598,384660.04,3.459693E+08,402289.33,34320.00,3.082988E+07,35848.64
1738488608,271162.40,3.486810E+08,400782.12,24187.49,3.107175E+07,35714.60
1738488618,192787.49,3.506088E+08,398418.55,17122.50,3.124298E+07,35503.33
1738488628,257397.56,3.531828E+08,396834.05,22882.51,3.147180E+07,35361.52
1738488638,260240.03,3.557852E+08,395316.34,23280.00,3.170460E+07,35227.28
1738488648,362977.38,3.594150E+08,394960.96,32302.49,3.202762E+07,35195.14
1738488658,411097.67,3.635260E+08,395136.36,36585.02,3.239348E+07,35210.25
1738488668,404247.49,3.675684E+08,395234.33,36030.00,3.275378E+07,35219.07
1738488678,424797.46,3.718164E+08,395548.83,37980.00,3.313358E+07,35248.44
1738488688,379280.03,3.756092E+08,395377.58,33810.00,3.347168E+07,35233.30
1738488698,430541.70,3.799146E+08,395743.88,38249.93,3.385418E+07,35264.72
1738488708,411383.20,3.840284E+08,395905.11,36697.56,3.422115E+07,35279.49
1738488718,430662.54,3.883351E+08,396259.77,38317.50,3.460432E+07,35310.49
1738488728,389775.09,3.922328E+08,396194.27,34830.01,3.495262E+07,35305.64
1738488738,356067.37,3.957935E+08,395793.00,31747.49,3.527010E+07,35270.06
1738488748,436622.52,4.001597E+08,396197.25,38917.50,3.565928E+07,35306.17
1738488758,408035.03,4.042401E+08,396313.31,36225.00,3.602152E+07,35315.18
1738488768,440132.57,4.086414E+08,396738.74,39345.01,3.641498E+07,35354.30
1738488778,420939.99,4.128508E+08,396971.44,37545.00,3.679042E+07,35375.37
1738488788,335150.02,4.162023E+08,396382.67,29692.50,3.708735E+07,35321.24
1738488798,438404.90,4.205864E+08,396779.10,39157.49,3.747892E+07,35357.43
1738488808,412402.59,4.247104E+08,396925.12,36765.01,3.784658E+07,35370.59
1738488818,429802.50,4.290084E+08,397229.54,38355.00,3.823012E+07,35398.22
1738488828,364439.96,4.326528E+08,396928.72,32467.50,3.855480E+07,35371.34
1738488838,449529.89,4.371481E+08,397406.91,39974.99,3.895455E+07,35413.19
1738488848,413350.13,4.412816E+08,397550.54,36885.01,3.932340E+07,35426.45
1738488858,451390.00,4.457955E+08,398031.25,40185.00,3.972525E+07,35468.93
1738488868,422570.02,4.500212E+08,398248.41,37732.50,4.010258E+07,35488.97
1738488878,372504.97,4.537462E+08,398022.59,33157.50,4.043415E+07,35468.51
1738488888,463965.03,4.583859E+08,398596.00,41220.00,4.084635E+07,35518.53
1738488898,436244.98,4.627484E+08,398920.56,38872.50,4.123508E+07,35547.44
1738488908,272687.45,4.654752E+08,397841.64,24367.50,4.147875E+07,35451.88
1738488918,398409.95,4.694593E+08,397846.46,35452.50,4.183328E+07,35451.89
1738488928,436529.81,4.738246E+08,398171.53,38909.98,4.222238E+07,35480.95
1738488938,378335.29,4.776080E+08,398006.23,33690.03,4.255928E+07,35466.03
1738488948,437219.93,4.819802E+08,398330.31,38954.99,4.294882E+07,35494.86
1738488958,460192.49,4.865821E+08,398837.38,41002.50,4.335885E+07,35540.00
1738488968,432270.11,4.909048E+08,399109.19,38685.01,4.374570E+07,35565.57
1738488978,423669.79,4.951415E+08,399307.26,37612.48,4.412182E+07,35582.08
1738488988,413512.64,4.992766E+08,399420.90,36855.01,4.449038E+07,35592.26
1738488998,437032.46,5.036470E+08,399719.40,38985.00,4.488022E+07,35619.19
1738489008,435922.57,5.080062E+08,400004.47,38820.01,4.526842E+07,35644.39
1738489018,452479.90,5.125310E+08,400414.43,40319.99,4.567162E+07,35680.92
1738489028,404442.58,5.165754E+08,400445.66,36067.51,4.603230E+07,35683.92
1738489038,435142.49,5.209268E+08,400712.56,38707.50,4.641938E+07,35707.18
1738489048,444977.53,5.253766E+08,401050.46,39682.50,4.681620E+07,35737.52
1738489058,357049.98,5.289471E+08,400717.12,31890.00,4.713510E+07,35708.38
1738489068,262447.51,5.315716E+08,399677.50,23332.50,4.736842E+07,35615.32
1738489078,453792.49,5.361095E+08,400081.34,40372.50,4.777215E+07,35650.82
1738489088,450469.99,5.406142E+08,400454.59,40245.00,4.817460E+07,35684.86
1738489098,440100.00,5.450152E+08,400746.10,39180.00,4.856640E+07,35710.56
1738489108,396280.00,5.489780E+08,400713.50,35340.00,4.891980E+07,35707.85
1738489118,429300.04,5.532710E+08,400920.65,38287.50,4.930268E+07,35726.54
1738489128,467009.90,5.579411E+08,401396.11,41542.49,4.971810E+07,35768.38
1738489138,433680.08,5.622779E+08,401626.71,38640.01,5.010450E+07,35788.90
1738489148,459164.95,5.668696E+08,402034.78,40995.00,5.051445E+07,35825.82
1738489158,354125.06,5.704108E+08,401697.39,31597.51,5.083042E+07,35796.04
1738489168,456499.86,5.749758E+08,402080.63,40507.49,5.123550E+07,35828.99
1738489178,447912.64,5.794549E+08,402398.90,40057.51,5.163608E+07,35858.35

Summary:
loaded 581760000 metrics in 1445.202sec with 10 workers (mean rate 402545.77 metrics/sec)
loaded 51840000 rows in 1445.202sec with 10 workers (mean rate 35870.42 rows/sec)
Run complete after 691200 queries with 10 workers (Overall query rate 478.27 queries/sec):
          :
min:     0.81ms, med:     7.63ms, mean:    13.17ms, max: 2950.27ms, stddev:    22.65ms, sum: 9100.5sec, count: 691200
all queries:
min:     0.81ms, med:     7.63ms, mean:    13.17ms, max: 2950.27ms, stddev:    22.65ms, sum: 9100.5sec, count: 691200
Saving Response Latencies to /home/benchUser/results/latenciesInserts_latest.csv
