After 500 queries with 10 workers:
Interval query rate: 2.87 queries/sec	Overall query rate: 2.87 queries/sec
VictoriaMetrics mean of 10 metrics, all hosts, random 12h0m0s by 1h:
min:   727.87ms, med:  3469.05ms, mean:  3458.58ms, max: 4218.88ms, stddev:   356.66ms, sum: 1729.3sec, count: 500
all queries                                                        :
min:   727.87ms, med:  3469.05ms, mean:  3458.58ms, max: 4218.88ms, stddev:   356.66ms, sum: 1729.3sec, count: 500

After 1000 queries with 10 workers:
Interval query rate: 2.91 queries/sec	Overall query rate: 2.89 queries/sec
VictoriaMetrics mean of 10 metrics, all hosts, random 12h0m0s by 1h:
min:   727.87ms, med:  3438.59ms, mean:  3447.98ms, max: 4315.39ms, stddev:   308.06ms, sum: 3448.0sec, count: 1000
all queries                                                        :
min:   727.87ms, med:  3438.59ms, mean:  3447.98ms, max: 4315.39ms, stddev:   308.06ms, sum: 3448.0sec, count: 1000

After 1500 queries with 10 workers:
Interval query rate: 2.92 queries/sec	Overall query rate: 2.90 queries/sec
VictoriaMetrics mean of 10 metrics, all hosts, random 12h0m0s by 1h:
min:   727.87ms, med:  3419.90ms, mean:  3442.39ms, max: 4315.39ms, stddev:   292.42ms, sum: 5163.6sec, count: 1500
all queries                                                        :
min:   727.87ms, med:  3419.90ms, mean:  3442.39ms, max: 4315.39ms, stddev:   292.42ms, sum: 5163.6sec, count: 1500

After 2000 queries with 10 workers:
Interval query rate: 2.89 queries/sec	Overall query rate: 2.90 queries/sec
VictoriaMetrics mean of 10 metrics, all hosts, random 12h0m0s by 1h:
min:   727.87ms, med:  3429.38ms, mean:  3445.11ms, max: 4315.39ms, stddev:   280.40ms, sum: 6890.2sec, count: 2000
all queries                                                        :
min:   727.87ms, med:  3429.38ms, mean:  3445.11ms, max: 4315.39ms, stddev:   280.40ms, sum: 6890.2sec, count: 2000

After 2500 queries with 10 workers:
Interval query rate: 2.93 queries/sec	Overall query rate: 2.90 queries/sec
VictoriaMetrics mean of 10 metrics, all hosts, random 12h0m0s by 1h:
min:   727.87ms, med:  3419.52ms, mean:  3438.04ms, max: 4315.39ms, stddev:   273.88ms, sum: 8595.1sec, count: 2500
all queries                                                        :
min:   727.87ms, med:  3419.52ms, mean:  3438.04ms, max: 4315.39ms, stddev:   273.88ms, sum: 8595.1sec, count: 2500

After 3000 queries with 10 workers:
Interval query rate: 2.89 queries/sec	Overall query rate: 2.90 queries/sec
VictoriaMetrics mean of 10 metrics, all hosts, random 12h0m0s by 1h:
min:   727.87ms, med:  3420.03ms, mean:  3441.25ms, max: 4315.39ms, stddev:   272.13ms, sum: 10323.7sec, count: 3000
all queries                                                        :
min:   727.87ms, med:  3420.03ms, mean:  3441.25ms, max: 4315.39ms, stddev:   272.13ms, sum: 10323.7sec, count: 3000

After 3500 queries with 10 workers:
Interval query rate: 2.86 queries/sec	Overall query rate: 2.89 queries/sec
VictoriaMetrics mean of 10 metrics, all hosts, random 12h0m0s by 1h:
min:   727.87ms, med:  3432.19ms, mean:  3451.31ms, max: 4996.86ms, stddev:   274.77ms, sum: 12079.6sec, count: 3500
all queries                                                        :
min:   727.87ms, med:  3432.19ms, mean:  3451.31ms, max: 4996.86ms, stddev:   274.77ms, sum: 12079.6sec, count: 3500

After 4000 queries with 10 workers:
Interval query rate: 2.91 queries/sec	Overall query rate: 2.90 queries/sec
VictoriaMetrics mean of 10 metrics, all hosts, random 12h0m0s by 1h:
min:   727.87ms, med:  3429.38ms, mean:  3449.26ms, max: 4996.86ms, stddev:   275.84ms, sum: 13797.0sec, count: 4000
all queries                                                        :
min:   727.87ms, med:  3429.38ms, mean:  3449.26ms, max: 4996.86ms, stddev:   275.84ms, sum: 13797.0sec, count: 4000

After 4500 queries with 10 workers:
Interval query rate: 2.91 queries/sec	Overall query rate: 2.90 queries/sec
VictoriaMetrics mean of 10 metrics, all hosts, random 12h0m0s by 1h:
min:   727.87ms, med:  3428.35ms, mean:  3447.38ms, max: 4996.86ms, stddev:   273.82ms, sum: 15513.2sec, count: 4500
all queries                                                        :
min:   727.87ms, med:  3428.35ms, mean:  3447.38ms, max: 4996.86ms, stddev:   273.82ms, sum: 15513.2sec, count: 4500

After 5000 queries with 10 workers:
Interval query rate: 2.88 queries/sec	Overall query rate: 2.90 queries/sec
VictoriaMetrics mean of 10 metrics, all hosts, random 12h0m0s by 1h:
min:   727.87ms, med:  3428.99ms, mean:  3449.75ms, max: 4996.86ms, stddev:   276.40ms, sum: 17248.7sec, count: 5000
all queries                                                        :
min:   727.87ms, med:  3428.99ms, mean:  3449.75ms, max: 4996.86ms, stddev:   276.40ms, sum: 17248.7sec, count: 5000

After 5500 queries with 10 workers:
Interval query rate: 2.91 queries/sec	Overall query rate: 2.90 queries/sec
VictoriaMetrics mean of 10 metrics, all hosts, random 12h0m0s by 1h:
min:   727.87ms, med:  3428.35ms, mean:  3449.06ms, max: 4996.86ms, stddev:   274.78ms, sum: 18969.9sec, count: 5500
all queries                                                        :
min:   727.87ms, med:  3428.35ms, mean:  3449.06ms, max: 4996.86ms, stddev:   274.78ms, sum: 18969.9sec, count: 5500

After 6000 queries with 10 workers:
Interval query rate: 2.86 queries/sec	Overall query rate: 2.89 queries/sec
VictoriaMetrics mean of 10 metrics, all hosts, random 12h0m0s by 1h:
min:   727.87ms, med:  3433.73ms, mean:  3452.86ms, max: 4996.86ms, stddev:   270.75ms, sum: 20717.1sec, count: 6000
all queries                                                        :
min:   727.87ms, med:  3433.73ms, mean:  3452.86ms, max: 4996.86ms, stddev:   270.75ms, sum: 20717.1sec, count: 6000

After 6500 queries with 10 workers:
Interval query rate: 2.90 queries/sec	Overall query rate: 2.89 queries/sec
VictoriaMetrics mean of 10 metrics, all hosts, random 12h0m0s by 1h:
min:   727.87ms, med:  3433.60ms, mean:  3452.73ms, max: 4996.86ms, stddev:   269.75ms, sum: 22442.8sec, count: 6500
all queries                                                        :
min:   727.87ms, med:  3433.60ms, mean:  3452.73ms, max: 4996.86ms, stddev:   269.75ms, sum: 22442.8sec, count: 6500

After 7000 queries with 10 workers:
Interval query rate: 2.85 queries/sec	Overall query rate: 2.89 queries/sec
VictoriaMetrics mean of 10 metrics, all hosts, random 12h0m0s by 1h:
min:   727.87ms, med:  3437.18ms, mean:  3457.33ms, max: 4996.86ms, stddev:   270.01ms, sum: 24201.3sec, count: 7000
all queries                                                        :
min:   727.87ms, med:  3437.18ms, mean:  3457.33ms, max: 4996.86ms, stddev:   270.01ms, sum: 24201.3sec, count: 7000

After 7500 queries with 10 workers:
Interval query rate: 2.86 queries/sec	Overall query rate: 2.89 queries/sec
VictoriaMetrics mean of 10 metrics, all hosts, random 12h0m0s by 1h:
min:   727.87ms, med:  3438.97ms, mean:  3459.16ms, max: 4996.86ms, stddev:   268.27ms, sum: 25943.7sec, count: 7500
all queries                                                        :
min:   727.87ms, med:  3438.97ms, mean:  3459.16ms, max: 4996.86ms, stddev:   268.27ms, sum: 25943.7sec, count: 7500

After 8000 queries with 10 workers:
Interval query rate: 2.86 queries/sec	Overall query rate: 2.89 queries/sec
VictoriaMetrics mean of 10 metrics, all hosts, random 12h0m0s by 1h:
min:   727.87ms, med:  3443.45ms, mean:  3461.75ms, max: 4996.86ms, stddev:   267.70ms, sum: 27694.0sec, count: 8000
all queries                                                        :
min:   727.87ms, med:  3443.45ms, mean:  3461.75ms, max: 4996.86ms, stddev:   267.70ms, sum: 27694.0sec, count: 8000

After 8500 queries with 10 workers:
Interval query rate: 2.83 queries/sec	Overall query rate: 2.88 queries/sec
VictoriaMetrics mean of 10 metrics, all hosts, random 12h0m0s by 1h:
min:   727.87ms, med:  3447.55ms, mean:  3466.09ms, max: 4996.86ms, stddev:   270.52ms, sum: 29461.7sec, count: 8500
all queries                                                        :
min:   727.87ms, med:  3447.55ms, mean:  3466.09ms, max: 4996.86ms, stddev:   270.52ms, sum: 29461.7sec, count: 8500

Run complete after 8640 queries with 10 workers (Overall query rate 2.88 queries/sec):
VictoriaMetrics mean of 10 metrics, all hosts, random 12h0m0s by 1h:
min:   727.87ms, med:  3450.62ms, mean:  3468.51ms, max: 4996.86ms, stddev:   270.36ms, sum: 29967.9sec, count: 8640
all queries                                                        :
min:   727.87ms, med:  3450.62ms, mean:  3468.51ms, max: 4996.86ms, stddev:   270.36ms, sum: 29967.9sec, count: 8640
Saving Response Latencies to /home/benchUser/results/latenciesQueries_latest.csv
wall clock time: 2998.464707sec
