After 500 queries with 10 workers:
Interval query rate: 2.91 queries/sec	Overall query rate: 2.91 queries/sec
VictoriaMetrics mean of 10 metrics, all hosts, random 12h0m0s by 1h:
min:   697.79ms, med:  3423.74ms, mean:  3402.83ms, max: 4236.80ms, stddev:   332.53ms, sum: 1701.4sec, count: 500
all queries                                                        :
min:   697.79ms, med:  3423.74ms, mean:  3402.83ms, max: 4236.80ms, stddev:   332.53ms, sum: 1701.4sec, count: 500

After 1000 queries with 10 workers:
Interval query rate: 2.95 queries/sec	Overall query rate: 2.93 queries/sec
VictoriaMetrics mean of 10 metrics, all hosts, random 12h0m0s by 1h:
min:   697.79ms, med:  3386.49ms, mean:  3391.37ms, max: 4283.39ms, stddev:   302.21ms, sum: 3391.4sec, count: 1000
all queries                                                        :
min:   697.79ms, med:  3386.49ms, mean:  3391.37ms, max: 4283.39ms, stddev:   302.21ms, sum: 3391.4sec, count: 1000

After 1500 queries with 10 workers:
Interval query rate: 2.89 queries/sec	Overall query rate: 2.92 queries/sec
VictoriaMetrics mean of 10 metrics, all hosts, random 12h0m0s by 1h:
min:   697.79ms, med:  3405.95ms, mean:  3415.03ms, max: 4310.78ms, stddev:   287.87ms, sum: 5122.5sec, count: 1500
all queries                                                        :
min:   697.79ms, med:  3405.95ms, mean:  3415.03ms, max: 4310.78ms, stddev:   287.87ms, sum: 5122.5sec, count: 1500

After 2000 queries with 10 workers:
Interval query rate: 2.83 queries/sec	Overall query rate: 2.90 queries/sec
VictoriaMetrics mean of 10 metrics, all hosts, random 12h0m0s by 1h:
min:   697.79ms, med:  3435.52ms, mean:  3444.76ms, max: 4310.78ms, stddev:   287.19ms, sum: 6889.5sec, count: 2000
all queries                                                        :
min:   697.79ms, med:  3435.52ms, mean:  3444.76ms, max: 4310.78ms, stddev:   287.19ms, sum: 6889.5sec, count: 2000

After 2500 queries with 10 workers:
Interval query rate: 2.92 queries/sec	Overall query rate: 2.90 queries/sec
VictoriaMetrics mean of 10 metrics, all hosts, random 12h0m0s by 1h:
min:   697.79ms, med:  3434.24ms, mean:  3441.53ms, max: 4323.58ms, stddev:   281.57ms, sum: 8603.8sec, count: 2500
all queries                                                        :
min:   697.79ms, med:  3434.24ms, mean:  3441.53ms, max: 4323.58ms, stddev:   281.57ms, sum: 8603.8sec, count: 2500

After 3000 queries with 10 workers:
Interval query rate: 2.87 queries/sec	Overall query rate: 2.89 queries/sec
VictoriaMetrics mean of 10 metrics, all hosts, random 12h0m0s by 1h:
min:   697.79ms, med:  3448.06ms, mean:  3449.77ms, max: 4323.58ms, stddev:   274.34ms, sum: 10349.3sec, count: 3000
all queries                                                        :
min:   697.79ms, med:  3448.06ms, mean:  3449.77ms, max: 4323.58ms, stddev:   274.34ms, sum: 10349.3sec, count: 3000

After 3500 queries with 10 workers:
Interval query rate: 2.89 queries/sec	Overall query rate: 2.89 queries/sec
VictoriaMetrics mean of 10 metrics, all hosts, random 12h0m0s by 1h:
min:   697.79ms, med:  3449.22ms, mean:  3450.02ms, max: 4323.58ms, stddev:   271.88ms, sum: 12075.1sec, count: 3500
all queries                                                        :
min:   697.79ms, med:  3449.22ms, mean:  3450.02ms, max: 4323.58ms, stddev:   271.88ms, sum: 12075.1sec, count: 3500

After 4000 queries with 10 workers:
Interval query rate: 2.86 queries/sec	Overall query rate: 2.89 queries/sec
VictoriaMetrics mean of 10 metrics, all hosts, random 12h0m0s by 1h:
min:   697.79ms, med:  3454.34ms, mean:  3456.89ms, max: 4323.58ms, stddev:   266.43ms, sum: 13827.6sec, count: 4000
all queries                                                        :
min:   697.79ms, med:  3454.34ms, mean:  3456.89ms, max: 4323.58ms, stddev:   266.43ms, sum: 13827.6sec, count: 4000

After 4500 queries with 10 workers:
Interval query rate: 2.92 queries/sec	Overall query rate: 2.89 queries/sec
VictoriaMetrics mean of 10 metrics, all hosts, random 12h0m0s by 1h:
min:   697.79ms, med:  3451.52ms, mean:  3453.40ms, max: 4323.58ms, stddev:   262.69ms, sum: 15540.3sec, count: 4500
all queries                                                        :
min:   697.79ms, med:  3451.52ms, mean:  3453.40ms, max: 4323.58ms, stddev:   262.69ms, sum: 15540.3sec, count: 4500

After 5000 queries with 10 workers:
Interval query rate: 2.91 queries/sec	Overall query rate: 2.89 queries/sec
VictoriaMetrics mean of 10 metrics, all hosts, random 12h0m0s by 1h:
min:   697.79ms, med:  3449.86ms, mean:  3451.58ms, max: 4323.58ms, stddev:   261.02ms, sum: 17257.9sec, count: 5000
all queries                                                        :
min:   697.79ms, med:  3449.86ms, mean:  3451.58ms, max: 4323.58ms, stddev:   261.02ms, sum: 17257.9sec, count: 5000

After 5500 queries with 10 workers:
Interval query rate: 2.89 queries/sec	Overall query rate: 2.89 queries/sec
VictoriaMetrics mean of 10 metrics, all hosts, random 12h0m0s by 1h:
min:   697.79ms, med:  3449.86ms, mean:  3451.65ms, max: 4323.58ms, stddev:   258.75ms, sum: 18984.1sec, count: 5500
all queries                                                        :
min:   697.79ms, med:  3449.86ms, mean:  3451.65ms, max: 4323.58ms, stddev:   258.75ms, sum: 18984.1sec, count: 5500

After 6000 queries with 10 workers:
Interval query rate: 2.96 queries/sec	Overall query rate: 2.90 queries/sec
VictoriaMetrics mean of 10 metrics, all hosts, random 12h0m0s by 1h:
min:   697.79ms, med:  3446.14ms, mean:  3446.80ms, max: 4323.58ms, stddev:   260.09ms, sum: 20680.8sec, count: 6000
all queries                                                        :
min:   697.79ms, med:  3446.14ms, mean:  3446.80ms, max: 4323.58ms, stddev:   260.09ms, sum: 20680.8sec, count: 6000

After 6500 queries with 10 workers:
Interval query rate: 2.92 queries/sec	Overall query rate: 2.90 queries/sec
VictoriaMetrics mean of 10 metrics, all hosts, random 12h0m0s by 1h:
min:   697.79ms, med:  3444.48ms, mean:  3445.04ms, max: 4331.77ms, stddev:   257.93ms, sum: 22392.8sec, count: 6500
all queries                                                        :
min:   697.79ms, med:  3444.48ms, mean:  3445.04ms, max: 4331.77ms, stddev:   257.93ms, sum: 22392.8sec, count: 6500

After 7000 queries with 10 workers:
Interval query rate: 2.88 queries/sec	Overall query rate: 2.90 queries/sec
VictoriaMetrics mean of 10 metrics, all hosts, random 12h0m0s by 1h:
min:   697.79ms, med:  3446.66ms, mean:  3447.39ms, max: 4331.77ms, stddev:   259.34ms, sum: 24131.7sec, count: 7000
all queries                                                        :
min:   697.79ms, med:  3446.66ms, mean:  3447.39ms, max: 4331.77ms, stddev:   259.34ms, sum: 24131.7sec, count: 7000

After 7500 queries with 10 workers:
Interval query rate: 2.87 queries/sec	Overall query rate: 2.90 queries/sec
VictoriaMetrics mean of 10 metrics, all hosts, random 12h0m0s by 1h:
min:   697.79ms, med:  3448.06ms, mean:  3450.16ms, max: 4331.77ms, stddev:   258.08ms, sum: 25876.2sec, count: 7500
all queries                                                        :
min:   697.79ms, med:  3448.06ms, mean:  3450.16ms, max: 4331.77ms, stddev:   258.08ms, sum: 25876.2sec, count: 7500

After 8000 queries with 10 workers:
Interval query rate: 2.90 queries/sec	Overall query rate: 2.90 queries/sec
VictoriaMetrics mean of 10 metrics, all hosts, random 12h0m0s by 1h:
min:   697.79ms, med:  3448.45ms, mean:  3449.94ms, max: 4331.77ms, stddev:   256.23ms, sum: 27599.5sec, count: 8000
all queries                                                        :
min:   697.79ms, med:  3448.45ms, mean:  3449.94ms, max: 4331.77ms, stddev:   256.23ms, sum: 27599.5sec, count: 8000

After 8500 queries with 10 workers:
Interval query rate: 2.97 queries/sec	Overall query rate: 2.90 queries/sec
VictoriaMetrics mean of 10 metrics, all hosts, random 12h0m0s by 1h:
min:   697.79ms, med:  3441.28ms, mean:  3445.16ms, max: 4331.77ms, stddev:   255.10ms, sum: 29283.8sec, count: 8500
all queries                                                        :
min:   697.79ms, med:  3441.28ms, mean:  3445.16ms, max: 4331.77ms, stddev:   255.10ms, sum: 29283.8sec, count: 8500

Run complete after 8640 queries with 10 workers (Overall query rate 2.90 queries/sec):
VictoriaMetrics mean of 10 metrics, all hosts, random 12h0m0s by 1h:
min:   697.79ms, med:  3441.79ms, mean:  3446.01ms, max: 4331.77ms, stddev:   255.18ms, sum: 29773.6sec, count: 8640
all queries                                                        :
min:   697.79ms, med:  3441.79ms, mean:  3446.01ms, max: 4331.77ms, stddev:   255.18ms, sum: 29773.6sec, count: 8640
Saving Response Latencies to /home/benchUser/results/latenciesQueries_other.csv
wall clock time: 2978.729681sec
