After 500 queries with 10 workers:
Interval query rate: 2.53 queries/sec	Overall query rate: 2.53 queries/sec
VictoriaMetrics mean of 10 metrics, all hosts, random 12h0m0s by 1h:
min:  1072.90ms, med:  3907.20ms, mean:  3919.64ms, max: 4845.31ms, stddev:   390.11ms, sum: 1959.8sec, count: 500
all queries                                                        :
min:  1072.90ms, med:  3907.20ms, mean:  3919.64ms, max: 4845.31ms, stddev:   390.11ms, sum: 1959.8sec, count: 500

After 1000 queries with 10 workers:
Interval query rate: 2.52 queries/sec	Overall query rate: 2.53 queries/sec
VictoriaMetrics mean of 10 metrics, all hosts, random 12h0m0s by 1h:
min:  1072.90ms, med:  3945.47ms, mean:  3942.39ms, max: 4991.74ms, stddev:   345.44ms, sum: 3942.4sec, count: 1000
all queries                                                        :
min:  1072.90ms, med:  3945.47ms, mean:  3942.39ms, max: 4991.74ms, stddev:   345.44ms, sum: 3942.4sec, count: 1000

After 1500 queries with 10 workers:
Interval query rate: 2.54 queries/sec	Overall query rate: 2.53 queries/sec
VictoriaMetrics mean of 10 metrics, all hosts, random 12h0m0s by 1h:
min:  1072.90ms, med:  3935.49ms, mean:  3942.23ms, max: 5048.32ms, stddev:   339.23ms, sum: 5913.3sec, count: 1500
all queries                                                        :
min:  1072.90ms, med:  3935.49ms, mean:  3942.23ms, max: 5048.32ms, stddev:   339.23ms, sum: 5913.3sec, count: 1500

After 2000 queries with 10 workers:
Interval query rate: 2.49 queries/sec	Overall query rate: 2.52 queries/sec
VictoriaMetrics mean of 10 metrics, all hosts, random 12h0m0s by 1h:
min:  1072.90ms, med:  3956.09ms, mean:  3959.75ms, max: 5048.32ms, stddev:   333.15ms, sum: 7919.5sec, count: 2000
all queries                                                        :
min:  1072.90ms, med:  3956.09ms, mean:  3959.75ms, max: 5048.32ms, stddev:   333.15ms, sum: 7919.5sec, count: 2000

After 2500 queries with 10 workers:
Interval query rate: 2.53 queries/sec	Overall query rate: 2.52 queries/sec
VictoriaMetrics mean of 10 metrics, all hosts, random 12h0m0s by 1h:
min:  1072.90ms, med:  3954.94ms, mean:  3957.43ms, max: 5091.33ms, stddev:   336.40ms, sum: 9893.6sec, count: 2500
all queries                                                        :
min:  1072.90ms, med:  3954.94ms, mean:  3957.43ms, max: 5091.33ms, stddev:   336.40ms, sum: 9893.6sec, count: 2500

After 3000 queries with 10 workers:
Interval query rate: 2.53 queries/sec	Overall query rate: 2.52 queries/sec
VictoriaMetrics mean of 10 metrics, all hosts, random 12h0m0s by 1h:
min:  1072.90ms, med:  3950.59ms, mean:  3955.59ms, max: 5091.33ms, stddev:   338.41ms, sum: 11866.8sec, count: 3000
all queries                                                        :
min:  1072.90ms, med:  3950.59ms, mean:  3955.59ms, max: 5091.33ms, stddev:   338.41ms, sum: 11866.8sec, count: 3000

After 3500 queries with 10 workers:
Interval query rate: 2.53 queries/sec	Overall query rate: 2.52 queries/sec
VictoriaMetrics mean of 10 metrics, all hosts, random 12h0m0s by 1h:
min:  1072.90ms, med:  3950.46ms, mean:  3956.65ms, max: 5119.49ms, stddev:   338.16ms, sum: 13848.3sec, count: 3500
all queries                                                        :
min:  1072.90ms, med:  3950.46ms, mean:  3956.65ms, max: 5119.49ms, stddev:   338.16ms, sum: 13848.3sec, count: 3500

After 4000 queries with 10 workers:
Interval query rate: 2.48 queries/sec	Overall query rate: 2.52 queries/sec
VictoriaMetrics mean of 10 metrics, all hosts, random 12h0m0s by 1h:
min:  1072.90ms, med:  3961.22ms, mean:  3965.54ms, max: 5221.38ms, stddev:   337.48ms, sum: 15862.2sec, count: 4000
all queries                                                        :
min:  1072.90ms, med:  3961.22ms, mean:  3965.54ms, max: 5221.38ms, stddev:   337.48ms, sum: 15862.2sec, count: 4000

After 4500 queries with 10 workers:
Interval query rate: 2.52 queries/sec	Overall query rate: 2.52 queries/sec
VictoriaMetrics mean of 10 metrics, all hosts, random 12h0m0s by 1h:
min:  1072.90ms, med:  3960.06ms, mean:  3965.91ms, max: 5221.38ms, stddev:   338.43ms, sum: 17846.6sec, count: 4500
all queries                                                        :
min:  1072.90ms, med:  3960.06ms, mean:  3965.91ms, max: 5221.38ms, stddev:   338.43ms, sum: 17846.6sec, count: 4500

After 5000 queries with 10 workers:
Interval query rate: 2.53 queries/sec	Overall query rate: 2.52 queries/sec
VictoriaMetrics mean of 10 metrics, all hosts, random 12h0m0s by 1h:
min:  1072.90ms, med:  3958.27ms, mean:  3964.63ms, max: 5221.38ms, stddev:   335.24ms, sum: 19823.1sec, count: 5000
all queries                                                        :
min:  1072.90ms, med:  3958.27ms, mean:  3964.63ms, max: 5221.38ms, stddev:   335.24ms, sum: 19823.1sec, count: 5000

After 5500 queries with 10 workers:
Interval query rate: 2.54 queries/sec	Overall query rate: 2.52 queries/sec
VictoriaMetrics mean of 10 metrics, all hosts, random 12h0m0s by 1h:
min:  1072.90ms, med:  3954.94ms, mean:  3961.93ms, max: 5221.38ms, stddev:   334.01ms, sum: 21790.6sec, count: 5500
all queries                                                        :
min:  1072.90ms, med:  3954.94ms, mean:  3961.93ms, max: 5221.38ms, stddev:   334.01ms, sum: 21790.6sec, count: 5500

After 6000 queries with 10 workers:
Interval query rate: 2.52 queries/sec	Overall query rate: 2.52 queries/sec
VictoriaMetrics mean of 10 metrics, all hosts, random 12h0m0s by 1h:
min:  1072.90ms, med:  3955.20ms, mean:  3962.91ms, max: 5221.38ms, stddev:   332.43ms, sum: 23777.4sec, count: 6000
all queries                                                        :
min:  1072.90ms, med:  3955.20ms, mean:  3962.91ms, max: 5221.38ms, stddev:   332.43ms, sum: 23777.4sec, count: 6000

After 6500 queries with 10 workers:
Interval query rate: 2.55 queries/sec	Overall query rate: 2.52 queries/sec
VictoriaMetrics mean of 10 metrics, all hosts, random 12h0m0s by 1h:
min:  1072.90ms, med:  3949.18ms, mean:  3959.35ms, max: 5221.38ms, stddev:   330.27ms, sum: 25735.8sec, count: 6500
all queries                                                        :
min:  1072.90ms, med:  3949.18ms, mean:  3959.35ms, max: 5221.38ms, stddev:   330.27ms, sum: 25735.8sec, count: 6500

After 7000 queries with 10 workers:
Interval query rate: 2.53 queries/sec	Overall query rate: 2.52 queries/sec
VictoriaMetrics mean of 10 metrics, all hosts, random 12h0m0s by 1h:
min:  1072.90ms, med:  3946.24ms, mean:  3958.70ms, max: 5221.38ms, stddev:   330.97ms, sum: 27710.9sec, count: 7000
all queries                                                        :
min:  1072.90ms, med:  3946.24ms, mean:  3958.70ms, max: 5221.38ms, stddev:   330.97ms, sum: 27710.9sec, count: 7000

After 7500 queries with 10 workers:
Interval query rate: 2.50 queries/sec	Overall query rate: 2.52 queries/sec
VictoriaMetrics mean of 10 metrics, all hosts, random 12h0m0s by 1h:
min:  1072.90ms, med:  3945.47ms, mean:  3960.82ms, max: 5574.91ms, stddev:   333.41ms, sum: 29706.2sec, count: 7500
all queries                                                        :
min:  1072.90ms, med:  3945.47ms, mean:  3960.82ms, max: 5574.91ms, stddev:   333.41ms, sum: 29706.2sec, count: 7500

After 8000 queries with 10 workers:
Interval query rate: 2.53 queries/sec	Overall query rate: 2.52 queries/sec
VictoriaMetrics mean of 10 metrics, all hosts, random 12h0m0s by 1h:
min:  1072.90ms, med:  3945.47ms, mean:  3961.02ms, max: 5574.91ms, stddev:   331.64ms, sum: 31688.1sec, count: 8000
all queries                                                        :
min:  1072.90ms, med:  3945.47ms, mean:  3961.02ms, max: 5574.91ms, stddev:   331.64ms, sum: 31688.1sec, count: 8000

After 8500 queries with 10 workers:
Interval query rate: 2.54 queries/sec	Overall query rate: 2.52 queries/sec
VictoriaMetrics mean of 10 metrics, all hosts, random 12h0m0s by 1h:
min:  1072.90ms, med:  3943.55ms, mean:  3959.76ms, max: 5574.91ms, stddev:   331.50ms, sum: 33658.0sec, count: 8500
all queries                                                        :
min:  1072.90ms, med:  3943.55ms, mean:  3959.76ms, max: 5574.91ms, stddev:   331.50ms, sum: 33658.0sec, count: 8500

Run complete after 8640 queries with 10 workers (Overall query rate 2.52 queries/sec):
VictoriaMetrics mean of 10 metrics, all hosts, random 12h0m0s by 1h:
min:  1072.90ms, med:  3945.73ms, mean:  3961.18ms, max: 5574.91ms, stddev:   331.09ms, sum: 34224.6sec, count: 8640
all queries                                                        :
min:  1072.90ms, med:  3945.73ms, mean:  3961.18ms, max: 5574.91ms, stddev:   331.09ms, sum: 34224.6sec, count: 8640
Saving Response Latencies to /home/benchUser/results/latenciesQueries_latest.csv
wall clock time: 3424.088894sec
