time,per. metric/s,metric total,overall metric/s,per. row/s,row total,overall row/s
1737539588,124895.73,1.249000E+06,124895.73,11272.11,1.127250E+05,11272.11
1737539598,279699.83,4.046000E+06,202296.49,24787.49,3.606000E+05,18029.69
1737539608,262320.16,6.669200E+06,222304.14,23542.51,5.960250E+05,19867.27
1737539618,250142.40,9.170625E+06,229263.65,22274.99,8.187750E+05,20469.20
1737539628,249217.59,1.166280E+07,233254.41,22162.51,1.040400E+06,20807.86
1737539638,256175.01,1.422455E+07,237074.48,22717.50,1.267575E+06,21126.13
1737539648,256092.23,1.678548E+07,239791.29,22934.98,1.496925E+06,21384.54
1737539658,249932.78,1.928480E+07,241058.97,22297.52,1.719900E+06,21498.66
1737539668,254462.47,2.182942E+07,242548.24,22567.50,1.945575E+06,21617.42
1737539678,250742.53,2.433685E+07,243367.67,22357.50,2.169150E+06,21691.43
1737539688,251499.94,2.685185E+07,244106.97,22469.99,2.393850E+06,21762.20
1737539698,249145.06,2.934330E+07,244526.80,22125.00,2.615100E+06,21792.44
1737539708,251949.89,3.186280E+07,245097.81,22529.99,2.840400E+06,21849.17
1737539718,249482.51,3.435762E+07,245411.00,22177.50,3.062175E+06,21872.62
1737539728,249587.59,3.685350E+07,245689.44,22192.51,3.284100E+06,21893.95
1737539738,252437.50,3.937788E+07,246111.19,22597.50,3.510075E+06,21937.92
1737539748,168614.92,4.106402E+07,241552.60,14969.99,3.659775E+06,21528.04
1737539758,163702.58,4.270105E+07,237227.61,14677.51,3.806550E+06,21147.46
1737539768,149730.00,4.419835E+07,232622.48,13192.50,3.938475E+06,20728.78
1737539778,122729.95,4.542565E+07,227127.86,10987.50,4.048350E+06,20241.72
1737539788,131435.02,4.674000E+07,222571.06,11805.00,4.166400E+06,19839.97
1737539798,210800.05,4.884800E+07,222036.02,18810.00,4.354500E+06,19793.15
1737539808,222945.01,5.107745E+07,222075.54,19725.00,4.551750E+06,19790.19
1737539818,221575.00,5.329320E+07,222054.68,19882.50,4.750575E+06,19794.03
1737539828,222089.99,5.551410E+07,222056.10,19627.50,4.946850E+06,19787.37
1737539838,238155.00,5.789565E+07,222675.28,21390.00,5.160750E+06,19849.01
1737539848,233254.99,6.022820E+07,223067.12,20737.50,5.368125E+06,19881.92
1737539858,222787.45,6.245608E+07,223057.14,19740.00,5.565525E+06,19876.85
1737539868,220312.57,6.465920E+07,222962.50,19687.51,5.762400E+06,19870.32
1737539878,227350.01,6.693270E+07,223108.75,20310.00,5.965500E+06,19884.98
1737539888,227494.93,6.920765E+07,223250.24,20324.99,6.168750E+06,19899.17
1737539898,225655.07,7.146420E+07,223325.39,20077.51,6.369525E+06,19904.74
1737539908,230844.98,7.377265E+07,223553.25,20430.00,6.573825E+06,19920.66
1737539918,216772.51,7.594038E+07,223353.82,19380.00,6.767625E+06,19904.76
1737539928,229824.99,7.823862E+07,223538.71,20520.00,6.972825E+06,19922.34
1737539938,234222.50,8.058085E+07,223835.48,20865.00,7.181475E+06,19948.52
1737539948,228275.01,8.286360E+07,223955.47,20415.00,7.385625E+06,19961.13
1737539958,225797.49,8.512158E+07,224003.94,20100.00,7.586625E+06,19964.78
1737539968,226239.96,8.738398E+07,224061.28,20160.00,7.788225E+06,19969.79
1737539978,225285.05,8.963682E+07,224091.87,20040.00,7.988625E+06,19971.55
1737539988,219677.50,9.183360E+07,223984.20,19627.50,8.184900E+06,19963.15
1737539998,223050.01,9.406410E+07,223961.96,19740.00,8.382300E+06,19957.84
1737540008,220944.99,9.627355E+07,223891.80,19815.00,8.580450E+06,19954.52
1737540018,226525.00,9.853880E+07,223951.64,20197.50,8.782425E+06,19960.04
1737540028,241739.88,1.009562E+08,224346.94,21509.99,8.997525E+06,19994.48
1737540038,257140.06,1.035276E+08,225059.83,22867.51,9.226200E+06,20056.94
1737540048,256430.00,1.060919E+08,225727.28,22755.00,9.453750E+06,20114.35
1737540058,228512.55,1.083770E+08,225785.31,20467.50,9.658425E+06,20121.70
1737540068,248207.51,1.108591E+08,226242.90,22012.50,9.878550E+06,20160.29
1737540078,280130.01,1.136604E+08,227320.64,25102.50,1.012958E+07,20259.14
1737540088,272054.85,1.163810E+08,228197.79,24217.49,1.037175E+07,20336.75
1737540098,180305.08,1.181840E+08,227276.77,16095.01,1.053270E+07,20255.18
1737540108,223560.00,1.204196E+08,227206.65,19890.00,1.073160E+07,20248.29
1737540118,236880.00,1.227884E+08,227385.78,21142.50,1.094302E+07,20264.85
1737540128,229075.01,1.250792E+08,227416.50,20265.00,1.114568E+07,20264.85
1737540138,243404.97,1.275132E+08,227702.00,21712.50,1.136280E+07,20290.70
1737540148,237262.52,1.298858E+08,227869.73,21277.50,1.157558E+07,20308.01
1737540158,239824.92,1.322841E+08,228075.86,21254.99,1.178812E+07,20324.34
1737540168,249407.60,1.347782E+08,228437.41,22185.01,1.200998E+07,20355.88
1737540178,255424.95,1.373324E+08,228887.20,22905.00,1.223902E+07,20398.36
1737540188,248257.56,1.398150E+08,229204.75,22095.01,1.245998E+07,20426.18
1737540198,252102.51,1.423360E+08,229574.07,22507.50,1.268505E+07,20459.75
1737540208,251079.93,1.448468E+08,229915.43,22357.49,1.290862E+07,20489.87
1737540218,255662.55,1.474034E+08,230317.73,22740.00,1.313602E+07,20525.03
1737540228,256362.47,1.499670E+08,230718.42,22740.00,1.336342E+07,20559.10
1737540238,255815.01,1.525252E+08,231098.67,22935.00,1.359278E+07,20595.10
1737540248,244222.51,1.549674E+08,231294.55,21660.00,1.380938E+07,20611.00
1737540258,247277.52,1.574402E+08,231529.59,22162.50,1.403100E+07,20633.81
1737540268,237057.42,1.598108E+08,231609.70,21022.49,1.424122E+07,20639.45
1737540278,244012.57,1.622509E+08,231786.89,21682.51,1.445805E+07,20654.35
1737540288,244844.94,1.646994E+08,231970.80,21929.99,1.467735E+07,20672.31
1737540298,253572.53,1.672351E+08,232270.83,22597.50,1.490332E+07,20699.05
1737540308,253495.05,1.697700E+08,232561.57,22485.00,1.512818E+07,20723.52
1737540318,248162.48,1.722516E+08,232772.39,22177.50,1.534995E+07,20743.17
1737540328,252250.00,1.747742E+08,233032.09,22402.50,1.557398E+07,20765.29
1737540338,258784.95,1.773620E+08,233370.95,23062.50,1.580460E+07,20795.52
1737540348,242722.55,1.797892E+08,233492.40,21637.50,1.602098E+07,20806.45
1737540358,245657.45,1.822458E+08,233648.36,22042.50,1.624140E+07,20822.30
1737540368,250660.03,1.847524E+08,233863.70,22342.50,1.646482E+07,20841.54
1737540378,238040.01,1.871328E+08,233915.90,21037.50,1.667520E+07,20843.99
1737540388,243217.51,1.895650E+08,234030.73,21682.50,1.689202E+07,20854.34
1737540398,156042.44,1.911254E+08,233079.66,14024.99,1.703228E+07,20771.06
1737540408,149482.55,1.926202E+08,232072.46,13230.00,1.716458E+07,20680.20
1737540418,144742.49,1.940676E+08,231032.82,12937.50,1.729395E+07,20588.03
1737540428,131349.89,1.953812E+08,229860.08,11632.49,1.741028E+07,20482.67
1737540438,146212.50,1.968433E+08,228887.44,13065.00,1.754092E+07,20396.42
1737540448,201685.18,1.988601E+08,228574.77,17955.02,1.772048E+07,20368.35
1737540458,221312.51,2.010732E+08,228492.24,19867.50,1.791915E+07,20362.66
1737540468,224279.92,2.033160E+08,228444.91,19912.49,1.811828E+07,20357.60
1737540478,225310.08,2.055692E+08,228410.08,20017.51,1.831845E+07,20353.83
1737540488,227124.99,2.078404E+08,228395.96,20295.00,1.852140E+07,20353.18
1737540498,227659.93,2.101170E+08,228387.96,20332.49,1.872472E+07,20352.95
1737540508,232900.07,2.124460E+08,228436.48,20707.51,1.893180E+07,20356.77
1737540518,224830.02,2.146943E+08,228398.11,19950.00,1.913130E+07,20352.44
1737540528,226449.98,2.169588E+08,228377.60,20190.00,1.933320E+07,20350.73
1737540538,234582.47,2.193046E+08,228442.24,20917.50,1.954238E+07,20356.63
1737540548,234109.96,2.216457E+08,228500.67,20850.00,1.975088E+07,20361.72
1737540558,221207.58,2.238578E+08,228426.25,19852.51,1.994940E+07,20356.52
1737540568,229442.50,2.261522E+08,228436.51,20317.50,2.015258E+07,20356.13
1737540578,237507.50,2.285273E+08,228527.22,21232.50,2.036490E+07,20364.89
1737540588,243670.00,2.309640E+08,228677.15,21750.00,2.058240E+07,20378.61
1737540598,181149.94,2.327755E+08,228211.20,16049.99,2.074290E+07,20336.17
1737540608,252647.56,2.353020E+08,228448.44,22492.51,2.096782E+07,20357.10
1737540618,233952.52,2.376415E+08,228501.37,20827.50,2.117610E+07,20361.63
1737540628,227027.42,2.399118E+08,228487.33,20272.49,2.137882E+07,20360.78
1737540638,226082.51,2.421726E+08,228464.64,20137.50,2.158020E+07,20358.67
1737540648,225190.00,2.444245E+08,228434.04,20025.00,2.178045E+07,20355.55
1737540658,234620.06,2.467707E+08,228491.32,20910.01,2.198955E+07,20360.69
1737540668,241185.00,2.491826E+08,228607.77,21510.00,2.220465E+07,20371.23
1737540678,236127.49,2.515438E+08,228676.13,21052.50,2.241518E+07,20377.43
1737540688,236947.51,2.539133E+08,228750.65,21232.50,2.262750E+07,20385.13
1737540698,234634.99,2.562596E+08,228803.19,20925.00,2.283675E+07,20389.95
1737540708,256239.99,2.588220E+08,229045.99,22732.50,2.306408E+07,20410.68
1737540718,261315.00,2.614352E+08,229329.05,23377.50,2.329785E+07,20436.70
1737540728,240575.02,2.638410E+08,229426.84,21390.00,2.351175E+07,20444.99
1737540738,267265.00,2.665136E+08,229753.04,23835.00,2.375010E+07,20474.22
1737540748,260360.01,2.691172E+08,230014.63,23212.50,2.398222E+07,20497.62
1737540758,256460.00,2.716818E+08,230238.75,22830.00,2.421052E+07,20517.39
1737540768,259939.90,2.742812E+08,230488.34,23204.99,2.444258E+07,20539.97
1737540778,262190.02,2.769031E+08,230752.52,23197.50,2.467455E+07,20562.12
1737540788,251567.49,2.794188E+08,230924.54,22447.50,2.489902E+07,20577.70
1737540798,261555.09,2.820343E+08,231175.61,23445.01,2.513348E+07,20601.20
1737540808,256607.49,2.846004E+08,231382.37,22792.50,2.536140E+07,20619.02
1737540818,273307.42,2.873335E+08,231720.48,24269.77,2.560410E+07,20648.46
1737540828,268992.55,2.900234E+08,232018.66,24082.73,2.584492E+07,20675.93
1737540838,266580.00,2.926892E+08,232292.95,23752.50,2.608245E+07,20700.35
1737540848,258497.43,2.952742E+08,232499.29,23032.49,2.631278E+07,20718.71
1737540858,257120.06,2.978454E+08,232691.64,22845.01,2.654122E+07,20735.33
1737540868,259137.48,3.004368E+08,232896.64,23130.00,2.677252E+07,20753.89
1737540878,256700.03,3.030038E+08,233079.75,22785.00,2.700038E+07,20769.51
1737540888,253324.98,3.055370E+08,233234.29,22695.00,2.722732E+07,20784.21
1737540898,240627.52,3.079433E+08,233290.30,21360.00,2.744092E+07,20788.57
1737540908,228710.01,3.102304E+08,233255.86,20490.00,2.764582E+07,20786.33
1737540918,227042.50,3.125008E+08,233209.49,20242.50,2.784825E+07,20782.27
1737540928,233622.49,3.148370E+08,233212.55,20812.50,2.805638E+07,20782.49
1737540938,230972.48,3.171468E+08,233196.08,20430.00,2.826068E+07,20779.90
1737540948,226164.98,3.194084E+08,233144.76,20152.50,2.846220E+07,20775.32
1737540958,224477.52,3.216532E+08,233081.95,20062.50,2.866282E+07,20770.16
1737540968,228535.02,3.239385E+08,233049.24,20325.00,2.886608E+07,20766.96
1737540978,222227.50,3.261608E+08,232971.94,19927.50,2.906535E+07,20760.96
1737540988,230094.88,3.284618E+08,232951.54,20369.99,2.926905E+07,20758.19
1737540998,230825.11,3.307700E+08,232936.56,20692.51,2.947598E+07,20757.72
1737541008,229210.02,3.330621E+08,232910.50,20287.50,2.967885E+07,20754.44
1737541018,226314.97,3.353252E+08,232864.70,20167.50,2.988052E+07,20750.36
1737541028,229354.95,3.376188E+08,232840.50,20572.50,3.008625E+07,20749.13
1737541038,226060.08,3.398794E+08,232794.06,20137.51,3.028762E+07,20744.94
1737541048,168229.98,3.415617E+08,232354.84,14932.50,3.043695E+07,20705.40
1737541058,137217.44,3.429339E+08,231712.02,12217.50,3.055912E+07,20648.05
1737541068,139852.57,3.443324E+08,231095.52,12570.01,3.068482E+07,20593.84
1737541078,117439.97,3.455068E+08,230337.81,10297.50,3.078780E+07,20525.20
1737541088,117959.93,3.466864E+08,229593.59,10649.99,3.089430E+07,20459.80
1737541098,133419.97,3.480206E+08,228960.87,11790.00,3.101220E+07,20402.76
1737541108,149695.16,3.495176E+08,228442.79,13425.01,3.114645E+07,20357.15
1737541118,221407.42,3.517316E+08,228397.11,19612.49,3.134258E+07,20352.32
1737541128,222077.52,3.539524E+08,228356.34,19935.00,3.154192E+07,20349.62
1737541138,229780.07,3.562502E+08,228365.46,20317.51,3.174510E+07,20349.42
1737541148,225242.50,3.585026E+08,228345.57,20107.50,3.194618E+07,20347.88
1737541158,230337.48,3.608060E+08,228358.18,20617.50,3.215235E+07,20349.58
1737541168,233110.01,3.631371E+08,228388.06,20730.00,3.235965E+07,20351.98
1737541178,243729.94,3.655744E+08,228483.95,21764.99,3.257730E+07,20360.81
1737541188,225682.57,3.678312E+08,228466.55,20092.51,3.277822E+07,20359.14
1737541198,240517.49,3.702364E+08,228540.94,21337.50,3.299160E+07,20365.18
1737541208,251320.00,3.727496E+08,228680.69,22440.00,3.321600E+07,20377.91
1737541218,269559.96,3.754452E+08,228929.95,24112.50,3.345712E+07,20400.68
1737541228,272370.04,3.781689E+08,229193.23,24217.50,3.369930E+07,20423.81
1737541238,230900.00,3.804779E+08,229203.51,20520.00,3.390450E+07,20424.39
1737541248,219614.97,3.826740E+08,229146.09,19522.50,3.409972E+07,20418.99
1737541258,245897.44,3.851330E+08,229245.80,22064.99,3.432038E+07,20428.79
1737541268,257230.05,3.877053E+08,229411.39,22875.00,3.454912E+07,20443.27
1737541278,251704.96,3.902224E+08,229542.53,22470.00,3.477382E+07,20455.19
1737541288,256742.59,3.927898E+08,229701.59,22807.51,3.500190E+07,20468.94
1737541298,231755.00,3.951074E+08,229713.53,20595.00,3.520785E+07,20469.68
1737541308,211730.00,3.972246E+08,229609.58,18870.00,3.539655E+07,20460.43
1737541318,217424.98,3.993989E+08,229539.55,19350.00,3.559005E+07,20454.05
1737541328,215850.02,4.015574E+08,229461.33,19335.00,3.578340E+07,20447.65
1737541338,209614.87,4.036536E+08,229348.56,18704.99,3.597045E+07,20437.75
1737541348,215502.63,4.058086E+08,229270.34,19192.51,3.616238E+07,20430.72
1737541358,214132.51,4.079499E+08,229185.29,19012.50,3.635250E+07,20422.75
1737541368,206629.98,4.100162E+08,229059.29,18502.50,3.653752E+07,20412.02
1737541378,215060.01,4.121668E+08,228981.51,19027.50,3.672780E+07,20404.33
1737541388,211970.00,4.142865E+08,228887.53,18990.00,3.691770E+07,20396.52
1737541398,226510.01,4.165516E+08,228874.46,20190.00,3.711960E+07,20395.38
1737541408,226820.01,4.188198E+08,228863.24,20227.50,3.732188E+07,20394.46
1737541418,219104.89,4.210108E+08,228810.20,19567.49,3.751755E+07,20389.97
1737541428,246194.93,4.234728E+08,228904.17,21764.99,3.773520E+07,20397.40
1737541438,245295.13,4.259258E+08,228992.30,21975.01,3.795495E+07,20405.88
1737541448,243317.56,4.283589E+08,229068.90,21712.51,3.817208E+07,20412.87
1737541458,242947.47,4.307884E+08,229142.72,21675.00,3.838882E+07,20419.58
1737541468,242520.00,4.332136E+08,229213.50,21607.50,3.860490E+07,20425.87
1737541478,245535.01,4.356690E+08,229299.41,21735.00,3.882225E+07,20432.76
1737541488,235460.01,4.380236E+08,229331.66,20962.50,3.903188E+07,20435.53
1737541498,213689.94,4.401604E+08,229250.19,19207.49,3.922395E+07,20429.14
1737541508,224512.56,4.424056E+08,229225.65,19942.51,3.942338E+07,20426.62
1737541518,224432.42,4.446499E+08,229200.94,19897.49,3.962235E+07,20423.89
1737541528,231050.02,4.469604E+08,229210.42,20722.50,3.982958E+07,20425.42
1737541538,230102.57,4.492614E+08,229214.97,20400.01,4.003358E+07,20425.29
1737541548,216817.50,4.514296E+08,229152.04,19282.50,4.022640E+07,20419.49
1737541558,237147.45,4.538011E+08,229192.42,21247.50,4.043888E+07,20423.67
1737541568,236692.53,4.561680E+08,229230.11,21127.50,4.065015E+07,20427.21
1737541578,223665.02,4.584046E+08,229202.29,19890.00,4.084905E+07,20424.52
1737541588,216772.48,4.605724E+08,229140.45,19237.50,4.104142E+07,20418.62
1737541598,226607.51,4.628384E+08,229127.91,20212.50,4.124355E+07,20417.60
1737541608,225384.92,4.650923E+08,229109.47,20039.99,4.144395E+07,20415.74
1737541618,199390.07,4.670862E+08,228963.79,17865.01,4.162260E+07,20403.23
1737541628,249339.90,4.695796E+08,229063.18,22267.49,4.184528E+07,20412.33
1737541638,254005.09,4.721196E+08,229184.26,22485.01,4.207012E+07,20422.39
1737541648,245094.88,4.745706E+08,229261.12,21959.99,4.228972E+07,20429.82
1737541658,233020.11,4.769008E+08,229279.19,20707.51,4.249680E+07,20431.15
1737541668,207694.96,4.789778E+08,229175.92,18465.00,4.268145E+07,20421.74
1737541678,208220.02,4.810600E+08,229076.13,18660.00,4.286805E+07,20413.35
1737541688,214010.02,4.832000E+08,229004.73,18990.00,4.305795E+07,20406.61
1737541698,223240.00,4.854324E+08,228977.53,19920.00,4.325715E+07,20404.31
1737541708,144509.99,4.868776E+08,228580.97,12930.00,4.338645E+07,20369.22
1737541718,129745.01,4.881750E+08,228119.12,11535.00,4.350180E+07,20327.94
1737541728,118845.00,4.893634E+08,227610.87,10635.00,4.360815E+07,20282.86
1737541738,111677.48,4.904802E+08,227074.14,9907.50,4.370722E+07,20234.82
1737541748,112977.43,4.916100E+08,226548.35,10057.49,4.380780E+07,20187.92
1737541758,114967.53,4.927597E+08,226036.51,10312.50,4.391092E+07,20142.62
1737541768,184337.59,4.946030E+08,225846.11,16372.51,4.407465E+07,20125.41
1737541778,208692.53,4.966900E+08,225768.14,18517.50,4.425982E+07,20118.10
1737541788,244975.00,4.991397E+08,225855.04,21945.00,4.447928E+07,20126.37
1737541798,207819.69,5.012179E+08,225773.80,18419.97,4.466348E+07,20118.68
1737541808,227650.30,5.034944E+08,225782.22,20355.03,4.486702E+07,20119.74
1737541818,237345.04,5.058679E+08,225833.84,21150.00,4.507852E+07,20124.34
1737541828,233172.49,5.081996E+08,225866.45,20820.00,4.528672E+07,20127.43
1737541838,233712.52,5.105367E+08,225901.17,20835.00,4.549508E+07,20130.56
1737541848,232097.49,5.128577E+08,225928.47,20587.50,4.570095E+07,20132.57
1737541858,224304.94,5.151008E+08,225921.35,19912.49,4.590008E+07,20131.61
1737541868,219427.55,5.172950E+08,225892.99,19590.00,4.609598E+07,20129.24
1737541878,210079.99,5.193958E+08,225824.24,18720.00,4.628318E+07,20123.12
1737541888,211834.94,5.215142E+08,225763.68,18959.99,4.647278E+07,20118.08
1737541898,216510.08,5.236793E+08,225723.79,19215.01,4.666492E+07,20114.19
1737541908,217387.50,5.258532E+08,225688.01,19335.00,4.685828E+07,20110.84
1737541918,227379.99,5.281270E+08,225695.24,20317.50,4.706145E+07,20111.73
1737541928,220314.90,5.303301E+08,225672.35,19724.99,4.725870E+07,20110.08
1737541938,224692.60,5.325770E+08,225668.20,19972.51,4.745842E+07,20109.50
1737541948,227037.51,5.348474E+08,225673.98,20250.00,4.766092E+07,20110.09
1737541958,232704.99,5.371744E+08,225703.52,20662.50,4.786755E+07,20112.41
1737541968,228154.97,5.394560E+08,225713.78,20415.00,4.807170E+07,20113.68
1737541978,227679.98,5.417328E+08,225721.97,20310.00,4.827480E+07,20114.50
1737541988,224174.98,5.439746E+08,225715.55,19935.00,4.847415E+07,20113.75
1737541998,233615.06,5.463107E+08,225748.19,20790.00,4.868205E+07,20116.55
1737542008,232204.94,5.486328E+08,225774.76,20602.49,4.888808E+07,20118.55
1737542018,226690.04,5.508996E+08,225778.51,20205.00,4.909012E+07,20118.90
1737542028,227635.04,5.531760E+08,225786.09,20347.50,4.929360E+07,20119.83
1737542038,225609.99,5.554321E+08,225785.38,20070.00,4.949430E+07,20119.63
1737542048,219630.00,5.576284E+08,225760.45,19650.00,4.969080E+07,20117.73
1737542058,233659.97,5.599650E+08,225792.31,20790.00,4.989870E+07,20120.44
1737542068,226765.03,5.622326E+08,225796.21,20235.00,5.010105E+07,20120.90
1737542078,226894.97,5.645016E+08,225800.61,20235.00,5.030340E+07,20121.36
1737542088,233229.95,5.668339E+08,225830.21,20745.00,5.051085E+07,20123.84
1737542098,240885.08,5.692428E+08,225889.95,21382.51,5.072468E+07,20128.84
1737542108,237405.02,5.716168E+08,225935.46,21292.50,5.093760E+07,20133.44
1737542118,239442.50,5.740112E+08,225988.64,21202.50,5.114962E+07,20137.64
1737542128,283129.92,5.768425E+08,226212.72,25244.99,5.140208E+07,20157.67
1737542138,275912.57,5.796016E+08,226406.86,24660.01,5.164868E+07,20175.26

Summary:
loaded 581760000 metrics in 2567.876sec with 10 workers (mean rate 226552.97 metrics/sec)
loaded 51840000 rows in 2567.876sec with 10 workers (mean rate 20187.89 rows/sec)
Run complete after 691200 queries with 10 workers (Overall query rate 269.17 queries/sec):
          :
min:     0.91ms, med:     1.90ms, mean:     7.99ms, max: 2821.63ms, stddev:    19.32ms, sum: 5522.6sec, count: 691200
all queries:
min:     0.91ms, med:     1.90ms, mean:     7.99ms, max: 2821.63ms, stddev:    19.32ms, sum: 5522.6sec, count: 691200
Saving Response Latencies to /home/benchUser/results/latenciesInserts_other.csv
