After 500 queries with 10 workers:
Interval query rate: 3.76 queries/sec	Overall query rate: 3.76 queries/sec
VictoriaMetrics mean of 10 metrics, all hosts, random 12h0m0s by 1h:
min:   651.46ms, med:  2655.49ms, mean:  2636.31ms, max: 3097.22ms, stddev:   209.44ms, sum: 1318.2sec, count: 500
all queries                                                        :
min:   651.46ms, med:  2655.49ms, mean:  2636.31ms, max: 3097.22ms, stddev:   209.44ms, sum: 1318.2sec, count: 500

After 1000 queries with 10 workers:
Interval query rate: 3.71 queries/sec	Overall query rate: 3.73 queries/sec
VictoriaMetrics mean of 10 metrics, all hosts, random 12h0m0s by 1h:
min:   651.46ms, med:  2678.01ms, mean:  2666.44ms, max: 3097.22ms, stddev:   183.88ms, sum: 2666.4sec, count: 1000
all queries                                                        :
min:   651.46ms, med:  2678.01ms, mean:  2666.44ms, max: 3097.22ms, stddev:   183.88ms, sum: 2666.4sec, count: 1000

After 1500 queries with 10 workers:
Interval query rate: 3.63 queries/sec	Overall query rate: 3.70 queries/sec
VictoriaMetrics mean of 10 metrics, all hosts, random 12h0m0s by 1h:
min:   651.46ms, med:  2700.80ms, mean:  2693.47ms, max: 3140.22ms, stddev:   178.25ms, sum: 4040.2sec, count: 1500
all queries                                                        :
min:   651.46ms, med:  2700.80ms, mean:  2693.47ms, max: 3140.22ms, stddev:   178.25ms, sum: 4040.2sec, count: 1500

After 2000 queries with 10 workers:
Interval query rate: 3.64 queries/sec	Overall query rate: 3.69 queries/sec
VictoriaMetrics mean of 10 metrics, all hosts, random 12h0m0s by 1h:
min:   651.46ms, med:  2712.06ms, mean:  2707.40ms, max: 3191.55ms, stddev:   172.87ms, sum: 5414.8sec, count: 2000
all queries                                                        :
min:   651.46ms, med:  2712.06ms, mean:  2707.40ms, max: 3191.55ms, stddev:   172.87ms, sum: 5414.8sec, count: 2000

After 2500 queries with 10 workers:
Interval query rate: 3.66 queries/sec	Overall query rate: 3.68 queries/sec
VictoriaMetrics mean of 10 metrics, all hosts, random 12h0m0s by 1h:
min:   651.46ms, med:  2717.57ms, mean:  2713.03ms, max: 3191.55ms, stddev:   167.37ms, sum: 6782.6sec, count: 2500
all queries                                                        :
min:   651.46ms, med:  2717.57ms, mean:  2713.03ms, max: 3191.55ms, stddev:   167.37ms, sum: 6782.6sec, count: 2500

After 3000 queries with 10 workers:
Interval query rate: 3.68 queries/sec	Overall query rate: 3.68 queries/sec
VictoriaMetrics mean of 10 metrics, all hosts, random 12h0m0s by 1h:
min:   651.46ms, med:  2717.44ms, mean:  2713.11ms, max: 3191.55ms, stddev:   163.55ms, sum: 8139.3sec, count: 3000
all queries                                                        :
min:   651.46ms, med:  2717.44ms, mean:  2713.11ms, max: 3191.55ms, stddev:   163.55ms, sum: 8139.3sec, count: 3000

After 3500 queries with 10 workers:
Interval query rate: 3.67 queries/sec	Overall query rate: 3.68 queries/sec
VictoriaMetrics mean of 10 metrics, all hosts, random 12h0m0s by 1h:
min:   651.46ms, med:  2718.34ms, mean:  2715.47ms, max: 3191.55ms, stddev:   165.75ms, sum: 9504.1sec, count: 3500
all queries                                                        :
min:   651.46ms, med:  2718.34ms, mean:  2715.47ms, max: 3191.55ms, stddev:   165.75ms, sum: 9504.1sec, count: 3500

After 4000 queries with 10 workers:
Interval query rate: 3.67 queries/sec	Overall query rate: 3.68 queries/sec
VictoriaMetrics mean of 10 metrics, all hosts, random 12h0m0s by 1h:
min:   651.46ms, med:  2720.00ms, mean:  2716.89ms, max: 3227.90ms, stddev:   163.75ms, sum: 10867.6sec, count: 4000
all queries                                                        :
min:   651.46ms, med:  2720.00ms, mean:  2716.89ms, max: 3227.90ms, stddev:   163.75ms, sum: 10867.6sec, count: 4000

After 4500 queries with 10 workers:
Interval query rate: 3.65 queries/sec	Overall query rate: 3.67 queries/sec
VictoriaMetrics mean of 10 metrics, all hosts, random 12h0m0s by 1h:
min:   651.46ms, med:  2720.77ms, mean:  2719.60ms, max: 3260.80ms, stddev:   163.65ms, sum: 12238.2sec, count: 4500
all queries                                                        :
min:   651.46ms, med:  2720.77ms, mean:  2719.60ms, max: 3260.80ms, stddev:   163.65ms, sum: 12238.2sec, count: 4500

After 5000 queries with 10 workers:
Interval query rate: 3.71 queries/sec	Overall query rate: 3.68 queries/sec
VictoriaMetrics mean of 10 metrics, all hosts, random 12h0m0s by 1h:
min:   651.46ms, med:  2719.23ms, mean:  2717.66ms, max: 3260.80ms, stddev:   160.71ms, sum: 13588.3sec, count: 5000
all queries                                                        :
min:   651.46ms, med:  2719.23ms, mean:  2717.66ms, max: 3260.80ms, stddev:   160.71ms, sum: 13588.3sec, count: 5000

After 5500 queries with 10 workers:
Interval query rate: 3.67 queries/sec	Overall query rate: 3.68 queries/sec
VictoriaMetrics mean of 10 metrics, all hosts, random 12h0m0s by 1h:
min:   651.46ms, med:  2720.00ms, mean:  2717.54ms, max: 3260.80ms, stddev:   158.91ms, sum: 14946.5sec, count: 5500
all queries                                                        :
min:   651.46ms, med:  2720.00ms, mean:  2717.54ms, max: 3260.80ms, stddev:   158.91ms, sum: 14946.5sec, count: 5500

After 6000 queries with 10 workers:
Interval query rate: 3.70 queries/sec	Overall query rate: 3.68 queries/sec
VictoriaMetrics mean of 10 metrics, all hosts, random 12h0m0s by 1h:
min:   651.46ms, med:  2719.61ms, mean:  2716.87ms, max: 3260.80ms, stddev:   157.56ms, sum: 16301.2sec, count: 6000
all queries                                                        :
min:   651.46ms, med:  2719.61ms, mean:  2716.87ms, max: 3260.80ms, stddev:   157.56ms, sum: 16301.2sec, count: 6000

After 6500 queries with 10 workers:
Interval query rate: 3.72 queries/sec	Overall query rate: 3.68 queries/sec
VictoriaMetrics mean of 10 metrics, all hosts, random 12h0m0s by 1h:
min:   651.46ms, med:  2717.44ms, mean:  2714.76ms, max: 3260.80ms, stddev:   156.84ms, sum: 17645.9sec, count: 6500
all queries                                                        :
min:   651.46ms, med:  2717.44ms, mean:  2714.76ms, max: 3260.80ms, stddev:   156.84ms, sum: 17645.9sec, count: 6500

After 7000 queries with 10 workers:
Interval query rate: 3.75 queries/sec	Overall query rate: 3.69 queries/sec
VictoriaMetrics mean of 10 metrics, all hosts, random 12h0m0s by 1h:
min:   651.46ms, med:  2713.09ms, mean:  2710.86ms, max: 3260.80ms, stddev:   157.29ms, sum: 18976.0sec, count: 7000
all queries                                                        :
min:   651.46ms, med:  2713.09ms, mean:  2710.86ms, max: 3260.80ms, stddev:   157.29ms, sum: 18976.0sec, count: 7000

After 7500 queries with 10 workers:
Interval query rate: 3.69 queries/sec	Overall query rate: 3.69 queries/sec
VictoriaMetrics mean of 10 metrics, all hosts, random 12h0m0s by 1h:
min:   651.46ms, med:  2713.60ms, mean:  2710.96ms, max: 3260.80ms, stddev:   156.45ms, sum: 20332.2sec, count: 7500
all queries                                                        :
min:   651.46ms, med:  2713.60ms, mean:  2710.96ms, max: 3260.80ms, stddev:   156.45ms, sum: 20332.2sec, count: 7500

After 8000 queries with 10 workers:
Interval query rate: 3.72 queries/sec	Overall query rate: 3.69 queries/sec
VictoriaMetrics mean of 10 metrics, all hosts, random 12h0m0s by 1h:
min:   651.46ms, med:  2712.45ms, mean:  2709.41ms, max: 3260.80ms, stddev:   156.68ms, sum: 21675.3sec, count: 8000
all queries                                                        :
min:   651.46ms, med:  2712.45ms, mean:  2709.41ms, max: 3260.80ms, stddev:   156.68ms, sum: 21675.3sec, count: 8000

After 8500 queries with 10 workers:
Interval query rate: 3.91 queries/sec	Overall query rate: 3.70 queries/sec
VictoriaMetrics mean of 10 metrics, all hosts, random 12h0m0s by 1h:
min:   651.46ms, med:  2705.28ms, mean:  2700.49ms, max: 3260.80ms, stddev:   161.79ms, sum: 22954.2sec, count: 8500
all queries                                                        :
min:   651.46ms, med:  2705.28ms, mean:  2700.49ms, max: 3260.80ms, stddev:   161.79ms, sum: 22954.2sec, count: 8500

Run complete after 8640 queries with 10 workers (Overall query rate 3.71 queries/sec):
VictoriaMetrics mean of 10 metrics, all hosts, random 12h0m0s by 1h:
min:   651.46ms, med:  2702.46ms, mean:  2697.19ms, max: 3260.80ms, stddev:   163.43ms, sum: 23303.7sec, count: 8640
all queries                                                        :
min:   651.46ms, med:  2702.46ms, mean:  2697.19ms, max: 3260.80ms, stddev:   163.43ms, sum: 23303.7sec, count: 8640
Saving Response Latencies to /home/benchUser/results/latenciesQueries_latest.csv
wall clock time: 2331.467656sec
