time,per. metric/s,metric total,overall metric/s,per. row/s,row total,overall row/s
1737300701,218922.59,2.189600E+06,218922.59,19516.66,1.952000E+05,19516.66
1737300711,327359.99,5.463200E+06,273136.66,29320.00,4.884000E+05,24417.91
1737300721,331119.95,8.774400E+06,292463.33,29510.00,7.835000E+05,26115.18
1737300731,333009.94,1.210450E+07,302599.55,29599.99,1.079500E+06,26986.34
1737300741,329230.11,1.539680E+07,307925.47,29420.01,1.373700E+06,27473.06
1737300751,337909.93,1.877590E+07,312922.74,30059.99,1.674300E+06,27904.20
1737300761,344807.31,2.222400E+07,317477.60,30609.76,1.980400E+06,28290.71
1737300771,344082.73,2.566480E+07,320803.14,30810.24,2.288500E+06,28605.64
1737300781,353249.85,2.919730E+07,324408.27,31439.99,2.602900E+06,28920.56
1737300791,348030.16,3.267760E+07,326770.41,31030.01,2.913200E+06,29131.50
1737300801,286510.01,3.554270E+07,323110.43,25450.00,3.167700E+06,28796.83
1737300811,228599.85,3.782870E+07,315234.66,20359.99,3.371300E+06,28093.76
1737300821,231650.15,4.014520E+07,308805.17,20670.01,3.578000E+06,27522.72
1737300831,192039.95,4.206560E+07,300464.90,17200.00,3.750000E+06,26785.39
1737300841,185199.99,4.391760E+07,292780.66,16520.00,3.915200E+06,26101.04
1737300851,208099.99,4.599860E+07,287488.17,18470.00,4.099900E+06,25624.10
1737300861,297490.11,4.897350E+07,288076.52,26420.01,4.364100E+06,25670.92
1737300871,301119.97,5.198470E+07,288801.14,26940.00,4.633500E+06,25741.42
1737300881,299830.03,5.498300E+07,289381.61,26750.00,4.901000E+06,25794.50
1737300891,303139.99,5.801440E+07,290069.52,26860.00,5.169600E+06,25847.78
1737300901,299560.01,6.101000E+07,290521.44,26700.00,5.436600E+06,25888.36
1737300911,293880.00,6.394880E+07,290674.11,26320.00,5.699800E+06,25907.98
1737300921,281049.89,6.675930E+07,290255.66,24969.99,5.949500E+06,25867.20
1737300931,294150.07,6.970080E+07,290417.93,26300.01,6.212500E+06,25885.23
1737300941,307199.97,7.277280E+07,291089.21,27370.00,6.486200E+06,25944.62
1737300951,287580.01,7.564860E+07,290954.24,25550.00,6.741700E+06,25929.44
1737300961,301460.00,7.866320E+07,291343.34,26960.00,7.011300E+06,25967.61
1737300971,295489.97,8.161810E+07,291491.43,26180.00,7.273100E+06,25975.20
1737300981,301990.12,8.463800E+07,291853.45,27050.01,7.543600E+06,26012.26
1737300991,300199.98,8.764000E+07,292131.67,26740.00,7.811000E+06,26036.52
1737301001,318789.92,9.082790E+07,292991.61,28269.99,8.093700E+06,26108.57
1737301011,307950.06,9.390740E+07,293459.06,27490.00,8.368600E+06,26151.74
1737301021,300460.00,9.691200E+07,293671.21,26840.00,8.637000E+06,26172.59
1737301031,312040.03,1.000324E+08,294211.46,27680.00,8.913800E+06,26216.93
1737301041,306529.99,1.030977E+08,294563.42,27330.00,9.187100E+06,26248.73
1737301051,304069.97,1.061384E+08,294827.49,27240.00,9.459500E+06,26276.26
1737301061,311610.05,1.092545E+08,295281.07,27640.00,9.735900E+06,26313.12
1737301071,306449.97,1.123190E+08,295574.99,27280.00,1.000870E+07,26338.57
1737301081,306640.01,1.153854E+08,295858.70,27320.00,1.028190E+07,26363.73
1737301091,278389.86,1.181693E+08,295421.98,24959.99,1.053150E+07,26328.64
1737301101,303770.15,1.212070E+08,295625.60,26920.01,1.080070E+07,26343.06
1737301111,299829.63,1.242053E+08,295725.69,26759.97,1.106830E+07,26352.99
1737301121,310750.40,1.273128E+08,296075.10,27790.04,1.134620E+07,26386.41
1737301131,299899.82,1.303118E+08,296162.03,26679.98,1.161300E+07,26393.08
1737301141,307350.16,1.333853E+08,296410.65,27370.01,1.188670E+07,26414.79
1737301151,301210.00,1.363974E+08,296514.99,26760.00,1.215430E+07,26422.29
1737301161,307839.99,1.394758E+08,296755.94,27470.00,1.242900E+07,26444.58
1737301171,293699.91,1.424128E+08,296692.27,26299.99,1.269200E+07,26441.57
1737301181,305120.10,1.454640E+08,296864.27,27120.01,1.296320E+07,26455.42
1737301191,292960.00,1.483936E+08,296786.19,26170.00,1.322490E+07,26449.71
1737301201,304060.02,1.514342E+08,296928.81,26970.00,1.349460E+07,26459.91
1737301211,299380.00,1.544280E+08,296975.95,26700.00,1.376160E+07,26464.53
1737301221,301519.97,1.574432E+08,297061.68,26970.00,1.403130E+07,26474.07
1737301231,302249.97,1.604657E+08,297157.76,26780.00,1.429910E+07,26479.73
1737301241,299570.06,1.634614E+08,297201.62,26680.01,1.456590E+07,26483.37
1737301251,295059.86,1.664120E+08,297163.38,26459.99,1.483050E+07,26482.95
1737301261,298520.09,1.693972E+08,297187.18,26590.01,1.509640E+07,26484.83
1737301271,304919.86,1.724464E+08,297320.50,27079.99,1.536720E+07,26495.09
1737301281,306550.19,1.755119E+08,297476.93,27290.02,1.564010E+07,26508.57
1737301291,289849.83,1.784104E+08,297349.82,25789.99,1.589800E+07,26496.59
1737301301,297630.15,1.813867E+08,297354.41,26570.01,1.616370E+07,26497.79
1737301311,300489.94,1.843916E+08,297404.99,26729.99,1.643100E+07,26501.54
1737301321,291500.06,1.873066E+08,297311.26,26000.01,1.669100E+07,26493.58
1737301331,305609.96,1.903627E+08,297440.92,27220.00,1.696320E+07,26504.93
1737301341,308820.04,1.934509E+08,297615.99,27550.00,1.723870E+07,26521.01
1737301351,307390.01,1.965248E+08,297764.08,27410.00,1.751280E+07,26534.48
1737301361,311650.01,1.996413E+08,297971.33,27790.00,1.779070E+07,26553.22
1737301371,312029.98,2.027616E+08,298178.07,27850.00,1.806920E+07,26572.29
1737301381,316479.89,2.059264E+08,298443.32,28229.99,1.835150E+07,26596.31
1737301391,310920.01,2.090356E+08,298621.56,27550.00,1.862700E+07,26609.93
1737301401,318280.12,2.122184E+08,298898.44,28500.01,1.891200E+07,26636.56
1737301411,314639.98,2.153648E+08,299117.07,28020.00,1.919220E+07,26655.77
1737301421,307660.01,2.184414E+08,299234.09,27440.00,1.946660E+07,26666.51
1737301431,305300.00,2.214944E+08,299316.07,27140.00,1.973800E+07,26672.91
1737301441,310319.96,2.245976E+08,299462.78,27710.00,2.001510E+07,26686.74
1737301451,287839.94,2.274760E+08,299309.85,25610.00,2.027120E+07,26672.57
1737301461,210350.01,2.295795E+08,298154.53,18750.00,2.045870E+07,26569.68
1737301471,199019.95,2.315697E+08,296883.58,17640.00,2.063510E+07,26455.20
1737301481,162410.08,2.331938E+08,295181.39,14460.01,2.077970E+07,26303.36
1737301491,178060.01,2.349744E+08,293717.37,15870.00,2.093840E+07,26172.94
1737301501,170310.00,2.366775E+08,292193.83,15210.00,2.109050E+07,26037.60
1737301511,210869.98,2.387862E+08,291202.08,18840.00,2.127890E+07,25949.82
1737301521,274719.88,2.415334E+08,291003.50,24479.99,2.152370E+07,25932.12
1737301531,265850.13,2.441919E+08,290704.05,23640.01,2.176010E+07,25904.83
1737301541,269179.99,2.468837E+08,290450.83,24100.00,2.200110E+07,25883.59
1737301551,274270.00,2.496264E+08,290262.68,24420.00,2.224530E+07,25866.58
1737301561,271799.88,2.523444E+08,290050.46,24089.99,2.248620E+07,25846.16
1737301571,270080.14,2.550452E+08,289823.53,24220.01,2.272840E+07,25827.68
1737301581,273959.99,2.577848E+08,289645.29,24380.00,2.297220E+07,25811.41
1737301591,271939.92,2.605042E+08,289448.56,24109.99,2.321330E+07,25792.51
1737301601,277420.08,2.632784E+08,289316.38,24840.01,2.346170E+07,25782.04
1737301611,269349.90,2.659719E+08,289099.35,23999.99,2.370170E+07,25762.67
1737301621,262710.02,2.685990E+08,288815.60,23360.00,2.393530E+07,25736.83
1737301631,276339.96,2.713624E+08,288682.88,24690.00,2.418220E+07,25725.70
1737301641,290719.00,2.742696E+08,288704.31,25899.91,2.444120E+07,25727.53
1737301651,281341.05,2.770830E+08,288627.61,25010.09,2.469130E+07,25720.06
1737301661,277860.02,2.798616E+08,288516.60,24840.00,2.493970E+07,25710.99
1737301671,280800.03,2.826696E+08,288437.86,24990.00,2.518960E+07,25703.63
1737301681,282959.80,2.854992E+08,288382.53,25219.98,2.544180E+07,25698.74
1737301691,295880.12,2.884580E+08,288457.51,26240.01,2.570420E+07,25704.16
1737301701,301340.07,2.914714E+08,288585.06,26960.01,2.597380E+07,25716.59
1737301711,303529.99,2.945067E+08,288731.57,26990.00,2.624370E+07,25729.07
1737301721,293520.03,2.974419E+08,288778.06,26160.00,2.650530E+07,25733.26
1737301731,290389.78,3.003458E+08,288793.56,25849.98,2.676380E+07,25734.38
1737301741,303650.11,3.033823E+08,288935.05,27150.01,2.703530E+07,25747.86
1737301751,301830.11,3.064006E+08,289056.70,26780.01,2.730310E+07,25757.60
1737301761,298659.99,3.093872E+08,289146.45,26610.00,2.756920E+07,25765.57
1737301771,301759.98,3.124048E+08,289263.25,27010.00,2.783930E+07,25777.09
1737301781,297979.91,3.153846E+08,289343.21,26519.99,2.810450E+07,25783.90
1737301791,298960.05,3.183742E+08,289430.64,26640.00,2.837090E+07,25791.69
1737301801,296840.07,3.213426E+08,289497.39,26360.01,2.863450E+07,25796.81
1737301811,284409.90,3.241867E+08,289451.97,25399.99,2.888850E+07,25793.26
1737301821,302850.00,3.272152E+08,289570.53,27070.00,2.915920E+07,25804.56
1737301831,293460.10,3.301498E+08,289604.65,26010.01,2.941930E+07,25806.36
1737301841,301889.99,3.331687E+08,289711.48,27020.00,2.968950E+07,25816.92
1737301851,291960.01,3.360883E+08,289730.87,26060.00,2.995010E+07,25819.01
1737301861,303329.98,3.391216E+08,289847.10,26870.00,3.021880E+07,25828.00
1737301871,292640.02,3.420480E+08,289870.77,26160.00,3.048040E+07,25830.81
1737301881,287169.98,3.449197E+08,289848.07,25590.00,3.073630E+07,25828.79
1737301891,305629.98,3.479760E+08,289979.59,27300.00,3.100930E+07,25841.05
1737301901,297879.89,3.509548E+08,290044.88,26549.99,3.127480E+07,25846.91
1737301911,339150.15,3.543463E+08,290447.38,30210.01,3.157690E+07,25882.67
1737301921,355290.03,3.578992E+08,290974.56,31650.00,3.189340E+07,25929.56
1737301931,345059.98,3.613498E+08,291410.73,30640.00,3.219980E+07,25967.54
1737301941,355589.90,3.649057E+08,291924.16,31689.99,3.251670E+07,26013.32
1737301951,357750.13,3.684832E+08,292446.59,31980.01,3.283650E+07,26060.68
1737301961,345280.00,3.719360E+08,292862.60,30670.00,3.314320E+07,26096.97
1737301971,316039.96,3.750964E+08,293043.67,28220.00,3.342540E+07,26113.56
1737301981,307519.91,3.781716E+08,293155.89,27419.99,3.369960E+07,26123.69
1737301991,300100.12,3.811726E+08,293209.31,26780.01,3.396740E+07,26128.73
1737302001,305539.96,3.842280E+08,293303.43,27180.00,3.423920E+07,26136.76
1737302011,297780.02,3.872058E+08,293337.35,26460.00,3.450380E+07,26139.21
1737302021,301780.00,3.902236E+08,293400.83,27020.00,3.477400E+07,26145.83
1737302031,299400.03,3.932176E+08,293445.60,26690.00,3.504090E+07,26149.89
1737302041,307519.87,3.962928E+08,293549.85,27389.99,3.531480E+07,26159.08
1737302051,303440.11,3.993272E+08,293622.57,26920.01,3.558400E+07,26164.67
1737302061,303199.90,4.023592E+08,293692.48,27119.99,3.585520E+07,26171.65
1737302071,299580.07,4.053550E+08,293735.14,26660.01,3.612180E+07,26175.18
1737302081,310680.01,4.084618E+08,293857.05,27640.00,3.639820E+07,26185.72
1737302091,301820.01,4.114800E+08,293913.93,27000.00,3.666820E+07,26191.54
1737302101,311489.48,4.145949E+08,294038.58,27609.95,3.694430E+07,26201.60
1737302111,225330.26,4.168482E+08,293554.72,20060.02,3.714490E+07,26158.35
1737302121,204570.05,4.188939E+08,292932.45,18340.00,3.732830E+07,26103.68
1737302131,191449.96,4.208084E+08,292227.71,16950.00,3.749780E+07,26040.11
1737302141,171120.05,4.225196E+08,291392.48,15300.00,3.765080E+07,25966.04
1737302151,182340.05,4.243430E+08,290645.55,16300.00,3.781380E+07,25899.83
1737302161,177449.92,4.261175E+08,289875.51,15829.99,3.797210E+07,25831.33
1737302171,278040.02,4.288979E+08,289795.54,24680.00,3.821890E+07,25823.55
1737302181,281030.10,4.317082E+08,289736.71,25050.01,3.846940E+07,25818.36
1737302191,286450.01,4.345727E+08,289714.80,25610.00,3.872550E+07,25816.97
1737302201,284089.90,4.374136E+08,289677.55,25369.99,3.897920E+07,25814.01
1737302211,282309.98,4.402367E+08,289629.08,25130.00,3.923050E+07,25809.51
1737302221,281070.01,4.430474E+08,289573.14,24980.00,3.948030E+07,25804.09
1737302231,278840.05,4.458358E+08,289503.44,24870.00,3.972900E+07,25798.02
1737302241,289780.04,4.487336E+08,289505.23,25870.00,3.998770E+07,25798.49
1737302251,282160.01,4.515552E+08,289458.14,25160.00,4.023930E+07,25794.39
1737302261,280600.01,4.543612E+08,289401.72,24930.00,4.048860E+07,25788.89
1737302271,280209.92,4.571633E+08,289343.55,24889.99,4.073750E+07,25783.20
1737302281,263509.98,4.597984E+08,289181.07,23630.00,4.097380E+07,25769.66
1737302291,266640.06,4.624648E+08,289040.19,23760.01,4.121140E+07,25757.10
1737302301,287599.93,4.653408E+08,289031.25,25499.99,4.146640E+07,25755.50
1737302311,278960.06,4.681304E+08,288969.08,24960.01,4.171600E+07,25750.59
1737302321,311560.03,4.712460E+08,289107.67,27700.00,4.199300E+07,25762.55
1737302331,308520.01,4.743312E+08,289226.04,27550.00,4.226850E+07,25773.45
1737302341,297779.84,4.773090E+08,289277.88,26499.99,4.253350E+07,25777.85
1737302351,298780.15,4.802968E+08,289335.12,26610.01,4.279960E+07,25782.87
1737302361,307730.00,4.833741E+08,289445.27,27450.00,4.307410E+07,25792.85
1737302371,310409.90,4.864782E+08,289570.06,27649.99,4.335060E+07,25803.90
1737302381,306420.12,4.895424E+08,289669.77,27340.01,4.362400E+07,25812.99
1737302391,302869.96,4.925711E+08,289747.41,26890.00,4.389290E+07,25819.33
1737302401,298229.88,4.955534E+08,289797.02,26539.99,4.415830E+07,25823.54
1737302411,298660.06,4.985400E+08,289848.55,26610.01,4.442440E+07,25828.11
1737302421,308620.10,5.016262E+08,289957.05,27570.01,4.470010E+07,25838.18
1737302431,293379.98,5.045600E+08,289976.73,26240.00,4.496250E+07,25840.49
1737302441,312280.02,5.076828E+08,290104.17,27710.00,4.523960E+07,25851.17
1737302451,307979.87,5.107626E+08,290205.74,27499.99,4.551460E+07,25860.54
1737302461,314180.15,5.139044E+08,290341.19,27940.01,4.579400E+07,25872.29
1737302471,302119.99,5.169256E+08,290407.36,27030.00,4.606430E+07,25878.80
1737302481,310820.00,5.200338E+08,290521.40,27540.00,4.633970E+07,25888.08
1737302491,309979.87,5.231336E+08,290629.50,27749.99,4.661720E+07,25898.42
1737302501,308080.12,5.262144E+08,290725.91,27490.01,4.689210E+07,25907.21
1737302511,298589.88,5.292003E+08,290769.12,26599.99,4.715810E+07,25911.02
1737302521,301690.13,5.322172E+08,290828.80,26790.01,4.742600E+07,25915.82
1737302531,305480.00,5.352720E+08,290908.43,27300.00,4.769900E+07,25923.35
1737302541,306560.02,5.383376E+08,290993.03,27330.00,4.797230E+07,25930.95
1737302551,301309.97,5.413507E+08,291048.50,26740.00,4.823970E+07,25935.30
1737302561,297410.02,5.443248E+08,291082.51,26590.00,4.850560E+07,25938.80
1737302571,295939.99,5.472842E+08,291108.35,26340.00,4.876900E+07,25940.93
1737302581,298540.03,5.502696E+08,291147.67,26580.00,4.903480E+07,25944.32
1737302591,292400.00,5.531936E+08,291154.26,26110.00,4.929590E+07,25945.19
1737302601,305579.99,5.562494E+08,291229.79,27180.00,4.956770E+07,25951.65
1737302611,274539.87,5.589948E+08,291142.87,24449.99,4.981220E+07,25943.83
1737302621,290340.02,5.618982E+08,291138.71,25840.00,5.007060E+07,25943.29
1737302631,298060.09,5.648788E+08,291174.38,26520.01,5.033580E+07,25946.27
1737302641,309380.03,5.679726E+08,291267.74,27680.00,5.061260E+07,25955.16
1737302651,306499.96,5.710376E+08,291345.46,27300.00,5.088560E+07,25962.02
1737302661,298959.99,5.740272E+08,291384.11,26640.00,5.115200E+07,25965.46
1737302671,296960.02,5.769968E+08,291412.27,26360.00,5.141560E+07,25967.45
1737302681,294520.03,5.799420E+08,291427.89,26400.00,5.167960E+07,25969.63

Summary:
loaded 581760000 metrics in 1996.056sec with 10 workers (mean rate 291454.77 metrics/sec)
loaded 51840000 rows in 1996.056sec with 10 workers (mean rate 25971.22 rows/sec)
Run complete after 518400 queries with 10 workers (Overall query rate 259.71 queries/sec):
          :
min:     1.37ms, med:     2.78ms, mean:     5.54ms, max: 4476.41ms, stddev:    19.14ms, sum: 2871.9sec, count: 518400
all queries:
min:     1.37ms, med:     2.78ms, mean:     5.54ms, max: 4476.41ms, stddev:    19.14ms, sum: 2871.9sec, count: 518400
Saving Response Latencies to /home/benchUser/results/latenciesInserts_other.csv
