time,per. metric/s,metric total,overall metric/s,per. row/s,row total,overall row/s
1739005840,106171.61,1.061725E+06,106171.61,9487.42,9.487500E+04,9487.42
1739005850,259985.01,3.661575E+06,183077.99,23250.00,3.273750E+05,16368.68
1739005860,251079.62,6.172400E+06,205745.31,22387.24,5.512500E+05,18374.88
1739005870,245695.36,8.629325E+06,215732.68,21862.75,7.698750E+05,19246.84
1739005880,256235.08,1.119168E+07,223833.15,22905.01,9.989250E+05,19978.47
1739005890,254200.01,1.373368E+07,228894.28,22500.00,1.223925E+06,20398.72
1739005900,249317.15,1.622685E+07,231811.84,22282.47,1.446750E+06,20667.83
1739005910,196132.73,1.818818E+07,227351.96,17407.52,1.620825E+06,20260.29
1739005920,198857.54,2.017675E+07,224185.91,17842.50,1.799250E+06,19991.65
1739005930,188764.99,2.206440E+07,220643.83,16695.00,1.966200E+06,19661.98
1739005940,174639.79,2.381080E+07,216461.64,15697.48,2.123175E+06,19301.57
1739005950,166677.70,2.547758E+07,212312.98,14820.02,2.271375E+06,18928.11
1739005960,209712.50,2.757470E+07,212112.95,18667.50,2.458050E+06,18908.07
1739005970,244569.96,3.002040E+07,214431.30,21877.50,2.676825E+06,19120.17
1739005980,249820.06,3.251860E+07,216790.55,22230.01,2.899125E+06,19327.49
1739005990,241189.99,3.493050E+07,218315.52,21457.50,3.113700E+06,19460.62
1739006000,241777.50,3.734828E+07,219695.63,21502.50,3.328725E+06,19580.73
1739006010,228237.42,3.963065E+07,220170.18,20422.49,3.532950E+06,19627.49
1739006020,226345.08,4.189410E+07,220495.17,20175.01,3.734700E+06,19656.31
1739006030,247432.53,4.436842E+07,221842.04,21907.50,3.953775E+06,19768.87
1739006040,245117.44,4.681960E+07,222950.39,21967.49,4.173450E+06,19873.56
1739006050,250060.04,4.932020E+07,224182.65,22267.50,4.396125E+06,19982.38
1739006060,249270.01,5.181290E+07,225273.40,22162.50,4.617750E+06,20077.17
1739006070,243970.01,5.425260E+07,226052.43,21802.50,4.835775E+06,20149.06
1739006080,249179.99,5.674440E+07,226977.53,22162.50,5.057400E+06,20229.59
1739006090,234462.49,5.908902E+07,227265.41,20902.50,5.266425E+06,20255.47
1739006100,244000.01,6.152902E+07,227885.21,21795.00,5.484375E+06,20312.49
1739006110,232262.48,6.385165E+07,228041.54,20610.00,5.690475E+06,20323.12
1739006120,240202.51,6.625368E+07,228460.89,21345.00,5.903925E+06,20358.36
1739006130,239752.48,6.865120E+07,228837.27,21502.50,6.118950E+06,20396.49
1739006140,242280.03,7.107400E+07,229270.91,21592.50,6.334875E+06,20435.08
1739006150,241080.01,7.348480E+07,229639.94,21472.50,6.549600E+06,20467.49
1739006160,236314.94,7.584795E+07,229842.22,21044.99,6.760050E+06,20484.99
1739006170,232377.54,7.817172E+07,229916.78,20722.50,6.967275E+06,20491.98
1739006180,241144.99,8.058318E+07,230237.59,21450.00,7.181775E+06,20519.35
1739006190,242032.34,8.300350E+07,230565.22,21547.49,7.397250E+06,20547.91
1739006200,241710.17,8.542060E+07,230866.44,21495.02,7.612200E+06,20573.51
1739006210,228380.02,8.770440E+07,230801.00,20445.00,7.816650E+06,20570.13
1739006220,233507.48,9.003948E+07,230870.40,20782.50,8.024475E+06,20575.57
1739006230,212092.39,9.216040E+07,230400.95,18944.99,8.213925E+06,20534.81
1739006240,231190.03,9.447230E+07,230420.20,20497.50,8.418900E+06,20533.90
1739006250,232835.11,9.680065E+07,230477.69,20692.51,8.625825E+06,20537.67
1739006260,232235.00,9.912300E+07,230518.56,20797.50,8.833800E+06,20543.72
1739006270,252864.99,1.016516E+08,231026.44,22432.50,9.058125E+06,20586.64
1739006280,259220.01,1.042438E+08,231652.96,23122.50,9.289350E+06,20643.00
1739006290,213127.50,1.063751E+08,231250.23,19132.50,9.480675E+06,20610.16
1739006300,238617.43,1.087613E+08,231406.98,21097.49,9.691650E+06,20620.53
1739006310,238050.07,1.111418E+08,231545.38,21375.01,9.905400E+06,20636.25
1739006320,239877.48,1.135406E+08,231715.42,21262.50,1.011802E+07,20649.03
1739006330,234897.52,1.158896E+08,231779.06,20970.00,1.032772E+07,20655.45
1739006340,161787.49,1.175074E+08,230406.68,14430.00,1.047202E+07,20533.38
1739006350,241477.50,1.199222E+08,230619.58,21457.50,1.068660E+07,20551.15
1739006360,261187.51,1.225341E+08,231196.33,23392.50,1.092052E+07,20604.76
1739006370,258350.01,1.251176E+08,231699.18,23010.00,1.115062E+07,20649.30
1739006380,263697.46,1.277546E+08,232280.97,23362.50,1.138425E+07,20698.63
1739006390,236745.03,1.301220E+08,232360.68,21210.00,1.159635E+07,20707.76
1739006400,257920.02,1.327012E+08,232809.09,22965.00,1.182600E+07,20747.37
1739006410,235477.51,1.350560E+08,232855.10,21022.50,1.203622E+07,20752.11
1739006420,237319.97,1.374292E+08,232930.77,21060.00,1.224682E+07,20757.33
1739006430,229367.54,1.397228E+08,232871.39,20445.00,1.245128E+07,20752.12
1739006440,231657.40,1.420394E+08,232851.48,20609.99,1.265738E+07,20749.79
1739006450,228490.08,1.443243E+08,232781.14,20370.01,1.286108E+07,20743.67
1739006460,235864.88,1.466830E+08,232830.09,21089.99,1.307198E+07,20749.16
1739006470,223960.12,1.489226E+08,232691.49,19845.01,1.327042E+07,20735.04
1739006480,229602.42,1.512186E+08,232643.97,20617.49,1.347660E+07,20733.23
1739006490,231902.58,1.535376E+08,232632.74,20557.51,1.368218E+07,20730.57
1739006500,233007.48,1.558677E+08,232638.33,20707.50,1.388925E+07,20730.22
1739006510,230869.99,1.581764E+08,232612.33,20722.50,1.409648E+07,20730.11
1739006520,234800.04,1.605244E+08,232644.03,20910.00,1.430558E+07,20732.72
1739006530,222442.48,1.627488E+08,232498.30,19740.00,1.450298E+07,20718.53
1739006540,233585.02,1.650847E+08,232513.60,20775.00,1.471072E+07,20719.33
1739006550,226082.45,1.673455E+08,232424.28,20137.50,1.491210E+07,20711.25
1739006560,205100.03,1.693965E+08,232049.97,18420.00,1.509630E+07,20679.86
1739006570,143389.99,1.708304E+08,230851.87,12690.00,1.522320E+07,20571.89
1739006580,139619.91,1.722266E+08,229635.44,12539.99,1.534860E+07,20464.80
1739006590,129175.00,1.735184E+08,228313.59,11505.00,1.546365E+07,20346.91
1739006600,135565.09,1.748740E+08,227109.07,12015.01,1.558380E+07,20238.70
1739006610,129279.97,1.761668E+08,225854.85,11520.00,1.569900E+07,20126.92
1739006620,157227.55,1.777391E+08,224986.15,14032.50,1.583932E+07,20049.78
1739006630,208062.35,1.798197E+08,224774.60,18577.49,1.602510E+07,20031.37
1739006640,209450.14,1.819142E+08,224585.41,18637.51,1.621148E+07,20014.16
1739006650,203259.99,1.839468E+08,224325.34,18150.00,1.639298E+07,19991.43
1739006660,229719.98,1.862440E+08,224390.34,20302.50,1.659600E+07,19995.18
1739006670,233622.53,1.885802E+08,224500.25,20857.50,1.680458E+07,20005.44
1739006680,229427.46,1.908745E+08,224558.21,20512.50,1.700970E+07,20011.41
1739006690,234522.54,1.932197E+08,224674.08,20902.50,1.721872E+07,20021.77
1739006700,242987.51,1.956496E+08,224884.58,21667.50,1.743540E+07,20040.69
1739006710,243352.51,1.980831E+08,225094.44,21727.50,1.765268E+07,20059.86
1739006720,247169.99,2.005548E+08,225342.48,21870.00,1.787138E+07,20080.19
1739006730,243757.42,2.029924E+08,225547.09,21802.49,1.808940E+07,20099.33
1739006740,242174.95,2.054142E+08,225729.81,21562.50,1.830502E+07,20115.41
1739006750,220285.07,2.076170E+08,225670.63,19717.51,1.850220E+07,20111.09
1739006760,226540.04,2.098824E+08,225679.98,20190.00,1.870410E+07,20111.93
1739006770,233240.00,2.122148E+08,225760.41,20745.00,1.891155E+07,20118.67
1739006780,232209.95,2.145369E+08,225828.30,20595.00,1.911750E+07,20123.68
1739006790,233254.92,2.168694E+08,225905.66,20752.49,1.932502E+07,20130.23
1739006800,231335.10,2.191828E+08,225961.63,20760.01,1.953262E+07,20136.73
1739006810,224380.01,2.214266E+08,225945.49,19980.00,1.973242E+07,20135.13
1739006820,234139.99,2.237680E+08,226028.26,20857.50,1.994100E+07,20142.42
1739006830,242520.02,2.261932E+08,226193.18,21615.00,2.015715E+07,20157.15
1739006840,250839.84,2.287016E+08,226437.21,22364.99,2.038080E+07,20179.01
1739006850,252392.61,2.312255E+08,226691.67,22477.51,2.060558E+07,20201.54
1739006860,173985.04,2.329654E+08,226179.96,15472.50,2.076030E+07,20155.63
1739006870,266977.45,2.356352E+08,226572.24,23782.50,2.099812E+07,20190.50
1739006880,249220.03,2.381274E+08,226787.94,22132.50,2.121945E+07,20209.00
1739006890,227320.00,2.404006E+08,226792.95,20317.50,2.142262E+07,20210.02
1739006900,235905.02,2.427596E+08,226878.11,21082.50,2.163345E+07,20218.18
1739006910,232644.90,2.450860E+08,226931.51,20662.49,2.184008E+07,20222.29
1739006920,233959.91,2.474256E+08,226995.99,20827.49,2.204835E+07,20227.84
1739006930,233637.63,2.497620E+08,227056.37,20782.51,2.225618E+07,20232.88
1739006940,221522.55,2.519772E+08,227006.52,19897.50,2.245515E+07,20229.86
1739006950,233132.48,2.543086E+08,227061.21,20722.50,2.266238E+07,20234.26
1739006960,232354.97,2.566321E+08,227108.06,20610.00,2.286848E+07,20237.59
1739006970,228447.49,2.589166E+08,227119.81,20460.00,2.307308E+07,20239.54
1739006980,226479.89,2.611814E+08,227114.24,20189.99,2.327498E+07,20239.11
1739006990,232240.12,2.635038E+08,227158.43,20602.51,2.348100E+07,20242.24
1739007000,221619.95,2.657200E+08,227111.09,19860.00,2.367960E+07,20238.97
1739007010,246705.08,2.681870E+08,227277.15,21855.01,2.389815E+07,20252.67
1739007020,252575.00,2.707128E+08,227489.73,22605.00,2.412420E+07,20272.44
1739007030,251919.82,2.732320E+08,227693.32,22484.98,2.434905E+07,20290.87
1739007040,250720.18,2.757392E+08,227883.62,22335.02,2.457240E+07,20307.77
1739007050,239255.01,2.781318E+08,227976.83,21225.00,2.478465E+07,20315.29
1739007060,243614.97,2.805679E+08,228103.97,21765.00,2.500230E+07,20327.07
1739007070,241515.02,2.829830E+08,228212.12,21487.50,2.521718E+07,20336.43
1739007080,240929.09,2.853924E+08,228313.86,21389.92,2.543108E+07,20344.86
1739007090,237285.91,2.877652E+08,228385.07,21277.58,2.564385E+07,20352.26
1739007100,232824.97,2.900934E+08,228420.03,20692.50,2.585078E+07,20354.94
1739007110,236355.02,2.924570E+08,228482.02,21142.50,2.606220E+07,20361.09
1739007120,233539.99,2.947924E+08,228521.23,20775.00,2.626995E+07,20364.30
1739007130,233245.00,2.971248E+08,228557.56,20752.50,2.647748E+07,20367.29
1739007140,242039.98,2.995452E+08,228660.48,21540.00,2.669288E+07,20376.24
1739007150,257937.54,3.021246E+08,228882.28,22950.00,2.692238E+07,20395.74
1739007160,249212.48,3.046168E+08,229035.14,22170.00,2.714408E+07,20409.08
1739007170,246557.51,3.070823E+08,229165.90,22140.00,2.736548E+07,20422.00
1739007180,233427.50,3.094166E+08,229197.47,20760.00,2.757308E+07,20424.50
1739007190,241820.00,3.118348E+08,229290.28,21532.50,2.778840E+07,20432.65
1739007200,241297.48,3.142478E+08,229377.92,21442.50,2.800282E+07,20440.02
1739007210,234762.51,3.165954E+08,229416.94,20947.50,2.821230E+07,20443.69
1739007220,209427.41,3.186897E+08,229273.13,18622.49,2.839852E+07,20430.59
1739007230,163312.58,3.203228E+08,228801.99,14632.51,2.854485E+07,20389.18
1739007240,153939.96,3.218622E+08,228271.05,13732.50,2.868218E+07,20341.97
1739007250,151755.04,3.233798E+08,227732.21,13447.50,2.881665E+07,20293.41
1739007260,138034.95,3.247601E+08,227104.95,12345.00,2.894010E+07,20237.83
1739007270,143550.03,3.261956E+08,226524.71,12690.00,2.906700E+07,20185.42
1739007280,153219.96,3.277278E+08,226019.16,13650.00,2.920350E+07,20140.34
1739007290,215100.00,3.298788E+08,225944.37,19312.50,2.939662E+07,20134.67
1739007300,223342.58,3.321122E+08,225926.67,19860.01,2.959522E+07,20132.81
1739007310,220457.48,3.343168E+08,225889.72,19702.50,2.979225E+07,20129.90
1739007320,220124.99,3.365180E+08,225851.03,19530.00,2.998755E+07,20125.87
1739007330,227785.03,3.387959E+08,225863.92,20220.00,3.018975E+07,20126.50
1739007340,219247.51,3.409884E+08,225820.10,19567.50,3.038542E+07,20122.80
1739007350,211122.42,3.430996E+08,225723.41,18877.49,3.057420E+07,20114.60
1739007360,240645.09,3.455060E+08,225820.94,21352.51,3.078772E+07,20122.70
1739007370,228542.49,3.477915E+08,225838.61,20475.00,3.099248E+07,20124.98
1739007380,170072.47,3.494922E+08,225478.83,15165.00,3.114412E+07,20092.98
1739007390,229705.06,3.517892E+08,225505.92,20422.51,3.134835E+07,20095.10
1739007400,239054.99,3.541798E+08,225592.22,21352.50,3.156188E+07,20103.10
1739007410,250900.01,3.566888E+08,225752.39,22372.50,3.178560E+07,20117.47
1739007420,246870.00,3.591575E+08,225885.21,21855.00,3.200415E+07,20128.40
1739007430,254195.01,3.616994E+08,226062.15,22800.00,3.223215E+07,20145.09
1739007440,248984.92,3.641893E+08,226204.52,22139.99,3.245355E+07,20157.48
1739007450,252290.07,3.667122E+08,226365.54,22545.01,3.267900E+07,20172.22
1739007460,231115.00,3.690234E+08,226394.68,20445.00,3.288345E+07,20173.89
1739007470,252264.99,3.715460E+08,226552.43,22575.00,3.310920E+07,20188.54
1739007480,242737.44,3.739734E+08,226650.52,21637.49,3.332558E+07,20197.32
1739007490,247682.48,3.764502E+08,226777.22,21952.50,3.354510E+07,20207.89
1739007500,242700.09,3.788772E+08,226872.56,21630.01,3.376140E+07,20216.41
1739007510,244830.00,3.813255E+08,226979.45,21930.00,3.398070E+07,20226.61
1739007520,248200.01,3.838075E+08,227105.02,22005.00,3.420075E+07,20237.13
1739007530,235017.41,3.861577E+08,227151.56,20977.49,3.441052E+07,20241.48
1739007540,211122.56,3.882689E+08,227057.83,18877.51,3.459930E+07,20233.51
1739007550,208670.01,3.903556E+08,226950.92,18510.00,3.478440E+07,20223.49
1739007560,211557.52,3.924712E+08,226861.94,18937.50,3.497378E+07,20216.05
1739007570,216202.43,3.946332E+08,226800.68,19162.49,3.516540E+07,20210.00
1739007580,211902.54,3.967522E+08,226715.55,18982.50,3.535522E+07,20202.98
1739007590,208842.45,3.988406E+08,226614.00,18532.50,3.554055E+07,20193.49
1739007600,211520.04,4.009558E+08,226528.72,18930.00,3.572985E+07,20186.36
1739007610,192637.50,4.028822E+08,226338.32,17092.50,3.590078E+07,20168.97
1739007620,204297.52,4.049252E+08,226215.19,18307.50,3.608385E+07,20158.57
1739007630,202644.98,4.069516E+08,226084.24,18090.00,3.626475E+07,20147.08
1739007640,206170.00,4.090134E+08,225974.22,18202.50,3.644678E+07,20136.34
1739007650,204518.33,4.110586E+08,225856.33,18337.35,3.663015E+07,20126.45
1739007660,218846.72,4.132470E+08,225818.02,19522.65,3.682538E+07,20123.15
1739007670,202285.06,4.152698E+08,225690.13,18037.51,3.700575E+07,20111.82
1739007680,218317.42,4.174530E+08,225650.27,19462.49,3.720038E+07,20108.31
1739007690,209087.55,4.195439E+08,225561.23,18592.50,3.738630E+07,20100.16
1739007700,238905.04,4.219330E+08,225632.58,21195.00,3.759825E+07,20106.02
1739007710,256932.51,4.245023E+08,225799.07,22987.50,3.782812E+07,20121.34
1739007720,253599.99,4.270383E+08,225946.17,22500.00,3.805312E+07,20133.93
1739007730,251057.51,4.295488E+08,226078.33,22402.50,3.827715E+07,20145.87
1739007740,241822.49,4.319671E+08,226160.76,21517.50,3.849232E+07,20153.05
1739007750,234792.50,4.343150E+08,226205.72,20947.50,3.870180E+07,20157.19
1739007760,236100.01,4.366760E+08,226256.99,21120.00,3.891300E+07,20162.18
1739007770,234957.52,4.390256E+08,226301.83,20962.50,3.912262E+07,20166.30
1739007780,241882.40,4.414444E+08,226381.73,21532.49,3.933795E+07,20173.31
1739007790,251800.09,4.439624E+08,226511.42,22470.01,3.956265E+07,20185.02
1739007800,238969.92,4.463521E+08,226574.66,21164.99,3.977430E+07,20190.00
1739007810,246669.98,4.488188E+08,226676.15,22087.50,3.999518E+07,20199.58
1739007820,235212.54,4.511709E+08,226719.05,20910.00,4.020428E+07,20203.15
1739007830,244477.56,4.536157E+08,226807.84,21697.51,4.042125E+07,20210.62
1739007840,235002.48,4.559657E+08,226848.61,20962.50,4.063088E+07,20214.36
1739007850,243637.44,4.584021E+08,226931.72,21787.49,4.084875E+07,20222.15
1739007860,252950.10,4.609316E+08,227059.89,22597.51,4.107472E+07,20233.85
1739007870,236629.98,4.632979E+08,227106.80,20977.50,4.128450E+07,20237.50
1739007880,213919.90,4.654371E+08,227042.48,19124.99,4.147575E+07,20232.07
1739007890,150377.55,4.669409E+08,226670.32,13297.50,4.160872E+07,20198.41
1739007900,173492.51,4.686758E+08,226413.42,15585.00,4.176458E+07,20176.12
1739007910,155499.96,4.702308E+08,226072.49,13860.00,4.190318E+07,20145.76
1739007920,151119.90,4.717420E+08,225713.87,13447.49,4.203765E+07,20113.71
1739007930,170595.17,4.734480E+08,225451.40,15240.01,4.219005E+07,20090.50
1739007940,161884.97,4.750668E+08,225150.13,14437.50,4.233442E+07,20063.71
1739007950,215457.58,4.772214E+08,225104.41,19080.01,4.252522E+07,20059.07
1739007960,253902.38,4.797604E+08,225239.62,22724.99,4.275248E+07,20071.58
1739007970,209600.08,4.818564E+08,225166.53,18690.01,4.293938E+07,20065.13
1739007980,251200.00,4.843684E+08,225287.62,22365.00,4.316302E+07,20075.82
1739007990,263082.50,4.869992E+08,225462.60,23355.00,4.339658E+07,20091.01
1739008000,250584.96,4.895051E+08,225578.37,22335.00,4.361992E+07,20101.35
1739008010,228657.52,4.917916E+08,225592.49,20482.50,4.382475E+07,20103.10
1739008020,227395.03,4.940656E+08,225600.72,20235.00,4.402710E+07,20103.70
1739008030,222810.01,4.962937E+08,225588.04,19785.00,4.422495E+07,20102.25
1739008040,225992.50,4.985536E+08,225589.87,20122.50,4.442618E+07,20102.34
1739008050,224162.48,5.007952E+08,225583.44,19942.50,4.462560E+07,20101.62
1739008060,244162.52,5.032369E+08,225666.75,21772.50,4.484332E+07,20109.11
1739008070,251792.49,5.057548E+08,225783.38,22507.50,4.506840E+07,20119.82
1739008080,230397.48,5.080588E+08,225803.89,20482.50,4.527322E+07,20121.43
1739008090,206381.82,5.101226E+08,225717.95,18449.94,4.545772E+07,20114.04
1739008100,225645.75,5.123790E+08,225717.64,20092.57,4.565865E+07,20113.94
1739008110,228935.00,5.146684E+08,225731.75,20437.50,4.586302E+07,20115.36
1739008120,225152.51,5.169199E+08,225729.22,20085.00,4.606388E+07,20115.23
1739008130,232232.42,5.192422E+08,225757.49,20609.99,4.626998E+07,20117.38
1739008140,206539.97,5.213076E+08,225674.30,18397.50,4.645395E+07,20109.93
1739008150,206357.60,5.233712E+08,225591.04,18427.51,4.663822E+07,20102.68
1739008160,210637.50,5.254776E+08,225526.86,18787.50,4.682610E+07,20097.04
1739008170,217264.95,5.276502E+08,225491.55,19335.00,4.701945E+07,20093.78
1739008180,209825.07,5.297485E+08,225424.89,18690.01,4.720635E+07,20087.81
1739008190,211994.98,5.318684E+08,225367.98,18960.00,4.739595E+07,20083.03
1739008200,209922.46,5.339677E+08,225302.81,18697.50,4.758292E+07,20077.18
1739008210,206027.47,5.360280E+08,225221.82,18195.00,4.776488E+07,20069.27
1739008220,204550.02,5.380734E+08,225135.33,18337.50,4.794825E+07,20062.03
1739008230,210215.03,5.401756E+08,225073.16,18735.00,4.813560E+07,20056.50
1739008240,211552.51,5.422911E+08,225017.06,18907.50,4.832468E+07,20051.73
1739008250,214377.49,5.444349E+08,224973.09,18937.50,4.851405E+07,20047.13
1739008260,203417.50,5.464691E+08,224884.39,18187.50,4.869592E+07,20039.47
1739008270,207514.94,5.485442E+08,224813.20,18464.99,4.888058E+07,20033.02
1739008280,209150.00,5.506357E+08,224749.27,18690.00,4.906748E+07,20027.54
1739008290,220162.59,5.528374E+08,224730.62,19530.01,4.926278E+07,20025.52
1739008300,215459.98,5.549920E+08,224693.09,19327.50,4.945605E+07,20022.69
1739008310,215564.92,5.571476E+08,224656.28,19199.99,4.964805E+07,20019.37
1739008320,205525.03,5.592028E+08,224579.45,18270.00,4.983075E+07,20012.35
1739008330,214100.05,5.613438E+08,224537.53,19110.00,5.002185E+07,20008.74
1739008340,217957.50,5.635234E+08,224511.32,19417.50,5.021602E+07,20006.38
1739008350,218362.48,5.657070E+08,224486.92,19462.50,5.041065E+07,20004.23
1739008360,208744.96,5.677945E+08,224424.70,18525.00,5.059590E+07,19998.38
1739008370,236609.99,5.701606E+08,224472.67,21187.50,5.080778E+07,20003.06
1739008380,231820.06,5.724788E+08,224501.48,20542.51,5.101320E+07,20005.18
1739008390,218317.38,5.746620E+08,224477.33,19462.49,5.120782E+07,20003.06
1739008400,243172.65,5.770937E+08,224550.07,21712.51,5.142495E+07,20009.71
1739008410,251690.00,5.796106E+08,224655.26,22477.50,5.164972E+07,20019.27

Summary:
loaded 581760000 metrics in 2588.406sec with 10 workers (mean rate 224756.09 metrics/sec)
loaded 51840000 rows in 2588.406sec with 10 workers (mean rate 20027.77 rows/sec)
Run complete after 691200 queries with 10 workers (Overall query rate 267.04 queries/sec):
          :
min:     1.00ms, med:     2.04ms, mean:     8.05ms, max: 3010.30ms, stddev:    20.10ms, sum: 5566.2sec, count: 691200
all queries:
min:     1.00ms, med:     2.04ms, mean:     8.05ms, max: 3010.30ms, stddev:    20.10ms, sum: 5566.2sec, count: 691200
Saving Response Latencies to /home/benchUser/results/latenciesInserts_other.csv
