time,per. metric/s,metric total,overall metric/s,per. row/s,row total,overall row/s
1739005840,105639.33,1.056400E+06,105639.33,9419.94,9.420000E+04,9419.94
1739005850,263040.03,3.686800E+06,184339.42,23587.50,3.300750E+05,16503.70
1739005860,246322.51,6.150025E+06,205000.41,21810.00,5.481750E+05,18272.46
1739005870,241244.99,8.562475E+06,214061.54,21495.00,7.631250E+05,19078.10
1739005880,250862.46,1.107110E+07,221421.72,22342.50,9.865500E+05,19730.97
1739005890,246970.04,1.354080E+07,225679.77,22170.00,1.208250E+06,20137.48
1739005900,247627.42,1.601708E+07,228815.14,21967.49,1.427925E+06,20398.91
1739005910,189052.56,1.790760E+07,223844.83,16935.00,1.597275E+06,19965.92
1739005920,194279.98,1.985040E+07,220559.84,17302.50,1.770300E+06,19669.99
1739005930,183497.33,2.168538E+07,216853.59,16327.49,1.933575E+06,19335.74
1739005940,176320.18,2.344858E+07,213168.74,15645.02,2.090025E+06,19000.22
1739005950,166860.00,2.511718E+07,209309.68,14880.00,2.238825E+06,18656.87
1739005960,205719.99,2.717438E+07,209033.55,18375.00,2.422575E+06,18635.18
1739005970,248522.53,2.965960E+07,211854.19,22042.50,2.643000E+06,18878.56
1739005980,244559.98,3.210520E+07,214034.58,21900.00,2.862000E+06,19079.99
1739005990,232744.91,3.443265E+07,215203.97,20654.99,3.068550E+06,19178.43
1739006000,238214.96,3.681480E+07,216557.56,21352.50,3.282075E+06,19306.32
1739006010,229540.13,3.911020E+07,217278.81,20302.51,3.485100E+06,19361.66
1739006020,227702.44,4.138722E+07,217827.43,20347.49,3.688575E+06,19413.55
1739006030,233846.85,4.372570E+07,218628.40,20812.44,3.896700E+06,19483.49
1739006040,234425.64,4.606995E+07,219380.65,20895.06,4.105650E+06,19550.71
1739006050,243427.58,4.850422E+07,220473.69,21757.51,4.323225E+06,19651.02
1739006060,251217.50,5.101640E+07,221810.37,22402.50,4.547250E+06,19770.65
1739006070,243314.98,5.344955E+07,222706.40,21720.00,4.764450E+06,19851.87
1739006080,240470.04,5.585425E+07,223416.94,21352.50,4.977975E+06,19911.90
1739006090,242677.46,5.828102E+07,224157.73,21645.00,5.194425E+06,19978.55
1739006100,243947.51,6.072050E+07,224890.69,21787.50,5.412300E+06,20045.55
1739006110,225232.52,6.297282E+07,224902.90,20032.50,5.612625E+06,20045.08
1739006120,232542.50,6.529825E+07,225166.33,20632.50,5.818950E+06,20065.34
1739006130,240052.40,6.769878E+07,225662.53,21427.49,6.033225E+06,20110.75
1739006140,245932.57,7.015810E+07,226316.41,21952.51,6.252750E+06,20170.16
1739006150,244157.48,7.259968E+07,226873.94,21817.50,6.470925E+06,20221.64
1739006160,251672.43,7.511640E+07,227625.41,22409.99,6.695025E+06,20287.95
1739006170,239225.11,7.750865E+07,227966.58,21255.01,6.907575E+06,20316.39
1739006180,256789.97,8.007655E+07,228790.10,22800.00,7.135575E+06,20387.35
1739006190,244170.03,8.251825E+07,229217.32,21840.00,7.353975E+06,20427.70
1739006200,248709.90,8.500535E+07,229744.15,22079.99,7.574775E+06,20472.36
1739006210,243735.09,8.744270E+07,230112.33,21772.51,7.792500E+06,20506.58
1739006220,249587.47,8.993858E+07,230611.69,22192.50,8.014425E+06,20549.80
1739006230,230622.53,9.224480E+07,230611.96,20692.50,8.221350E+06,20553.37
1739006240,246937.41,9.471418E+07,231010.15,21907.49,8.440425E+06,20586.40
1739006250,237022.60,9.708440E+07,231153.30,21240.01,8.652825E+06,20601.96
1739006260,239644.96,9.948085E+07,231350.78,21232.50,8.865150E+06,20616.62
1739006270,242610.02,1.019070E+08,231606.67,21630.00,9.081450E+06,20639.66
1739006280,251824.94,1.044252E+08,232055.97,22499.99,9.306450E+06,20681.00
1739006290,217625.06,1.066014E+08,231742.25,19380.00,9.500250E+06,20652.71
1739006300,245215.00,1.090536E+08,232028.91,21885.00,9.719100E+06,20678.93
1739006310,251027.50,1.115639E+08,232424.71,22342.50,9.942525E+06,20713.59
1739006320,255972.50,1.141236E+08,232905.28,22822.50,1.017075E+07,20756.63
1739006330,225749.78,1.163811E+08,232762.17,20099.98,1.037175E+07,20743.50
1739006340,175772.58,1.181388E+08,231644.72,15562.51,1.052738E+07,20641.91
1739006350,242002.61,1.205588E+08,231843.91,21555.01,1.074292E+07,20659.47
1739006360,245155.00,1.230104E+08,232095.07,21967.50,1.096260E+07,20684.15
1739006370,241264.94,1.254230E+08,232264.88,21457.49,1.117718E+07,20698.47
1739006380,245575.00,1.278788E+08,232506.88,21945.00,1.139662E+07,20721.13
1739006390,239907.59,1.302779E+08,232639.04,21345.01,1.161008E+07,20732.27
1739006400,248574.97,1.327636E+08,232918.61,22050.00,1.183058E+07,20755.39
1739006410,233997.52,1.351036E+08,232937.22,20842.50,1.203900E+07,20756.89
1739006420,234094.90,1.374446E+08,232956.84,20857.49,1.224758E+07,20758.60
1739006430,226315.09,1.397077E+08,232846.14,20167.51,1.244925E+07,20748.75
1739006440,233405.01,1.420418E+08,232855.30,20820.00,1.265745E+07,20749.92
1739006450,230405.01,1.443458E+08,232815.78,20647.50,1.286392E+07,20748.26
1739006460,241324.96,1.467590E+08,232950.85,21472.50,1.307865E+07,20759.76
1739006470,232617.53,1.490852E+08,232945.64,20632.50,1.328498E+07,20757.77
1739006480,232699.98,1.514122E+08,232941.86,20760.00,1.349258E+07,20757.81
1739006490,236727.46,1.537795E+08,232999.22,21112.50,1.370370E+07,20763.18
1739006500,241979.90,1.561993E+08,233133.26,21539.99,1.391910E+07,20774.77
1739006510,237262.50,1.585719E+08,233193.98,21277.50,1.413188E+07,20782.17
1739006520,238392.59,1.609558E+08,233269.33,21075.01,1.434262E+07,20786.41
1739006530,230300.05,1.632588E+08,233226.91,20692.50,1.454955E+07,20785.07
1739006540,249414.99,1.657530E+08,233454.91,22177.50,1.477132E+07,20804.68
1739006550,242639.91,1.681794E+08,233582.48,21629.99,1.498762E+07,20816.14
1739006560,228767.59,1.704671E+08,233516.52,20370.01,1.519132E+07,20810.03
1739006570,163917.49,1.721062E+08,232575.99,14490.00,1.533622E+07,20724.63
1739006580,161524.84,1.737215E+08,231628.64,14392.49,1.548015E+07,20640.20
1739006590,153819.12,1.752597E+08,230604.83,13709.92,1.561725E+07,20549.01
1739006600,147683.51,1.767365E+08,229527.94,13267.59,1.574992E+07,20454.45
1739006610,146087.42,1.781974E+08,228458.19,13034.99,1.588028E+07,20359.33
1739006620,169740.09,1.798948E+08,227714.92,15127.51,1.603155E+07,20293.10
1739006630,215944.94,1.820542E+08,227567.79,19139.99,1.622295E+07,20278.69
1739006640,222295.03,1.842772E+08,227502.70,19927.50,1.642222E+07,20274.35
1739006650,208099.98,1.863582E+08,227266.08,18525.00,1.660748E+07,20253.02
1739006660,233260.05,1.886908E+08,227338.30,20752.50,1.681500E+07,20259.03
1739006670,227420.01,1.909650E+08,227339.27,20302.50,1.701802E+07,20259.55
1739006680,227380.00,1.932388E+08,227339.75,20295.00,1.722098E+07,20259.97
1739006690,225452.43,1.954933E+08,227317.80,20069.99,1.742168E+07,20257.76
1739006700,233787.58,1.978312E+08,227392.17,20812.51,1.762980E+07,20264.14
1739006710,227439.97,2.001056E+08,227392.71,20310.00,1.783290E+07,20264.66
1739006720,230214.98,2.024078E+08,227424.42,20347.50,1.803638E+07,20265.59
1739006730,229324.96,2.047010E+08,227445.54,20565.00,1.824202E+07,20268.92
1739006740,224385.08,2.069448E+08,227411.91,19912.51,1.844115E+07,20265.00
1739006750,226870.01,2.092136E+08,227406.02,20257.50,1.864372E+07,20264.92
1739006760,231155.01,2.115251E+08,227446.33,20557.50,1.884930E+07,20268.06
1739006770,221414.99,2.137392E+08,227382.17,19777.50,1.904708E+07,20262.84
1739006780,230367.40,2.160429E+08,227413.59,20519.99,1.925228E+07,20265.55
1739006790,230237.60,2.183453E+08,227443.01,20527.51,1.945755E+07,20268.28
1739006800,226765.02,2.206130E+08,227436.02,20220.00,1.965975E+07,20267.78
1739006810,224094.98,2.228539E+08,227401.92,19860.00,1.985835E+07,20263.62
1739006820,226464.92,2.251186E+08,227392.46,20189.99,2.006025E+07,20262.88
1739006830,245185.09,2.275704E+08,227570.39,21975.01,2.028000E+07,20280.00
1739006840,268199.93,2.302524E+08,227972.66,23902.49,2.051902E+07,20315.87
1739006850,248069.94,2.327331E+08,228169.69,22072.49,2.073975E+07,20333.09
1739006860,200642.59,2.347395E+08,227902.44,17812.51,2.091788E+07,20308.62
1739006870,252567.44,2.372652E+08,228139.60,22597.49,2.114385E+07,20330.62
1739006880,261605.09,2.398812E+08,228458.32,23250.01,2.137635E+07,20358.43
1739006890,247015.02,2.423514E+08,228633.38,22057.50,2.159692E+07,20374.46
1739006900,256262.49,2.449140E+08,228891.60,22725.00,2.182418E+07,20396.42
1739006910,252047.50,2.474345E+08,229106.01,22552.50,2.204970E+07,20416.39
1739006920,252349.98,2.499580E+08,229319.25,22552.50,2.227522E+07,20435.99
1739006930,251080.01,2.524688E+08,229517.08,22357.50,2.249880E+07,20453.45
1739006940,254889.99,2.550177E+08,229745.66,22590.00,2.272470E+07,20472.70
1739006950,249340.02,2.575111E+08,229920.61,22185.00,2.294655E+07,20487.99
1739006960,237510.02,2.598862E+08,229987.78,21292.50,2.315948E+07,20495.11
1739006970,232217.48,2.622084E+08,230007.33,20595.00,2.336542E+07,20495.99
1739006980,228402.38,2.644924E+08,229993.38,20452.49,2.356995E+07,20495.61
1739006990,214985.11,2.666422E+08,229864.00,19027.51,2.376022E+07,20482.95
1739007000,253284.89,2.691751E+08,230064.17,22687.49,2.398710E+07,20501.79
1739007010,217822.48,2.713533E+08,229960.43,19402.50,2.418112E+07,20492.48
1739007020,226707.55,2.736204E+08,229933.10,20212.50,2.438325E+07,20490.12
1739007030,228520.07,2.759056E+08,229921.32,20385.01,2.458710E+07,20489.25
1739007040,223170.00,2.781373E+08,229865.53,19845.00,2.478555E+07,20483.92
1739007050,225925.00,2.803966E+08,229833.23,20107.50,2.498662E+07,20480.84
1739007060,225842.41,2.826550E+08,229800.78,20099.99,2.518762E+07,20477.74
1739007070,211452.50,2.847695E+08,229652.81,18907.50,2.537670E+07,20465.08
1739007080,216420.09,2.869337E+08,229546.95,19200.01,2.556870E+07,20454.96
1739007090,220839.98,2.891421E+08,229477.85,19800.00,2.576670E+07,20449.76
1739007100,222420.02,2.913663E+08,229422.27,19665.00,2.596335E+07,20443.58
1739007110,219194.90,2.935582E+08,229342.37,19559.99,2.615895E+07,20436.68
1739007120,217275.11,2.957310E+08,229248.83,19335.01,2.635230E+07,20428.14
1739007130,215220.01,2.978832E+08,229140.91,19320.00,2.654550E+07,20419.61
1739007140,226239.71,3.001456E+08,229118.77,20159.97,2.674710E+07,20417.63
1739007150,224020.28,3.023858E+08,229080.14,19942.53,2.694652E+07,20414.03
1739007160,221392.49,3.045997E+08,229022.34,19695.00,2.714348E+07,20408.63
1739007170,223127.52,3.068310E+08,228978.35,19920.00,2.734268E+07,20404.98
1739007180,230514.92,3.091362E+08,228989.73,20437.49,2.754705E+07,20405.22
1739007190,225309.80,3.113892E+08,228962.67,20129.98,2.774835E+07,20403.20
1739007200,230462.76,3.136939E+08,228973.62,20572.52,2.795408E+07,20404.43
1739007210,222715.02,3.159210E+08,228928.27,19770.00,2.815178E+07,20399.84
1739007220,202772.45,3.179488E+08,228740.10,18030.00,2.833208E+07,20382.79
1739007230,143272.52,3.193815E+08,228129.61,12885.00,2.846092E+07,20329.23
1739007240,151712.50,3.208986E+08,227587.65,13567.50,2.859660E+07,20281.28
1739007250,137900.00,3.222776E+08,226956.05,12285.00,2.871945E+07,20224.96
1739007260,135400.00,3.236316E+08,226315.79,12015.00,2.883960E+07,20167.55
1739007270,138517.48,3.250168E+08,225706.08,12382.50,2.896342E+07,20113.49
1739007280,150352.52,3.265203E+08,225186.40,13252.50,2.909595E+07,20066.17
1739007290,209779.99,3.286181E+08,225080.88,18690.00,2.928285E+07,20056.75
1739007300,213090.01,3.307490E+08,224999.31,19117.50,2.947402E+07,20050.36
1739007310,216755.01,3.329166E+08,224943.61,19260.00,2.966662E+07,20045.02
1739007320,217710.00,3.350936E+08,224895.06,19372.50,2.986035E+07,20040.50
1739007330,212175.00,3.372154E+08,224810.26,18997.50,3.005032E+07,20033.55
1739007340,272782.41,3.399432E+08,225127.95,24224.99,3.029258E+07,20061.31
1739007350,249017.57,3.424334E+08,225285.12,22132.51,3.051390E+07,20074.93
1739007360,229639.96,3.447298E+08,225313.59,20602.50,3.071992E+07,20078.38
1739007370,231144.95,3.470412E+08,225351.45,20460.00,3.092452E+07,20080.86
1739007380,206194.97,3.491032E+08,225227.86,18532.50,3.110985E+07,20070.87
1739007390,187340.11,3.509766E+08,224984.99,16635.01,3.127620E+07,20048.85
1739007400,223779.90,3.532144E+08,224977.32,19979.99,3.147600E+07,20048.41
1739007410,231955.09,3.555340E+08,225021.48,20565.01,3.168165E+07,20051.68
1739007420,218264.99,3.577166E+08,224978.98,19455.00,3.187620E+07,20047.92
1739007430,221019.93,3.599268E+08,224954.24,19822.49,3.207442E+07,20046.51
1739007440,230710.07,3.622339E+08,224989.99,20392.51,3.227835E+07,20048.66
1739007450,226570.01,3.644996E+08,224999.74,20205.00,3.248040E+07,20049.63
1739007460,213359.95,3.666332E+08,224928.33,19162.50,3.267202E+07,20044.19
1739007470,225160.07,3.688848E+08,224929.75,20017.51,3.287220E+07,20044.02
1739007480,225382.44,3.711386E+08,224932.49,20062.49,3.307282E+07,20044.14
1739007490,227787.55,3.734165E+08,224949.69,20347.50,3.327630E+07,20045.96
1739007500,225029.87,3.756668E+08,224950.17,20009.99,3.347640E+07,20045.75
1739007510,226640.12,3.779332E+08,224960.23,20205.01,3.367845E+07,20046.70
1739007520,232712.51,3.802603E+08,225006.10,20662.50,3.388508E+07,20050.34
1739007530,227514.98,3.825355E+08,225020.86,20340.00,3.408848E+07,20052.04
1739007540,217297.52,3.847084E+08,224975.69,19320.00,3.428168E+07,20047.76
1739007550,217904.91,3.868875E+08,224934.58,19402.49,3.447570E+07,20044.01
1739007560,235890.08,3.892464E+08,224997.91,21090.01,3.468660E+07,20050.06
1739007570,248594.96,3.917324E+08,225133.53,22065.00,3.490725E+07,20061.64
1739007580,245365.05,3.941860E+08,225249.13,21997.50,3.512722E+07,20072.70
1739007590,246990.01,3.966559E+08,225372.66,21847.50,3.534570E+07,20082.78
1739007600,237682.49,3.990327E+08,225442.21,21337.50,3.555908E+07,20089.87
1739007610,238842.49,4.014212E+08,225517.49,21120.00,3.577028E+07,20095.66
1739007620,243539.99,4.038566E+08,225618.18,21757.50,3.598785E+07,20104.94
1739007630,243345.04,4.062900E+08,225716.66,21735.00,3.620520E+07,20114.00
1739007640,243219.98,4.087222E+08,225813.36,21697.50,3.642218E+07,20122.75
1739007650,242580.00,4.111480E+08,225905.49,21622.50,3.663840E+07,20130.99
1739007660,242662.41,4.135746E+08,225997.05,21637.49,3.685478E+07,20139.22
1739007670,238752.54,4.159622E+08,226066.38,21120.00,3.706598E+07,20144.55
1739007680,219750.05,4.181596E+08,226032.24,19650.00,3.726248E+07,20141.88
1739007690,233105.00,4.204907E+08,226070.26,20707.50,3.746955E+07,20144.92
1739007700,228452.51,4.227752E+08,226083.00,20467.50,3.767422E+07,20146.64
1739007710,235327.48,4.251285E+08,226132.17,21007.50,3.788430E+07,20151.22
1739007720,226750.00,4.273960E+08,226135.44,20220.00,3.808650E+07,20151.59
1739007730,233059.91,4.297266E+08,226171.89,20722.49,3.829372E+07,20154.59
1739007740,232495.03,4.320516E+08,226204.99,20632.50,3.850005E+07,20157.09
1739007750,235819.94,4.344098E+08,226255.07,21089.99,3.871095E+07,20161.95
1739007760,233915.04,4.367489E+08,226294.76,20835.00,3.891930E+07,20165.44
1739007770,232962.60,4.390785E+08,226329.13,20677.51,3.912608E+07,20168.08
1739007780,234267.47,4.414212E+08,226369.84,20872.50,3.933480E+07,20171.69
1739007790,234477.48,4.437660E+08,226411.20,20902.50,3.954382E+07,20175.42
1739007800,228402.38,4.460500E+08,226421.31,20452.49,3.974835E+07,20176.83
1739007810,239450.02,4.484445E+08,226487.11,21210.00,3.996045E+07,20182.04
1739007820,235970.15,4.508042E+08,226534.77,21105.01,4.017150E+07,20186.68
1739007830,242062.41,4.532248E+08,226612.41,21547.49,4.038698E+07,20193.49
1739007840,244997.61,4.556748E+08,226703.87,21945.01,4.060642E+07,20202.20
1739007850,244957.49,4.581244E+08,226794.24,21720.00,4.082362E+07,20209.71
1739007860,241469.98,4.605391E+08,226866.53,21570.00,4.103932E+07,20216.42
1739007870,241612.48,4.629552E+08,226938.82,21562.50,4.125495E+07,20223.01
1739007880,238909.70,4.653443E+08,226997.21,21194.97,4.146690E+07,20227.76
1739007890,136025.16,4.667046E+08,226555.60,12067.51,4.158758E+07,20188.14
1739007900,178622.54,4.684908E+08,226324.04,15945.00,4.174702E+07,20167.64
1739007910,170864.99,4.701994E+08,226057.41,15300.00,4.190002E+07,20144.24
1739007920,168704.94,4.718865E+08,225783.00,14970.00,4.204972E+07,20119.49
1739007930,179410.06,4.736806E+08,225562.17,16065.01,4.221038E+07,20100.18
1739007940,168292.50,4.753635E+08,225290.75,14932.50,4.235970E+07,20075.69
1739007950,204050.00,4.774040E+08,225190.56,18270.00,4.254240E+07,20067.17
1739007960,248685.02,4.798908E+08,225300.86,22087.50,4.276328E+07,20076.65
1739007970,214334.99,4.820342E+08,225249.62,19132.50,4.295460E+07,20072.24
1739007980,263879.96,4.846730E+08,225429.30,23542.50,4.319002E+07,20088.38
1739007990,262715.05,4.873002E+08,225601.91,23302.50,4.342305E+07,20103.26
1739008000,245557.50,4.897557E+08,225693.88,21967.50,4.364272E+07,20111.85
1739008010,241417.48,4.921699E+08,225766.00,21457.50,4.385730E+07,20118.03
1739008020,227989.93,4.944498E+08,225776.16,20392.49,4.406122E+07,20119.28
1739008030,233005.04,4.967798E+08,225809.02,20715.00,4.426838E+07,20121.99
1739008040,236145.04,4.991413E+08,225855.79,21112.50,4.447950E+07,20126.47
1739008050,243990.01,5.015812E+08,225937.47,21727.50,4.469678E+07,20133.68
1739008060,243757.45,5.040188E+08,226017.38,21645.00,4.491322E+07,20140.46
1739008070,235017.53,5.063690E+08,226057.56,20902.50,4.512225E+07,20143.86
1739008080,239505.04,5.087640E+08,226117.33,21480.00,4.533705E+07,20149.80
1739008090,234919.92,5.111132E+08,226156.28,20917.49,4.554622E+07,20153.20
1739008100,246450.03,5.135777E+08,226245.68,21847.50,4.576470E+07,20160.66
1739008110,235130.05,5.159290E+08,226284.64,21000.00,4.597470E+07,20164.34
1739008120,235859.96,5.182876E+08,226326.46,21075.00,4.618545E+07,20168.32
1739008130,240815.01,5.206958E+08,226389.45,21397.50,4.639942E+07,20173.66
1739008140,241845.05,5.231142E+08,226456.36,21517.50,4.661460E+07,20179.48
1739008150,236579.93,5.254800E+08,226499.99,21179.99,4.682640E+07,20183.79
1739008160,235879.99,5.278388E+08,226540.25,21022.50,4.703662E+07,20187.39
1739008170,249340.06,5.303322E+08,226637.69,22237.51,4.725900E+07,20196.15
1739008180,248534.99,5.328176E+08,226730.87,22072.50,4.747972E+07,20204.14
1739008190,241192.52,5.352295E+08,226792.14,21420.00,4.769392E+07,20209.29
1739008200,237577.48,5.376052E+08,226837.65,21322.50,4.790715E+07,20213.99
1739008210,216245.03,5.397677E+08,226793.15,19200.00,4.809915E+07,20209.73
1739008220,227269.98,5.420404E+08,226795.14,20280.00,4.830195E+07,20210.02
1739008230,221677.49,5.442572E+08,226773.82,19687.50,4.849882E+07,20207.84
1739008240,221947.53,5.464766E+08,226753.79,19822.50,4.869705E+07,20206.24
1739008250,225849.98,5.487352E+08,226750.06,20107.50,4.889812E+07,20205.84
1739008260,219264.96,5.509278E+08,226719.25,19575.00,4.909388E+07,20203.24
1739008270,218100.02,5.531088E+08,226683.93,19432.50,4.928820E+07,20200.08
1739008280,226300.02,5.553718E+08,226682.36,20167.50,4.948988E+07,20199.95
1739008290,233672.33,5.577085E+08,226710.78,20804.98,4.969792E+07,20202.41
1739008300,235807.68,5.600666E+08,226747.61,21067.52,4.990860E+07,20205.91
1739008310,235895.00,5.624256E+08,226784.49,20985.00,5.011845E+07,20209.05
1739008320,240164.95,5.648272E+08,226838.23,21405.00,5.033250E+07,20213.85
1739008330,233560.05,5.671628E+08,226865.11,20790.00,5.054040E+07,20216.16
1739008340,245859.88,5.696214E+08,226940.79,21899.99,5.075940E+07,20222.87
1739008350,231620.12,5.719376E+08,226959.36,20670.01,5.096610E+07,20224.64
1739008360,235640.02,5.742940E+08,226993.67,21022.50,5.117632E+07,20227.80
1739008370,229014.99,5.765842E+08,227001.63,20272.50,5.137905E+07,20227.97
1739008380,230989.97,5.788940E+08,227017.27,20730.00,5.158635E+07,20229.94
1739008390,227155.03,5.811656E+08,227017.81,20220.00,5.178855E+07,20229.90

Summary:
loaded 581760000 metrics in 2562.594sec with 10 workers (mean rate 227019.92 metrics/sec)
loaded 51840000 rows in 2562.594sec with 10 workers (mean rate 20229.50 rows/sec)
Run complete after 691200 queries with 10 workers (Overall query rate 269.73 queries/sec):
          :
min:     1.00ms, med:     2.00ms, mean:     7.79ms, max: 3034.37ms, stddev:    21.38ms, sum: 5382.7sec, count: 691200
all queries:
min:     1.00ms, med:     2.00ms, mean:     7.79ms, max: 3034.37ms, stddev:    21.38ms, sum: 5382.7sec, count: 691200
Saving Response Latencies to /home/benchUser/results/latenciesInserts_latest.csv
