time,per. metric/s,metric total,overall metric/s,per. row/s,row total,overall row/s
1737900449,217908.89,2.179275E+06,217908.89,19430.84,1.943250E+05,19430.84
1737900459,437737.53,6.556650E+06,327818.52,39022.50,5.845500E+05,29226.25
1737900469,376482.32,1.032148E+07,344039.33,33637.48,9.209250E+05,30696.62
1737900479,399355.09,1.431502E+07,357867.97,35505.01,1.275975E+06,31898.69
1737900489,334222.49,1.765725E+07,353138.95,29917.50,1.575150E+06,31502.46
1737900499,296017.48,2.061742E+07,343618.84,26242.50,1.837575E+06,30625.81
1737900509,266902.55,2.328645E+07,332659.51,23797.50,2.075550E+06,29650.35
1737900519,430920.01,2.759565E+07,344941.94,38520.00,2.460750E+06,30759.05
1737900529,402340.04,3.161905E+07,351319.45,35790.00,2.818650E+06,31318.04
1737900539,442592.46,3.604498E+07,360446.67,39337.50,3.212025E+06,32119.98
1737900549,421204.03,4.025708E+07,365970.10,37589.47,3.587925E+06,32617.20
1737900559,357680.05,4.383382E+07,365279.27,31965.45,3.907575E+06,32562.89
1737900569,443597.54,4.826980E+07,371303.71,39495.00,4.302525E+06,33096.13
1737900579,404415.28,5.231400E+07,373668.84,36052.08,4.663050E+06,33307.27
1737900589,433870.04,5.665265E+07,377682.18,38550.45,5.048550E+06,33656.81
1737900599,426357.49,6.091622E+07,380724.37,38002.50,5.428575E+06,33928.41
1737900609,330027.46,6.421650E+07,377742.22,29467.50,5.723250E+06,33666.01
1737900619,446875.00,6.868525E+07,381582.91,39727.50,6.120525E+06,34002.75
1737900629,415839.99,7.284365E+07,383385.90,37222.50,6.492750E+06,34172.21
1737900639,420714.80,7.705080E+07,385252.34,37477.48,6.867525E+06,34337.48
1737900649,402860.15,8.107940E+07,386090.81,35880.01,7.226325E+06,34410.93
1737900659,338285.06,8.446225E+07,383917.83,30112.50,7.527450E+06,34215.55
1737900669,413372.49,8.859598E+07,385198.46,36877.50,7.896225E+06,34331.29
1737900679,427662.28,9.287260E+07,386967.78,38084.98,8.277075E+06,34487.69
1737900689,423737.75,9.710998E+07,388438.57,37695.02,8.654025E+06,34615.98
1737900699,417527.32,1.012852E+08,389557.37,37312.48,9.027150E+06,34719.69
1737900709,369105.19,1.049763E+08,388799.88,32775.02,9.354900E+06,34647.67
1737900719,422810.02,1.092044E+08,390014.53,37792.50,9.732825E+06,34759.98
1737900729,417562.49,1.133800E+08,390964.45,37095.00,1.010378E+07,34840.50
1737900739,302832.45,1.164084E+08,388026.73,27060.00,1.037438E+07,34581.15
1737900749,355639.97,1.199648E+08,386982.00,31687.50,1.069125E+07,34487.81
1737900759,368482.57,1.236496E+08,386403.89,32812.51,1.101938E+07,34435.45
1737900769,429142.48,1.279410E+08,387699.00,38265.00,1.140202E+07,34551.50
1737900779,424390.05,1.321849E+08,388778.14,37710.00,1.177912E+07,34644.40
1737900789,422972.47,1.364146E+08,389755.12,37770.00,1.215682E+07,34733.70
1737900799,426417.43,1.406788E+08,390773.52,37897.49,1.253580E+07,34821.58
1737900809,350000.06,1.441788E+08,389671.53,31305.01,1.284885E+07,34726.54
1737900819,419760.00,1.483764E+08,390463.33,37395.00,1.322280E+07,34796.76
1737900829,445219.98,1.528286E+08,391867.35,39697.50,1.361978E+07,34922.42
1737900839,422334.98,1.570520E+08,392629.04,37627.50,1.399605E+07,34990.05
1737900849,325600.04,1.603080E+08,390994.19,28882.50,1.428488E+07,34841.09
1737900859,424565.01,1.645536E+08,391793.49,38002.50,1.466490E+07,34916.36
1737900869,452232.51,1.690759E+08,393199.04,40297.50,1.506788E+07,35041.50
1737900879,430767.52,1.733836E+08,394052.87,38295.00,1.545082E+07,35115.44
1737900889,236772.39,1.757513E+08,390557.76,21044.99,1.566128E+07,34802.77
1737900899,265732.59,1.784086E+08,387844.17,23655.01,1.589782E+07,34560.42
1737900909,430025.01,1.827089E+08,388741.63,38392.50,1.628175E+07,34641.96
1737900919,434684.99,1.870558E+08,389698.79,38662.50,1.666838E+07,34725.72
1737900929,416905.01,1.912248E+08,390254.01,37297.50,1.704135E+07,34778.20
1737900939,348925.02,1.947140E+08,389427.44,31020.00,1.735155E+07,34703.04
1737900949,416807.43,1.988821E+08,389964.30,37192.49,1.772348E+07,34751.85
1737900959,420167.56,2.030838E+08,390545.13,37440.01,1.809788E+07,34803.55
1737900969,442034.92,2.075042E+08,391516.63,39277.49,1.849065E+07,34887.96
1737900979,365047.57,2.111546E+08,391026.47,32617.51,1.881682E+07,34845.92
1737900989,429277.48,2.154474E+08,391721.94,38280.00,1.919962E+07,34908.35
1737900999,404405.01,2.194914E+08,391948.42,36052.50,1.956015E+07,34928.79
1737901009,427134.87,2.237628E+08,392565.73,38024.99,1.994040E+07,34983.11
1737901019,438880.09,2.281516E+08,393364.25,39142.51,2.033182E+07,35054.82
1737901029,351542.55,2.316670E+08,392655.41,31215.00,2.064398E+07,34989.74
1737901039,286777.42,2.345348E+08,390890.78,25664.99,2.090062E+07,34834.33
1737901049,407840.02,2.386132E+08,391168.63,36217.50,2.126280E+07,34857.00
1737901059,418150.10,2.427947E+08,391603.82,37290.01,2.163570E+07,34896.24
1737901069,397667.41,2.467714E+08,391700.06,35392.49,2.198962E+07,34904.12
1737901079,372257.52,2.504940E+08,391396.27,33202.50,2.232165E+07,34877.53
1737901089,421255.08,2.547065E+08,391855.64,37605.01,2.269770E+07,34919.49
1737901099,411299.98,2.588195E+08,392150.25,36600.00,2.306370E+07,34944.95
1737901109,360959.98,2.624291E+08,391684.72,32160.00,2.338530E+07,34903.39
1737901119,263670.01,2.650658E+08,389802.16,23610.00,2.362140E+07,34737.31
1737901129,283220.02,2.678980E+08,388257.49,25237.50,2.387378E+07,34599.63
1737901139,273459.98,2.706326E+08,386617.53,24330.00,2.411708E+07,34452.92
1737901149,310849.95,2.737411E+08,385550.38,27622.50,2.439330E+07,34356.72
1737901159,322037.48,2.769615E+08,384668.26,28762.50,2.468092E+07,34279.02
1737901169,406317.32,2.810246E+08,384964.82,36089.98,2.504182E+07,34303.83
1737901179,389460.20,2.849192E+08,385025.57,34770.02,2.538952E+07,34310.13
1737901189,410760.01,2.890268E+08,385368.69,36540.00,2.575492E+07,34339.86
1737901199,429424.92,2.933211E+08,385948.38,38317.49,2.613810E+07,34392.20
1737901209,321565.07,2.965368E+08,385112.23,28597.51,2.642408E+07,34316.94
1737901219,318504.95,2.997218E+08,384258.30,28515.00,2.670922E+07,34242.56
1737901229,417225.14,3.038940E+08,384675.60,37050.01,2.707972E+07,34278.10
1737901239,406934.97,3.079634E+08,384953.84,36390.00,2.744362E+07,34304.49
1737901249,417832.53,3.121417E+08,385359.75,37125.00,2.781488E+07,34339.32
1737901259,340042.47,3.155422E+08,384807.10,30337.50,2.811825E+07,34290.51
1737901269,427662.43,3.198188E+08,385323.43,38077.49,2.849902E+07,34336.14
1737901279,410295.11,3.239217E+08,385620.71,36570.01,2.886472E+07,34362.73
1737901289,429439.98,3.282161E+08,386136.23,38235.00,2.924708E+07,34408.29
1737901299,363622.49,3.318524E+08,385874.44,32400.00,2.957108E+07,34384.94
1737901309,406354.97,3.359159E+08,386109.85,36322.50,2.993430E+07,34407.21
1737901319,436810.05,3.402840E+08,386685.99,38940.00,3.032370E+07,34458.72
1737901329,426639.97,3.445504E+08,387134.91,37950.00,3.070320E+07,34497.94
1737901339,396827.49,3.485187E+08,387242.60,35407.50,3.105728E+07,34508.05
1737901349,235132.48,3.508700E+08,385571.07,20977.50,3.126705E+07,34359.36
1737901359,397480.02,3.548448E+08,385700.51,35430.00,3.162135E+07,34371.00
1737901369,424960.03,3.590944E+08,386122.66,37785.00,3.199920E+07,34407.71
1737901379,410977.54,3.632042E+08,386387.07,36562.50,3.236482E+07,34430.63
1737901389,405147.50,3.672556E+08,386584.55,36165.00,3.272648E+07,34448.89
1737901399,343029.98,3.706860E+08,386130.85,30630.00,3.303278E+07,34409.11
1737901409,423895.00,3.749249E+08,386520.18,37672.50,3.340950E+07,34442.75
1737901419,396392.38,3.788888E+08,386620.91,35347.49,3.376298E+07,34451.99
1737901429,427872.59,3.831676E+08,387037.60,38107.51,3.414405E+07,34488.91
1737901439,414812.56,3.873157E+08,387315.34,37087.51,3.451492E+07,34514.90
1737901449,318142.40,3.904971E+08,386630.46,28237.49,3.479730E+07,34452.74
1737901459,423849.84,3.947356E+08,386995.36,37829.99,3.517560E+07,34485.85
1737901469,400310.05,3.987387E+08,387124.63,35610.00,3.553170E+07,34496.77
1737901479,423850.21,4.029772E+08,387477.76,37830.02,3.591000E+07,34528.82
1737901489,409769.98,4.070749E+08,387690.07,36405.00,3.627405E+07,34546.69
1737901499,350569.91,4.105806E+08,387339.88,31372.49,3.658778E+07,34516.74
1737901509,401342.42,4.145940E+08,387470.74,35639.99,3.694418E+07,34527.24
1737901519,435007.66,4.189441E+08,387910.90,38775.01,3.733192E+07,34566.57
1737901529,405837.43,4.230025E+08,388075.36,36179.99,3.769372E+07,34581.37
1737901539,435322.68,4.273557E+08,388504.88,38752.52,3.808125E+07,34619.29
1737901549,372467.40,4.310804E+08,388360.40,33217.49,3.841342E+07,34606.66
1737901559,421247.58,4.352928E+08,388654.03,37605.01,3.878948E+07,34633.43
1737901569,426589.99,4.395588E+08,388989.75,37920.00,3.916868E+07,34662.52
1737901579,416844.99,4.437272E+08,389234.09,37282.50,3.954150E+07,34685.50
1737901589,336545.03,4.470926E+08,388775.93,29955.00,3.984105E+07,34644.37
1737901599,436914.98,4.514618E+08,389190.92,38947.50,4.023052E+07,34681.46
1737901609,427780.01,4.557396E+08,389520.74,38107.50,4.061160E+07,34710.74
1737901619,326689.90,4.590065E+08,388988.28,29092.49,4.090252E+07,34663.13
1737901629,240510.00,4.614116E+08,387740.56,21510.00,4.111762E+07,34552.60
1737901639,402792.45,4.654395E+08,387865.99,35842.50,4.147605E+07,34563.35
1737901649,317167.53,4.686112E+08,387281.71,28290.00,4.175895E+07,34511.50
1737901659,416775.05,4.727790E+08,387523.46,37050.00,4.212945E+07,34532.31
1737901669,405012.57,4.768291E+08,387665.65,36142.51,4.249088E+07,34545.40
1737901679,414092.46,4.809700E+08,387878.77,36945.00,4.286032E+07,34564.75
1737901689,416070.02,4.851307E+08,388104.29,36922.50,4.322955E+07,34583.62
1737901699,447619.93,4.896069E+08,388576.64,40034.99,4.362990E+07,34626.88
1737901709,428292.58,4.938898E+08,388889.36,38167.51,4.401158E+07,34654.76
1737901719,371574.90,4.976056E+08,388754.10,33104.99,4.434262E+07,34642.65
1737901729,432852.61,5.019341E+08,389095.94,38422.51,4.472685E+07,34671.95
1737901739,430279.95,5.062369E+08,389412.74,38445.00,4.511130E+07,34700.98
1737901749,426425.01,5.105012E+08,389695.28,37897.50,4.549028E+07,34725.38
1737901759,402162.47,5.145228E+08,389789.73,35895.00,4.584922E+07,34734.24
1737901769,316507.53,5.176878E+08,389238.73,28140.00,4.613062E+07,34684.66
1737901779,270437.53,5.203922E+08,388352.16,24255.00,4.637318E+07,34606.82
1737901789,314962.47,5.235418E+08,387808.53,28057.50,4.665375E+07,34558.31
1737901799,281214.79,5.263540E+08,387024.75,25004.98,4.690380E+07,34488.07
1737901809,321790.25,5.295719E+08,386548.59,28590.02,4.718970E+07,34445.02
1737901819,370112.50,5.332730E+08,386429.49,33007.50,4.751978E+07,34434.60
1737901829,410017.38,5.373732E+08,386599.19,36644.99,4.788622E+07,34450.50
1737901839,384282.62,5.412160E+08,386582.64,34155.01,4.822778E+07,34448.39
1737901849,397564.94,5.451917E+08,386660.53,35497.49,4.858275E+07,34455.83
1737901859,359262.49,5.487843E+08,386467.58,31935.00,4.890210E+07,34438.08
1737901869,401209.13,5.527964E+08,386570.67,35872.42,4.926082E+07,34448.11
1737901879,408395.88,5.568804E+08,386722.24,36225.08,4.962308E+07,34460.45
1737901889,384044.93,5.607208E+08,386703.77,34372.49,4.996680E+07,34459.84
1737901899,420400.14,5.649248E+08,386934.57,37455.01,5.034135E+07,34480.36
1737901909,351977.51,5.684446E+08,386696.77,31267.50,5.065402E+07,34458.50
1737901919,385019.93,5.722948E+08,386685.44,34319.99,5.099722E+07,34457.56
1737901929,393842.56,5.762332E+08,386733.47,35190.01,5.134912E+07,34462.48
1737901939,423475.04,5.804680E+08,386978.41,37575.00,5.172488E+07,34483.23

Summary:
loaded 581760000 metrics in 1503.411sec with 10 workers (mean rate 386959.93 metrics/sec)
loaded 51840000 rows in 1503.411sec with 10 workers (mean rate 34481.58 rows/sec)
Run complete after 691200 queries with 10 workers (Overall query rate 459.75 queries/sec):
          :
min:     0.86ms, med:     8.22ms, mean:    13.45ms, max: 2921.47ms, stddev:    21.82ms, sum: 9296.1sec, count: 691200
all queries:
min:     0.86ms, med:     8.22ms, mean:    13.45ms, max: 2921.47ms, stddev:    21.82ms, sum: 9296.1sec, count: 691200
Saving Response Latencies to /home/benchUser/results/latenciesInserts_other.csv
