time,per. metric/s,metric total,overall metric/s,per. row/s,row total,overall row/s
1738999232,196587.81,1.966125E+06,196587.81,17630.29,1.763250E+05,17630.29
1738999242,436117.44,6.327300E+06,316345.12,38857.49,5.649000E+05,28243.22
1738999252,441677.34,1.074408E+07,358120.79,39262.49,9.575250E+05,31916.16
1738999262,453530.23,1.527938E+07,381972.38,40410.02,1.361625E+06,34039.56
1738999272,436477.49,1.964415E+07,392873.13,38902.50,1.750650E+06,35012.12
1738999282,351904.95,2.316320E+07,386045.24,31485.00,2.065500E+06,34424.28
1738999292,442600.08,2.758920E+07,394124.36,39435.01,2.459850E+06,35140.08
1738999302,447909.99,3.206830E+07,400847.46,39825.00,2.858100E+06,35725.69
1738999312,438539.97,3.645370E+07,405035.46,39060.00,3.248700E+06,36096.16
1738999322,450027.48,4.095398E+07,409534.60,40132.50,3.650025E+06,36499.79
1738999332,401562.56,4.496960E+07,408809.88,35887.50,4.008900E+06,36444.13
1738999342,453199.92,4.950160E+07,412509.01,40364.99,4.412550E+06,36770.86
1738999352,432567.56,5.382728E+07,414051.96,38437.51,4.796925E+06,36899.07
1738999362,425164.94,5.807892E+07,414845.74,37934.99,5.176275E+06,36973.06
1738999372,439447.52,6.247340E+07,416485.84,39112.50,5.567400E+06,37115.69
1738999382,354237.53,6.601578E+07,412595.36,31537.50,5.882775E+06,36767.06
1738999392,445892.50,7.047470E+07,414554.00,39772.50,6.280500E+06,36943.84
1738999402,438842.40,7.486312E+07,415903.34,39217.49,6.672675E+06,37070.16
1738999412,457827.63,7.944140E+07,418109.87,40672.51,7.079400E+06,37259.75
1738999422,444452.52,8.388592E+07,419426.99,39607.50,7.475475E+06,37377.14
1738999432,350967.42,8.739560E+07,416167.03,31379.99,7.789275E+06,37091.56
1738999442,434337.58,9.173898E+07,416992.96,38670.01,8.175975E+06,37163.31
1738999452,443064.97,9.616962E+07,418126.52,39420.00,8.570175E+06,37261.43
1738999462,435232.53,1.005220E+08,418839.27,38730.00,8.957475E+06,37322.62
1738999472,437647.51,1.048984E+08,419591.59,39067.50,9.348150E+06,37392.41
1738999482,399117.43,1.088896E+08,418804.13,35639.99,9.704550E+06,37325.01
1738999492,441209.95,1.133017E+08,419633.97,39240.00,1.009695E+07,37395.94
1738999502,311947.57,1.164212E+08,415788.05,27787.51,1.037482E+07,37052.78
1738999512,427310.03,1.206943E+08,416185.35,38130.00,1.075612E+07,37089.93
1738999522,376007.50,1.244544E+08,414846.10,33480.00,1.109092E+07,36969.60
1738999532,447799.89,1.289324E+08,415909.12,39944.99,1.149038E+07,37065.58
1738999542,458624.98,1.335186E+08,417243.98,40875.00,1.189912E+07,37184.62
1738999552,437100.14,1.378896E+08,417845.68,38977.51,1.228890E+07,37238.95
1738999562,436019.98,1.422498E+08,418380.22,38850.00,1.267740E+07,37286.33
1738999572,385422.40,1.461040E+08,417438.57,34237.49,1.301978E+07,37199.22
1738999582,430229.99,1.504063E+08,417793.89,38422.50,1.340400E+07,37233.20
1738999592,454482.59,1.549512E+08,418785.47,40485.01,1.380885E+07,37321.09
1738999602,231725.02,1.572684E+08,413862.84,20640.00,1.401525E+07,36882.12
1738999612,359742.50,1.608658E+08,412475.15,31972.50,1.433498E+07,36756.23
1738999622,447197.51,1.653378E+08,413343.20,39892.50,1.473390E+07,36834.63
1738999632,429169.94,1.696295E+08,413729.22,38279.99,1.511670E+07,36869.89
1738999642,443237.51,1.740619E+08,414431.80,39442.50,1.551112E+07,36931.14
1738999652,357885.02,1.776407E+08,413116.76,31995.00,1.583108E+07,36816.35
1738999662,452877.51,1.821695E+08,414020.41,40335.00,1.623442E+07,36896.32
1738999672,460530.00,1.867748E+08,415053.95,41055.00,1.664498E+07,36988.73
1738999682,450639.99,1.912812E+08,415827.56,40102.50,1.704600E+07,37056.42
1738999692,460169.98,1.958829E+08,416771.01,40995.00,1.745595E+07,37140.22
1738999702,364449.88,1.995274E+08,415680.99,32497.49,1.778092E+07,37043.50
1738999712,425020.10,2.037776E+08,415871.59,37747.51,1.815840E+07,37057.86
1738999722,445637.58,2.082340E+08,416466.90,39742.51,1.855582E+07,37111.56
1738999732,452426.50,2.127582E+08,417171.99,40312.41,1.895895E+07,37174.32
1738999742,450440.99,2.172626E+08,417811.78,40162.59,1.936058E+07,37231.79
1738999752,405934.94,2.213220E+08,417587.69,36142.50,1.972200E+07,37211.23
1738999762,438760.08,2.257096E+08,417979.77,39210.01,2.011410E+07,37248.25
1738999772,445720.00,2.301668E+08,418484.14,39742.50,2.051152E+07,37293.60
1738999782,269872.45,2.328655E+08,415830.36,23902.50,2.075055E+07,37054.47
1738999792,315877.55,2.360243E+08,414076.81,28140.00,2.103195E+07,36898.08
1738999802,355902.49,2.395833E+08,413073.80,31732.50,2.134928E+07,36809.02
1738999812,324759.99,2.428309E+08,411576.96,29025.00,2.163952E+07,36677.08
1738999822,314797.47,2.459789E+08,409963.97,28042.50,2.191995E+07,36533.17
1738999832,389755.06,2.498764E+08,409632.68,34800.01,2.226795E+07,36504.76
1738999842,387472.48,2.537512E+08,409275.26,34507.50,2.261302E+07,36472.55
1738999852,433377.49,2.580850E+08,409657.83,38482.50,2.299785E+07,36504.45
1738999862,423784.98,2.623228E+08,409878.57,37912.50,2.337698E+07,36526.45
1738999872,425739.98,2.665802E+08,410122.59,37852.50,2.375550E+07,36546.85
1738999882,367060.03,2.702508E+08,409470.13,32767.50,2.408318E+07,36489.59
1738999892,456132.46,2.748121E+08,410166.58,40530.00,2.448848E+07,36549.89
1738999902,429597.50,2.791081E+08,410452.33,38362.50,2.487210E+07,36576.55
1738999912,426672.47,2.833748E+08,410687.40,37927.50,2.525138E+07,36596.13
1738999922,415232.53,2.875272E+08,410752.33,37147.50,2.562285E+07,36604.01
1738999932,357897.32,2.911061E+08,410007.90,31822.48,2.594108E+07,36536.66
1738999942,426207.72,2.953682E+08,410232.90,38047.52,2.632155E+07,36557.64
1738999952,425972.57,2.996279E+08,410448.51,37882.51,2.670038E+07,36575.79
1738999962,443064.99,3.040586E+08,410889.27,39405.00,2.709442E+07,36614.03
1738999972,405027.43,3.081088E+08,410811.11,36149.99,2.745592E+07,36607.84
1738999982,259085.02,3.106997E+08,408814.72,23122.50,2.768715E+07,36430.40
1738999992,309510.00,3.137948E+08,407525.05,27637.50,2.796352E+07,36316.21
1739000002,438165.01,3.181764E+08,407917.87,38962.50,2.835315E+07,36350.13
1739000012,425735.00,3.224338E+08,408143.40,38025.00,2.873340E+07,36371.33
1739000022,433849.95,3.267723E+08,408464.73,38550.00,2.911890E+07,36398.57
1739000032,333697.45,3.301093E+08,407541.68,29842.50,2.941732E+07,36317.63
1739000042,429312.48,3.344024E+08,407807.18,38242.50,2.979975E+07,36341.10
1739000052,440280.09,3.388052E+08,408198.42,39105.01,3.019080E+07,36374.40
1739000062,422840.04,3.430336E+08,408372.72,37800.00,3.056880E+07,36391.37
1739000072,358212.54,3.466157E+08,407782.60,31867.50,3.088748E+07,36338.15
1739000082,261402.45,3.492298E+08,406080.51,23257.50,3.112005E+07,36186.05
1739000092,429170.03,3.535214E+08,406345.91,38272.50,3.150278E+07,36210.03
1739000102,435884.52,3.578803E+08,406681.57,38812.46,3.189090E+07,36239.61
1739000112,423530.52,3.621156E+08,406870.89,37837.55,3.226928E+07,36257.56
1739000122,407674.91,3.661924E+08,406879.82,36179.99,3.263108E+07,36256.70
1739000132,381275.06,3.700051E+08,406598.45,34057.51,3.297165E+07,36232.53
1739000142,452712.47,3.745322E+08,407099.69,40357.50,3.337522E+07,36277.37
1739000152,437237.53,3.789046E+08,407423.75,38985.00,3.376508E+07,36306.48
1739000162,428059.98,3.831852E+08,407643.29,38137.50,3.414645E+07,36325.96
1739000172,383750.01,3.870227E+08,407391.78,34125.00,3.448770E+07,36302.79
1739000182,415064.94,3.911734E+08,407471.71,37012.49,3.485782E+07,36310.19
1739000192,440019.95,3.955736E+08,407807.25,39262.50,3.525045E+07,36340.62
1739000202,427685.16,3.998504E+08,408010.09,38130.01,3.563175E+07,36358.88
1739000212,433167.43,4.041821E+08,408264.20,38527.49,3.601702E+07,36380.79
1739000222,379107.52,4.079732E+08,407972.64,33742.50,3.635445E+07,36354.40
1739000232,429401.62,4.122672E+08,408184.81,38332.42,3.673778E+07,36373.99
1739000242,397003.31,4.162372E+08,408075.18,35407.57,3.709185E+07,36364.51
1739000252,452120.03,4.207584E+08,408502.80,40275.00,3.749460E+07,36402.48
1739000262,431179.98,4.250702E+08,408720.85,38400.00,3.787860E+07,36421.69
1739000272,417640.01,4.292466E+08,408805.80,37252.50,3.825112E+07,36429.60
1739000282,402670.00,4.332733E+08,408747.91,35842.50,3.860955E+07,36424.06
1739000292,426792.50,4.375412E+08,408916.55,37942.50,3.898898E+07,36438.25
1739000302,424797.48,4.417892E+08,409063.60,37980.00,3.936878E+07,36452.53
1739000312,427999.95,4.460692E+08,409237.33,38145.00,3.975022E+07,36468.05
1739000322,376930.06,4.498385E+08,408943.62,33547.51,4.008570E+07,36441.50
1739000332,450859.97,4.543471E+08,409321.25,40080.00,4.048650E+07,36474.28
1739000342,408329.99,4.584304E+08,409312.40,36525.00,4.085175E+07,36474.74
1739000352,427512.52,4.627055E+08,409473.46,38107.50,4.123282E+07,36489.19
1739000362,290144.98,4.656070E+08,408426.72,25860.00,4.149142E+07,36395.95
1739000372,386022.55,4.694672E+08,408231.90,34297.50,4.183440E+07,36377.70
1739000382,419109.98,4.736583E+08,408325.68,37290.00,4.220730E+07,36385.56
1739000392,340702.48,4.770653E+08,407747.70,30435.00,4.251165E+07,36334.70
1739000402,256947.51,4.796348E+08,406469.74,22815.00,4.273980E+07,36220.13
1739000412,402004.89,4.836548E+08,406432.22,35894.99,4.309875E+07,36217.40
1739000422,431825.14,4.879731E+08,406643.82,38490.01,4.348365E+07,36236.34
1739000432,340869.97,4.913818E+08,406100.24,30427.50,4.378792E+07,36188.33
1739000442,264387.55,4.940257E+08,404938.66,23460.00,4.402252E+07,36084.00
1739000452,324032.40,4.972660E+08,404280.89,28927.49,4.431180E+07,36025.82
1739000462,318160.08,5.004476E+08,403586.37,28402.51,4.459582E+07,35964.34
1739000472,383915.01,5.042868E+08,403428.99,34102.50,4.493685E+07,35949.44
1739000482,358042.45,5.078672E+08,403068.78,32017.50,4.525702E+07,35918.24
1739000492,430077.48,5.121680E+08,403281.45,38302.50,4.564005E+07,35937.01
1739000502,435405.07,5.165220E+08,403532.42,38827.51,4.602832E+07,35959.59
1739000512,425589.95,5.207779E+08,403703.41,37852.50,4.640685E+07,35974.27
1739000522,423410.01,5.250120E+08,403854.99,37785.00,4.678470E+07,35988.20
1739000532,323319.92,5.282452E+08,403240.22,28807.49,4.707278E+07,35933.38
1739000542,440707.62,5.326523E+08,403524.07,39195.01,4.746472E+07,35958.09
1739000552,424744.98,5.368997E+08,403683.62,37875.00,4.784348E+07,35972.50
1739000562,430999.98,5.412097E+08,403887.48,38340.00,4.822688E+07,35990.17
1739000572,386085.01,5.450706E+08,403755.61,34417.50,4.857105E+07,35978.52
1739000582,441017.47,5.494808E+08,404029.59,39420.00,4.896525E+07,36003.83
1739000592,439860.03,5.538794E+08,404291.13,39060.00,4.935585E+07,36026.13
1739000602,422724.84,5.581066E+08,404424.70,37724.99,4.973310E+07,36038.45
1739000612,429660.17,5.624032E+08,404606.25,38340.01,5.011650E+07,36055.00
1739000622,401004.95,5.664132E+08,404580.53,35602.50,5.047252E+07,36051.77
1739000632,426785.05,5.706811E+08,404738.01,38077.50,5.085330E+07,36066.14
1739000642,434925.04,5.750304E+08,404950.59,38835.00,5.124165E+07,36085.64
1739000652,460904.99,5.796394E+08,405341.88,41047.50,5.165212E+07,36120.34

Summary:
loaded 581760000 metrics in 1435.276sec with 10 workers (mean rate 405329.58 metrics/sec)
loaded 51840000 rows in 1435.276sec with 10 workers (mean rate 36118.48 rows/sec)
Run complete after 691200 queries with 10 workers (Overall query rate 481.58 queries/sec):
          :
min:     0.77ms, med:    14.06ms, mean:    14.24ms, max: 3428.48ms, stddev:    21.66ms, sum: 9841.1sec, count: 691200
all queries:
min:     0.77ms, med:    14.06ms, mean:    14.24ms, max: 3428.48ms, stddev:    21.66ms, sum: 9841.1sec, count: 691200
Saving Response Latencies to /home/benchUser/results/latenciesInserts_other.csv
