time,per. metric/s,metric total,overall metric/s,per. row/s,row total,overall row/s
1738999232,213815.90,2.138400E+06,213815.90,19197.84,1.920000E+05,19197.84
1738999242,437400.01,6.512400E+06,325601.66,38992.50,5.819250E+05,29094.61
1738999252,438862.47,1.090102E+07,363353.85,38985.00,9.717750E+05,32391.28
1738999262,439777.62,1.529880E+07,382459.25,39262.51,1.364400E+06,34109.04
1738999272,444130.04,1.974010E+07,394793.13,39570.00,1.760100E+06,35201.21
1738999282,448129.97,2.422140E+07,403682.43,39930.00,2.159400E+06,35989.33
1738999292,441760.00,2.863900E+07,409122.00,39397.50,2.553375E+06,36476.20
1738999302,342697.54,3.206598E+07,400819.06,30465.00,2.858025E+06,35724.81
1738999312,438007.33,3.644605E+07,404951.04,38969.98,3.247725E+06,36085.38
1738999322,440515.15,4.085120E+07,408507.41,39412.51,3.641850E+06,36418.09
1738999332,446829.86,4.531950E+07,411991.23,39704.99,4.038900E+06,36716.90
1738999342,334355.03,4.866305E+07,405521.61,29827.50,4.337175E+06,36142.79
1738999352,443702.49,5.310008E+07,408458.58,39495.00,4.732125E+06,36400.65
1738999362,440312.44,5.750320E+07,410733.83,39337.50,5.125500E+06,36610.42
1738999372,449230.13,6.199550E+07,413300.23,39975.01,5.525250E+06,36834.72
1738999382,445307.42,6.644858E+07,415300.67,39712.49,5.922375E+06,37014.58
1738999392,399507.53,7.044365E+07,414371.67,35557.50,6.277950E+06,36928.87
1738999402,449607.48,7.493972E+07,416329.20,40132.50,6.679275E+06,37106.85
1738999412,444227.26,7.938200E+07,417797.51,39577.48,7.075050E+06,37236.88
1738999422,442950.31,8.381150E+07,419055.14,39420.03,7.469250E+06,37346.04
1738999432,370465.04,8.751615E+07,416741.34,32940.00,7.798650E+06,37136.23
1738999442,436897.49,9.188512E+07,417657.52,38962.50,8.188275E+06,37219.24
1738999452,435517.49,9.624030E+07,418434.04,38767.50,8.575950E+06,37286.56
1738999462,453387.46,1.007742E+08,419890.43,40447.50,8.980425E+06,37418.26
1738999472,436627.50,1.051404E+08,420559.91,38925.00,9.369675E+06,37478.53
1738999482,395875.02,1.090992E+08,419610.49,35272.50,9.722400E+06,37393.68
1738999492,435689.95,1.134561E+08,420206.03,38790.00,1.011030E+07,37445.40
1738999502,304122.52,1.164973E+08,416060.20,27157.50,1.038188E+07,37077.98
1738999512,401569.98,1.205130E+08,415560.54,35850.00,1.074038E+07,37035.63
1738999522,395297.55,1.244660E+08,414885.11,35197.50,1.109235E+07,36974.36
1738999532,440917.48,1.288752E+08,415724.86,39172.50,1.148408E+07,37045.27
1738999542,451939.95,1.333946E+08,416856.58,40297.50,1.188705E+07,37146.90
1738999552,449255.03,1.378871E+08,417838.35,40162.50,1.228868E+07,37238.28
1738999562,441195.01,1.422991E+08,418525.31,39165.00,1.268032E+07,37294.95
1738999572,344087.55,1.457400E+08,416398.52,30772.50,1.298805E+07,37108.60
1738999582,448734.81,1.502273E+08,417296.75,39929.98,1.338735E+07,37186.97
1738999592,458085.11,1.548082E+08,418399.13,40770.01,1.379505E+07,37283.81
1738999602,481260.08,1.596208E+08,420053.36,43020.01,1.422525E+07,37434.76
1738999612,444452.49,1.640653E+08,420678.98,39607.50,1.462132E+07,37490.47
1738999622,335232.38,1.674176E+08,418542.82,29707.49,1.491840E+07,37295.89
1738999632,472340.13,1.721410E+08,419854.95,42232.51,1.534072E+07,37416.30
1738999642,433962.55,1.764806E+08,420190.84,38565.00,1.572638E+07,37443.65
1738999652,434587.42,1.808265E+08,420525.64,38714.99,1.611352E+07,37473.22
1738999662,400384.97,1.848304E+08,420067.90,35812.50,1.647165E+07,37435.47
1738999672,440625.10,1.892366E+08,420524.73,39105.01,1.686270E+07,37472.57
1738999682,462315.00,1.938598E+08,421433.21,41272.50,1.727542E+07,37555.18
1738999692,335212.45,1.972119E+08,419598.73,29910.00,1.757452E+07,37392.52
1738999702,253809.98,1.997500E+08,416144.80,22530.00,1.779982E+07,37082.88
1738999712,373337.61,2.034834E+08,415271.19,33352.51,1.813335E+07,37006.75
1738999722,435292.44,2.078363E+08,415671.61,38737.50,1.852072E+07,37041.37
1738999732,459667.51,2.124330E+08,416534.28,40912.50,1.892985E+07,37117.27
1738999742,395687.53,2.163898E+08,416133.38,35250.00,1.928235E+07,37081.36
1738999752,458189.96,2.209717E+08,416926.90,40912.50,1.969148E+07,37153.65
1738999762,455974.99,2.255315E+08,417650.01,40605.00,2.009752E+07,37217.56
1738999772,439892.48,2.299304E+08,418054.42,39277.50,2.049030E+07,37255.01
1738999782,287577.43,2.328062E+08,415724.48,25597.49,2.074628E+07,37046.85
1738999792,324522.37,2.360514E+08,414124.44,28934.99,2.103562E+07,36904.53
1738999802,339765.07,2.394490E+08,412842.39,30292.51,2.133855E+07,36790.53
1738999812,336942.69,2.428185E+08,411555.95,29917.52,2.163772E+07,36674.04
1738999822,317747.48,2.459960E+08,409992.48,28432.50,2.192205E+07,36536.68
1738999832,392070.02,2.499166E+08,409698.67,34777.50,2.226982E+07,36507.84
1738999842,372130.00,2.536380E+08,409092.73,33165.00,2.260148E+07,36453.93
1738999852,440124.97,2.580392E+08,409585.30,39382.50,2.299530E+07,36500.41
1738999862,433130.04,2.623705E+08,409953.19,38460.00,2.337990E+07,36531.03
1738999872,422389.96,2.665944E+08,410144.52,37740.00,2.375730E+07,36549.63
1738999882,434764.91,2.709420E+08,410517.56,38677.49,2.414408E+07,36581.87
1738999892,331685.12,2.742589E+08,409340.96,29587.51,2.443995E+07,36477.48
1738999902,452165.00,2.787806E+08,409970.72,40267.50,2.484262E+07,36533.21
1738999912,435397.44,2.831345E+08,410339.22,38744.99,2.523008E+07,36565.27
1738999922,432427.56,2.874588E+08,410654.77,38655.01,2.561662E+07,36595.12
1738999932,425064.98,2.917094E+08,410857.73,37815.00,2.599478E+07,36612.30
1738999942,428194.95,2.959914E+08,411098.52,38152.50,2.637630E+07,36633.69
1738999952,333412.54,2.993255E+08,410034.33,29797.50,2.667428E+07,36540.05
1738999962,441142.45,3.037370E+08,410454.71,39157.50,2.706585E+07,36575.42
1738999972,431872.40,3.080557E+08,410740.28,38617.49,2.745202E+07,36602.64
1738999982,459472.57,3.126504E+08,411381.50,40927.51,2.786130E+07,36659.55
1738999992,375775.01,3.164082E+08,410919.07,33375.00,2.819505E+07,36616.89
1739000002,423312.59,3.206413E+08,411077.97,37807.51,2.857312E+07,36632.16
1739000012,437212.52,3.250134E+08,411408.78,38985.00,2.896298E+07,36661.94
1739000022,425184.89,3.292652E+08,411580.98,37754.99,2.934052E+07,36675.60
1739000032,429905.06,3.335643E+08,411807.21,38392.51,2.972445E+07,36696.80
1739000042,356827.38,3.371326E+08,411136.72,31844.99,3.004290E+07,36637.63
1739000052,427112.68,3.414037E+08,411329.20,38025.02,3.042315E+07,36654.35
1739000062,441100.01,3.458147E+08,411683.62,39255.00,3.081570E+07,36685.31
1739000072,328142.41,3.490961E+08,410700.78,29347.49,3.110918E+07,36598.98
1739000082,287685.02,3.519730E+08,409270.37,25485.00,3.136402E+07,36469.75
1739000092,446477.52,3.564378E+08,409698.03,39892.50,3.176295E+07,36509.09
1739000102,414265.08,3.605804E+08,409749.93,36952.51,3.213248E+07,36514.13
1739000112,430849.67,3.648889E+08,409987.01,38264.97,3.251512E+07,36533.80
1739000122,250172.62,3.673906E+08,408211.29,22305.01,3.273818E+07,36375.70
1739000132,301472.56,3.704054E+08,407038.34,26887.51,3.300705E+07,36271.44
1739000142,411869.96,3.745240E+08,407090.86,36690.00,3.337395E+07,36275.99
1739000152,442097.53,3.789450E+08,407467.28,39382.50,3.376778E+07,36309.39
1739000162,407917.53,3.830242E+08,407472.07,36435.00,3.413212E+07,36310.73
1739000172,411184.96,3.871360E+08,407511.15,36615.00,3.449828E+07,36313.93
1739000182,434864.92,3.914847E+08,407796.08,38662.49,3.488490E+07,36338.39
1739000192,425742.63,3.957421E+08,407981.10,38017.51,3.526508E+07,36355.71
1739000202,413550.01,3.998776E+08,408037.93,36772.50,3.563280E+07,36359.96
1739000212,432472.44,4.042024E+08,408284.74,38684.99,3.601965E+07,36383.44
1739000222,360447.50,4.078068E+08,407806.37,31972.50,3.633938E+07,36339.33
1739000232,446372.44,4.122706E+08,408188.21,39877.49,3.673815E+07,36374.37
1739000242,431100.00,4.165816E+08,408412.83,38430.00,3.712245E+07,36394.52
1739000252,426455.05,4.208461E+08,408588.00,38025.00,3.750270E+07,36410.35
1739000262,429350.00,4.251396E+08,408787.63,38257.50,3.788528E+07,36428.11
1739000272,369940.05,4.288390E+08,408417.66,32940.00,3.821468E+07,36394.89
1739000282,452169.93,4.333607E+08,408830.42,40282.49,3.861750E+07,36431.57
1739000292,435435.00,4.377150E+08,409079.06,38767.50,3.900518E+07,36453.40
1739000302,428990.00,4.420050E+08,409263.42,38257.50,3.938775E+07,36470.10
1739000312,431100.01,4.463160E+08,409463.75,38430.00,3.977205E+07,36488.08
1739000322,353404.98,4.498500E+08,408954.13,31500.00,4.008705E+07,36442.74
1739000332,434285.05,4.541928E+08,409182.33,38610.00,4.047315E+07,36462.26
1739000342,441204.86,4.586049E+08,409468.25,39352.49,4.086668E+07,36488.07
1739000352,433289.97,4.629378E+08,409679.06,38655.00,4.125322E+07,36507.24
1739000362,253240.07,4.654702E+08,408306.79,22537.51,4.147860E+07,36384.70
1739000372,393932.44,4.694095E+08,408181.80,35167.49,4.183028E+07,36374.12
1739000382,457932.56,4.739888E+08,408610.68,40687.51,4.223715E+07,36411.30
1739000392,444347.55,4.784323E+08,408916.12,39592.50,4.263308E+07,36438.49
1739000402,436424.93,4.827966E+08,409149.25,38894.99,4.302202E+07,36459.31
1739000412,334942.54,4.861460E+08,408525.66,29940.00,4.332142E+07,36404.52
1739000422,435599.99,4.905020E+08,408751.28,38835.00,4.370978E+07,36424.78
1739000432,378972.49,4.942917E+08,408505.18,33750.00,4.404728E+07,36402.67
1739000442,291247.51,4.972042E+08,407544.05,25972.50,4.430700E+07,36317.18
1739000452,331460.02,5.005188E+08,406925.48,29542.50,4.460242E+07,36262.10
1739000462,305642.43,5.035752E+08,406108.68,27179.99,4.487422E+07,36188.86
1739000472,371937.55,5.072946E+08,405835.31,33150.00,4.520572E+07,36164.55
1739000482,426257.53,5.115572E+08,405997.40,37890.00,4.558462E+07,36178.24
1739000492,415127.48,5.157084E+08,406069.29,37132.50,4.595595E+07,36185.76
1739000502,243030.03,5.181388E+08,404795.54,21637.50,4.617232E+07,36072.10
1739000512,267712.47,5.208159E+08,403732.88,23820.00,4.641052E+07,35977.12
1739000522,435412.54,5.251700E+08,403976.57,38835.00,4.679888E+07,35999.10
1739000532,426800.00,5.294380E+08,404150.80,38017.50,4.717905E+07,36014.51
1739000542,418439.98,5.336224E+08,404259.05,37215.00,4.755120E+07,36023.61
1739000552,363442.31,5.372568E+08,403952.16,32377.48,4.787498E+07,35996.19
1739000562,426777.78,5.415246E+08,404122.50,37972.53,4.825470E+07,36010.94
1739000572,421044.89,5.457350E+08,404247.85,37544.99,4.863015E+07,36022.30
1739000582,428709.46,5.500222E+08,404427.71,38227.23,4.901242E+07,36038.52
1739000592,386822.76,5.538904E+08,404299.21,34440.25,4.935682E+07,36026.85
1739000602,427827.50,5.581686E+08,404469.71,38100.00,4.973782E+07,36041.87
1739000612,419852.57,5.623672E+08,404580.37,37425.01,5.011208E+07,36051.82
1739000622,422732.48,5.665945E+08,404710.03,37762.50,5.048970E+07,36064.04
1739000632,429029.99,5.708848E+08,404882.51,38250.00,5.087220E+07,36079.55
1739000642,362030.00,5.745051E+08,404580.74,32190.00,5.119410E+07,36052.15
1739000652,430199.97,5.788071E+08,404759.89,38422.50,5.157832E+07,36068.73

Summary:
loaded 581760000 metrics in 1436.909sec with 10 workers (mean rate 404869.09 metrics/sec)
loaded 51840000 rows in 1436.909sec with 10 workers (mean rate 36077.44 rows/sec)
Run complete after 691200 queries with 10 workers (Overall query rate 481.03 queries/sec):
          :
min:     0.81ms, med:    13.29ms, mean:    14.03ms, max: 3075.58ms, stddev:    22.84ms, sum: 9695.5sec, count: 691200
all queries:
min:     0.81ms, med:    13.29ms, mean:    14.03ms, max: 3075.58ms, stddev:    22.84ms, sum: 9695.5sec, count: 691200
Saving Response Latencies to /home/benchUser/results/latenciesInserts_latest.csv
