After 500 queries with 10 workers:
Interval query rate: 2.41 queries/sec	Overall query rate: 2.41 queries/sec
VictoriaMetrics mean of 10 metrics, all hosts, random 12h0m0s by 1h:
min:   697.63ms, med:  4110.98ms, mean:  4101.74ms, max: 5260.54ms, stddev:   450.20ms, sum: 2050.9sec, count: 500
all queries                                                        :
min:   697.63ms, med:  4110.98ms, mean:  4101.74ms, max: 5260.54ms, stddev:   450.20ms, sum: 2050.9sec, count: 500

After 1000 queries with 10 workers:
Interval query rate: 2.43 queries/sec	Overall query rate: 2.42 queries/sec
VictoriaMetrics mean of 10 metrics, all hosts, random 12h0m0s by 1h:
min:   697.63ms, med:  4116.48ms, mean:  4111.76ms, max: 5260.54ms, stddev:   399.78ms, sum: 4111.8sec, count: 1000
all queries                                                        :
min:   697.63ms, med:  4116.48ms, mean:  4111.76ms, max: 5260.54ms, stddev:   399.78ms, sum: 4111.8sec, count: 1000

After 1500 queries with 10 workers:
Interval query rate: 2.38 queries/sec	Overall query rate: 2.41 queries/sec
VictoriaMetrics mean of 10 metrics, all hosts, random 12h0m0s by 1h:
min:   697.63ms, med:  4145.53ms, mean:  4139.01ms, max: 5260.54ms, stddev:   386.17ms, sum: 6208.5sec, count: 1500
all queries                                                        :
min:   697.63ms, med:  4145.53ms, mean:  4139.01ms, max: 5260.54ms, stddev:   386.17ms, sum: 6208.5sec, count: 1500

After 2000 queries with 10 workers:
Interval query rate: 2.40 queries/sec	Overall query rate: 2.40 queries/sec
VictoriaMetrics mean of 10 metrics, all hosts, random 12h0m0s by 1h:
min:   697.63ms, med:  4161.79ms, mean:  4149.10ms, max: 5260.54ms, stddev:   384.60ms, sum: 8298.2sec, count: 2000
all queries                                                        :
min:   697.63ms, med:  4161.79ms, mean:  4149.10ms, max: 5260.54ms, stddev:   384.60ms, sum: 8298.2sec, count: 2000

After 2500 queries with 10 workers:
Interval query rate: 2.37 queries/sec	Overall query rate: 2.40 queries/sec
VictoriaMetrics mean of 10 metrics, all hosts, random 12h0m0s by 1h:
min:   697.63ms, med:  4170.37ms, mean:  4163.50ms, max: 5260.54ms, stddev:   388.71ms, sum: 10408.8sec, count: 2500
all queries                                                        :
min:   697.63ms, med:  4170.37ms, mean:  4163.50ms, max: 5260.54ms, stddev:   388.71ms, sum: 10408.8sec, count: 2500

After 3000 queries with 10 workers:
Interval query rate: 2.40 queries/sec	Overall query rate: 2.40 queries/sec
VictoriaMetrics mean of 10 metrics, all hosts, random 12h0m0s by 1h:
min:   697.63ms, med:  4167.68ms, mean:  4165.80ms, max: 5267.20ms, stddev:   383.81ms, sum: 12497.4sec, count: 3000
all queries                                                        :
min:   697.63ms, med:  4167.68ms, mean:  4165.80ms, max: 5267.20ms, stddev:   383.81ms, sum: 12497.4sec, count: 3000

After 3500 queries with 10 workers:
Interval query rate: 2.36 queries/sec	Overall query rate: 2.39 queries/sec
VictoriaMetrics mean of 10 metrics, all hosts, random 12h0m0s by 1h:
min:   697.63ms, med:  4176.00ms, mean:  4175.09ms, max: 5343.49ms, stddev:   384.62ms, sum: 14612.8sec, count: 3500
all queries                                                        :
min:   697.63ms, med:  4176.00ms, mean:  4175.09ms, max: 5343.49ms, stddev:   384.62ms, sum: 14612.8sec, count: 3500

After 4000 queries with 10 workers:
Interval query rate: 2.30 queries/sec	Overall query rate: 2.38 queries/sec
VictoriaMetrics mean of 10 metrics, all hosts, random 12h0m0s by 1h:
min:   697.63ms, med:  4191.61ms, mean:  4196.09ms, max: 5343.49ms, stddev:   386.91ms, sum: 16784.4sec, count: 4000
all queries                                                        :
min:   697.63ms, med:  4191.61ms, mean:  4196.09ms, max: 5343.49ms, stddev:   386.91ms, sum: 16784.4sec, count: 4000

After 4500 queries with 10 workers:
Interval query rate: 2.38 queries/sec	Overall query rate: 2.38 queries/sec
VictoriaMetrics mean of 10 metrics, all hosts, random 12h0m0s by 1h:
min:   697.63ms, med:  4193.02ms, mean:  4196.94ms, max: 5343.49ms, stddev:   388.10ms, sum: 18886.2sec, count: 4500
all queries                                                        :
min:   697.63ms, med:  4193.02ms, mean:  4196.94ms, max: 5343.49ms, stddev:   388.10ms, sum: 18886.2sec, count: 4500

After 5000 queries with 10 workers:
Interval query rate: 2.35 queries/sec	Overall query rate: 2.38 queries/sec
VictoriaMetrics mean of 10 metrics, all hosts, random 12h0m0s by 1h:
min:   697.63ms, med:  4198.65ms, mean:  4203.13ms, max: 5343.49ms, stddev:   387.66ms, sum: 21015.7sec, count: 5000
all queries                                                        :
min:   697.63ms, med:  4198.65ms, mean:  4203.13ms, max: 5343.49ms, stddev:   387.66ms, sum: 21015.7sec, count: 5000

After 5500 queries with 10 workers:
Interval query rate: 2.31 queries/sec	Overall query rate: 2.37 queries/sec
VictoriaMetrics mean of 10 metrics, all hosts, random 12h0m0s by 1h:
min:   697.63ms, med:  4210.69ms, mean:  4213.69ms, max: 5421.31ms, stddev:   390.82ms, sum: 23175.3sec, count: 5500
all queries                                                        :
min:   697.63ms, med:  4210.69ms, mean:  4213.69ms, max: 5421.31ms, stddev:   390.82ms, sum: 23175.3sec, count: 5500

After 6000 queries with 10 workers:
Interval query rate: 2.40 queries/sec	Overall query rate: 2.37 queries/sec
VictoriaMetrics mean of 10 metrics, all hosts, random 12h0m0s by 1h:
min:   697.63ms, med:  4206.85ms, mean:  4210.98ms, max: 5421.31ms, stddev:   390.58ms, sum: 25265.9sec, count: 6000
all queries                                                        :
min:   697.63ms, med:  4206.85ms, mean:  4210.98ms, max: 5421.31ms, stddev:   390.58ms, sum: 25265.9sec, count: 6000

After 6500 queries with 10 workers:
Interval query rate: 2.42 queries/sec	Overall query rate: 2.38 queries/sec
VictoriaMetrics mean of 10 metrics, all hosts, random 12h0m0s by 1h:
min:   697.63ms, med:  4199.68ms, mean:  4205.24ms, max: 5421.31ms, stddev:   389.20ms, sum: 27334.0sec, count: 6500
all queries                                                        :
min:   697.63ms, med:  4199.68ms, mean:  4205.24ms, max: 5421.31ms, stddev:   389.20ms, sum: 27334.0sec, count: 6500

After 7000 queries with 10 workers:
Interval query rate: 2.42 queries/sec	Overall query rate: 2.38 queries/sec
VictoriaMetrics mean of 10 metrics, all hosts, random 12h0m0s by 1h:
min:   697.63ms, med:  4195.58ms, mean:  4199.77ms, max: 5421.31ms, stddev:   388.14ms, sum: 29398.4sec, count: 7000
all queries                                                        :
min:   697.63ms, med:  4195.58ms, mean:  4199.77ms, max: 5421.31ms, stddev:   388.14ms, sum: 29398.4sec, count: 7000

After 7500 queries with 10 workers:
Interval query rate: 2.59 queries/sec	Overall query rate: 2.39 queries/sec
VictoriaMetrics mean of 10 metrics, all hosts, random 12h0m0s by 1h:
min:   697.63ms, med:  4178.94ms, mean:  4178.11ms, max: 5421.31ms, stddev:   396.24ms, sum: 31335.8sec, count: 7500
all queries                                                        :
min:   697.63ms, med:  4178.94ms, mean:  4178.11ms, max: 5421.31ms, stddev:   396.24ms, sum: 31335.8sec, count: 7500

After 8000 queries with 10 workers:
Interval query rate: 2.68 queries/sec	Overall query rate: 2.41 queries/sec
VictoriaMetrics mean of 10 metrics, all hosts, random 12h0m0s by 1h:
min:   697.63ms, med:  4151.68ms, mean:  4150.56ms, max: 5421.31ms, stddev:   406.16ms, sum: 33204.4sec, count: 8000
all queries                                                        :
min:   697.63ms, med:  4151.68ms, mean:  4150.56ms, max: 5421.31ms, stddev:   406.16ms, sum: 33204.4sec, count: 8000

After 8500 queries with 10 workers:
Interval query rate: 2.72 queries/sec	Overall query rate: 2.42 queries/sec
VictoriaMetrics mean of 10 metrics, all hosts, random 12h0m0s by 1h:
min:   697.63ms, med:  4127.49ms, mean:  4123.13ms, max: 5421.31ms, stddev:   417.85ms, sum: 35046.6sec, count: 8500
all queries                                                        :
min:   697.63ms, med:  4127.49ms, mean:  4123.13ms, max: 5421.31ms, stddev:   417.85ms, sum: 35046.6sec, count: 8500

Run complete after 8640 queries with 10 workers (Overall query rate 2.43 queries/sec):
VictoriaMetrics mean of 10 metrics, all hosts, random 12h0m0s by 1h:
min:   697.63ms, med:  4121.34ms, mean:  4117.55ms, max: 5421.31ms, stddev:   419.18ms, sum: 35575.6sec, count: 8640
all queries                                                        :
min:   697.63ms, med:  4121.34ms, mean:  4117.55ms, max: 5421.31ms, stddev:   419.18ms, sum: 35575.6sec, count: 8640
Saving Response Latencies to /home/benchUser/results/latenciesQueries_other.csv
wall clock time: 3558.949154sec
