time,per. metric/s,metric total,overall metric/s,per. row/s,row total,overall row/s
1738484739,187076.74,1.870775E+06,187076.74,16702.43,1.670250E+05,16702.43
1738484749,357922.58,5.450000E+06,272499.48,32002.51,4.870500E+05,24352.45
1738484759,363119.76,9.081200E+06,302706.21,32339.98,8.104500E+05,27014.96
1738484769,419890.09,1.328010E+07,332002.15,37410.01,1.184550E+06,29613.72
1738484779,414510.17,1.742520E+07,348503.73,36967.52,1.554225E+06,31084.48
1738484789,377537.48,2.120058E+07,353342.69,33615.00,1.890375E+06,31506.23
1738484799,356235.00,2.476292E+07,353755.87,31770.00,2.208075E+06,31543.91
1738484809,417585.04,2.893878E+07,361734.52,37095.00,2.579025E+06,32237.80
1738484819,421112.49,3.314990E+07,368332.07,37582.50,2.954850E+06,32831.65
1738484829,403572.49,3.718562E+07,371856.11,35932.50,3.314175E+06,33141.74
1738484839,354784.98,4.073348E+07,370304.19,31575.00,3.629925E+06,32999.31
1738484849,414082.47,4.487430E+07,373952.38,36997.50,3.999900E+06,33332.49
1738484859,403730.08,4.891160E+07,376242.97,35970.01,4.359600E+06,33535.37
1738484869,403339.87,5.294500E+07,378178.46,35909.99,4.718700E+06,33704.99
1738484879,419297.56,5.713798E+07,380919.73,37312.51,5.091825E+06,33945.49
1738484889,373405.02,6.087202E+07,380450.06,33360.00,5.425425E+06,33908.90
1738484899,401637.53,6.488840E+07,381696.38,35677.50,5.782200E+06,34012.93
1738484909,392319.86,6.881160E+07,382286.58,35107.49,6.133275E+06,34073.74
1738484919,393870.10,7.275030E+07,382896.24,35062.51,6.483900E+06,34125.78
1738484929,349850.04,7.624880E+07,381243.93,31200.00,6.795900E+06,33979.49
1738484939,411719.68,8.036600E+07,382695.15,36697.47,7.162875E+06,34108.92
1738484949,425785.31,8.462385E+07,384653.80,37897.53,7.541850E+06,34281.13
1738484959,393970.00,8.856355E+07,385058.85,35002.50,7.891875E+06,34312.49
1738484969,392245.03,9.248600E+07,385358.27,35100.00,8.242875E+06,34345.31
1738484979,355519.95,9.604120E+07,384164.74,31680.00,8.559675E+06,34238.69
1738484989,400524.79,1.000464E+08,384793.97,35587.48,8.915550E+06,34290.57
1738484999,412185.23,1.041683E+08,385808.46,36735.02,9.282900E+06,34381.11
1738485009,372527.50,1.078936E+08,385334.14,33247.50,9.615375E+06,34340.62
1738485019,337987.46,1.112734E+08,383701.50,30037.50,9.915750E+06,34192.24
1738485029,324572.42,1.145192E+08,381730.53,29002.49,1.020578E+07,34019.25
1738485039,249932.54,1.170185E+08,377478.98,22237.50,1.042815E+07,33639.19
1738485049,395462.59,1.209731E+08,378040.97,35212.51,1.078028E+07,33688.36
1738485059,384892.40,1.248220E+08,378248.59,34327.49,1.112355E+07,33707.72
1738485069,412777.62,1.289498E+08,379264.15,36742.51,1.149098E+07,33796.98
1738485079,344185.00,1.323917E+08,378261.89,30795.00,1.179892E+07,33711.21
1738485089,424562.49,1.366373E+08,379548.01,37672.50,1.217565E+07,33821.25
1738485099,417617.28,1.408135E+08,380576.91,37327.48,1.254892E+07,33916.01
1738485109,399145.02,1.448049E+08,381065.55,35475.00,1.290368E+07,33957.04
1738485119,400107.51,1.488060E+08,381553.80,35775.00,1.326142E+07,34003.65
1738485129,352165.18,1.523276E+08,380819.09,31305.02,1.357448E+07,33936.18
1738485139,390594.87,1.562336E+08,381057.52,34897.49,1.392345E+07,33959.63
1738485149,384042.53,1.600740E+08,381128.59,34072.50,1.426418E+07,33962.32
1738485159,257172.57,1.626458E+08,378245.90,22927.51,1.449345E+07,33705.69
1738485169,328024.93,1.659260E+08,377104.51,29377.49,1.478722E+07,33607.33
1738485179,404840.00,1.699744E+08,377720.86,36052.50,1.514775E+07,33661.66
1738485189,386040.03,1.738348E+08,377901.71,34380.00,1.549155E+07,33677.28
1738485199,328854.96,1.771234E+08,376858.16,29190.00,1.578345E+07,33581.81
1738485209,396182.54,1.810852E+08,377260.75,35317.50,1.613662E+07,33617.97
1738485219,418922.42,1.852744E+08,378110.99,37297.49,1.650960E+07,33693.06
1738485229,421607.32,1.894905E+08,378980.91,37612.48,1.688572E+07,33771.45
1738485239,388447.83,1.933750E+08,379166.54,34650.03,1.723222E+07,33788.67
1738485249,353839.96,1.969134E+08,378679.49,31455.00,1.754678E+07,33743.80
1738485259,388282.51,2.007962E+08,378860.68,34605.00,1.789282E+07,33760.04
1738485269,415337.52,2.049496E+08,379536.18,37162.50,1.826445E+07,33823.05
1738485279,416954.96,2.091191E+08,380216.52,37005.00,1.863450E+07,33880.91
1738485289,343929.97,2.125584E+08,379568.54,30780.00,1.894230E+07,33825.53
1738485299,422334.84,2.167818E+08,380318.83,37514.99,1.931745E+07,33890.26
1738485309,414510.23,2.209268E+08,380908.34,36982.52,1.968728E+07,33943.58
1738485319,321759.91,2.241444E+08,379905.82,28604.99,1.997332E+07,33853.09
1738485329,291645.07,2.270609E+08,378434.81,26017.51,2.023350E+07,33722.50
1738485339,289814.94,2.299590E+08,376982.02,25792.50,2.049142E+07,33592.50
1738485349,256009.96,2.325192E+08,375030.86,22942.50,2.072085E+07,33420.72
1738485359,191325.05,2.344324E+08,372114.90,17040.00,2.089125E+07,33160.71
1738485369,251445.20,2.369469E+08,370229.42,22447.29,2.111572E+07,32993.31
1738485379,304925.22,2.399961E+08,369224.75,27082.74,2.138655E+07,32902.38
1738485389,346030.05,2.434564E+08,368873.31,30765.00,2.169420E+07,32870.00
1738485399,390202.61,2.473584E+08,369191.66,34882.51,2.204302E+07,32900.04
1738485409,355384.73,2.509123E+08,368988.62,31664.98,2.235968E+07,32881.87
1738485419,347772.73,2.543900E+08,368681.14,30997.52,2.266965E+07,32854.56
1738485429,354594.96,2.579360E+08,368479.91,31567.50,2.298532E+07,32836.18
1738485439,367120.04,2.616072E+08,368460.75,32752.50,2.331285E+07,32835.00
1738485449,374454.96,2.653517E+08,368544.01,33240.00,2.364525E+07,32840.62
1738485459,364019.96,2.689919E+08,368482.03,32445.00,2.396970E+07,32835.20
1738485469,396707.63,2.729590E+08,368863.46,35392.51,2.432362E+07,32869.76
1738485479,346599.92,2.764250E+08,368566.61,30839.99,2.463202E+07,32842.70
1738485489,355887.57,2.799838E+08,368399.78,31732.51,2.494935E+07,32828.09
1738485499,359054.98,2.835744E+08,368278.42,32130.00,2.527065E+07,32819.02
1738485509,249834.97,2.860728E+08,366759.92,22260.00,2.549325E+07,32683.65
1738485519,375452.54,2.898273E+08,366869.95,33307.50,2.582632E+07,32691.55
1738485529,365279.95,2.934801E+08,366850.08,32580.00,2.615212E+07,32690.15
1738485539,392147.58,2.974016E+08,367162.39,35032.51,2.650245E+07,32719.07
1738485549,363044.97,3.010320E+08,367112.18,32370.00,2.682615E+07,32714.82
1738485559,311000.01,3.041420E+08,366436.13,27585.00,2.710200E+07,32653.01
1738485569,383699.93,3.079790E+08,366641.65,34312.49,2.744512E+07,32672.77
1738485579,391425.11,3.118932E+08,366933.22,34740.01,2.779252E+07,32697.09
1738485589,343067.47,3.153239E+08,366655.71,30735.00,2.809988E+07,32674.27
1738485599,346427.52,3.187882E+08,366423.20,30825.00,2.840812E+07,32653.02
1738485609,337234.92,3.221606E+08,366091.52,29954.99,2.870768E+07,32622.36
1738485619,382004.98,3.259806E+08,366270.32,34140.00,2.904908E+07,32639.41
1738485629,354145.04,3.295220E+08,366135.59,31500.00,2.936408E+07,32626.75
1738485639,365867.55,3.331807E+08,366132.65,32700.00,2.969108E+07,32627.55
1738485649,327865.02,3.364594E+08,365716.70,29055.00,2.998162E+07,32588.72
1738485659,366699.93,3.401264E+08,365727.27,32819.99,3.030982E+07,32591.21
1738485669,374215.04,3.438685E+08,365817.56,33285.00,3.064268E+07,32598.59
1738485679,339127.46,3.472598E+08,365536.62,30232.50,3.094500E+07,32573.68
1738485689,246540.02,3.497252E+08,364297.07,21960.00,3.116460E+07,32463.12
1738485699,354792.49,3.532731E+08,364199.08,31567.50,3.148028E+07,32453.89
1738485709,356389.79,3.568370E+08,364119.40,31814.98,3.179842E+07,32447.37
1738485719,369482.65,3.605318E+08,364173.57,32820.01,3.212662E+07,32451.14
1738485729,360960.06,3.641414E+08,364141.44,32287.51,3.244950E+07,32449.50
1738485739,379850.00,3.679400E+08,364296.97,33855.00,3.278805E+07,32463.41
1738485749,344642.68,3.713864E+08,364104.27,30697.07,3.309502E+07,32446.10
1738485759,390202.94,3.752884E+08,364357.66,34800.48,3.344302E+07,32468.96
1738485769,394465.03,3.792330E+08,364647.15,35152.50,3.379455E+07,32494.76
1738485779,379759.97,3.830306E+08,364791.08,33840.00,3.413295E+07,32507.57
1738485789,334332.50,3.863740E+08,364503.74,29707.50,3.443002E+07,32481.15
1738485799,385642.52,3.902304E+08,364701.29,34462.50,3.477465E+07,32499.67
1738485809,373180.00,3.939622E+08,364779.80,33195.00,3.510660E+07,32506.11
1738485819,381694.95,3.977792E+08,364934.99,33907.50,3.544568E+07,32518.97
1738485829,356787.51,4.013470E+08,364860.92,31830.00,3.576398E+07,32512.70
1738485839,358537.57,4.049324E+08,364803.95,32085.01,3.608482E+07,32508.85
1738485849,398942.48,4.089218E+08,365108.76,35415.00,3.643898E+07,32534.80
1738485859,365639.92,4.125782E+08,365113.46,32579.99,3.676478E+07,32535.20
1738485869,381042.61,4.163886E+08,365253.19,34027.51,3.710505E+07,32548.29
1738485879,234184.96,4.187305E+08,364113.47,20865.00,3.731370E+07,32446.69
1738485889,345872.55,4.221892E+08,363956.22,30727.50,3.762098E+07,32431.87
1738485899,382537.42,4.260146E+08,364115.03,34214.99,3.796312E+07,32447.11
1738485909,369217.56,4.297068E+08,364158.27,32790.01,3.829102E+07,32450.02
1738485919,341642.49,4.331232E+08,363969.06,30547.50,3.859650E+07,32434.03
1738485929,371852.52,4.368417E+08,364034.76,33142.50,3.892792E+07,32439.94
1738485939,385069.72,4.406924E+08,364208.60,34184.98,3.926978E+07,32454.36
1738485949,373150.13,4.444239E+08,364281.89,33330.01,3.960308E+07,32461.54
1738485959,358882.66,4.480128E+08,364238.00,32017.51,3.992325E+07,32457.93
1738485969,312192.46,4.511347E+08,363818.27,27802.50,4.020128E+07,32420.38
1738485979,265574.94,4.537904E+08,363032.33,23609.99,4.043738E+07,32349.90
1738485989,218264.98,4.559731E+08,361883.38,19455.00,4.063192E+07,32247.56
1738485999,243022.48,4.584033E+08,360947.47,21697.50,4.084890E+07,32164.49
1738486009,233840.07,4.607417E+08,359954.44,20805.01,4.105695E+07,32075.74
1738486019,241312.44,4.631548E+08,359034.74,21442.49,4.127138E+07,31993.31
1738486029,220577.60,4.653606E+08,357969.68,19770.01,4.146908E+07,31899.29
1738486039,230747.47,4.676681E+08,356998.52,20445.00,4.167352E+07,31811.85
1738486049,349682.50,4.711649E+08,356943.10,31222.50,4.198575E+07,31807.39
1738486059,386280.06,4.750277E+08,357163.67,34350.00,4.232925E+07,31826.50
1738486069,284217.45,4.778699E+08,356619.30,25387.50,4.258312E+07,31778.45
1738486079,380652.49,4.816764E+08,356797.32,33967.50,4.292280E+07,31794.67
1738486089,365297.48,4.853294E+08,356859.82,32587.50,4.324868E+07,31800.50
1738486099,383150.03,4.891609E+08,357051.72,34005.00,4.358872E+07,31816.59
1738486109,315727.51,4.923182E+08,356752.27,28125.00,4.386998E+07,31789.84
1738486119,340687.46,4.957250E+08,356636.70,30412.50,4.417410E+07,31779.93
1738486129,381817.60,4.995432E+08,356816.56,34110.01,4.451520E+07,31796.57
1738486139,314999.88,5.026932E+08,356519.99,28064.99,4.479585E+07,31770.11
1738486149,345405.12,5.061472E+08,356441.72,30690.01,4.510275E+07,31762.50
1738486159,306409.85,5.092114E+08,356091.84,27269.99,4.537545E+07,31731.08
1738486169,366489.81,5.128762E+08,356164.05,32789.98,4.570335E+07,31738.44
1738486179,358107.82,5.164573E+08,356177.46,31852.53,4.602188E+07,31739.22
1738486189,326792.54,5.197252E+08,355976.19,29100.00,4.631288E+07,31721.15
1738486199,339494.92,5.231202E+08,355864.07,30262.49,4.661550E+07,31711.22
1738486209,301145.04,5.261316E+08,355494.35,26925.00,4.688475E+07,31678.88
1738486219,349839.88,5.296300E+08,355456.40,31079.99,4.719555E+07,31674.86
1738486229,384675.07,5.334768E+08,355651.19,34335.01,4.753890E+07,31692.60
1738486239,353237.54,5.370092E+08,355635.21,31372.50,4.785262E+07,31690.48
1738486249,332277.50,5.403320E+08,355481.54,29670.00,4.814932E+07,31677.19
1738486259,371312.53,5.440451E+08,355585.01,33060.00,4.847992E+07,31686.22
1738486269,373212.49,5.477772E+08,355699.47,33322.50,4.881315E+07,31696.85
1738486279,250719.97,5.502844E+08,355022.18,22350.00,4.903665E+07,31636.55
1738486289,345509.96,5.537395E+08,354961.21,30705.00,4.934370E+07,31630.58
1738486299,379235.05,5.575318E+08,355115.82,33765.00,4.968135E+07,31644.17
1738486309,373592.54,5.612678E+08,355232.76,33382.50,5.001518E+07,31655.17
1738486319,353239.94,5.648002E+08,355220.23,31364.99,5.032882E+07,31653.35
1738486329,391862.54,5.687188E+08,355449.24,35070.00,5.067952E+07,31674.70
1738486339,362662.52,5.723454E+08,355494.04,32310.00,5.100262E+07,31678.65
1738486349,418447.53,5.765299E+08,355882.65,37222.50,5.137485E+07,31712.87
1738486359,389109.99,5.804210E+08,356086.49,34717.50,5.172202E+07,31731.30

Summary:
loaded 581760000 metrics in 1633.318sec with 10 workers (mean rate 356182.90 metrics/sec)
loaded 51840000 rows in 1633.318sec with 10 workers (mean rate 31739.07 rows/sec)
Run complete after 691200 queries with 10 workers (Overall query rate 423.19 queries/sec):
          :
min:     0.92ms, med:     7.73ms, mean:    13.54ms, max: 3226.37ms, stddev:    20.85ms, sum: 9357.7sec, count: 691200
all queries:
min:     0.92ms, med:     7.73ms, mean:    13.54ms, max: 3226.37ms, stddev:    20.85ms, sum: 9357.7sec, count: 691200
Saving Response Latencies to /home/benchUser/results/latenciesInserts_latest.csv
