time,per. metric/s,metric total,overall metric/s,per. row/s,row total,overall row/s
1738659402,177973.83,1.779850E+06,177973.83,15861.50,1.586250E+05,15861.50
1738659412,401255.07,5.792400E+06,289610.94,35895.01,5.175750E+05,25877.94
1738659422,410879.92,9.901200E+06,330033.09,36644.99,8.840250E+05,29466.88
1738659432,405080.05,1.395200E+07,348794.54,36067.50,1.244700E+06,31117.01
1738659442,415642.41,1.810842E+07,362163.94,36907.49,1.613775E+06,32275.09
1738659452,388417.59,2.199260E+07,366539.51,34642.51,1.960200E+06,32669.66
1738659462,314489.97,2.513750E+07,359103.92,27990.00,2.240100E+06,32001.14
1738659472,436582.58,2.950332E+07,368788.68,38917.51,2.629275E+06,32865.68
1738659482,404314.85,3.354648E+07,372736.01,36044.99,2.989725E+06,33218.93
1738659492,412867.52,3.767515E+07,376749.13,36840.00,3.358125E+06,33581.04
1738659502,343345.03,4.110860E+07,373712.41,30607.50,3.664200E+06,33310.72
1738659512,424645.05,4.535505E+07,377956.78,37845.00,4.042650E+06,33688.57
1738659522,395575.00,4.931080E+07,379312.02,35235.00,4.395000E+06,33807.53
1738659532,312375.00,5.243455E+07,374530.82,27765.00,4.672650E+06,33375.92
1738659542,283414.80,5.526870E+07,368456.44,25229.98,4.924950E+06,32832.86
1738659552,254690.12,5.781560E+07,361346.08,22867.51,5.153625E+06,32210.03
1738659562,249579.87,6.031140E+07,354771.62,22199.99,5.375625E+06,31621.21
1738659572,242580.21,6.273720E+07,348538.79,21622.52,5.591850E+06,31065.73
1738659582,297599.93,6.571320E+07,345857.80,26474.99,5.856600E+06,30824.11
1738659592,349129.95,6.920450E+07,346021.41,31170.00,6.168300E+06,30841.40
1738659602,363705.09,7.284155E+07,346863.49,32415.01,6.492450E+06,30916.34
1738659612,311569.98,7.595725E+07,345259.24,27607.50,6.768525E+06,30765.94
1738659622,316305.02,7.912030E+07,344000.37,28237.50,7.050900E+06,30656.00
1738659632,365109.88,8.277140E+07,344879.93,32602.49,7.376925E+06,30737.11
1738659642,310737.56,8.587878E+07,343514.24,27630.01,7.653225E+06,30612.82
1738659652,318840.05,8.906718E+07,342565.23,28455.00,7.937775E+06,30529.83
1738659662,322037.43,9.228755E+07,341804.95,28627.49,8.224050E+06,30459.37
1738659672,315172.57,9.543928E+07,340853.79,28087.51,8.504925E+06,30374.66
1738659682,350224.92,9.894152E+07,341176.93,31334.99,8.818275E+06,30407.78
1738659692,329605.05,1.022376E+08,340791.20,29310.00,9.111375E+06,30371.19
1738659702,363127.39,1.058688E+08,341511.73,32332.49,9.434700E+06,30434.45
1738659712,370412.60,1.095730E+08,342414.88,32932.51,9.764025E+06,30512.52
1738659722,387892.37,1.134519E+08,343792.98,34567.49,1.010970E+07,30635.40
1738659732,296694.93,1.164188E+08,342407.75,26504.99,1.037475E+07,30513.91
1738659742,295237.71,1.193712E+08,341060.03,26347.52,1.063822E+07,30394.87
1738659752,370478.30,1.230760E+08,341877.21,32954.85,1.096778E+07,30465.98
1738659762,375471.60,1.268307E+08,342785.16,33532.64,1.130310E+07,30548.87
1738659772,370360.11,1.305343E+08,343510.82,33037.51,1.163348E+07,30614.36
1738659782,378422.44,1.343186E+08,344405.98,33667.49,1.197015E+07,30692.64
1738659792,346045.05,1.377790E+08,344446.96,30765.00,1.227780E+07,30694.45
1738659802,371994.99,1.414990E+08,345118.86,33165.00,1.260945E+07,30754.71
1738659812,357037.50,1.450693E+08,345402.64,31882.50,1.292828E+07,30781.56
1738659822,374102.48,1.488104E+08,346070.08,33337.50,1.326165E+07,30841.00
1738659832,258244.89,1.513928E+08,344074.05,23024.99,1.349190E+07,30663.37
1738659842,337139.71,1.547642E+08,343919.96,30022.47,1.379212E+07,30649.12
1738659852,365700.48,1.584212E+08,344393.44,32610.04,1.411822E+07,30691.75
1738659862,359569.89,1.620169E+08,344716.35,31927.49,1.443750E+07,30718.04
1738659872,361380.06,1.656307E+08,345063.51,32220.01,1.475970E+07,30749.33
1738659882,390532.36,1.695360E+08,345991.44,34807.49,1.510778E+07,30832.15
1738659892,372542.46,1.732614E+08,346522.46,33247.50,1.544025E+07,30880.46
1738659902,379145.21,1.770529E+08,347162.12,33750.02,1.577775E+07,30936.73
1738659912,375657.50,1.808095E+08,347710.11,33517.50,1.611292E+07,30986.36
1738659922,354732.45,1.843568E+08,347842.61,31642.50,1.642935E+07,30998.74
1738659932,374935.07,1.881062E+08,348344.32,33262.51,1.676198E+07,31040.66
1738659942,364409.97,1.917502E+08,348636.42,32497.50,1.708695E+07,31067.15
1738659952,369100.04,1.954412E+08,349001.84,32940.00,1.741635E+07,31100.59
1738659962,359194.88,1.990332E+08,349180.67,32024.99,1.773660E+07,31116.81
1738659972,329375.11,2.023270E+08,348839.19,29257.51,1.802918E+07,31084.75
1738659982,372909.93,2.060560E+08,349247.17,33277.49,1.836195E+07,31121.92
1738659992,350195.06,2.095580E+08,349262.97,31327.51,1.867522E+07,31125.34
1738660002,370839.99,2.132664E+08,349616.69,33007.50,1.900530E+07,31156.20
1738660012,339809.97,2.166645E+08,349458.52,30300.00,1.930830E+07,31142.39
1738660022,363495.01,2.202994E+08,349681.32,32385.00,1.963215E+07,31162.11
1738660032,355834.91,2.238578E+08,349777.47,31724.99,1.994940E+07,31170.91
1738660042,371522.45,2.275730E+08,350112.01,33097.50,2.028038E+07,31200.55
1738660052,370755.03,2.312806E+08,350424.78,33000.00,2.061038E+07,31227.81
1738660062,199352.50,2.332741E+08,348169.97,17647.50,2.078685E+07,31025.12
1738660072,348385.16,2.367580E+08,348173.14,31080.01,2.109765E+07,31025.93
1738660082,397622.44,2.407342E+08,348889.79,35512.49,2.145278E+07,31090.95
1738660092,355452.43,2.442887E+08,348983.54,31672.49,2.176950E+07,31099.26
1738660102,364749.92,2.479362E+08,349205.61,32549.99,2.209500E+07,31119.69
1738660112,313040.15,2.510666E+08,348703.31,27810.01,2.237310E+07,31073.72
1738660122,362894.99,2.546956E+08,348897.71,32295.00,2.269605E+07,31090.45
1738660132,341305.02,2.581086E+08,348795.11,30502.50,2.300108E+07,31082.51
1738660142,379579.97,2.619044E+08,349205.57,33817.50,2.333925E+07,31118.97
1738660152,315599.97,2.650604E+08,348763.40,28140.00,2.362065E+07,31079.78
1738660162,390187.54,2.689623E+08,349301.37,34747.50,2.396812E+07,31127.41
1738660172,372144.85,2.726837E+08,349594.24,33134.99,2.429948E+07,31153.15
1738660182,222817.39,2.749119E+08,347989.47,19882.49,2.449830E+07,31010.48
1738660192,250142.66,2.774133E+08,346766.38,22282.51,2.472112E+07,30901.38
1738660202,242467.50,2.798380E+08,345478.74,21607.50,2.493720E+07,30786.64
1738660212,220839.98,2.820464E+08,343958.76,19710.00,2.513430E+07,30651.56
1738660222,184039.92,2.838868E+08,342032.03,16394.99,2.529825E+07,30479.80
1738660232,256975.01,2.864566E+08,341019.44,22837.50,2.552662E+07,30388.82
1738660242,317425.21,2.896308E+08,340741.87,28380.02,2.581042E+07,30365.18
1738660252,327294.97,2.929038E+08,340585.51,28995.00,2.610038E+07,30349.25
1738660262,356960.07,2.964734E+08,340773.72,31867.51,2.641905E+07,30366.70
1738660272,348384.96,2.999572E+08,340860.21,31095.00,2.673000E+07,30374.98
1738660282,325759.54,3.032148E+08,340690.54,29062.46,2.702062E+07,30360.23
1738660292,339240.48,3.066072E+08,340674.43,30232.54,2.732295E+07,30358.81
1738660302,336529.90,3.099725E+08,340628.88,29939.99,2.762235E+07,30354.21
1738660312,329780.14,3.132703E+08,340510.96,29295.01,2.791530E+07,30342.70
1738660322,359969.93,3.168700E+08,340720.20,32212.49,2.823742E+07,30362.80
1738660332,358729.98,3.204573E+08,340911.79,31822.50,2.855565E+07,30378.33
1738660342,368229.98,3.241396E+08,341199.35,32962.50,2.888528E+07,30405.53
1738660352,376337.58,3.279030E+08,341565.38,33435.01,2.921962E+07,30437.09
1738660362,330702.39,3.312100E+08,341453.39,29437.49,2.951400E+07,30426.78
1738660372,347110.08,3.346811E+08,341511.11,30915.01,2.982315E+07,30431.77
1738660382,340109.99,3.380822E+08,341496.96,30345.00,3.012660E+07,30430.89
1738660392,379130.07,3.418735E+08,341873.29,33750.01,3.046410E+07,30464.08
1738660402,358619.95,3.454597E+08,342039.09,32100.00,3.078510E+07,30480.28
1738660412,344969.89,3.489094E+08,342067.83,30629.99,3.109140E+07,30481.75
1738660422,242820.08,3.513376E+08,341104.26,21660.01,3.130800E+07,30396.10
1738660432,353367.53,3.548713E+08,341222.17,31432.50,3.162232E+07,30406.06
1738660442,332592.38,3.581972E+08,341139.99,29647.49,3.191880E+07,30398.84
1738660452,365617.60,3.618534E+08,341370.91,32677.51,3.224558E+07,30420.34
1738660462,336262.42,3.652160E+08,341323.16,29842.49,3.254400E+07,30414.94
1738660472,357575.07,3.687918E+08,341473.64,31942.51,3.286342E+07,30429.08
1738660482,370442.45,3.724962E+08,341739.41,32940.00,3.319282E+07,30452.12
1738660492,349585.01,3.759920E+08,341810.74,31260.00,3.350542E+07,30459.46
1738660502,347372.58,3.794658E+08,341860.84,30952.51,3.381495E+07,30463.90
1738660512,311759.93,3.825834E+08,341592.09,27689.99,3.409185E+07,30439.13
1738660522,349142.55,3.860748E+08,341658.90,31117.50,3.440302E+07,30445.14
1738660532,371364.89,3.897884E+08,341919.48,33074.99,3.473378E+07,30468.21
1738660542,338587.61,3.931743E+08,341890.51,30157.51,3.503535E+07,30465.51
1738660552,373450.04,3.969088E+08,342162.57,33345.00,3.536880E+07,30490.33
1738660562,331782.45,4.002266E+08,342073.86,29602.50,3.566482E+07,30482.74
1738660572,360712.46,4.038338E+08,342231.81,32062.50,3.598545E+07,30496.13
1738660582,348775.06,4.073215E+08,342286.79,31065.01,3.629610E+07,30500.91
1738660592,252437.15,4.098459E+08,341538.05,22597.47,3.652208E+07,30435.05
1738660602,353825.47,4.133841E+08,341639.60,31440.04,3.683648E+07,30443.35
1738660612,364889.88,4.170330E+08,341830.17,32594.99,3.716242E+07,30460.99
1738660622,389597.59,4.209290E+08,342218.52,34777.51,3.751020E+07,30496.08
1738660632,371200.06,4.246410E+08,342452.25,33052.51,3.784072E+07,30516.70
1738660642,317407.54,4.278151E+08,342251.89,28260.00,3.812332E+07,30498.64
1738660652,382827.42,4.316434E+08,342573.92,34012.49,3.846345E+07,30526.53
1738660662,412290.03,4.357662E+08,343122.86,36750.00,3.883095E+07,30575.54
1738660672,387682.50,4.396431E+08,343470.98,34537.50,3.917632E+07,30606.49
1738660682,370420.04,4.433473E+08,343679.89,33000.00,3.950632E+07,30625.04
1738660692,370517.43,4.470524E+08,343886.33,33082.49,3.983715E+07,30643.95
1738660702,377037.46,4.508228E+08,344139.40,33675.00,4.017390E+07,30667.08
1738660712,356877.40,4.543916E+08,344235.90,31792.49,4.049182E+07,30675.61
1738660722,358730.17,4.579789E+08,344344.88,31822.51,4.081005E+07,30684.23
1738660732,365017.49,4.616291E+08,344499.15,32587.50,4.113592E+07,30698.44
1738660742,366092.42,4.652900E+08,344659.10,32729.99,4.146322E+07,30713.49
1738660752,244492.51,4.677349E+08,343922.58,21705.00,4.168028E+07,30647.25
1738660762,390390.03,4.716388E+08,344261.76,34710.00,4.202738E+07,30676.90
1738660772,380802.56,4.754468E+08,344526.55,33990.00,4.236728E+07,30700.91
1738660782,333442.50,4.787813E+08,344446.81,29805.00,4.266532E+07,30694.46
1738660792,373307.54,4.825144E+08,344652.95,33232.50,4.299765E+07,30712.59
1738660802,352592.28,4.860403E+08,344709.26,31402.48,4.331168E+07,30717.49
1738660812,377457.65,4.898148E+08,344939.88,33525.01,4.364692E+07,30737.26
1738660822,361447.49,4.934293E+08,345055.32,32295.00,4.396988E+07,30748.15
1738660832,316282.36,4.965922E+08,344855.51,28117.49,4.425105E+07,30729.88
1738660842,246385.15,4.990560E+08,344176.40,22065.01,4.447170E+07,30670.12
1738660852,229172.43,5.013477E+08,343388.70,20377.49,4.467548E+07,30599.63
1738660862,224020.08,5.035879E+08,342576.67,20040.01,4.487588E+07,30527.79
1738660872,228924.77,5.058772E+08,341808.76,20294.98,4.507882E+07,30458.65
1738660882,197182.68,5.078490E+08,340838.11,17587.52,4.525470E+07,30372.27
1738660892,274630.02,5.105953E+08,340396.72,24465.00,4.549935E+07,30332.89
1738660902,281870.02,5.134140E+08,340009.13,25065.00,4.575000E+07,30298.00
1738660912,306777.40,5.164818E+08,339790.50,27322.49,4.602322E+07,30278.42
1738660922,331385.12,5.197956E+08,339735.56,29535.01,4.631858E+07,30273.57
1738660932,331332.44,5.231090E+08,339681.00,29527.49,4.661385E+07,30268.72
1738660942,301685.06,5.261258E+08,339435.86,27007.51,4.688392E+07,30247.68
1738660952,338149.90,5.295073E+08,339427.62,30097.49,4.718490E+07,30246.72
1738660962,362820.04,5.331355E+08,339576.62,32280.00,4.750770E+07,30259.67
1738660972,292630.04,5.360618E+08,339279.49,26152.50,4.776922E+07,30233.67
1738660982,320183.75,5.392637E+08,339159.38,28401.95,4.805325E+07,30222.15
1738660992,308741.03,5.423510E+08,338969.27,27593.04,4.832918E+07,30205.72
1738661002,250658.83,5.448576E+08,338420.76,22349.90,4.855268E+07,30156.93
1738661012,341418.98,5.482718E+08,338439.27,30472.63,4.885740E+07,30158.88
1738661022,368902.62,5.519608E+08,338626.16,32775.01,4.918515E+07,30174.93
1738661032,357314.99,5.555340E+08,338740.11,31920.00,4.950435E+07,30185.57
1738661042,344857.41,5.589826E+08,338777.19,30607.49,4.981042E+07,30188.12
1738661052,335182.56,5.623344E+08,338755.53,30022.51,5.011065E+07,30187.13
1738661062,374342.49,5.660778E+08,338968.63,33232.50,5.044298E+07,30205.36
1738661072,330582.48,5.693836E+08,338918.71,29497.50,5.073795E+07,30201.15
1738661082,384185.08,5.732255E+08,339186.56,34275.01,5.108070E+07,30225.26
1738661092,312239.87,5.763479E+08,339028.05,27704.99,5.135775E+07,30210.43
1738661102,319150.12,5.795394E+08,338911.81,28605.01,5.164380E+07,30201.04

Summary:
loaded 581760000 metrics in 1716.712sec with 10 workers (mean rate 338880.36 metrics/sec)
loaded 51840000 rows in 1716.712sec with 10 workers (mean rate 30197.26 rows/sec)
Run complete after 691200 queries with 10 workers (Overall query rate 402.63 queries/sec):
          :
min:     0.93ms, med:     3.19ms, mean:    12.08ms, max: 3752.45ms, stddev:    22.76ms, sum: 8352.4sec, count: 691200
all queries:
min:     0.93ms, med:     3.19ms, mean:    12.08ms, max: 3752.45ms, stddev:    22.76ms, sum: 8352.4sec, count: 691200
Saving Response Latencies to /home/benchUser/results/latenciesInserts_other.csv
