time,per. metric/s,metric total,overall metric/s,per. row/s,row total,overall row/s
1738616173,179556.78,1.795750E+06,179556.78,16063.37,1.606500E+05,16063.37
1738616183,355047.39,5.346225E+06,267297.65,31612.49,4.767750E+05,23837.54
1738616193,414137.62,9.487600E+06,316242.64,36997.51,8.467500E+05,28224.05
1738616203,367815.00,1.316575E+07,329135.40,32670.00,1.173450E+06,29335.51
1738616213,407562.49,1.724138E+07,344820.50,36412.50,1.537575E+06,30750.88
1738616223,370817.55,2.094955E+07,349153.27,33015.00,1.867725E+06,31128.22
1738616233,427242.45,2.522198E+07,360308.70,38010.00,2.247825E+06,32111.32
1738616243,300009.89,2.822208E+07,352771.45,26797.49,2.515800E+06,31447.10
1738616253,414025.05,3.236232E+07,359577.32,36967.50,2.885475E+06,32060.47
1738616263,443129.97,3.679362E+07,367932.50,39435.00,3.279825E+06,32797.92
1738616273,395147.60,4.074510E+07,370406.58,35182.51,3.631650E+06,33014.70
1738616283,447410.00,4.521920E+07,376823.48,39930.00,4.030950E+06,33590.97
1738616293,303939.82,4.825860E+07,371217.08,27014.98,4.301100E+06,33085.12
1738616303,403137.48,5.228998E+07,373497.10,35872.50,4.659825E+06,33284.22
1738616313,334222.74,5.563220E+07,370878.83,29917.52,4.959000E+06,33059.78
1738616323,329379.93,5.892600E+07,368285.16,29279.99,5.251800E+06,32823.54
1738616333,290310.06,6.182910E+07,363698.42,25830.01,5.510100E+06,32412.16
1738616343,348152.50,6.531062E+07,362834.76,31072.50,5.820825E+06,32337.73
1738616353,343697.39,6.874760E+07,361827.54,30599.99,6.126825E+06,32246.27
1738616363,394240.13,7.269000E+07,363448.16,35205.01,6.478875E+06,32394.21
1738616373,359757.52,7.628758E+07,363272.41,31935.00,6.798225E+06,32372.34
1738616383,384082.41,8.012840E+07,364218.32,34334.99,7.141575E+06,32461.55
1738616393,320009.81,8.332850E+07,362296.22,28477.48,7.426350E+06,32288.33
1738616403,362992.72,8.695842E+07,362325.24,32302.52,7.749375E+06,32288.93
1738616413,374397.49,9.070240E+07,362808.12,33472.50,8.084100E+06,32336.27
1738616423,351910.07,9.422150E+07,362388.97,31200.01,8.396100E+06,32292.57
1738616433,340497.35,9.762650E+07,361578.17,30404.76,8.700150E+06,32222.65
1738616443,375307.89,1.013796E+08,362068.51,33502.76,9.035175E+06,32268.37
1738616453,393805.04,1.053176E+08,363162.87,35092.50,9.386100E+06,32365.75
1738616463,361002.49,1.089276E+08,363090.86,32047.50,9.706575E+06,32355.14
1738616473,390137.37,1.128290E+08,363963.32,34874.99,1.005532E+07,32436.43
1738616483,287195.05,1.157010E+08,361564.32,25492.50,1.031025E+07,32219.43
1738616493,264344.59,1.183444E+08,358618.27,23677.46,1.054702E+07,31960.58
1738616503,401050.66,1.223549E+08,359866.28,35692.56,1.090395E+07,32070.35
1738616513,357172.48,1.259266E+08,359789.31,31882.50,1.122278E+07,32064.98
1738616523,408807.54,1.300147E+08,361150.93,36277.50,1.158555E+07,32181.99
1738616533,299237.45,1.330071E+08,359477.59,26677.50,1.185232E+07,32033.22
1738616543,366700.08,1.366741E+08,359667.66,32820.01,1.218052E+07,32053.93
1738616553,393802.49,1.406121E+08,360542.91,35002.50,1.253055E+07,32129.53
1738616563,355377.48,1.441659E+08,360413.77,31657.50,1.284712E+07,32117.73
1738616573,314595.00,1.473118E+08,359296.24,28005.00,1.312718E+07,32017.42
1738616583,387314.98,1.511850E+08,359963.36,34485.00,1.347202E+07,32076.17
1738616593,358777.51,1.547728E+08,359935.78,32122.50,1.379325E+07,32077.25
1738616603,418979.99,1.589626E+08,361277.69,37290.00,1.416615E+07,32195.72
1738616613,356985.04,1.625324E+08,361182.30,31867.50,1.448482E+07,32188.43
1738616623,345704.91,1.659894E+08,360845.83,30742.49,1.479225E+07,32156.99
1738616633,376745.04,1.697569E+08,361184.11,33487.50,1.512712E+07,32185.30
1738616643,295397.48,1.727109E+08,359813.56,26460.00,1.539172E+07,32066.03
1738616653,180782.51,1.745187E+08,356159.87,15997.50,1.555170E+07,31738.10
1738616663,366585.03,1.781846E+08,356368.38,32692.50,1.587862E+07,31757.19
1738616673,360689.97,1.817914E+08,356453.11,32115.00,1.619978E+07,31764.20
1738616683,399535.05,1.857868E+08,357281.61,35662.50,1.655640E+07,31839.17
1738616693,330889.98,1.890957E+08,356783.66,29475.00,1.685115E+07,31794.56
1738616703,372339.92,1.928191E+08,357071.73,33194.99,1.718310E+07,31820.50
1738616713,391727.59,1.967364E+08,357701.84,34852.51,1.753162E+07,31875.62
1738616723,366817.53,2.004046E+08,357864.62,32700.00,1.785862E+07,31890.34
1738616733,397264.89,2.043772E+08,358555.85,35452.49,1.821315E+07,31952.84
1738616743,306860.00,2.074458E+08,357664.55,27337.50,1.848652E+07,31873.26
1738616753,353380.09,2.109796E+08,357591.93,31387.51,1.880040E+07,31865.03
1738616763,397599.75,2.149556E+08,358258.72,35519.98,1.915560E+07,31925.95
1738616773,353285.17,2.184884E+08,358177.19,31372.52,1.946932E+07,31916.87
1738616783,396070.02,2.224492E+08,358788.36,35295.00,1.982228E+07,31971.36
1738616793,342265.03,2.258718E+08,358526.09,30630.00,2.012858E+07,31950.07
1738616803,354699.85,2.294188E+08,358466.30,31582.49,2.044440E+07,31944.32
1738616813,332752.49,2.327463E+08,358070.71,29707.50,2.074148E+07,31909.91
1738616823,331227.61,2.360586E+08,357664.00,29512.51,2.103660E+07,31873.59
1738616833,405574.45,2.401144E+08,358379.08,36104.95,2.139765E+07,31936.74
1738616843,287547.88,2.429898E+08,357337.44,25597.53,2.165362E+07,31843.52
1738616853,400647.58,2.469963E+08,357965.13,35647.51,2.201010E+07,31898.65
1738616863,406062.48,2.510569E+08,358652.23,36157.50,2.237168E+07,31959.49
1738616873,374675.00,2.548037E+08,358877.90,33525.00,2.270692E+07,31981.54
1738616883,327527.48,2.580790E+08,358442.48,29025.00,2.299718E+07,31940.48
1738616893,398574.97,2.620647E+08,358992.24,35632.50,2.335350E+07,31991.05
1738616903,361593.37,2.656807E+08,359027.39,32122.13,2.367472E+07,31992.82
1738616913,393037.05,2.696110E+08,359480.85,35107.91,2.402580E+07,32034.36
1738616923,358407.29,2.731951E+08,359466.72,31852.48,2.434432E+07,32031.96
1738616933,350112.62,2.766962E+08,359345.24,31320.01,2.465752E+07,32022.72
1738616943,284660.06,2.795428E+08,358387.74,25365.01,2.491118E+07,31937.36
1738616953,270607.46,2.822489E+08,357276.60,24015.00,2.515132E+07,31837.08
1738616963,246032.50,2.847092E+08,355886.05,22035.00,2.537168E+07,31714.55
1738616973,296159.97,2.876708E+08,355148.69,26332.50,2.563500E+07,31648.11
1738616983,305209.99,2.907229E+08,354539.68,27105.00,2.590605E+07,31592.70
1738616993,396760.13,2.946905E+08,355048.36,35385.01,2.625990E+07,31638.40
1738617003,348339.95,2.981739E+08,354968.50,31095.00,2.657085E+07,31631.93
1738617013,380789.98,3.019818E+08,355272.28,33967.50,2.691052E+07,31659.40
1738617023,363140.08,3.056132E+08,355363.77,32347.51,2.723400E+07,31667.40
1738617033,346960.00,3.090828E+08,355267.17,30900.00,2.754300E+07,31658.58
1738617043,356459.80,3.126474E+08,355280.72,31792.48,2.786092E+07,31660.11
1738617053,411620.24,3.167636E+08,355913.75,36667.52,2.822760E+07,31716.37
1738617063,264479.82,3.194084E+08,354897.82,23459.98,2.846220E+07,31624.63
1738617073,277340.17,3.221818E+08,354045.54,24832.51,2.871052E+07,31549.99
1738617083,354669.97,3.257285E+08,354052.33,31582.50,2.902635E+07,31550.35
1738617093,385237.51,3.295809E+08,354387.65,34237.50,2.936872E+07,31579.24
1738617103,350432.41,3.330852E+08,354345.57,31327.49,2.968200E+07,31576.56
1738617113,393760.08,3.370228E+08,354760.46,34980.01,3.003180E+07,31612.39
1738617123,311040.04,3.401332E+08,354305.04,27877.50,3.031058E+07,31573.48
1738617133,345262.51,3.435858E+08,354211.82,30705.00,3.061762E+07,31564.53
1738617143,378837.42,3.473742E+08,354463.10,33697.49,3.095460E+07,31586.29
1738617153,226240.05,3.496366E+08,353167.92,20160.00,3.115620E+07,31470.88
1738617163,383099.95,3.534676E+08,353467.24,34252.50,3.149872E+07,31498.69
1738617173,329267.52,3.567603E+08,353227.64,29295.00,3.179168E+07,31476.87
1738617183,358447.51,3.603448E+08,353278.82,31957.50,3.211125E+07,31481.59
1738617193,409965.02,3.644444E+08,353829.17,36540.00,3.247665E+07,31530.70
1738617203,363599.92,3.680804E+08,353923.12,32399.99,3.280065E+07,31539.06
1738617213,401702.56,3.720974E+08,354378.16,35692.51,3.315758E+07,31578.61
1738617223,325722.54,3.753546E+08,354107.82,29137.50,3.344895E+07,31555.58
1738617233,368107.40,3.790357E+08,354238.66,32669.99,3.377565E+07,31566.00
1738617243,406032.60,3.830960E+08,354718.23,36262.51,3.413828E+07,31609.48
1738617253,361949.98,3.867156E+08,354784.58,32160.00,3.445988E+07,31614.53
1738617263,381642.09,3.905320E+08,355028.74,34109.96,3.480098E+07,31637.22
1738617273,337252.87,3.939045E+08,354868.59,29947.53,3.510045E+07,31622.00
1738617283,341189.96,3.973164E+08,354746.46,30495.00,3.540540E+07,31611.94
1738617293,394562.47,4.012620E+08,355098.82,35077.50,3.575618E+07,31642.60
1738617303,357020.03,4.048322E+08,355115.67,31905.00,3.607522E+07,31644.91
1738617313,378574.89,4.086180E+08,355319.66,33659.99,3.641182E+07,31662.43
1738617323,337192.52,4.119899E+08,355163.40,30067.50,3.671250E+07,31648.68
1738617333,349764.91,4.154876E+08,355117.25,31154.99,3.702405E+07,31644.46
1738617343,403895.14,4.195265E+08,355530.63,35985.01,3.738390E+07,31681.24
1738617353,380480.00,4.233313E+08,355740.28,33945.00,3.772335E+07,31700.27
1738617363,406709.86,4.273984E+08,356165.03,36329.99,3.808665E+07,31738.85
1738617373,337130.19,4.307697E+08,356007.72,29985.02,3.838650E+07,31724.35
1738617383,362557.49,4.343953E+08,356061.40,32242.50,3.870892E+07,31728.60
1738617393,357712.50,4.379724E+08,356074.83,31972.50,3.902865E+07,31730.58
1738617403,425784.80,4.422302E+08,356637.01,37829.98,3.940695E+07,31779.77
1738617413,277452.65,4.450048E+08,356003.53,24847.51,3.965542E+07,31724.31
1738617423,320939.81,4.482142E+08,355725.25,28499.98,3.994042E+07,31698.72
1738617433,366070.21,4.518749E+08,355806.70,32730.02,4.026772E+07,31706.84
1738617443,416707.39,4.560420E+08,356282.49,36974.99,4.063748E+07,31748.00
1738617453,363315.06,4.596751E+08,356337.01,32392.50,4.096140E+07,31753.00
1738617463,364710.03,4.633222E+08,356401.41,32520.00,4.128660E+07,31758.90
1738617473,244360.01,4.657658E+08,355546.14,21862.50,4.150522E+07,31683.35
1738617483,403164.88,4.697974E+08,355906.88,35902.49,4.186425E+07,31715.32
1738617493,369805.09,4.734955E+08,356011.38,32850.01,4.219275E+07,31723.85
1738617503,424609.95,4.777416E+08,356523.31,37980.00,4.257255E+07,31770.54
1738617513,339480.06,4.811364E+08,356397.07,30247.51,4.287502E+07,31759.25
1738617523,421059.95,4.853470E+08,356872.53,37477.50,4.324980E+07,31801.30
1738617533,374065.03,4.890876E+08,356998.02,33232.50,4.358212E+07,31811.75
1738617543,429769.98,4.933854E+08,357525.35,38370.00,4.396582E+07,31859.27
1738617553,370495.05,4.970903E+08,357618.66,32947.50,4.429530E+07,31867.10
1738617563,385109.85,5.009414E+08,357815.03,34409.99,4.463940E+07,31885.26
1738617573,374725.02,5.046886E+08,357934.95,33315.00,4.497255E+07,31895.40
1738617583,360555.01,5.082942E+08,357953.41,32205.00,4.529460E+07,31897.58
1738617593,327025.11,5.115644E+08,357737.12,29107.51,4.558568E+07,31878.07
1738617603,339494.83,5.149594E+08,357610.44,30262.49,4.588830E+07,31866.85
1738617613,274899.97,5.177084E+08,357040.02,24510.00,4.613340E+07,31816.12
1738617623,283550.09,5.205439E+08,356536.67,25290.01,4.638630E+07,31771.42
1738617633,329120.03,5.238351E+08,356350.16,29220.00,4.667850E+07,31754.06
1738617643,371627.32,5.275514E+08,356453.39,33112.48,4.700962E+07,31763.24
1738617653,355835.23,5.311097E+08,356449.24,31725.02,4.732688E+07,31762.98
1738617663,344679.98,5.345565E+08,356370.78,30780.00,4.763468E+07,31756.43
1738617673,359704.99,5.381536E+08,356392.86,32070.00,4.795538E+07,31758.51
1738617683,424519.96,5.423988E+08,356841.06,37785.00,4.833322E+07,31798.15
1738617693,406242.48,5.464612E+08,357163.95,36157.50,4.869480E+07,31826.65
1738617703,436687.52,5.508281E+08,357680.33,38932.50,4.908412E+07,31872.79
1738617713,402469.99,5.548528E+08,357969.30,35835.00,4.944248E+07,31898.35
1738617723,395147.51,5.588042E+08,358207.62,35250.00,4.979498E+07,31919.83
1738617733,406302.45,5.628673E+08,358513.96,36195.00,5.015692E+07,31947.07
1738617743,453725.07,5.674045E+08,359116.56,40500.01,5.056192E+07,32001.20
1738617753,414347.39,5.715480E+08,359463.92,36967.49,5.093160E+07,32032.43
1738617763,440310.11,5.759511E+08,359969.21,39090.01,5.132250E+07,32076.54
1738617773,368949.97,5.796406E+08,360024.99,32970.00,5.165220E+07,32082.09

Summary:
loaded 581760000 metrics in 1615.342sec with 10 workers (mean rate 360146.72 metrics/sec)
loaded 51840000 rows in 1615.342sec with 10 workers (mean rate 32092.28 rows/sec)
Run complete after 691200 queries with 10 workers (Overall query rate 427.90 queries/sec):
          :
min:     0.89ms, med:     2.16ms, mean:    13.16ms, max: 2847.36ms, stddev:    24.94ms, sum: 9095.5sec, count: 691200
all queries:
min:     0.89ms, med:     2.16ms, mean:    13.16ms, max: 2847.36ms, stddev:    24.94ms, sum: 9095.5sec, count: 691200
Saving Response Latencies to /home/benchUser/results/latenciesInserts_other.csv
