time,per. metric/s,metric total,overall metric/s,per. row/s,row total,overall row/s
1737547009,113979.53,1.139900E+06,113979.53,10169.07,1.017000E+05,10169.07
1737547019,271329.98,3.853200E+06,192651.14,24307.50,3.447750E+05,17237.96
1737547029,270922.50,6.562425E+06,218740.79,24060.00,5.853750E+05,19511.90
1737547039,259167.50,9.154100E+06,228847.24,23137.50,8.167500E+05,20418.28
1737547049,250735.00,1.166145E+07,233224.71,22350.00,1.040250E+06,20804.62
1737547059,250817.51,1.416962E+07,236156.80,22357.50,1.263825E+06,21063.43
1737547069,266370.00,1.683332E+07,240472.91,23730.00,1.501125E+06,21444.36
1737547079,268232.49,1.951565E+07,243942.82,23962.50,1.740750E+06,21759.12
1737547089,269504.99,2.221070E+07,246783.03,23895.00,1.979700E+06,21996.44
1737547099,268492.44,2.489562E+07,248953.95,23887.49,2.218575E+06,22185.55
1737547109,274172.58,2.763735E+07,251246.54,24420.01,2.462775E+06,22388.68
1737547119,252205.00,3.015940E+07,251326.41,22552.50,2.688300E+06,22402.33
1737547129,261420.00,3.277360E+07,252102.83,23370.00,2.922000E+06,22476.76
1737547139,264710.01,3.542070E+07,253003.34,23550.00,3.157500E+06,22553.42
1737547149,261750.00,3.803820E+07,253586.45,23310.00,3.390600E+06,22603.86
1737547159,261972.45,4.065792E+07,254110.57,23287.50,3.623475E+06,22646.59
1737547169,252950.06,4.318742E+07,254042.30,22650.01,3.849975E+06,22646.79
1737547179,190122.48,4.508865E+07,250491.22,16785.00,4.017825E+06,22321.14
1737547189,152829.99,4.661695E+07,245351.18,13642.50,4.154250E+06,21864.37
1737547199,149927.46,4.811622E+07,240580.01,13492.50,4.289175E+06,21445.78
1737547209,128537.55,4.940160E+07,235244.68,11422.50,4.403400E+06,20968.48
1737547219,136359.96,5.076520E+07,230749.94,12120.00,4.524600E+06,20566.28
1737547229,169822.50,5.246342E+07,228100.93,15142.50,4.676025E+06,20330.46
1737547239,215272.48,5.461615E+07,227566.42,19102.50,4.867050E+06,20279.30
1737547249,219600.02,5.681215E+07,227247.76,19560.00,5.062650E+06,20250.53
1737547259,217860.06,5.899075E+07,226886.70,19402.50,5.256675E+06,20217.91
1737547269,221005.01,6.120080E+07,226668.86,19822.50,5.454900E+06,20203.26
1737547279,222944.96,6.343025E+07,226535.86,19732.50,5.652225E+06,20186.45
1737547289,205535.04,6.548560E+07,225811.70,18457.50,5.836800E+06,20126.83
1737547299,214167.50,6.762728E+07,225423.56,18952.50,6.026325E+06,20087.69
1737547309,221972.49,6.984700E+07,225312.23,19905.00,6.225375E+06,20081.80
1737547319,223410.01,7.208110E+07,225252.79,19777.50,6.423150E+06,20072.29
1737547329,220690.00,7.428800E+07,225114.52,19785.00,6.621000E+06,20063.58
1737547339,216169.98,7.644970E+07,224851.45,19170.00,6.812700E+06,20037.30
1737547349,237210.02,7.882180E+07,225204.55,21270.00,7.025400E+06,20072.52
1737547359,240185.01,8.122365E+07,225620.67,21307.50,7.238475E+06,20106.82
1737547369,244720.01,8.367085E+07,226136.87,21907.50,7.457550E+06,20155.49
1737547379,247642.35,8.614728E+07,226702.80,21937.49,7.676925E+06,20202.39
1737547389,242242.64,8.856970E+07,227101.26,21577.51,7.892700E+06,20237.64
1737547399,247097.48,9.104068E+07,227601.16,22102.50,8.113725E+06,20284.27
1737547409,245834.99,9.349902E+07,228045.89,21825.00,8.331975E+06,20321.84
1737547419,231582.48,9.581485E+07,228130.10,20677.50,8.538750E+06,20330.31
1737547429,244244.95,9.825730E+07,228504.86,21690.00,8.755650E+06,20361.93
1737547439,252175.08,1.007790E+08,229042.82,22552.51,8.981175E+06,20411.72
1737547449,257165.01,1.033507E+08,229667.75,22837.50,9.209550E+06,20465.62
1737547459,244989.98,1.058006E+08,230000.84,21952.50,9.429075E+06,20497.95
1737547469,241384.98,1.082144E+08,230243.06,21480.00,9.643875E+06,20518.84
1737547479,240375.04,1.106182E+08,230454.14,21322.50,9.857100E+06,20535.59
1737547489,235940.01,1.129776E+08,230566.10,21090.00,1.006800E+07,20546.90
1737547499,244502.50,1.154226E+08,230844.83,21877.50,1.028678E+07,20573.51
1737547509,167314.98,1.170958E+08,229599.14,14805.00,1.043482E+07,20460.40
1737547519,242085.02,1.195166E+08,229839.26,21555.00,1.065038E+07,20481.45
1737547529,242452.51,1.219412E+08,230077.24,21607.50,1.086645E+07,20502.70
1737547539,241754.90,1.243587E+08,230293.49,21509.99,1.108155E+07,20521.35
1737547549,246370.06,1.268224E+08,230585.80,22110.01,1.130265E+07,20550.24
1737547559,265080.04,1.294732E+08,231201.76,23580.00,1.153845E+07,20604.34
1737547569,272010.01,1.321933E+08,231917.70,24120.00,1.177965E+07,20666.02
1737547579,277549.99,1.349688E+08,232704.46,24855.00,1.202820E+07,20738.24
1737547589,273765.00,1.377064E+08,233400.40,24367.50,1.227188E+07,20799.76
1737547599,276995.01,1.404764E+08,234126.97,24750.00,1.251938E+07,20865.59
1737547609,271042.49,1.431868E+08,234732.15,24000.00,1.275938E+07,20916.98
1737547619,246437.36,1.456512E+08,234920.94,22102.49,1.298040E+07,20936.10
1737547629,241357.62,1.480648E+08,235023.11,21502.51,1.319542E+07,20945.09
1737547639,234635.02,1.504111E+08,235017.05,20925.00,1.340468E+07,20944.77
1737547649,233427.49,1.527454E+08,234992.59,20760.00,1.361228E+07,20941.93
1737547659,248430.01,1.552297E+08,235196.19,22042.50,1.383270E+07,20958.61
1737547669,235655.00,1.575862E+08,235203.04,21075.00,1.404345E+07,20960.34
1737547679,232984.98,1.599161E+08,235170.42,20685.00,1.425030E+07,20956.30
1737547689,232100.02,1.622371E+08,235125.92,20700.00,1.445730E+07,20952.58
1737547699,242400.00,1.646611E+08,235229.83,21600.00,1.467330E+07,20961.83
1737547709,232609.94,1.669872E+08,235192.93,20819.99,1.488150E+07,20959.83
1737547719,243180.06,1.694190E+08,235303.87,21630.01,1.509780E+07,20969.14
1737547729,246585.01,1.718848E+08,235458.40,21967.50,1.531748E+07,20982.82
1737547739,239842.49,1.742833E+08,235517.65,21285.00,1.553032E+07,20986.90
1737547749,238417.49,1.766674E+08,235556.31,21382.50,1.574415E+07,20992.17
1737547759,241755.01,1.790850E+08,235637.87,21517.50,1.595932E+07,20999.09
1737547769,247485.00,1.815598E+08,235791.73,21930.00,1.617862E+07,21011.18
1737547779,238455.01,1.839444E+08,235825.88,21420.00,1.639282E+07,21016.42
1737547789,257540.00,1.865198E+08,236100.74,22905.00,1.662188E+07,21040.32
1737547799,264747.50,1.891673E+08,236458.82,23505.00,1.685692E+07,21071.13
1737547809,250795.00,1.916752E+08,236635.81,22365.00,1.708058E+07,21087.11
1737547819,253077.41,1.942060E+08,236836.32,22664.99,1.730722E+07,21106.35
1737547829,201504.86,1.962210E+08,236410.64,17932.49,1.748655E+07,21068.11
1737547839,158109.83,1.978022E+08,235478.49,13942.49,1.762598E+07,20983.28
1737547849,140685.29,1.992090E+08,234363.28,12675.03,1.775272E+07,20885.54
1737547859,148424.98,2.006932E+08,233363.99,13162.50,1.788435E+07,20795.73
1737547869,147360.02,2.021668E+08,232375.44,13057.50,1.801492E+07,20706.79
1737547879,173335.00,2.039002E+08,231704.53,15607.50,1.817100E+07,20648.84
1737547889,234267.50,2.062429E+08,231733.33,20872.50,1.837972E+07,20651.36
1737547899,248362.51,2.087265E+08,231918.10,22042.50,1.860015E+07,20666.81
1737547909,258559.99,2.113121E+08,232210.86,23040.00,1.883055E+07,20692.89
1737547919,253190.02,2.138440E+08,232438.90,22650.00,1.905705E+07,20714.16
1737547929,257299.89,2.164170E+08,232706.22,22897.49,1.928602E+07,20737.64
1737547939,264575.11,2.190628E+08,233045.25,23482.51,1.952085E+07,20766.84
1737547949,254404.99,2.216068E+08,233270.09,22777.50,1.974862E+07,20788.01
1737547959,246397.49,2.240708E+08,233406.83,21840.00,1.996702E+07,20798.96
1737547969,250165.01,2.265724E+08,233579.60,22275.00,2.018978E+07,20814.18
1737547979,261217.50,2.291846E+08,233861.62,23400.00,2.042378E+07,20840.57
1737547989,252887.45,2.317135E+08,234053.80,22515.00,2.064892E+07,20857.48
1737547999,179387.45,2.335074E+08,233507.13,15892.50,2.080785E+07,20807.83
1737548009,227380.09,2.357812E+08,233446.47,20242.51,2.101028E+07,20802.23
1737548019,229924.94,2.380804E+08,233411.95,20655.00,2.121682E+07,20800.79
1737548029,237807.58,2.404585E+08,233454.62,21030.01,2.142712E+07,20803.02
1737548039,236314.99,2.428216E+08,233482.13,21105.00,2.163818E+07,20805.92
1737548049,228552.50,2.451072E+08,233435.18,20467.50,2.184285E+07,20802.70
1737548059,224129.97,2.473484E+08,233347.39,19882.50,2.204168E+07,20794.01
1737548069,226832.54,2.496168E+08,233286.51,20250.00,2.224418E+07,20788.93
1737548079,225024.99,2.518670E+08,233210.01,19980.00,2.244398E+07,20781.44
1737548089,224432.49,2.541114E+08,233129.48,19987.50,2.264385E+07,20774.16
1737548099,222804.94,2.563394E+08,233035.62,19994.99,2.284380E+07,20767.07
1737548109,215847.49,2.584979E+08,232880.77,19132.50,2.303512E+07,20752.35
1737548119,251372.59,2.610116E+08,233045.88,22447.51,2.325960E+07,20767.48
1737548129,267745.01,2.636890E+08,233352.95,23895.00,2.349855E+07,20795.16
1737548139,256194.98,2.662510E+08,233553.32,22725.00,2.372580E+07,20812.09
1737548149,257585.01,2.688268E+08,233762.29,22912.50,2.395492E+07,20830.35
1737548159,254675.01,2.713736E+08,233942.57,22852.50,2.418345E+07,20847.79
1737548169,279527.50,2.741689E+08,234332.19,24787.50,2.443132E+07,20881.46
1737548179,282327.49,2.769922E+08,234738.93,25132.50,2.468265E+07,20917.48
1737548189,282499.95,2.798172E+08,235140.28,25162.50,2.493428E+07,20953.16
1737548199,267832.48,2.824955E+08,235412.71,23925.00,2.517352E+07,20977.92
1737548209,249955.07,2.849950E+08,235532.90,22245.01,2.539598E+07,20988.39
1737548219,258874.99,2.875838E+08,235724.23,23085.00,2.562682E+07,21005.58
1737548229,261502.50,2.901988E+08,235933.81,23415.00,2.586098E+07,21025.17
1737548239,263119.99,2.928300E+08,236153.05,23302.50,2.609400E+07,21043.53
1737548249,251410.00,2.953441E+08,236275.11,22455.00,2.631855E+07,21054.82
1737548259,228147.44,2.976256E+08,236210.60,20407.49,2.652262E+07,21049.69
1737548269,234162.56,2.999672E+08,236194.47,20857.51,2.673120E+07,21048.17
1737548279,230327.51,3.022705E+08,236148.64,20392.50,2.693512E+07,21043.05
1737548289,229872.48,3.045692E+08,236099.99,20602.50,2.714115E+07,21039.64
1737548299,244200.01,3.070112E+08,236162.29,21780.00,2.735895E+07,21045.33
1737548309,247042.52,3.094816E+08,236245.35,21922.50,2.757818E+07,21052.03
1737548319,244554.99,3.119272E+08,236308.30,21885.00,2.779702E+07,21058.34
1737548329,240139.99,3.143286E+08,236337.11,21300.00,2.801002E+07,21060.15
1737548339,233187.41,3.166604E+08,236313.61,20729.99,2.821732E+07,21057.69
1737548349,244972.54,3.191102E+08,236377.75,21945.00,2.843678E+07,21064.26
1737548359,252702.56,3.216372E+08,236497.78,22545.00,2.866222E+07,21075.15
1737548369,248440.01,3.241216E+08,236584.95,22117.50,2.888340E+07,21082.76
1737548379,251327.50,3.266349E+08,236691.78,22432.50,2.910772E+07,21092.54
1737548389,263382.49,3.292687E+08,236883.80,23317.50,2.934090E+07,21108.55
1737548399,267689.98,3.319456E+08,237103.84,23910.00,2.958000E+07,21128.56
1737548409,268420.04,3.346298E+08,237325.94,23992.50,2.981992E+07,21148.87
1737548419,271019.96,3.373400E+08,237563.23,24007.50,3.006000E+07,21169.00
1737548429,267165.02,3.400116E+08,237770.23,23812.50,3.029812E+07,21187.49
1737548439,270475.00,3.427164E+08,237997.35,24270.00,3.054082E+07,21208.89
1737548449,264424.91,3.453606E+08,238179.61,23474.99,3.077558E+07,21224.52
1737548459,234935.01,3.477100E+08,238157.38,20962.50,3.098520E+07,21222.73
1737548469,161570.05,3.493257E+08,237636.38,14415.00,3.112935E+07,21176.42
1737548479,224484.78,3.515706E+08,237547.52,19889.98,3.132825E+07,21167.72
1737548489,136535.12,3.529359E+08,236869.59,12150.01,3.144975E+07,21107.20
1737548499,132650.01,3.542624E+08,236174.79,11955.00,3.156930E+07,21046.19
1737548509,135849.97,3.556209E+08,235510.39,12045.00,3.168975E+07,20986.58
1737548519,135875.00,3.569796E+08,234854.89,12037.50,3.181012E+07,20927.70
1737548529,137359.94,3.583532E+08,234217.67,12240.00,3.193252E+07,20870.92
1737548539,159447.61,3.599477E+08,233732.15,14295.01,3.207548E+07,20828.22
1737548549,228467.43,3.622324E+08,233698.18,20272.49,3.227820E+07,20824.63
1737548559,238200.08,3.646144E+08,233727.04,21390.01,3.249210E+07,20828.26
1737548569,239525.00,3.670096E+08,233763.97,21225.00,3.270435E+07,20830.78
1737548579,235875.00,3.693684E+08,233777.33,21090.00,3.291525E+07,20832.42
1737548589,237612.49,3.717445E+08,233801.45,21142.50,3.312668E+07,20834.37
1737548599,238572.49,3.741302E+08,233831.27,21277.50,3.333945E+07,20837.14
1737548609,275434.99,3.768846E+08,234089.68,24562.50,3.358508E+07,20860.28
1737548619,275665.03,3.796412E+08,234346.32,24607.50,3.383115E+07,20883.41
1737548629,271882.41,3.823601E+08,234576.60,24097.49,3.407212E+07,20903.13
1737548639,267517.57,3.850352E+08,234777.46,23895.01,3.431108E+07,20921.38
1737548649,243172.40,3.874670E+08,234828.34,21689.99,3.452798E+07,20926.03
1737548659,248935.10,3.899563E+08,234913.32,22110.01,3.474908E+07,20933.17
1737548669,245079.86,3.924071E+08,234974.20,21959.99,3.496868E+07,20939.31
1737548679,249277.58,3.948999E+08,235059.34,22162.51,3.519030E+07,20946.60
1737548689,248950.07,3.973894E+08,235141.53,22110.01,3.541140E+07,20953.48
1737548699,234874.99,3.997382E+08,235139.96,20962.50,3.562102E+07,20953.53
1737548709,235159.92,4.020898E+08,235140.08,20992.49,3.583095E+07,20953.76
1737548719,224372.57,4.043335E+08,235077.48,19897.51,3.602992E+07,20947.62
1737548729,234844.90,4.066819E+08,235076.13,20954.99,3.623948E+07,20947.66
1737548739,226787.63,4.089498E+08,235028.50,20242.51,3.644190E+07,20943.61
1737548749,227719.95,4.112270E+08,234986.73,20347.50,3.664538E+07,20940.20
1737548759,242040.05,4.136474E+08,235026.81,21555.00,3.686092E+07,20943.70
1737548769,236659.91,4.160140E+08,235036.04,21104.99,3.707198E+07,20944.61
1737548779,231040.08,4.183244E+08,235013.59,20542.51,3.727740E+07,20942.35
1737548789,242677.50,4.207512E+08,235056.40,21637.50,3.749378E+07,20946.23
1737548799,247457.50,4.232258E+08,235125.30,21967.50,3.771345E+07,20951.91
1737548809,231304.95,4.255388E+08,235104.19,20752.50,3.792098E+07,20950.80
1737548819,247275.07,4.280116E+08,235171.06,21907.51,3.814005E+07,20956.06
1737548829,236022.49,4.303718E+08,235175.72,21112.50,3.835118E+07,20956.92
1737548839,247832.45,4.328501E+08,235244.50,21967.50,3.857085E+07,20962.41
1737548849,244642.53,4.352965E+08,235295.30,21907.50,3.878992E+07,20967.52
1737548859,251307.53,4.378096E+08,235381.39,22417.50,3.901410E+07,20975.31
1737548869,252947.51,4.403391E+08,235475.33,22522.50,3.923932E+07,20983.59
1737548879,256385.00,4.429029E+08,235586.55,22875.00,3.946808E+07,20993.65
1737548889,250899.99,4.454119E+08,235667.57,22380.00,3.969188E+07,21000.98
1737548899,254777.50,4.479597E+08,235768.15,22537.50,3.991725E+07,21009.07
1737548909,242699.92,4.503867E+08,235804.44,21629.99,4.013355E+07,21012.32
1737548919,238410.08,4.527708E+08,235818.01,21397.51,4.034752E+07,21014.33
1737548929,237327.51,4.551441E+08,235825.83,21000.00,4.055752E+07,21014.25
1737548939,234852.49,4.574926E+08,235820.82,20917.50,4.076670E+07,21013.75
1737548949,227230.00,4.597649E+08,235776.76,20280.00,4.096950E+07,21009.99
1737548959,228972.51,4.620546E+08,235742.05,20527.50,4.117478E+07,21007.53
1737548969,224497.44,4.642996E+08,235684.97,19942.49,4.137420E+07,21002.12
1737548979,161945.05,4.659190E+08,235312.54,14445.00,4.151865E+07,20969.01
1737548989,258214.98,4.685012E+08,235427.63,22995.00,4.174860E+07,20979.19
1737548999,237479.99,4.708760E+08,235437.89,21210.00,4.196070E+07,20980.34
1737549009,239584.95,4.732718E+08,235458.52,21315.00,4.217385E+07,20982.01
1737549019,236175.06,4.756336E+08,235462.07,21105.01,4.238490E+07,20982.61
1737549029,237687.49,4.780105E+08,235473.03,21022.50,4.259512E+07,20982.81
1737549039,235580.01,4.803663E+08,235473.56,21000.00,4.280512E+07,20982.89
1737549049,235347.50,4.827198E+08,235472.94,21030.00,4.301542E+07,20983.12
1737549059,232789.99,4.850476E+08,235459.92,20670.00,4.322212E+07,20981.60
1737549069,235032.43,4.873980E+08,235457.85,20969.99,4.343182E+07,20981.55
1737549079,227695.06,4.896749E+08,235420.53,20370.01,4.363552E+07,20978.61
1737549089,228627.52,4.919612E+08,235388.03,20415.00,4.383968E+07,20975.91
1737549099,231474.90,4.942760E+08,235369.40,20564.99,4.404532E+07,20973.96
1737549109,234365.08,4.966196E+08,235364.64,20887.51,4.425420E+07,20973.55
1737549119,233487.51,4.989545E+08,235355.78,20752.50,4.446172E+07,20972.50
1737549129,238192.44,5.013364E+08,235369.10,21329.99,4.467502E+07,20974.18
1737549139,230867.55,5.036451E+08,235348.06,20490.00,4.487992E+07,20971.92
1737549149,157407.51,5.052192E+08,234985.55,14092.50,4.502085E+07,20939.92
1737549159,153084.89,5.067500E+08,234606.38,13657.49,4.515742E+07,20906.21
1737549169,128800.00,5.080380E+08,234118.79,11490.00,4.527232E+07,20862.81
1737549179,143760.10,5.094756E+08,233704.31,12772.51,4.540005E+07,20825.70
1737549189,126644.92,5.107420E+08,233215.45,11167.49,4.551172E+07,20781.60
1737549199,153445.03,5.122765E+08,232852.86,13672.50,4.564845E+07,20749.29
1737549209,230869.39,5.145852E+08,232843.88,20722.45,4.585568E+07,20749.17
1737549219,247215.78,5.170574E+08,232908.62,21937.57,4.607505E+07,20754.52
1737549229,226082.52,5.193182E+08,232878.01,20137.50,4.627642E+07,20751.75
1737549239,220982.48,5.215280E+08,232824.90,19807.50,4.647450E+07,20747.54
1737549249,249969.99,5.240277E+08,232901.10,22260.00,4.669710E+07,20754.26
1737549259,248430.01,5.265120E+08,232969.82,22050.00,4.691760E+07,20759.99
1737549269,251319.97,5.290252E+08,233050.65,22440.00,4.714200E+07,20767.39
1737549279,250045.02,5.315256E+08,233125.19,22267.50,4.736468E+07,20773.97
1737549289,249760.00,5.340232E+08,233197.83,22207.50,4.758675E+07,20780.23
1737549299,241979.99,5.364430E+08,233236.02,21540.00,4.780215E+07,20783.54
1737549309,244042.51,5.388835E+08,233282.80,21832.50,4.802048E+07,20788.08
1737549319,229399.94,5.411775E+08,233266.06,20445.00,4.822492E+07,20786.60
1737549329,233292.55,5.435104E+08,233266.17,20827.50,4.843320E+07,20786.77
1737549339,224740.01,5.457578E+08,233229.74,20002.50,4.863322E+07,20783.42
1737549349,231384.99,5.480716E+08,233221.89,20490.00,4.883812E+07,20782.17
1737549359,229527.51,5.503669E+08,233206.23,20595.00,4.904408E+07,20781.38
1737549369,226659.94,5.526335E+08,233178.61,20219.99,4.924628E+07,20779.01
1737549379,233185.03,5.549654E+08,233178.64,20730.00,4.945358E+07,20778.80
1737549389,230059.99,5.572660E+08,233165.59,20445.00,4.965802E+07,20777.41
1737549399,228535.03,5.595513E+08,233146.30,20325.00,4.986128E+07,20775.52
1737549409,231094.95,5.618623E+08,233137.78,20685.00,5.006812E+07,20775.15
1737549419,228632.48,5.641486E+08,233119.17,20257.50,5.027070E+07,20773.01
1737549429,230540.07,5.664540E+08,233108.55,20707.51,5.047778E+07,20772.74
1737549439,223964.90,5.686936E+08,233071.08,19889.99,5.067668E+07,20769.12
1737549449,226675.11,5.709604E+08,233044.97,20212.51,5.087880E+07,20766.85
1737549459,226442.49,5.732248E+08,233018.13,20182.50,5.108062E+07,20764.47
1737549469,225557.49,5.754804E+08,232987.93,20077.50,5.128140E+07,20761.69
1737549479,222565.00,5.777060E+08,232945.90,19815.00,5.147955E+07,20757.88
1737549489,228159.91,5.799876E+08,232926.68,20257.49,5.168212E+07,20755.87

Summary:
loaded 581760000 metrics in 2497.229sec with 10 workers (mean rate 232962.25 metrics/sec)
loaded 51840000 rows in 2497.229sec with 10 workers (mean rate 20759.01 rows/sec)
Run complete after 691200 queries with 10 workers (Overall query rate 276.79 queries/sec):
          :
min:     0.97ms, med:     1.91ms, mean:     8.23ms, max: 2852.09ms, stddev:    20.72ms, sum: 5690.5sec, count: 691200
all queries:
min:     0.97ms, med:     1.91ms, mean:     8.23ms, max: 2852.09ms, stddev:    20.72ms, sum: 5690.5sec, count: 691200
Saving Response Latencies to /home/benchUser/results/latenciesInserts_latest.csv
