time,per. metric/s,metric total,overall metric/s,per. row/s,row total,overall row/s
1737380844,98298.80,9.830250E+05,98298.80,8797.17,8.797500E+04,8797.17
1737380854,262297.50,3.606000E+06,180296.61,23490.00,3.228750E+05,16143.45
1737380864,266639.99,6.272400E+06,209077.38,23760.00,5.604750E+05,18682.27
1737380874,264184.94,8.914250E+06,222854.14,23497.49,7.954500E+05,19886.06
1737380884,269335.07,1.160760E+07,232150.25,24037.51,1.035825E+06,20716.34
1737380894,264660.00,1.425420E+07,237568.51,23565.00,1.271475E+06,21191.12
1737380904,253825.00,1.679245E+07,239890.85,22567.50,1.497150E+06,21387.74
1737380914,248515.00,1.927760E+07,240968.87,22230.00,1.719450E+06,21493.02
1737380924,257299.96,2.185060E+07,242783.42,22897.50,1.948425E+06,21649.08
1737380934,249915.05,2.434975E+07,243496.58,22252.50,2.170950E+06,21709.42
1737380944,256849.89,2.691825E+07,244710.52,22799.99,2.398950E+06,21808.56
1737380954,259085.10,2.950910E+07,245908.39,23115.01,2.630100E+06,21917.43
1737380964,274877.41,3.225788E+07,248136.77,24502.49,2.875125E+06,22116.28
1737380974,251305.05,3.477092E+07,248363.08,22440.00,3.099525E+06,22139.40
1737380984,241807.54,3.718900E+07,247926.04,21517.50,3.314700E+06,22097.94
1737380994,246287.51,3.965188E+07,247823.64,21982.50,3.534525E+06,22090.73
1737381004,245887.42,4.211075E+07,247709.74,21832.49,3.752850E+06,22075.54
1737381014,254840.06,4.465915E+07,248105.87,22800.01,3.980850E+06,22115.79
1737381024,254252.51,4.720168E+07,248429.38,22567.50,4.206525E+06,22139.56
1737381034,253002.33,4.973170E+07,248658.02,22657.49,4.433100E+06,22165.46
1737381044,248700.12,5.221870E+07,248660.03,22095.01,4.654050E+06,22162.10
1737381054,260287.53,5.482158E+07,249188.55,23257.50,4.886625E+06,22211.89
1737381064,255670.00,5.737828E+07,249470.35,22650.00,5.113125E+06,22230.94
1737381074,253212.49,5.991040E+07,249626.27,22687.50,5.340000E+06,22249.97
1737381084,250690.01,6.241730E+07,249668.82,22350.00,5.563500E+06,22253.97
1737381094,243509.83,6.485240E+07,249431.94,21697.49,5.780475E+06,22232.56
1737381104,240720.06,6.725960E+07,249109.28,21427.51,5.994750E+06,22202.75
1737381114,240710.10,6.966670E+07,248809.31,21375.01,6.208500E+06,22173.18
1737381124,227290.01,7.193960E+07,248067.26,20310.00,6.411600E+06,22108.94
1737381134,249272.48,7.443232E+07,248107.44,22147.50,6.633075E+06,22110.22
1737381144,262447.51,7.705680E+07,248570.02,23482.50,6.867900E+06,22154.49
1737381154,265064.92,7.970745E+07,249085.49,23624.99,7.104150E+06,22200.44
1737381164,260450.10,8.231195E+07,249429.87,23190.01,7.336050E+06,22230.43
1737381174,256384.98,8.487580E+07,249634.43,22852.50,7.564575E+06,22248.73
1737381184,242789.92,8.730370E+07,249438.87,21652.49,7.781100E+06,22231.69
1737381194,249000.09,8.979370E+07,249426.68,22140.01,8.002500E+06,22229.14
1737381204,243932.50,9.223302E+07,249278.19,21787.50,8.220375E+06,22217.21
1737381214,240567.50,9.463870E+07,249048.96,21367.50,8.434050E+06,22194.85
1737381224,250209.99,9.714080E+07,249078.73,22275.00,8.656800E+06,22196.90
1737381234,252320.00,9.966400E+07,249159.77,22560.00,8.882400E+06,22205.98
1737381244,240192.40,1.020659E+08,248941.05,21307.49,9.095475E+06,22184.06
1737381254,252147.61,1.045874E+08,249017.40,22545.01,9.320925E+06,22192.66
1737381264,226600.01,1.068534E+08,248496.06,20205.00,9.522975E+06,22146.43
1737381274,254049.96,1.093939E+08,248622.29,22552.50,9.748500E+06,22155.66
1737381284,236329.97,1.117572E+08,248349.12,21030.00,9.958800E+06,22130.65
1737381294,236700.07,1.141242E+08,248095.88,21202.51,1.017082E+07,22110.47
1737381304,225689.99,1.163811E+08,247619.16,20092.50,1.037175E+07,22067.54
1737381314,184797.51,1.182291E+08,246310.38,16417.50,1.053592E+07,21949.83
1737381324,283212.33,1.210612E+08,247063.48,25267.49,1.078860E+07,22017.53
1737381334,264885.14,1.237100E+08,247419.91,23512.51,1.102372E+07,22047.43
1737381344,242400.01,1.261340E+08,247321.48,21600.00,1.123972E+07,22038.66
1737381354,241409.91,1.285482E+08,247207.80,21532.49,1.145505E+07,22028.93
1737381364,235460.07,1.309028E+08,246986.15,20962.51,1.166468E+07,22008.81
1737381374,237045.01,1.332732E+08,246802.05,21247.50,1.187715E+07,21994.71
1737381384,232630.01,1.355995E+08,246544.38,20655.00,1.208370E+07,21970.35
1737381394,237569.88,1.379752E+08,246384.12,21269.99,1.229640E+07,21957.84
1737381404,241567.61,1.403909E+08,246299.62,21532.51,1.251172E+07,21950.38
1737381414,247169.91,1.428626E+08,246314.62,21869.99,1.273042E+07,21948.99
1737381424,235107.39,1.452136E+08,246124.67,20992.49,1.294035E+07,21932.78
1737381434,178577.61,1.469994E+08,244998.89,15967.51,1.310002E+07,21833.36
1737381444,160414.99,1.486036E+08,243612.27,14220.00,1.324222E+07,21708.55
1737381454,155042.53,1.501540E+08,242183.72,13897.50,1.338120E+07,21582.57
1737381464,152154.97,1.516756E+08,240754.70,13485.00,1.351605E+07,21454.03
1737381474,145492.52,1.531305E+08,239266.23,12967.50,1.364572E+07,21321.43
1737381484,137622.43,1.545067E+08,237702.48,12277.49,1.376850E+07,21182.30
1737381494,128755.06,1.557942E+08,236051.76,11445.01,1.388295E+07,21034.76
1737381504,196757.44,1.577618E+08,235465.28,17662.49,1.405958E+07,20984.43
1737381514,221520.08,1.599770E+08,235260.20,19620.01,1.425578E+07,20964.36
1737381524,221954.98,1.621966E+08,235067.37,19860.00,1.445438E+07,20948.36
1737381534,223217.52,1.644288E+08,234898.09,19770.00,1.465208E+07,20931.52
1737381544,227140.01,1.667002E+08,234788.82,20257.50,1.485465E+07,20922.03
1737381554,223404.98,1.689342E+08,234630.71,19995.00,1.505460E+07,20909.16
1737381564,228325.01,1.712174E+08,234544.33,20242.50,1.525702E+07,20900.02
1737381574,221575.01,1.734332E+08,234369.07,19882.50,1.545585E+07,20886.27
1737381584,225759.98,1.756908E+08,234254.28,20100.00,1.565685E+07,20875.79
1737381594,234860.02,1.780394E+08,234262.25,20947.50,1.586632E+07,20876.73
1737381604,224864.99,1.802880E+08,234140.21,19995.00,1.606628E+07,20865.28
1737381614,219962.44,1.824877E+08,233958.44,19664.99,1.626292E+07,20849.89
1737381624,248114.97,1.849688E+08,234137.64,22005.00,1.648298E+07,20864.52
1737381634,242137.59,1.873902E+08,234237.64,21562.51,1.669860E+07,20873.24
1737381644,240899.99,1.897992E+08,234319.89,21420.00,1.691280E+07,20879.99
1737381654,237660.01,1.921758E+08,234360.62,21307.50,1.712588E+07,20885.20
1737381664,241617.50,1.945920E+08,234448.06,21510.00,1.734098E+07,20892.73
1737381674,242332.47,1.970153E+08,234541.92,21592.50,1.755690E+07,20901.06
1737381684,241515.05,1.994304E+08,234623.96,21465.00,1.777155E+07,20907.70
1737381694,243352.41,2.018640E+08,234725.45,21742.49,1.798898E+07,20917.40
1737381704,235732.59,2.042213E+08,234737.03,21052.51,1.819950E+07,20918.96
1737381714,247259.98,2.066939E+08,234879.33,21885.00,1.841835E+07,20929.93
1737381724,246729.96,2.091612E+08,235012.48,22132.50,1.863968E+07,20943.45
1737381734,223260.06,2.113938E+08,234881.90,19822.51,1.883790E+07,20930.99
1737381744,225849.99,2.136523E+08,234782.65,20100.00,1.903890E+07,20921.86
1737381754,243909.96,2.160914E+08,234881.86,21802.50,1.925692E+07,20931.43
1737381764,232442.49,2.184158E+08,234855.63,20625.00,1.946318E+07,20928.14
1737381774,225715.05,2.206730E+08,234758.39,20085.00,1.966402E+07,20919.17
1737381784,224492.48,2.229179E+08,234650.33,20047.50,1.986450E+07,20909.99
1737381794,222430.01,2.251422E+08,234523.03,19897.50,2.006348E+07,20899.44
1737381804,220574.87,2.273480E+08,234379.24,19657.49,2.026005E+07,20886.64
1737381814,230935.15,2.296573E+08,234344.09,20550.01,2.046555E+07,20883.21
1737381824,229069.97,2.319480E+08,234290.82,20460.00,2.067015E+07,20878.93
1737381834,172935.02,2.336774E+08,233677.26,15262.50,2.082278E+07,20822.77
1737381844,250105.00,2.361784E+08,233839.91,22282.50,2.104560E+07,20837.22
1737381854,240075.00,2.385792E+08,233901.04,21525.00,2.126085E+07,20843.96
1737381864,224349.99,2.408226E+08,233808.31,20010.00,2.146095E+07,20835.87
1737381874,225337.50,2.430760E+08,233726.86,20047.50,2.166142E+07,20828.29
1737381884,225332.51,2.453294E+08,233646.92,20040.00,2.186182E+07,20820.78
1737381894,222324.89,2.475526E+08,233540.10,19837.49,2.206020E+07,20811.50
1737381904,225340.09,2.498060E+08,233463.47,20122.51,2.226142E+07,20805.06
1737381914,221790.00,2.520239E+08,233355.38,19627.50,2.245770E+07,20794.16
1737381924,227132.51,2.542952E+08,233298.29,20287.50,2.266058E+07,20789.51
1737381934,220629.99,2.565015E+08,233183.12,19770.00,2.285828E+07,20780.24
1737381944,221774.99,2.587193E+08,233080.35,19605.00,2.305432E+07,20769.66
1737381954,220762.51,2.609269E+08,232970.37,19762.50,2.325195E+07,20760.66
1737381964,225834.93,2.631852E+08,232907.22,20092.49,2.345288E+07,20754.75
1737381974,231657.55,2.655018E+08,232896.26,20610.00,2.365898E+07,20753.48
1737381984,227312.53,2.677750E+08,232847.71,20220.00,2.386118E+07,20748.84
1737381994,227260.00,2.700476E+08,232799.54,20287.50,2.406405E+07,20744.86
1737382004,228710.02,2.723346E+08,232764.58,20490.00,2.426895E+07,20742.69
1737382014,226450.00,2.745992E+08,232711.07,20190.00,2.447085E+07,20738.00
1737382024,237859.99,2.769778E+08,232754.34,21060.00,2.468145E+07,20740.71
1737382034,227455.00,2.792523E+08,232710.18,20250.00,2.488395E+07,20736.62
1737382044,233870.00,2.815910E+08,232719.76,20835.00,2.509230E+07,20737.43
1737382054,229037.43,2.838814E+08,232689.58,20527.49,2.529758E+07,20735.71
1737382064,232197.56,2.862034E+08,232685.58,20587.51,2.550345E+07,20734.51
1737382074,238185.01,2.885852E+08,232729.93,21367.50,2.571712E+07,20739.61
1737382084,231579.85,2.909010E+08,232720.73,20557.49,2.592270E+07,20738.15
1737382094,235800.17,2.932590E+08,232745.17,21067.51,2.613338E+07,20740.77
1737382104,160779.85,2.948668E+08,232178.51,14302.49,2.627640E+07,20690.07
1737382114,141285.05,2.962796E+08,231468.41,12555.00,2.640195E+07,20626.52
1737382124,140465.06,2.976843E+08,230762.96,12495.01,2.652690E+07,20563.48
1737382134,136249.97,2.990468E+08,230035.93,12090.00,2.664780E+07,20498.30
1737382144,127982.49,3.003266E+08,229256.90,11437.50,2.676218E+07,20429.14
1737382154,138132.46,3.017080E+08,228566.56,12270.00,2.688488E+07,20367.32
1737382164,139977.60,3.031077E+08,227900.48,12585.01,2.701072E+07,20308.81
1737382174,217522.41,3.052830E+08,227823.03,19349.99,2.720422E+07,20301.65
1737382184,226240.07,3.075454E+08,227811.31,20160.01,2.740582E+07,20300.61
1737382194,234319.98,3.098886E+08,227859.16,20880.00,2.761462E+07,20304.87
1737382204,233082.44,3.122194E+08,227897.29,20699.99,2.782162E+07,20307.75
1737382214,228702.58,3.145064E+08,227903.13,20497.51,2.802660E+07,20309.12
1737382224,233664.94,3.168430E+08,227944.58,20804.99,2.823465E+07,20312.69
1737382234,232370.06,3.191668E+08,227976.19,20602.51,2.844068E+07,20314.76
1737382244,234567.51,3.215124E+08,228022.94,20910.00,2.864978E+07,20318.98
1737382254,226236.61,3.237748E+08,228010.36,20159.70,2.885138E+07,20317.86
1737382264,234218.53,3.261170E+08,228053.77,20865.31,2.906002E+07,20321.69
1737382274,236262.49,3.284796E+08,228110.77,21157.50,2.927160E+07,20327.49
1737382284,225902.50,3.307386E+08,228095.54,20122.50,2.947282E+07,20326.08
1737382294,221957.49,3.329582E+08,228053.50,19777.50,2.967060E+07,20322.32
1737382304,224042.49,3.351986E+08,228026.22,20017.50,2.987078E+07,20320.25
1737382314,234425.01,3.375429E+08,228069.45,20895.00,3.007972E+07,20324.13
1737382324,229494.99,3.398378E+08,228079.02,20325.00,3.028298E+07,20324.14
1737382334,181217.42,3.416500E+08,227766.61,16222.49,3.044520E+07,20296.79
1737382344,233112.61,3.439811E+08,227802.01,20707.51,3.065228E+07,20299.51
1737382354,236287.50,3.463440E+08,227857.84,21142.50,3.086370E+07,20305.06
1737382364,248564.96,3.488296E+08,227993.18,22065.00,3.108435E+07,20316.56
1737382374,160294.87,3.504326E+08,227553.58,14234.99,3.122670E+07,20277.07
1737382384,222145.04,3.526540E+08,227518.69,19965.00,3.142635E+07,20275.06
1737382394,227275.18,3.549268E+08,227517.12,20227.52,3.162862E+07,20274.75
1737382404,224439.99,3.571712E+08,227497.53,19987.50,3.182850E+07,20272.93
1737382414,218039.93,3.593516E+08,227437.67,19424.99,3.202275E+07,20267.56
1737382424,219045.07,3.615420E+08,227384.88,19560.01,3.221835E+07,20263.11
1737382434,222877.50,3.637708E+08,227356.71,19702.50,3.241538E+07,20259.60
1737382444,229017.51,3.660610E+08,227367.03,20535.00,3.262072E+07,20261.32
1737382454,227739.99,3.683384E+08,227369.33,20302.50,3.282375E+07,20261.57
1737382464,229937.37,3.706378E+08,227385.08,20347.49,3.302722E+07,20262.10
1737382474,229392.63,3.729317E+08,227397.33,20587.51,3.323310E+07,20264.08
1737382484,223087.51,3.751626E+08,227371.21,19732.50,3.343042E+07,20260.86
1737382494,252822.52,3.776908E+08,227524.53,22642.50,3.365685E+07,20275.21
1737382504,256322.41,3.802540E+08,227696.97,22732.49,3.388418E+07,20289.92
1737382514,229392.51,3.825480E+08,227707.06,20587.50,3.409005E+07,20291.69
1737382524,223559.99,3.847836E+08,227682.52,19800.00,3.428805E+07,20288.78
1737382534,219090.06,3.869744E+08,227631.98,19582.51,3.448388E+07,20284.63
1737382544,226809.93,3.892426E+08,227627.17,20227.49,3.468615E+07,20284.29
1737382554,218905.06,3.914316E+08,227576.46,19530.01,3.488145E+07,20279.91
1737382564,224834.91,3.936800E+08,227560.61,19987.49,3.508132E+07,20278.22
1737382574,226105.06,3.959410E+08,227552.25,20137.51,3.528270E+07,20277.41
1737382584,245020.04,3.983912E+08,227652.07,21915.00,3.550185E+07,20286.77
1737382594,247155.01,4.008628E+08,227762.88,21900.00,3.572085E+07,20295.93
1737382604,244345.00,4.033062E+08,227856.56,21862.50,3.593948E+07,20304.78
1737382614,253127.51,4.058375E+08,227998.53,22545.00,3.616492E+07,20317.37
1737382624,245887.48,4.082964E+08,228098.47,21832.50,3.638325E+07,20325.83
1737382634,239610.02,4.106924E+08,228162.42,21390.00,3.659715E+07,20331.75
1737382644,237859.91,4.130710E+08,228216.00,21202.49,3.680918E+07,20336.56
1737382654,226922.59,4.153403E+08,228208.90,20250.01,3.701168E+07,20336.08
1737382664,221552.46,4.175558E+08,228172.52,19732.50,3.720900E+07,20332.78
1737382674,215520.04,4.197110E+08,228103.76,19237.50,3.740138E+07,20326.83
1737382684,222734.93,4.219384E+08,228074.74,19709.99,3.759848E+07,20323.50
1737382694,245785.07,4.243962E+08,228169.95,22035.01,3.781882E+07,20332.70
1737382704,249389.97,4.268901E+08,228283.43,22192.50,3.804075E+07,20342.64
1737382714,251389.96,4.294040E+08,228406.34,22425.00,3.826500E+07,20353.72
1737382724,248805.06,4.318920E+08,228514.27,22095.01,3.848595E+07,20362.93
1737382734,251499.92,4.344070E+08,228635.24,22469.99,3.871065E+07,20374.02
1737382744,245335.07,4.368604E+08,228722.68,21892.51,3.892958E+07,20381.97
1737382754,248200.00,4.393424E+08,228824.12,22102.50,3.915060E+07,20390.93
1737382764,248332.53,4.418257E+08,228925.20,22027.50,3.937088E+07,20399.41
1737382774,147767.45,4.433034E+08,228506.86,13275.00,3.950362E+07,20362.69
1737382784,151560.03,4.448190E+08,228112.26,13417.50,3.963780E+07,20327.07
1737382794,147099.96,4.462900E+08,227698.94,13185.00,3.976965E+07,20290.63
1737382804,161065.06,4.479006E+08,227360.69,14340.01,3.991305E+07,20260.43
1737382814,144869.76,4.493494E+08,226944.07,12877.48,4.004182E+07,20223.14
1737382824,146905.23,4.508184E+08,226541.87,13147.52,4.017330E+07,20187.58
1737382834,161779.88,4.524362E+08,226218.06,14422.49,4.031752E+07,20158.76
1737382844,241392.71,4.548501E+08,226293.55,21480.02,4.053232E+07,20165.33
1737382854,240629.98,4.572564E+08,226364.52,21345.00,4.074578E+07,20171.17
1737382864,243397.48,4.596904E+08,226448.43,21742.50,4.096320E+07,20178.91
1737382874,239085.04,4.620812E+08,226510.37,21315.00,4.117635E+07,20184.48
1737382884,244395.00,4.645252E+08,226597.62,21705.00,4.139340E+07,20191.90
1737382894,164699.96,4.661722E+08,226297.14,14812.50,4.154152E+07,20165.79
1737382904,253232.57,4.687045E+08,226427.27,22515.01,4.176668E+07,20177.13
1737382914,255687.48,4.712614E+08,226567.94,22830.00,4.199498E+07,20189.89
1737382924,241444.87,4.736758E+08,226639.12,21487.49,4.220985E+07,20196.10
1737382934,257224.49,4.762481E+08,226784.77,22844.95,4.243830E+07,20208.71
1737382944,251245.60,4.787606E+08,226900.69,22432.55,4.266262E+07,20219.25
1737382954,250345.03,4.812640E+08,227011.28,22297.50,4.288560E+07,20229.05
1737382964,249744.93,4.837614E+08,227118.01,22214.99,4.310775E+07,20238.38
1737382974,261397.57,4.863754E+08,227278.20,23422.51,4.334198E+07,20253.26
1737382984,257230.01,4.889477E+08,227417.51,22875.00,4.357072E+07,20265.45
1737382994,265395.00,4.916017E+08,227593.33,23580.00,4.380652E+07,20280.80
1737383004,235107.51,4.939528E+08,227627.96,21000.00,4.401652E+07,20284.11
1737383014,254697.49,4.964997E+08,227752.13,22695.00,4.424348E+07,20295.17
1737383024,260187.48,4.991016E+08,227900.23,23092.50,4.447440E+07,20307.94
1737383034,258560.01,5.016872E+08,228039.60,23040.00,4.470480E+07,20320.36
1737383044,256235.02,5.042496E+08,228167.18,22965.00,4.493445E+07,20332.33
1737383054,278019.99,5.070298E+08,228391.74,24660.00,4.518105E+07,20351.82
1737383064,262304.95,5.096528E+08,228543.82,23520.00,4.541625E+07,20366.03
1737383074,251200.03,5.121648E+08,228644.96,22365.00,4.563990E+07,20374.95
1737383084,246749.99,5.146323E+08,228725.43,21900.00,4.585890E+07,20381.73
1737383094,240764.95,5.170400E+08,228778.70,21397.50,4.607288E+07,20386.22
1737383104,237584.98,5.194158E+08,228817.49,21300.00,4.628588E+07,20390.25
1737383114,239435.09,5.218102E+08,228864.06,21210.01,4.649798E+07,20393.85
1737383124,243157.50,5.242417E+08,228926.48,21690.00,4.671488E+07,20399.51
1737383134,242189.93,5.266636E+08,228984.15,21569.99,4.693058E+07,20404.59
1737383144,234072.57,5.290044E+08,229006.17,20850.01,4.713908E+07,20406.52
1737383154,237772.40,5.313821E+08,229043.96,21344.99,4.735252E+07,20410.57
1737383164,240552.59,5.337876E+08,229093.35,21367.51,4.756620E+07,20414.67
1737383174,236272.51,5.361503E+08,229124.03,21127.50,4.777748E+07,20417.72
1737383184,240589.99,5.385562E+08,229172.82,21375.00,4.799122E+07,20421.79
1737383194,240795.00,5.409642E+08,229222.07,21360.00,4.820482E+07,20425.77
1737383204,235602.50,5.433202E+08,229248.99,21067.50,4.841550E+07,20428.48
1737383214,241589.94,5.457361E+08,229300.85,21479.99,4.863030E+07,20432.90
1737383224,241635.06,5.481524E+08,229352.45,21502.50,4.884532E+07,20437.37
1737383234,242025.01,5.505727E+08,229405.26,21562.50,4.906095E+07,20442.06
1737383244,237510.00,5.529478E+08,229438.89,21292.50,4.927388E+07,20445.59
1737383254,241820.01,5.553660E+08,229490.05,21532.50,4.948920E+07,20450.08
1737383264,240089.95,5.577669E+08,229533.67,21285.00,4.970205E+07,20453.52
1737383274,228684.96,5.600538E+08,229530.19,20490.00,4.990695E+07,20453.66
1737383284,240105.09,5.624548E+08,229573.35,21285.01,5.011980E+07,20457.06
1737383294,234904.92,5.648038E+08,229595.03,20954.99,5.032935E+07,20459.08
1737383304,211587.58,5.669197E+08,229522.12,18937.51,5.051872E+07,20452.92
1737383314,232152.50,5.692412E+08,229532.73,20580.00,5.072452E+07,20453.43
1737383324,232864.90,5.715699E+08,229546.11,20797.49,5.093250E+07,20454.82
1737383334,235250.10,5.739224E+08,229568.93,20910.01,5.114160E+07,20456.64
1737383344,243584.96,5.763582E+08,229624.77,21735.00,5.135895E+07,20461.73
1737383354,235895.03,5.787172E+08,229649.65,21105.00,5.157000E+07,20464.28
1737383364,241297.52,5.811302E+08,229695.69,21442.50,5.178442E+07,20468.15

Summary:
loaded 581760000 metrics in 2532.613sec with 10 workers (mean rate 229707.46 metrics/sec)
loaded 51840000 rows in 2532.613sec with 10 workers (mean rate 20468.98 rows/sec)
Run complete after 691200 queries with 10 workers (Overall query rate 272.92 queries/sec):
          :
min:     1.09ms, med:     2.28ms, mean:     9.19ms, max: 4203.26ms, stddev:    23.03ms, sum: 6351.3sec, count: 691200
all queries:
min:     1.09ms, med:     2.28ms, mean:     9.19ms, max: 4203.26ms, stddev:    23.03ms, sum: 6351.3sec, count: 691200
Saving Response Latencies to /home/benchUser/results/latenciesInserts_other.csv
