time,per. metric/s,metric total,overall metric/s,per. row/s,row total,overall row/s
1737547001,122372.55,1.223850E+06,122372.55,10933.89,1.093500E+05,10933.89
1737547011,283482.41,4.058675E+06,202923.39,25297.49,3.623250E+05,18115.33
1737547021,266010.07,6.718775E+06,223951.57,23670.01,5.990250E+05,19966.82
1737547031,267270.01,9.391475E+06,234780.90,23850.00,8.375250E+05,20937.59
1737547041,261052.46,1.200200E+07,240035.11,23370.00,1.071225E+06,21424.06
1737547051,266407.54,1.466608E+07,244430.44,23730.00,1.308525E+06,21808.38
1737547061,285822.51,1.752430E+07,250343.50,25357.50,1.562100E+06,22315.39
1737547071,270059.98,2.022490E+07,252808.03,24120.00,1.803300E+06,22540.96
1737547081,264225.02,2.286715E+07,254076.57,23437.50,2.037675E+06,22640.58
1737547091,261884.88,2.548600E+07,254857.40,23467.49,2.272350E+06,22723.27
1737547101,268800.13,2.817400E+07,256124.90,23962.51,2.511975E+06,22835.93
1737547111,272499.99,3.089900E+07,257489.48,24270.00,2.754675E+06,22955.43
1737547121,258739.94,3.348640E+07,257585.67,23062.50,2.985300E+06,22963.67
1737547131,258957.46,3.607598E+07,257683.66,23092.50,3.216225E+06,22972.87
1737547141,255775.10,3.863372E+07,257556.42,22665.01,3.442875E+06,22952.34
1737547151,263879.93,4.127252E+07,257951.64,23579.99,3.678675E+06,22991.57
1737547161,271027.45,4.398280E+07,258720.80,24172.50,3.920400E+06,23061.04
1737547171,267460.11,4.665740E+07,259206.31,23857.51,4.158975E+06,23105.29
1737547181,250600.00,4.916340E+07,258753.35,22335.00,4.382325E+06,23064.74
1737547191,183219.95,5.099560E+07,254976.70,16207.50,4.544400E+06,22721.88
1737547201,161810.05,5.261370E+07,250540.21,14430.00,4.688700E+06,22327.03
1737547211,152980.00,5.414350E+07,246105.68,13605.00,4.824750E+06,21930.58
1737547221,139167.49,5.553518E+07,241456.21,12502.50,4.949775E+06,21520.67
1737547231,205662.51,5.759180E+07,239964.82,18322.50,5.133000E+06,21387.41
1737547241,244634.97,6.003815E+07,240151.62,21697.50,5.349975E+06,21399.81
1737547251,244919.99,6.248735E+07,240335.02,21937.50,5.569350E+06,21420.49
1737547261,249775.05,6.498510E+07,240684.65,22230.00,5.791650E+06,21450.47
1737547271,242399.98,6.740910E+07,240745.91,21600.00,6.007650E+06,21455.81
1737547281,241500.01,6.982410E+07,240771.91,21465.00,6.222300E+06,21456.13
1737547291,267585.01,7.249995E+07,241665.68,23902.50,6.461325E+06,21537.68
1737547301,214064.99,7.464060E+07,240775.34,19087.50,6.652200E+06,21458.64
1737547311,225220.00,7.689280E+07,240289.24,20115.00,6.853350E+06,21416.65
1737547321,232932.51,7.922212E+07,240066.31,20752.50,7.060875E+06,21396.52
1737547331,242714.99,8.164928E+07,240144.21,21645.00,7.277325E+06,21403.83
1737547341,265475.00,8.430402E+07,240867.94,23610.00,7.513425E+06,21466.87
1737547351,276477.51,8.706880E+07,241857.09,24682.50,7.760250E+06,21556.19
1737547361,266760.00,8.973640E+07,242530.14,23767.50,7.997925E+06,21615.95
1737547371,273797.49,9.247438E+07,243352.97,24390.00,8.241825E+06,21688.96
1737547381,258874.94,9.506312E+07,243750.96,23084.99,8.472675E+06,21724.75
1737547391,247905.00,9.754218E+07,243854.82,21975.00,8.692425E+06,21731.01
1737547401,225977.54,9.980195E+07,243418.79,20122.50,8.893650E+06,21691.78
1737547411,225520.00,1.020572E+08,242992.63,20062.50,9.094275E+06,21652.98
1737547421,225940.00,1.043166E+08,242596.05,20130.00,9.295575E+06,21617.57
1737547431,270625.02,1.070228E+08,243233.07,24285.00,9.538425E+06,21678.19
1737547441,238189.96,1.094047E+08,243121.01,21052.50,9.748950E+06,21664.28
1737547451,251672.54,1.119214E+08,243306.91,22462.50,9.973575E+06,21681.64
1737547461,242557.46,1.143470E+08,243290.96,21622.50,1.018980E+07,21680.38
1737547471,206292.52,1.164099E+08,242520.16,18465.00,1.037445E+07,21613.39
1737547481,232107.51,1.187310E+08,242307.66,20692.50,1.058138E+07,21594.60
1737547491,256900.00,1.213000E+08,242599.51,22822.50,1.080960E+07,21619.16
1737547501,252477.44,1.238248E+08,242793.19,22582.49,1.103542E+07,21638.04
1737547511,247905.06,1.263038E+08,242891.50,21975.01,1.125518E+07,21644.52
1737547521,248672.39,1.287906E+08,243000.57,22147.49,1.147665E+07,21654.01
1737547531,253907.62,1.313296E+08,243202.55,22717.51,1.170382E+07,21673.71
1737547541,264757.48,1.339772E+08,243594.46,23497.50,1.193880E+07,21706.87
1737547551,253422.42,1.365114E+08,243769.96,22717.49,1.216598E+07,21724.92
1737547561,251537.59,1.390268E+08,243906.23,22410.01,1.239008E+07,21736.93
1737547571,262849.33,1.416553E+08,244232.84,23302.44,1.262310E+07,21763.93
1737547581,238230.55,1.440376E+08,244131.10,21345.05,1.283655E+07,21756.83
1737547591,243652.55,1.464741E+08,244123.13,21652.50,1.305308E+07,21755.09
1737547601,246127.51,1.489354E+08,244155.99,21922.50,1.327230E+07,21757.83
1737547611,250142.49,1.514368E+08,244252.54,22267.50,1.349498E+07,21766.05
1737547621,248485.01,1.539217E+08,244319.72,22095.00,1.371592E+07,21771.27
1737547631,251582.42,1.564375E+08,244433.20,22417.49,1.394010E+07,21781.37
1737547641,241065.02,1.588482E+08,244381.39,21495.00,1.415505E+07,21776.97
1737547651,254525.06,1.613934E+08,244535.08,22792.51,1.438298E+07,21792.35
1737547661,239494.99,1.637884E+08,244459.85,21210.00,1.459508E+07,21783.66
1737547671,249955.00,1.662879E+08,244540.66,22267.50,1.481775E+07,21790.78
1737547681,240854.53,1.686964E+08,244487.24,21539.96,1.503315E+07,21787.14
1737547691,238745.39,1.710839E+08,244405.21,21315.03,1.524630E+07,21780.40
1737547701,247975.01,1.735636E+08,244455.49,21982.50,1.546612E+07,21783.24
1737547711,251455.08,1.760782E+08,244552.71,22447.51,1.569060E+07,21792.47
1737547721,227297.50,1.783512E+08,244316.34,20317.50,1.589378E+07,21772.26
1737547731,265372.49,1.810049E+08,244600.88,23572.50,1.612950E+07,21796.59
1737547741,258665.01,1.835916E+08,244788.40,23055.00,1.636005E+07,21813.37
1737547751,265920.00,1.862508E+08,245066.45,23662.50,1.659668E+07,21837.70
1737547761,261585.00,1.888666E+08,245280.97,23445.00,1.683112E+07,21858.58
1737547771,255459.70,1.914212E+08,245411.47,22627.47,1.705740E+07,21868.43
1737547781,269380.32,1.941150E+08,245714.87,24127.53,1.729868E+07,21897.03
1737547791,252700.00,1.966420E+08,245802.19,22530.00,1.752398E+07,21904.94
1737547801,247064.99,1.991126E+08,245817.78,21960.00,1.774358E+07,21905.62
1737547811,252695.01,2.016396E+08,245901.65,22605.00,1.796962E+07,21914.15
1737547821,272174.98,2.043614E+08,246218.19,24142.50,1.821105E+07,21941.00
1737547831,196232.41,2.063237E+08,245623.12,17587.49,1.838692E+07,21889.17
1737547841,158552.52,2.079092E+08,244598.76,13987.50,1.852680E+07,21796.21
1737547851,147255.04,2.093818E+08,243466.86,13215.00,1.865895E+07,21696.43
1737547861,139425.01,2.107760E+08,242270.98,12465.00,1.878360E+07,21590.32
1737547871,152139.96,2.122974E+08,241246.77,13537.50,1.891898E+07,21498.81
1737547881,154660.04,2.138440E+08,240273.88,13807.50,1.905705E+07,21412.39
1737547891,239824.96,2.162422E+08,240268.89,21292.50,1.926998E+07,21411.06
1737547901,250435.01,2.187466E+08,240380.61,22312.50,1.949310E+07,21420.97
1737547911,267097.54,2.214176E+08,240671.01,23827.50,1.973138E+07,21447.12
1737547921,275682.50,2.241744E+08,241047.48,24592.50,1.997730E+07,21480.94
1737547931,264409.93,2.268185E+08,241296.01,23459.99,2.021190E+07,21502.00
1737547941,262830.04,2.294468E+08,241522.69,23527.50,2.044718E+07,21523.32
1737547951,256280.02,2.320096E+08,241676.41,22822.50,2.067540E+07,21536.85
1737547961,186260.01,2.338722E+08,241105.11,16612.50,2.084152E+07,21486.09
1737547971,290075.00,2.367730E+08,241604.80,25822.50,2.109975E+07,21530.33
1737547981,267872.51,2.394517E+08,241870.13,23917.50,2.133892E+07,21554.45
1737547991,254582.50,2.419975E+08,241997.25,22522.50,2.156415E+07,21564.13
1737548001,238192.48,2.443794E+08,241959.58,21382.50,2.177798E+07,21562.33
1737548011,233817.50,2.467176E+08,241879.76,20812.50,2.198610E+07,21554.98
1737548021,219960.00,2.489172E+08,241666.95,19612.50,2.218222E+07,21536.12
1737548031,223545.00,2.511526E+08,241492.70,19882.50,2.238105E+07,21520.22
1737548041,228815.00,2.534408E+08,241371.96,20430.00,2.258535E+07,21509.84
1737548051,237425.00,2.558150E+08,241334.72,21007.50,2.279542E+07,21505.10
1737548061,245987.50,2.582749E+08,241378.20,22065.00,2.301608E+07,21510.33
1737548071,226179.98,2.605367E+08,241237.48,20152.50,2.321760E+07,21497.76
1737548081,247597.50,2.630127E+08,241295.83,21930.00,2.343690E+07,21501.72
1737548091,238890.03,2.654016E+08,241273.96,21420.00,2.365110E+07,21500.98
1737548101,254147.49,2.679431E+08,241389.94,22522.50,2.387632E+07,21510.18
1737548111,237209.86,2.703152E+08,241352.61,21269.99,2.408902E+07,21508.04
1737548121,239982.64,2.727150E+08,241340.49,21277.51,2.430180E+07,21506.00
1737548131,237105.02,2.750860E+08,241303.34,21255.00,2.451435E+07,21503.80
1737548141,240807.48,2.774941E+08,241299.03,21397.50,2.472832E+07,21502.87
1737548151,242927.51,2.799234E+08,241313.06,21660.00,2.494492E+07,21504.23
1737548161,258739.99,2.825108E+08,241462.01,23062.50,2.517555E+07,21517.55
1737548171,261147.46,2.851223E+08,241628.84,23257.50,2.540812E+07,21532.29
1737548181,261890.03,2.877412E+08,241799.10,23250.00,2.564062E+07,21546.73
1737548191,252822.46,2.902694E+08,241890.96,22635.00,2.586698E+07,21555.79
1737548201,265025.05,2.929196E+08,242082.15,23550.00,2.610248E+07,21572.28
1737548211,263744.89,2.955571E+08,242259.72,23482.49,2.633730E+07,21587.93
1737548221,276325.12,2.983204E+08,242536.67,24577.51,2.658308E+07,21612.24
1737548231,259017.37,3.009105E+08,242669.58,23099.99,2.681408E+07,21624.24
1737548241,272424.98,3.036348E+08,242907.62,24315.00,2.705722E+07,21645.76
1737548251,271082.64,3.063456E+08,243131.23,24217.51,2.729940E+07,21666.17
1737548261,256464.94,3.089102E+08,243236.22,22754.99,2.752695E+07,21674.75
1737548271,251785.08,3.114281E+08,243303.01,22515.01,2.775210E+07,21681.31
1737548281,241200.00,3.138401E+08,243286.71,21420.00,2.796630E+07,21679.29
1737548291,235084.99,3.161910E+08,243223.62,20992.50,2.817622E+07,21674.00
1737548301,240569.91,3.185966E+08,243203.36,21359.99,2.838982E+07,21671.61
1737548311,229175.06,3.208884E+08,243097.08,20542.51,2.859525E+07,21663.05
1737548321,232712.54,3.232155E+08,243019.01,20662.50,2.880188E+07,21655.53
1737548331,228267.49,3.254982E+08,242908.92,20430.00,2.900618E+07,21646.38
1737548341,230507.39,3.278033E+08,242817.06,20414.99,2.921032E+07,21637.26
1737548351,244237.60,3.302456E+08,242827.50,21802.51,2.942835E+07,21638.48
1737548361,257982.46,3.328255E+08,242938.12,22957.50,2.965792E+07,21648.10
1737548371,253317.54,3.353586E+08,243013.34,22702.50,2.988495E+07,21655.74
1737548381,263300.02,3.379916E+08,243159.28,23317.50,3.011812E+07,21667.70
1737548391,247075.03,3.404624E+08,243187.25,22162.50,3.033975E+07,21671.23
1737548401,226599.93,3.427284E+08,243069.61,20182.49,3.054158E+07,21660.68
1737548411,226239.97,3.449908E+08,242951.09,20160.00,3.074318E+07,21650.11
1737548421,224912.56,3.472399E+08,242824.95,20070.01,3.094388E+07,21639.06
1737548431,187242.52,3.491124E+08,242438.96,16650.00,3.111038E+07,21604.41
1737548441,237364.96,3.514860E+08,242403.97,21022.50,3.132060E+07,21600.40
1737548451,260150.03,3.540875E+08,242525.52,23265.00,3.155325E+07,21611.80
1737548461,246662.46,3.565541E+08,242553.66,21982.50,3.177308E+07,21614.32
1737548471,245422.55,3.590084E+08,242573.04,21817.50,3.199125E+07,21615.69
1737548481,233149.83,3.613398E+08,242509.80,20737.49,3.219862E+07,21609.80
1737548491,156455.12,3.629044E+08,241936.10,14062.51,3.233925E+07,21559.49
1737548501,142954.76,3.643340E+08,241280.60,12622.48,3.246548E+07,21500.30
1737548511,137660.22,3.657106E+08,240598.88,12277.52,3.258825E+07,21439.62
1737548521,123684.99,3.669474E+08,239834.74,11137.50,3.269962E+07,21372.29
1737548531,119975.01,3.681472E+08,239056.43,10650.00,3.280612E+07,21302.66
1737548541,209450.00,3.702416E+08,238865.42,18622.50,3.299235E+07,21285.37
1737548551,221035.00,3.724520E+08,238751.13,19815.00,3.319050E+07,21275.95
1737548561,232869.97,3.747807E+08,238713.67,20700.00,3.339750E+07,21272.28
1737548571,237277.45,3.771535E+08,238704.58,21142.50,3.360892E+07,21271.46
1737548581,223012.54,3.793836E+08,238605.88,19867.50,3.380760E+07,21262.63
1737548591,220480.03,3.815884E+08,238492.60,19687.50,3.400448E+07,21252.78
1737548601,223169.97,3.838201E+08,238397.43,19807.50,3.420255E+07,21243.81
1737548611,217650.01,3.859966E+08,238269.36,19365.00,3.439620E+07,21232.21
1737548621,225265.01,3.882492E+08,238189.58,20032.50,3.459652E+07,21224.85
1737548631,218872.46,3.904380E+08,238071.79,19530.00,3.479182E+07,21214.51
1737548641,211265.04,3.925506E+08,237909.32,18900.00,3.498082E+07,21200.49
1737548651,219602.51,3.947466E+08,237799.04,19612.50,3.517695E+07,21190.92
1737548661,222374.95,3.969704E+08,237706.68,19665.00,3.537360E+07,21181.78
1737548671,245295.07,3.994234E+08,237751.85,21975.01,3.559335E+07,21186.51
1737548681,258222.46,4.020056E+08,237872.98,23002.50,3.582338E+07,21197.25
1737548691,236047.55,4.043660E+08,237862.24,21097.50,3.603435E+07,21196.66
1737548701,219862.48,4.065647E+08,237756.98,19537.50,3.622972E+07,21186.96
1737548711,214407.52,4.087088E+08,237621.23,19080.00,3.642052E+07,21174.71
1737548721,215692.49,4.108657E+08,237494.47,19140.00,3.661192E+07,21162.95
1737548731,215872.50,4.130244E+08,237370.21,19365.00,3.680558E+07,21152.62
1737548741,214362.47,4.151680E+08,237238.73,19020.00,3.699578E+07,21140.43
1737548751,213877.47,4.173068E+08,237106.00,19140.00,3.718718E+07,21129.06
1737548761,217440.08,4.194812E+08,236994.89,19395.01,3.738112E+07,21119.27
1737548771,217919.99,4.216604E+08,236887.73,19425.00,3.757538E+07,21109.75
1737548781,254185.00,4.242022E+08,236984.36,22485.00,3.780022E+07,21117.43
1737548791,273564.99,4.269379E+08,237187.59,24427.50,3.804450E+07,21135.82
1737548801,256010.00,4.294980E+08,237291.58,22927.50,3.827378E+07,21145.72
1737548811,218279.97,4.316808E+08,237187.12,19447.50,3.846825E+07,21136.39
1737548821,216537.52,4.338462E+08,237074.28,19252.50,3.866078E+07,21126.09
1737548831,216930.02,4.360155E+08,236964.80,19275.00,3.885352E+07,21116.03
1737548841,219872.49,4.382142E+08,236872.41,19665.00,3.905018E+07,21108.19
1737548851,208105.00,4.402952E+08,236717.75,18457.50,3.923475E+07,21093.94
1737548861,208242.41,4.423777E+08,236565.47,18517.49,3.941992E+07,21080.16
1737548871,227147.58,4.446492E+08,236515.38,20235.01,3.962228E+07,21075.67
1737548881,251357.50,4.471627E+08,236593.91,22440.00,3.984668E+07,21082.89
1737548891,251957.53,4.496823E+08,236674.77,22522.50,4.007190E+07,21090.46
1737548901,253669.93,4.522190E+08,236763.75,22589.99,4.029780E+07,21098.31
1737548911,245130.05,4.546703E+08,236807.32,21750.00,4.051530E+07,21101.71
1737548921,251057.45,4.571809E+08,236881.16,22402.50,4.073932E+07,21108.45
1737548931,241477.56,4.595956E+08,236904.85,21480.01,4.095412E+07,21110.36
1737548941,221994.87,4.618156E+08,236828.39,19949.99,4.115362E+07,21104.41
1737548951,225692.60,4.640725E+08,236771.57,20085.01,4.135448E+07,21099.21
1737548961,142400.00,4.654965E+08,236292.53,12577.50,4.148025E+07,21055.95
1737548971,212202.45,4.676186E+08,236170.86,18990.00,4.167015E+07,21045.52
1737548981,220344.99,4.698220E+08,236091.34,19672.50,4.186688E+07,21038.62
1737548991,217312.55,4.719951E+08,235997.44,19380.00,4.206068E+07,21030.33
1737549001,211602.46,4.741112E+08,235876.07,18817.50,4.224885E+07,21019.32
1737549011,217965.04,4.762908E+08,235787.41,19432.50,4.244318E+07,21011.46
1737549021,220215.01,4.784930E+08,235710.69,19507.50,4.263825E+07,21004.05
1737549031,212645.01,4.806194E+08,235597.63,19005.00,4.282830E+07,20994.25
1737549041,219700.02,4.828164E+08,235520.08,19635.00,4.302465E+07,20987.62
1737549051,217009.98,4.849865E+08,235430.22,19305.00,4.321770E+07,20979.46
1737549061,211454.96,4.871010E+08,235314.40,18885.00,4.340655E+07,20969.34
1737549071,217055.04,4.892716E+08,235226.62,19305.00,4.359960E+07,20961.34
1737549081,218860.01,4.914602E+08,235148.31,19522.50,4.379482E+07,20954.45
1737549091,214999.93,4.936102E+08,235052.36,19027.49,4.398510E+07,20945.28
1737549101,222940.05,4.958396E+08,234994.96,20017.50,4.418528E+07,20940.88
1737549111,263794.92,4.984776E+08,235130.81,23444.99,4.441972E+07,20952.69
1737549121,244885.05,5.009264E+08,235176.60,21892.50,4.463865E+07,20957.10
1737549131,215720.03,5.030836E+08,235085.68,19155.00,4.483020E+07,20948.68
1737549141,129624.99,5.043798E+08,234595.17,11565.00,4.494585E+07,20905.04
1737549151,113052.51,5.055104E+08,234032.47,10072.50,4.504658E+07,20854.89
1737549161,105107.46,5.065614E+08,233438.35,9367.50,4.514025E+07,20801.95
1737549171,111020.05,5.076716E+08,232876.79,9787.50,4.523812E+07,20751.42
1737549181,97034.92,5.086420E+08,232256.51,8647.49,4.532460E+07,20696.15
1737549191,179080.14,5.104328E+08,232014.80,16020.01,4.548480E+07,20674.90
1737549201,225069.98,5.126835E+08,231983.38,19995.00,4.568475E+07,20671.82
1737549211,213300.01,5.148165E+08,231899.22,19155.00,4.587630E+07,20664.99
1737549221,218550.01,5.170020E+08,231839.36,19492.50,4.607122E+07,20659.73
1737549231,215667.51,5.191587E+08,231767.16,19110.00,4.626232E+07,20652.81
1737549241,218917.48,5.213478E+08,231710.05,19552.50,4.645785E+07,20647.92
1737549251,216930.00,5.235172E+08,231644.65,19260.00,4.665045E+07,20641.78
1737549261,213285.02,5.256500E+08,231563.77,19132.50,4.684178E+07,20635.13
1737549271,219314.93,5.278432E+08,231510.05,19507.49,4.703685E+07,20630.19
1737549281,210777.47,5.299509E+08,231419.51,18742.50,4.722428E+07,20621.94
1737549291,237027.59,5.323212E+08,231443.90,21052.51,4.743480E+07,20623.82
1737549301,240622.44,5.347274E+08,231483.63,21457.49,4.764938E+07,20627.43
1737549311,243622.56,5.371636E+08,231535.95,21675.01,4.786612E+07,20631.94
1737549321,237375.01,5.395374E+08,231561.01,21285.00,4.807898E+07,20634.74
1737549331,242039.94,5.419578E+08,231605.80,21554.99,4.829452E+07,20638.68
1737549341,255107.46,5.445089E+08,231705.80,22620.00,4.852072E+07,20647.11
1737549351,259767.52,5.471066E+08,231824.71,23152.50,4.875225E+07,20657.72
1737549361,263025.08,5.497368E+08,231956.36,23565.01,4.898790E+07,20669.99
1737549371,262595.01,5.523628E+08,232085.09,23295.00,4.922085E+07,20681.02
1737549381,228484.99,5.546476E+08,232070.03,20460.00,4.942545E+07,20680.10
1737549391,228355.00,5.569312E+08,232054.55,20340.00,4.962885E+07,20678.68
1737549401,228564.96,5.592168E+08,232040.07,20235.00,4.983120E+07,20676.84
1737549411,230420.05,5.615210E+08,232033.37,20700.00,5.003820E+07,20676.93
1737549421,226539.94,5.637864E+08,232010.77,20190.00,5.024010E+07,20674.93
1737549431,224250.05,5.660289E+08,231978.96,19920.00,5.043930E+07,20671.84
1737549441,220150.01,5.682304E+08,231930.68,19680.00,5.063610E+07,20667.79
1737549451,219667.45,5.704271E+08,231880.83,19522.50,5.083132E+07,20663.13
1737549461,214452.55,5.725716E+08,231810.27,19087.50,5.102220E+07,20656.75
1737549471,224260.00,5.748142E+08,231779.82,19890.00,5.122110E+07,20653.66
1737549481,192224.94,5.767364E+08,231620.97,17204.99,5.139315E+07,20639.81
1737549491,220582.57,5.789423E+08,231576.82,19597.51,5.158912E+07,20635.64
1737549501,225437.44,5.811966E+08,231552.36,20069.99,5.178982E+07,20633.39

Summary:
loaded 581760000 metrics in 2513.012sec with 10 workers (mean rate 231499.09 metrics/sec)
loaded 51840000 rows in 2513.012sec with 10 workers (mean rate 20628.63 rows/sec)
Run complete after 691200 queries with 10 workers (Overall query rate 275.05 queries/sec):
          :
min:     0.93ms, med:     1.92ms, mean:     8.27ms, max: 3078.78ms, stddev:    20.61ms, sum: 5714.2sec, count: 691200
all queries:
min:     0.93ms, med:     1.92ms, mean:     8.27ms, max: 3078.78ms, stddev:    20.61ms, sum: 5714.2sec, count: 691200
Saving Response Latencies to /home/benchUser/results/latenciesInserts_other.csv
