time,per. metric/s,metric total,overall metric/s,per. row/s,row total,overall row/s
1731763084,64019.69,6.402000E+05,64019.69,5739.97,5.740000E+04,5739.97
1731763094,415159.96,4.791800E+06,239589.40,37060.00,4.280000E+05,21399.95
1731763104,386220.03,8.654000E+06,288466.19,34330.00,7.713000E+05,25709.96
1731763114,382680.01,1.248080E+07,312019.62,34230.00,1.113600E+06,27839.97
1731763124,390449.86,1.638530E+07,327705.66,34739.99,1.461000E+06,29219.97
1731763134,385900.13,2.024430E+07,337404.72,34450.01,1.805500E+06,30091.64
1731763144,338829.95,2.363260E+07,337608.33,30190.00,2.107400E+06,30105.69
1731763154,320100.03,2.683360E+07,335419.79,28380.00,2.391200E+06,29889.98
1731763164,385800.00,3.069160E+07,341017.59,34440.00,2.735600E+06,30395.54
1731763174,385040.04,3.454200E+07,345419.83,34400.00,3.079600E+06,30795.98
1731763184,379139.95,3.833340E+07,348485.30,33760.00,3.417200E+06,31065.44
1731763194,331970.00,4.165310E+07,347109.02,29610.00,3.713300E+06,30944.15
1731763204,289109.74,4.454420E+07,342647.54,25699.98,3.970300E+06,30540.76
1731763214,376690.32,4.831110E+07,345079.16,33520.03,4.305500E+06,30753.56
1731763224,376820.00,5.207930E+07,347195.22,33690.00,4.642400E+06,30949.32
1731763234,384860.02,5.592790E+07,349549.27,34170.00,4.984100E+06,31150.62
1731763244,379270.00,5.972060E+07,351297.54,33770.00,5.321800E+06,31304.70
1731763254,318079.98,6.290140E+07,349452.12,28480.00,5.606600E+06,31147.77
1731763264,362370.01,6.652510E+07,350132.01,32250.00,5.929100E+06,31205.78
1731763274,421159.95,7.073670E+07,353683.41,37560.00,6.304700E+06,31523.49
1731763284,377940.02,7.451610E+07,354838.49,33600.00,6.640700E+06,31622.37
1731763294,372759.98,7.824370E+07,355653.10,33270.00,6.973400E+06,31697.27
1731763304,374339.93,8.198710E+07,356465.57,33369.99,7.307100E+06,31769.99
1731763314,272070.04,8.470780E+07,352949.09,24230.00,7.549400E+06,31455.83
1731763324,383350.04,8.854130E+07,354165.13,34130.00,7.890700E+06,31562.79
1731763334,388760.04,9.242890E+07,355495.70,34610.00,8.236800E+06,31679.99
1731763344,375059.79,9.617950E+07,356220.30,33469.98,8.571500E+06,31746.29
1731763354,384160.13,1.000211E+08,357218.15,34180.01,8.913300E+06,31833.21
1731763364,283109.97,1.028522E+08,354662.69,25210.00,9.165400E+06,31604.82
1731763374,390309.90,1.067553E+08,355850.93,34809.99,9.513500E+06,31711.66
1731763384,382159.96,1.105769E+08,356699.61,34160.00,9.855100E+06,31790.64
1731763394,379760.21,1.143745E+08,357420.26,33840.02,1.019350E+07,31854.68
1731763404,203279.94,1.164073E+08,352749.34,18079.99,1.037430E+07,31437.27
1731763414,273020.12,1.191375E+08,350404.36,24340.01,1.061770E+07,31228.52
1731763424,381039.74,1.229479E+08,351279.66,33949.98,1.095720E+07,31306.28
1731763434,394080.23,1.268887E+08,352468.56,35100.02,1.130820E+07,31411.66
1731763444,378530.01,1.306740E+08,353172.93,33680.00,1.164500E+07,31472.97
1731763454,327689.92,1.339509E+08,352502.32,29209.99,1.193710E+07,31413.42
1731763464,422100.17,1.381719E+08,354286.88,37550.02,1.231260E+07,31570.77
1731763474,380929.85,1.419812E+08,354952.95,33969.99,1.265230E+07,31630.75
1731763484,380030.08,1.457815E+08,355564.59,33880.01,1.299110E+07,31685.61
1731763494,380689.94,1.495884E+08,356162.81,33969.99,1.333080E+07,31740.00
1731763504,321039.99,1.527988E+08,355346.00,28500.00,1.361580E+07,31664.65
1731763514,355620.07,1.563550E+08,355352.23,31690.01,1.393270E+07,31665.22
1731763524,377039.78,1.601254E+08,355834.18,33699.98,1.426970E+07,31710.44
1731763534,256820.18,1.626936E+08,353681.70,22950.02,1.449920E+07,31520.00
1731763544,252379.98,1.652174E+08,351526.35,22420.00,1.472340E+07,31326.38
1731763554,254559.90,1.677630E+08,349506.21,22669.99,1.495010E+07,31146.04
1731763564,293300.10,1.706960E+08,348359.15,26210.01,1.521220E+07,31045.30
1731763574,396079.90,1.746568E+08,349313.56,35289.99,1.556510E+07,31130.20
1731763584,326780.07,1.779246E+08,348871.73,28960.01,1.585470E+07,31087.64
1731763594,375279.99,1.816774E+08,349379.58,33590.00,1.619060E+07,31135.77
1731763604,411260.04,1.857900E+08,350547.14,36620.00,1.655680E+07,31239.24
1731763614,387249.99,1.896625E+08,351226.82,34490.00,1.690170E+07,31299.44
1731763624,324820.04,1.929107E+08,350746.70,29000.00,1.719170E+07,31257.63
1731763634,343519.94,1.963459E+08,350617.65,30470.00,1.749640E+07,31243.57
1731763644,375249.86,2.000984E+08,351049.79,33559.99,1.783200E+07,31284.21
1731763654,404350.05,2.041419E+08,351968.76,36050.00,1.819250E+07,31366.38
1731763664,379009.87,2.079320E+08,352427.09,33739.99,1.852990E+07,31406.61
1731763674,322000.20,2.111520E+08,351919.97,28650.02,1.881640E+07,31360.66
1731763684,392830.05,2.150803E+08,352590.63,34970.00,1.916610E+07,31419.83
1731763694,383089.88,2.189112E+08,353082.55,34169.99,1.950780E+07,31464.19
1731763704,380009.92,2.227113E+08,353509.97,33889.99,1.984670E+07,31502.70
1731763714,323130.08,2.259426E+08,353035.28,28790.01,2.013460E+07,31460.31
1731763724,392509.97,2.298677E+08,353642.59,34920.00,2.048380E+07,31513.54
1731763734,287880.08,2.327465E+08,352646.19,25760.01,2.074140E+07,31426.36
1731763744,287639.96,2.356229E+08,351675.94,25490.00,2.099630E+07,31337.76
1731763754,374170.08,2.393646E+08,352006.74,33460.01,2.133090E+07,31368.97
1731763764,326849.74,2.426331E+08,351642.15,29039.98,2.162130E+07,31335.21
1731763774,399520.31,2.466283E+08,352326.12,35660.03,2.197790E+07,31397.00
1731763784,376470.00,2.503930E+08,352666.17,33470.00,2.231260E+07,31426.20
1731763794,311419.84,2.535072E+08,352093.31,27859.99,2.259120E+07,31376.66
1731763804,370940.09,2.572166E+08,352351.48,33030.01,2.292150E+07,31399.31
1731763814,323120.04,2.604478E+08,351956.46,28790.00,2.320940E+07,31364.05
1731763824,357539.87,2.640232E+08,352030.91,31899.99,2.352840E+07,31371.20
1731763834,383650.14,2.678597E+08,352446.95,34040.01,2.386880E+07,31406.31
1731763844,372549.96,2.715852E+08,352708.03,33240.00,2.420120E+07,31430.13
1731763854,375950.07,2.753447E+08,353006.00,33570.01,2.453690E+07,31457.56
1731763864,323509.98,2.785798E+08,352632.64,28810.00,2.482500E+07,31424.05
1731763874,396849.83,2.825483E+08,353185.35,35309.99,2.517810E+07,31472.62
1731763884,373830.14,2.862866E+08,353440.23,33290.01,2.551100E+07,31495.06
1731763894,391729.85,2.902039E+08,353907.17,35019.99,2.586120E+07,31538.05
1731763904,272280.12,2.929267E+08,352923.71,24230.01,2.610350E+07,31450.00
1731763914,257869.88,2.955054E+08,351792.12,22939.99,2.633290E+07,31348.69
1731763924,315120.14,2.986566E+08,351360.69,28080.01,2.661370E+07,31310.23
1731763934,376229.90,3.024189E+08,351649.86,33539.99,2.694910E+07,31336.16
1731763944,369630.09,3.061152E+08,351856.53,33020.01,2.727930E+07,31355.52
1731763954,378709.96,3.099023E+08,352161.68,33710.00,2.761640E+07,31382.27
1731763964,379450.05,3.136968E+08,352468.29,33800.00,2.795440E+07,31409.44
1731763974,381910.02,3.175159E+08,352795.43,34050.00,2.829490E+07,31438.78
1731763984,382460.02,3.213405E+08,353121.41,33960.00,2.863450E+07,31466.48
1731763994,381369.95,3.251542E+08,353428.46,34010.00,2.897460E+07,31494.13
1731764004,292899.97,3.280832E+08,352777.62,26190.00,2.923650E+07,31437.10
1731764014,379680.00,3.318800E+08,353063.81,33830.00,2.957480E+07,31462.55
1731764024,402839.86,3.359084E+08,353587.77,35859.99,2.993340E+07,31508.84
1731764034,382230.09,3.397307E+08,353886.13,34110.01,3.027450E+07,31535.94
1731764044,379650.05,3.435272E+08,354151.73,33850.00,3.061300E+07,31559.79
1731764054,322529.96,3.467525E+08,353829.06,28730.00,3.090030E+07,31530.92
1731764064,235879.97,3.491113E+08,352637.66,21000.00,3.111030E+07,31424.54
1731764074,354470.13,3.526560E+08,352655.98,31620.01,3.142650E+07,31426.50
1731764084,375979.97,3.564158E+08,352886.91,33340.00,3.175990E+07,31445.44
1731764094,374329.84,3.601591E+08,353097.14,33479.99,3.209470E+07,31465.39
1731764104,322880.16,3.633879E+08,352803.77,28760.01,3.238230E+07,31439.12
1731764114,413300.08,3.675209E+08,353385.46,36880.01,3.275110E+07,31491.44
1731764124,377539.93,3.712963E+08,353615.51,33549.99,3.308660E+07,31511.05
1731764134,383639.94,3.751327E+08,353898.76,34229.99,3.342890E+07,31536.70
1731764144,387040.05,3.790031E+08,354208.49,34510.00,3.377400E+07,31564.48
1731764154,394639.98,3.829495E+08,354582.85,35170.00,3.412570E+07,31597.87
1731764164,315010.01,3.860996E+08,354219.80,28070.00,3.440640E+07,31565.50
1731764174,394419.81,3.900438E+08,354585.25,35089.98,3.475730E+07,31597.54
1731764184,395920.19,3.940030E+08,354957.64,35280.02,3.511010E+07,31630.72
1731764194,396040.03,3.979634E+08,355324.45,35290.00,3.546300E+07,31663.39
1731764204,283489.99,4.007983E+08,354688.75,25290.00,3.571590E+07,31606.99
1731764214,393090.02,4.047292E+08,355025.60,34910.00,3.606500E+07,31635.96
1731764224,386710.01,4.085963E+08,355301.12,34510.00,3.641010E+07,31660.96
1731764234,389779.90,4.124941E+08,355598.35,34699.99,3.675710E+07,31687.15
1731764244,394910.05,4.164432E+08,355934.34,35170.00,3.710880E+07,31716.92
1731764254,338839.87,4.198316E+08,355789.48,30229.99,3.741110E+07,31704.32
1731764264,341660.19,4.232482E+08,355670.74,30470.02,3.771580E+07,31693.95
1731764274,392279.77,4.271710E+08,355975.82,34999.98,3.806580E+07,31721.50
1731764284,393380.12,4.311048E+08,356284.94,35090.01,3.841670E+07,31749.34
1731764294,395840.10,4.350632E+08,356609.17,35270.01,3.876940E+07,31778.20
1731764304,336159.96,4.384248E+08,356442.91,29820.00,3.906760E+07,31762.28
1731764314,260380.03,4.410286E+08,355668.21,23290.00,3.930050E+07,31693.95
1731764324,260379.88,4.436324E+08,354905.90,23269.99,3.953320E+07,31626.56
1731764334,260120.13,4.462336E+08,354153.64,23160.01,3.976480E+07,31559.36
1731764344,352729.98,4.497609E+08,354142.43,31430.00,4.007910E+07,31558.35
1731764354,353099.94,4.532919E+08,354134.28,31349.99,4.039260E+07,31556.72
1731764364,173019.98,4.550221E+08,352730.30,15570.00,4.054830E+07,31432.79
1731764374,101410.04,4.560362E+08,350797.06,8880.00,4.063710E+07,31259.31
1731764384,312849.86,4.591647E+08,350507.39,27979.99,4.091690E+07,31234.27
1731764394,312080.01,4.622855E+08,350216.27,27830.00,4.119520E+07,31208.48
1731764404,315120.11,4.654367E+08,349952.39,28050.01,4.147570E+07,31184.74
1731764414,176599.98,4.672027E+08,348658.72,15680.00,4.163250E+07,31069.03
1731764424,438930.02,4.715920E+08,349327.39,39230.00,4.202480E+07,31129.48
1731764434,384459.98,4.754366E+08,349585.72,34100.00,4.236580E+07,31151.32
1731764444,325019.85,4.786868E+08,349406.41,29059.99,4.265640E+07,31136.06
1731764454,341240.17,4.820992E+08,349347.23,30460.02,4.296100E+07,31131.16
1731764464,383699.92,4.859362E+08,349594.38,34029.99,4.330130E+07,31152.01
1731764474,366530.04,4.896015E+08,349715.34,32790.00,4.362920E+07,31163.71
1731764484,356730.06,4.931688E+08,349765.09,31820.01,4.394740E+07,31168.37
2024/11/16 13:41:26 error while executing request: Post "http://35.240.26.134:8428/write": read tcp 10.132.15.226:60690->35.240.26.134:8428: read: connection reset by peer
