time,per. metric/s,metric total,overall metric/s,per. row/s,row total,overall row/s
1731763084,23607.44,2.361000E+05,23607.44,2159.77,2.160000E+04,2159.77
1731763094,393749.99,4.173600E+06,208668.70,35180.00,3.734000E+05,18668.99
1731763104,365879.97,7.832400E+06,261070.57,32490.00,6.983000E+05,23275.83
1731763114,341520.12,1.124760E+07,281182.40,30450.01,1.002800E+06,25069.32
1731763124,371870.01,1.496630E+07,299319.53,33150.00,1.334300E+06,26685.42
1731763134,359910.02,1.856540E+07,309417.76,32110.00,1.655400E+06,27589.50
1731763144,334640.01,2.191180E+07,313020.89,29760.00,1.953000E+06,27899.57
1731763154,314700.03,2.505880E+07,313230.78,28020.00,2.233200E+06,27914.62
1731763164,390799.94,2.896680E+07,321849.47,34959.99,2.582800E+06,28697.43
1731763174,401880.05,3.298560E+07,329852.44,35720.00,2.940000E+06,29399.68
1731763184,419669.95,3.718230E+07,338017.59,37370.00,3.313700E+06,30124.25
1731763194,220839.98,3.939070E+07,328252.88,19800.00,3.511700E+06,29263.90
1731763204,233059.88,4.172130E+07,320930.40,20719.99,3.718900E+06,28606.68
1731763214,340480.17,4.512610E+07,322326.80,30380.02,4.022700E+06,28733.35
1731763224,324829.96,4.837440E+07,322493.67,28930.00,4.312000E+06,28746.46
1731763234,366950.14,5.204390E+07,325272.18,32570.01,4.637700E+06,28985.43
1731763244,314949.99,5.519340E+07,324665.00,28060.00,4.918300E+06,28930.99
1731763254,357039.95,5.876380E+07,326463.60,31900.00,5.237300E+06,29095.94
1731763264,380900.01,6.257280E+07,329328.65,33980.00,5.577100E+06,29352.99
1731763274,333819.88,6.591100E+07,329553.21,29729.99,5.874400E+06,29371.84
1731763284,369960.12,6.961060E+07,331477.34,33020.01,6.204600E+06,29545.56
1731763294,314839.92,7.275900E+07,330721.10,28039.99,6.485000E+06,29477.13
1731763304,363449.97,7.639350E+07,332144.09,32380.00,6.808800E+06,29603.34
1731763314,391550.18,8.030900E+07,334619.33,34780.02,7.156600E+06,29819.03
1731763324,359899.96,8.390800E+07,335630.55,32180.00,7.478400E+06,29913.47
1731763334,362690.04,8.753490E+07,336671.29,32290.00,7.801300E+06,30004.88
1731763344,301390.02,9.054880E+07,335364.59,26890.00,8.070200E+06,29889.51
1731763354,393129.97,9.448010E+07,337427.63,34980.00,8.420000E+06,30071.31
1731763364,319049.93,9.767060E+07,336793.92,28439.99,8.704400E+06,30015.06
1731763374,371170.05,1.013823E+08,337939.78,33090.00,9.035300E+06,30117.56
1731763384,328969.87,1.046720E+08,337650.43,29329.99,9.328600E+06,30092.15
1731763394,389510.10,1.085671E+08,339271.04,34710.01,9.675700E+06,30236.46
1731763404,352650.05,1.120936E+08,339676.46,31390.00,9.989600E+06,30271.42
1731763414,358399.99,1.156776E+08,340227.15,31980.00,1.030940E+07,30321.67
1731763424,204180.01,1.177194E+08,336340.10,18080.00,1.049020E+07,29971.91
1731763434,356269.87,1.212821E+08,336893.71,31739.99,1.080760E+07,30021.02
1731763444,318110.02,1.244632E+08,336386.04,28440.00,1.109200E+07,29978.29
1731763454,362760.09,1.280908E+08,337080.09,32300.01,1.141500E+07,30039.39
1731763464,322280.04,1.313136E+08,336700.61,28660.00,1.170160E+07,30004.02
1731763474,323939.85,1.345530E+08,336381.59,28909.99,1.199070E+07,29976.67
1731763484,199270.10,1.365457E+08,333037.42,17730.01,1.216800E+07,29677.97
1731763494,204269.95,1.385884E+08,329971.53,18200.00,1.235000E+07,29404.69
1731763504,381050.07,1.423989E+08,331159.40,34020.01,1.269020E+07,29512.02
1731763514,394139.84,1.463403E+08,332590.77,35029.99,1.304050E+07,29637.43
1731763524,262050.13,1.489608E+08,331023.21,23490.01,1.327540E+07,29500.82
1731763534,365489.95,1.526157E+08,331772.48,32490.00,1.360030E+07,29565.80
1731763544,417669.89,1.567924E+08,333600.08,37289.99,1.397320E+07,29730.14
1731763554,320589.97,1.599983E+08,333329.04,28450.00,1.425770E+07,29703.47
1731763564,321560.09,1.632139E+08,333088.86,28630.01,1.454400E+07,29681.57
1731763574,366749.59,1.668814E+08,333762.07,32779.96,1.487180E+07,29743.54
1731763584,382880.48,1.707102E+08,334725.17,34110.04,1.521290E+07,29829.15
1731763594,353940.03,1.742496E+08,335094.69,31600.00,1.552890E+07,29863.21
1731763604,367809.78,1.779277E+08,335711.95,32619.98,1.585510E+07,29915.22
1731763614,334030.16,1.812680E+08,335680.81,29880.01,1.615390E+07,29914.57
1731763624,403310.01,1.853011E+08,336910.43,35920.00,1.651310E+07,30023.76
1731763634,377689.85,1.890780E+08,337638.63,33549.99,1.684860E+07,30086.73
1731763644,348690.14,1.925649E+08,337832.52,31130.01,1.715990E+07,30105.03
1731763654,341339.98,1.959783E+08,337892.99,30500.00,1.746490E+07,30111.84
1731763664,315189.99,1.991302E+08,337508.20,28090.00,1.774580E+07,30077.57
1731763674,372029.96,2.028505E+08,338083.56,33170.00,1.807750E+07,30129.11
1731763684,376520.09,2.066157E+08,338713.66,33400.01,1.841150E+07,30182.73
1731763694,377820.02,2.103939E+08,339344.41,33700.00,1.874850E+07,30239.46
1731763704,352039.89,2.139143E+08,339545.92,31459.99,1.906310E+07,30258.84
1731763714,304310.00,2.169574E+08,338995.36,26990.00,1.933300E+07,30207.76
1731763724,365860.06,2.206160E+08,339408.67,32710.01,1.966010E+07,30246.26
1731763734,347359.92,2.240896E+08,339529.14,30949.99,1.996960E+07,30256.92
1731763744,385110.01,2.279407E+08,340209.45,34220.00,2.031180E+07,30316.07
1731763754,382730.08,2.317680E+08,340834.75,34210.01,2.065390E+07,30373.33
1731763764,99820.00,2.327662E+08,337341.79,8870.00,2.074260E+07,30061.69
1731763774,371059.92,2.364768E+08,337823.48,33099.99,2.107360E+07,30105.10
1731763784,395910.15,2.404359E+08,338641.60,35270.01,2.142630E+07,30177.84
1731763794,252859.91,2.429645E+08,337450.19,22419.99,2.165050E+07,30070.09
1731763804,319870.07,2.461632E+08,337209.36,28650.01,2.193700E+07,30050.64
1731763814,367539.88,2.498386E+08,337619.24,32589.99,2.226290E+07,30084.96
1731763824,358139.95,2.534200E+08,337892.84,32030.00,2.258320E+07,30110.89
1731763834,333120.04,2.567512E+08,337830.04,29720.00,2.288040E+07,30105.75
1731763844,343909.94,2.601903E+08,337909.00,30530.00,2.318570E+07,30111.26
1731763854,295670.17,2.631470E+08,337367.48,26410.02,2.344980E+07,30063.80
1731763864,327159.95,2.664186E+08,337238.27,29130.00,2.374110E+07,30051.98
1731763874,252280.00,2.689414E+08,336176.30,22550.00,2.396660E+07,29958.21
1731763884,212860.05,2.710700E+08,334653.88,18890.00,2.415550E+07,29821.57
1731763894,334179.89,2.744118E+08,334648.10,29749.99,2.445300E+07,29820.69
1731763904,339960.10,2.778114E+08,334712.10,30330.01,2.475630E+07,29826.83
1731763914,394119.96,2.817526E+08,335419.33,35040.00,2.510670E+07,29888.89
1731763924,351319.96,2.852658E+08,335606.40,31470.00,2.542140E+07,29907.49
1731763934,280470.00,2.880705E+08,334965.28,24890.00,2.567030E+07,29849.15
1731763944,373029.82,2.918008E+08,335402.80,33299.98,2.600330E+07,29888.81
1731763954,354600.16,2.953468E+08,335620.95,31570.01,2.631900E+07,29907.92
1731763964,419240.02,2.995392E+08,336560.49,37300.00,2.669200E+07,29990.97
1731763974,364580.02,3.031850E+08,336871.82,32550.00,2.701750E+07,30019.41
1731763984,361770.04,3.068027E+08,337145.42,32150.00,2.733900E+07,30042.82
1731763994,308309.97,3.098858E+08,336832.00,27520.00,2.761420E+07,30015.40
1731764004,385230.00,3.137381E+08,337352.40,34320.00,2.795740E+07,30061.69
1731764014,354799.80,3.172861E+08,337538.01,31649.98,2.827390E+07,30078.58
1731764024,391730.20,3.212034E+08,338108.46,34920.02,2.862310E+07,30129.54
1731764034,352929.93,3.247327E+08,338262.85,31389.99,2.893700E+07,30142.67
1731764044,252650.06,3.272592E+08,337380.24,22540.01,2.916240E+07,30064.30
1731764054,368209.79,3.309413E+08,337694.83,32829.98,2.949070E+07,30092.52
1731764064,359350.11,3.345348E+08,337913.57,32030.01,2.981100E+07,30112.09
1731764074,381730.00,3.383521E+08,338351.73,34090.00,3.015190E+07,30151.87
1731764084,358609.99,3.419382E+08,338552.31,31860.00,3.047050E+07,30168.78
1731764094,382000.13,3.457582E+08,338978.27,34010.01,3.081060E+07,30206.44
1731764104,292739.98,3.486856E+08,338529.35,26170.00,3.107230E+07,30167.25
1731764114,257539.99,3.512610E+08,337750.61,22920.00,3.130150E+07,30097.56
1731764124,297909.78,3.542401E+08,337371.17,26479.98,3.156630E+07,30063.11
1731764134,356390.26,3.578040E+08,337550.60,31810.02,3.188440E+07,30079.59
1731764144,395799.92,3.617620E+08,338094.99,35259.99,3.223700E+07,30128.01
1731764154,315060.11,3.649126E+08,337881.70,28070.01,3.251770E+07,30108.95
1731764164,381539.97,3.687280E+08,338282.23,34070.00,3.285840E+07,30145.29
1731764174,339429.83,3.721223E+08,338292.67,30249.98,3.316090E+07,30146.24
1731764184,402660.19,3.761489E+08,338872.55,35840.02,3.351930E+07,30197.54
1731764194,300300.04,3.791519E+08,338528.16,26800.00,3.378730E+07,30167.20
1731764204,383319.96,3.829851E+08,338924.54,34040.00,3.412770E+07,30201.48
1731764214,395879.78,3.869439E+08,339424.15,35299.98,3.448070E+07,30246.20
1731764224,330870.18,3.902526E+08,339349.77,29500.02,3.477570E+07,30239.71
1731764234,359860.01,3.938512E+08,339526.58,32120.00,3.509690E+07,30255.92
1731764244,306870.00,3.969199E+08,339247.46,27340.00,3.537030E+07,30231.00
1731764254,396630.04,4.008862E+08,339733.76,35370.00,3.572400E+07,30274.55
1731764264,375399.96,4.046402E+08,340033.47,33340.00,3.605740E+07,30300.31
1731764274,190220.01,4.065424E+08,338785.03,17060.00,3.622800E+07,30189.97
1731764284,199179.99,4.085342E+08,337631.27,17620.00,3.640420E+07,30086.09
1731764294,437959.98,4.129138E+08,338453.63,39120.00,3.679540E+07,30160.14
1731764304,371260.06,4.166264E+08,338720.35,33060.01,3.712600E+07,30183.71
1731764314,392609.91,4.205525E+08,339154.95,34959.99,3.747560E+07,30222.23
1731764324,305860.08,4.236111E+08,338888.59,27320.01,3.774880E+07,30199.01
1731764334,345889.93,4.270700E+08,338944.15,30849.99,3.805730E+07,30204.18
1731764344,352820.06,4.305982E+08,339053.41,31330.01,3.837060E+07,30213.05
1731764354,311759.86,4.337158E+08,338840.18,27839.99,3.864900E+07,30194.51
1731764364,155170.04,4.352675E+08,337416.38,13740.00,3.878640E+07,30066.95
1731764374,155160.00,4.368191E+08,336014.41,13850.00,3.892490E+07,29942.21
1731764384,342890.10,4.402480E+08,336066.90,30670.01,3.923160E+07,29947.76
1731764394,216799.96,4.424160E+08,335163.36,19300.00,3.942460E+07,29867.10
1731764404,302920.02,4.454452E+08,334920.93,26890.00,3.969350E+07,29844.71
1731764414,374689.95,4.491921E+08,335217.71,33460.00,4.002810E+07,29871.69
1731764424,374780.02,4.529399E+08,335510.77,33420.00,4.036230E+07,29897.98
1731764434,369769.89,4.566376E+08,335762.67,32959.99,4.069190E+07,29920.49
1731764444,313210.09,4.597697E+08,335598.06,27830.01,4.097020E+07,29905.23
1731764454,389430.00,4.636640E+08,335988.14,34770.00,4.131790E+07,29940.48
1731764464,180309.92,4.654671E+08,334868.16,16059.99,4.147850E+07,29840.62
1731764474,311060.13,4.685777E+08,334698.10,27660.01,4.175510E+07,29825.05
1731764484,183060.05,4.704083E+08,333622.65,16300.00,4.191810E+07,29729.13
1731764494,390869.92,4.743170E+08,334025.80,34859.99,4.226670E+07,29765.26
1731764504,398070.03,4.782977E+08,334473.66,35560.00,4.262230E+07,29805.78
1731764514,511320.04,4.834109E+08,335701.76,45480.00,4.307710E+07,29914.63
1731764524,437139.99,4.877823E+08,336401.34,38920.00,4.346630E+07,29976.74
1731764534,526019.93,4.930425E+08,337700.09,46839.99,4.393470E+07,30092.24
1731764544,335440.01,4.963969E+08,337684.72,30040.00,4.423510E+07,30091.88
1731764554,507990.06,5.014768E+08,338835.43,45220.01,4.468730E+07,30194.10
1731764564,437919.96,5.058560E+08,339500.43,39060.00,4.507790E+07,30253.60
1731764574,493200.01,5.107880E+08,340525.09,43940.00,4.551730E+07,30344.84
1731764584,505900.04,5.158470E+08,341620.29,45000.00,4.596730E+07,30441.90
1731764594,364979.94,5.194968E+08,341773.97,32579.99,4.629310E+07,30455.97
1731764604,443019.96,5.239270E+08,342435.71,39420.00,4.668730E+07,30514.55
1731764614,510580.06,5.290328E+08,343527.55,45560.01,4.714290E+07,30612.25
1731764624,434020.05,5.333730E+08,344111.37,38570.00,4.752860E+07,30663.59
1731764634,463239.96,5.380054E+08,344875.02,41400.00,4.794260E+07,30732.41
1731764644,378260.04,5.417880E+08,345087.66,33660.00,4.827920E+07,30751.06
1731764654,465809.76,5.464461E+08,345851.72,41459.98,4.869380E+07,30818.84
1731764664,493710.11,5.513832E+08,346781.65,43940.01,4.913320E+07,30901.36
1731764674,471000.10,5.560932E+08,347558.02,42080.01,4.955400E+07,30971.23
1731764684,459299.97,5.606862E+08,348252.06,40860.00,4.996260E+07,31032.65
1731764694,361480.03,5.643010E+08,348333.72,32200.00,5.028460E+07,31039.86
1731764704,510129.96,5.694023E+08,349326.33,45430.00,5.073890E+07,31128.14
1731764714,429199.74,5.736943E+08,349813.37,38279.98,5.112170E+07,31171.75
1731764724,344130.06,5.771356E+08,349778.92,30710.01,5.142880E+07,31168.95
1731764734,241160.09,5.795472E+08,349124.59,21560.01,5.164440E+07,31111.06

Summary:
loaded 581760000 metrics in 1666.248sec with 10 workers (mean rate 349143.71 metrics/sec)
loaded 51840000 rows in 1666.248sec with 10 workers (mean rate 31111.82 rows/sec)
Run complete after 518400 queries with 10 workers (Overall query rate 311.12 queries/sec):
          :
min:     1.04ms, med:    28.44ms, mean:    28.84ms, max: 5158.40ms, stddev:    41.33ms, sum: 14948.9sec, count: 518400
all queries:
min:     1.04ms, med:    28.44ms, mean:    28.84ms, max: 5158.40ms, stddev:    41.33ms, sum: 14948.9sec, count: 518400
Saving Response Latencies to /home/benchUser/results/latenciesInserts_other.csv
