time,per. metric/s,metric total,overall metric/s,per. row/s,row total,overall row/s
1738622899,173353.64,1.733800E+06,173353.64,15590.13,1.559250E+05,15590.13
1738622909,380345.00,5.537250E+06,276841.46,33922.50,4.951500E+05,24755.62
1738622919,287727.42,8.414525E+06,280469.93,25492.49,7.500750E+05,25001.23
1738622929,257877.51,1.099330E+07,274822.04,22957.50,9.796500E+05,24490.32
1738622939,229069.95,1.328400E+07,265671.90,20535.00,1.185000E+06,23699.28
1738622949,210665.09,1.539065E+07,256504.33,18795.01,1.372950E+06,22881.92
1738622959,239772.51,1.778838E+07,254114.12,21247.50,1.585425E+06,22648.44
1738622969,282589.89,2.061428E+07,257673.53,25169.99,1.837125E+06,22963.62
1738622979,267847.55,2.329275E+07,258803.95,23940.00,2.076525E+06,23072.11
1738622989,308669.93,2.637945E+07,263790.48,27562.49,2.352150E+06,23521.14
1738622999,297060.12,2.935005E+07,266814.95,26392.51,2.616075E+06,23782.17
1738623009,301475.00,3.236480E+07,269703.25,26962.50,2.885700E+06,24047.20
1738623019,296294.89,3.532775E+07,271748.74,26294.99,3.148650E+06,24220.10
1738623029,283475.12,3.816250E+07,272586.33,25305.01,3.401700E+06,24297.59
1738623039,281652.39,4.097902E+07,273190.72,25027.49,3.651975E+06,24346.25
1738623049,275477.63,4.373380E+07,273333.65,24592.51,3.897900E+06,24361.64
1738623059,305164.84,4.678545E+07,275206.06,27112.49,4.169025E+06,24523.46
1738623069,288795.09,4.967340E+07,275961.00,25837.51,4.427400E+06,24596.46
1738623079,301120.05,5.268460E+07,277285.15,26730.00,4.694700E+06,24708.75
1738623089,328654.86,5.597115E+07,279853.62,29414.99,4.988850E+06,24944.06
1738623099,378485.18,5.975600E+07,284550.32,33765.02,5.326500E+06,25364.10
1738623109,362879.90,6.338480E+07,288110.73,32309.99,5.649600E+06,25679.82
1738623119,394215.05,6.732695E+07,292723.93,35062.50,6.000225E+06,26087.76
1738623129,389184.90,7.121880E+07,296743.12,34732.49,6.347550E+06,26447.96
1738623139,309859.97,7.431740E+07,297267.79,27585.00,6.623400E+06,26493.44
1738623149,392392.60,7.824132E+07,300926.41,34972.51,6.973125E+06,26819.55
1738623159,409305.01,8.233438E+07,304940.41,36375.00,7.336875E+06,27173.46
1738623169,407602.49,8.641040E+07,308606.89,36442.50,7.701300E+06,27504.49
1738623179,404960.06,9.046000E+07,311929.40,36120.01,8.062500E+06,27801.58
1738623189,322000.00,9.368000E+07,312265.08,28650.00,8.349000E+06,27829.86
1738623199,370454.95,9.738455E+07,314142.17,32962.50,8.678625E+06,27995.43
1738623209,379760.03,1.011822E+08,316192.72,33840.00,9.017025E+06,28178.07
1738623219,406664.98,1.052488E+08,318934.29,36322.50,9.380250E+06,28424.87
1738623229,376119.94,1.090100E+08,320616.21,33375.00,9.714000E+06,28570.46
1738623239,355782.51,1.125678E+08,321620.96,31717.50,1.003118E+07,28660.38
1738623249,381327.43,1.163811E+08,323279.46,34057.49,1.037175E+07,28810.29
1738623259,289890.08,1.192800E+08,322377.05,25785.01,1.062960E+07,28728.53
1738623269,372317.48,1.230032E+08,323691.27,33217.50,1.096178E+07,28846.66
1738623279,402942.49,1.270326E+08,325723.34,35842.50,1.132020E+07,29026.04
1738623289,326660.07,1.302992E+08,325746.76,29220.01,1.161240E+07,29030.89
1738623299,393584.93,1.342350E+08,327401.35,35024.99,1.196265E+07,29177.09
1738623309,358455.06,1.378196E+08,328140.72,31972.51,1.228238E+07,29243.64
1738623319,368489.96,1.415045E+08,329079.07,32790.00,1.261028E+07,29326.12
1738623329,259084.98,1.440954E+08,327488.30,23107.50,1.284135E+07,29184.79
1738623339,272852.52,1.468239E+08,326274.17,24217.50,1.308352E+07,29074.40
1738623349,282746.36,1.496514E+08,325327.92,25192.40,1.333545E+07,28990.01
1738623359,307828.71,1.527296E+08,324955.60,27472.61,1.361018E+07,28957.73
1738623369,321512.53,1.559448E+08,324883.87,28590.00,1.389608E+07,28950.06
1738623379,302645.02,1.589712E+08,324430.01,27112.50,1.416720E+07,28912.56
1738623389,274057.46,1.617118E+08,323422.57,24397.50,1.441118E+07,28822.26
1738623399,336937.36,1.650812E+08,323687.56,29909.99,1.471028E+07,28843.59
1738623409,346915.15,1.685503E+08,324134.24,30907.51,1.501935E+07,28883.28
1738623419,287249.88,1.714228E+08,323438.31,25762.49,1.527698E+07,28824.40
1738623429,324355.08,1.746664E+08,323455.29,28867.51,1.556565E+07,28825.20
1738623439,343290.09,1.780992E+08,323815.92,30510.01,1.587075E+07,28855.83
1738623449,357832.48,1.816776E+08,324423.36,31987.50,1.619062E+07,28911.75
1738623459,391304.99,1.855906E+08,325596.72,34755.00,1.653818E+07,29014.26
1738623469,329884.94,1.888895E+08,325670.65,29474.99,1.683292E+07,29022.21
1738623479,397780.09,1.928673E+08,326892.84,35340.01,1.718632E+07,29129.29
1738623489,415072.53,1.970180E+08,328362.50,37087.50,1.755720E+07,29261.93
1738623499,416237.47,2.011804E+08,329803.07,37042.50,1.792762E+07,29389.48
1738623509,390870.04,2.050891E+08,330788.02,34830.00,1.827592E+07,29477.23
1738623519,338519.89,2.084743E+08,330910.75,30119.99,1.857712E+07,29487.43
1738623529,378035.00,2.122546E+08,331647.06,33705.00,1.891418E+07,29553.33
1738623539,401097.62,2.162656E+08,332715.53,35872.51,1.927290E+07,29650.55
1738623549,401942.52,2.202850E+08,333764.42,35752.50,1.963042E+07,29743.00
1738623559,399484.88,2.242799E+08,334745.32,35609.99,1.998652E+07,29830.57
1738623569,287787.59,2.271578E+08,334054.77,25642.51,2.024295E+07,29768.98
1738623579,248559.95,2.296434E+08,332815.72,22050.00,2.046345E+07,29657.11
1738623589,237262.57,2.320160E+08,331450.67,21277.51,2.067622E+07,29537.40
1738623599,167907.42,2.336950E+08,329147.25,14894.99,2.082518E+07,29331.17
1738623609,299777.63,2.366928E+08,328739.34,26745.01,2.109262E+07,29295.25
1738623619,370322.43,2.403960E+08,329308.97,32932.49,2.142195E+07,29345.08
1738623629,367075.01,2.440668E+08,329819.32,32812.50,2.175008E+07,29391.93
1738623639,271919.76,2.467860E+08,329047.33,24172.48,2.199180E+07,29322.34
1738623649,317020.32,2.499562E+08,328889.08,28320.03,2.227500E+07,29309.15
1738623659,318862.50,2.531448E+08,328758.86,28260.00,2.255760E+07,29295.53
1738623669,348122.48,2.566260E+08,329007.11,31012.50,2.286772E+07,29317.54
1738623679,271554.93,2.593416E+08,328279.87,24337.49,2.311110E+07,29254.50
1738623689,284045.10,2.621820E+08,327726.94,25245.01,2.336355E+07,29204.38
1738623699,325937.46,2.654414E+08,327704.85,29002.50,2.365358E+07,29201.89
1738623709,341777.49,2.688592E+08,327876.46,30562.50,2.395920E+07,29218.48
1738623719,365040.03,2.725096E+08,328324.22,32535.00,2.428455E+07,29258.44
1738623729,248309.93,2.749927E+08,327371.67,22094.99,2.450550E+07,29173.16
1738623739,264585.08,2.776386E+08,326633.00,23475.01,2.474025E+07,29106.12
1738623749,302584.99,2.806644E+08,326353.38,27112.50,2.501138E+07,29082.94
1738623759,377027.45,2.844347E+08,326935.84,33495.00,2.534632E+07,29133.66
1738623769,353952.54,2.879742E+08,327242.84,31477.50,2.566110E+07,29160.29
1738623779,366939.91,2.916436E+08,327688.88,32834.99,2.598945E+07,29201.58
1738623789,380195.15,2.954456E+08,328272.28,33900.01,2.632845E+07,29253.78
1738623799,336994.87,2.988155E+08,328368.13,29924.99,2.662770E+07,29261.16
1738623809,369969.85,3.025152E+08,328820.32,32909.99,2.695680E+07,29300.82
1738623819,317220.19,3.056874E+08,328695.59,28350.02,2.724030E+07,29290.60
1738623829,340660.03,3.090940E+08,328822.87,30405.00,2.754435E+07,29302.45
1738623839,392819.84,3.130222E+08,329496.52,34874.99,2.789310E+07,29361.11
1738623849,334897.36,3.163712E+08,329552.78,29992.49,2.819302E+07,29367.69
1738623859,371102.80,3.200822E+08,329981.13,33045.03,2.852348E+07,29405.60
1738623869,353259.94,3.236148E+08,330218.67,31372.49,2.883720E+07,29425.67
1738623879,376460.05,3.273794E+08,330685.75,33637.50,2.917358E+07,29468.21
1738623889,328819.98,3.306676E+08,330667.10,29317.50,2.946675E+07,29466.71
1738623899,387659.26,3.345442E+08,331231.38,34537.43,2.981212E+07,29516.91
1738623909,362143.22,3.381656E+08,331534.43,32205.06,3.013418E+07,29543.26
1738623919,299064.88,3.411563E+08,331219.19,26654.99,3.040072E+07,29515.22
1738623929,315877.57,3.443150E+08,331071.68,28192.51,3.068265E+07,29502.50
1738623939,316465.04,3.474797E+08,330932.57,28245.00,3.096510E+07,29490.53
1738623949,235789.99,3.498376E+08,330035.00,21000.00,3.117510E+07,29410.43
1738623959,392137.54,3.537590E+08,330615.39,34852.50,3.152362E+07,29461.29
1738623969,290144.94,3.566604E+08,330240.67,25814.99,3.178178E+07,29427.53
1738623979,364125.09,3.603017E+08,330551.53,32475.01,3.210652E+07,29455.49
1738623989,341312.47,3.637148E+08,330649.36,30502.50,3.241155E+07,29465.00
1738623999,369359.99,3.674084E+08,330998.10,32805.00,3.273960E+07,29495.09
1738624009,339030.01,3.707987E+08,331069.82,30195.00,3.304155E+07,29501.34
1738624019,364072.56,3.744394E+08,331361.88,32467.51,3.336622E+07,29527.59
1738624029,371904.96,3.781585E+08,331717.52,33150.00,3.369772E+07,29559.37
1738624039,362752.55,3.817860E+08,331987.39,32287.50,3.402060E+07,29583.09
1738624049,389107.46,3.856771E+08,332479.80,34732.50,3.436792E+07,29627.48
1738624059,357292.45,3.892500E+08,332691.87,31912.50,3.468705E+07,29647.01
1738624069,389040.03,3.931404E+08,333169.40,34687.50,3.503392E+07,29689.73
1738624079,381372.36,3.969541E+08,333574.47,33914.99,3.537308E+07,29725.24
1738624089,405927.70,4.010134E+08,334177.41,36082.52,3.573390E+07,29778.21
1738624099,363067.36,4.046441E+08,334416.17,32362.49,3.605752E+07,29799.57
1738624109,340342.60,4.080475E+08,334464.75,30322.51,3.636075E+07,29803.86
1738624119,317332.52,4.112208E+08,334325.46,28387.50,3.664462E+07,29792.34
1738624129,354657.44,4.147674E+08,334489.43,31567.49,3.696030E+07,29806.66
1738624139,317305.07,4.179404E+08,334351.95,28365.01,3.724395E+07,29795.12
1738624149,274562.46,4.206861E+08,333877.43,24457.50,3.748852E+07,29752.76
1738624159,384582.57,4.245319E+08,334276.69,34117.51,3.782970E+07,29787.13
1738624169,380809.98,4.283400E+08,334640.23,33990.00,3.816960E+07,29819.96
1738624179,379445.01,4.321344E+08,334987.55,33795.00,3.850755E+07,29850.78
1738624189,339464.95,4.355291E+08,335021.99,30255.00,3.881010E+07,29853.89
1738624199,384269.94,4.393718E+08,335397.93,34289.99,3.915300E+07,29887.75
1738624209,291345.03,4.422852E+08,335064.20,25935.00,3.941235E+07,29857.81
1738624219,212922.52,4.444145E+08,334145.84,18937.50,3.960172E+07,29775.70
1738624229,209922.45,4.465137E+08,333218.80,18697.50,3.978870E+07,29693.03
1738624239,203035.00,4.485440E+08,332254.48,18157.50,3.997028E+07,29607.58
1738624249,201542.56,4.505595E+08,331293.36,17925.00,4.014952E+07,29521.68
1738624259,237532.51,4.529348E+08,330608.98,21255.00,4.036208E+07,29461.34
1738624269,297279.85,4.559076E+08,330367.46,26467.49,4.062675E+07,29439.64
1738624279,328697.59,4.591946E+08,330355.45,29167.51,4.091842E+07,29437.68
1738624289,287422.54,4.620688E+08,330048.78,25747.50,4.117590E+07,29411.33
1738624299,336829.96,4.654371E+08,330096.88,29985.00,4.147575E+07,29415.39
1738624309,254720.03,4.679843E+08,329566.06,22635.00,4.170210E+07,29367.64
1738624319,358414.93,4.715684E+08,329767.80,31957.49,4.202168E+07,29385.76
1738624329,341417.47,4.749826E+08,329848.70,30510.00,4.232678E+07,29393.56
1738624339,402872.10,4.790114E+08,330352.31,35857.46,4.268535E+07,29438.14
1738624349,355115.40,4.825625E+08,330521.92,31635.04,4.300170E+07,29453.19
1738624359,323267.55,4.857952E+08,330472.57,28807.50,4.328978E+07,29448.80
1738624369,377202.48,4.895672E+08,330788.31,33502.50,4.362480E+07,29476.19
1738624379,332150.03,4.928887E+08,330797.45,29610.00,4.392090E+07,29477.08
1738624389,368049.96,4.965692E+08,331045.80,32932.50,4.425022E+07,29500.12
1738624399,375520.00,5.003244E+08,331340.33,33337.50,4.458360E+07,29525.53
1738624409,376587.48,5.040903E+08,331638.01,33652.50,4.492012E+07,29552.68
1738624419,361844.92,5.077087E+08,331835.44,32294.99,4.524308E+07,29570.61
1738624429,369817.60,5.114069E+08,332082.07,32887.51,4.557195E+07,29592.15
1738624439,399304.85,5.154000E+08,332515.77,35609.99,4.592805E+07,29630.97
1738624449,353105.18,5.189310E+08,332647.75,31462.52,4.624268E+07,29642.71
1738624459,361812.47,5.225491E+08,332833.52,32160.00,4.656428E+07,29658.75
1738624469,363704.95,5.261862E+08,333028.90,32415.00,4.688842E+07,29676.19
1738624479,347837.54,5.296646E+08,333122.04,31020.00,4.719862E+07,29684.64
1738624489,357749.96,5.332420E+08,333275.96,31972.50,4.751835E+07,29698.94
1738624499,354332.55,5.367854E+08,333406.75,31522.50,4.783358E+07,29710.27
1738624509,355702.51,5.403424E+08,333544.38,31702.50,4.815060E+07,29722.56
1738624519,337737.46,5.437198E+08,333570.10,30022.50,4.845082E+07,29724.40
1738624529,348340.04,5.472032E+08,333660.16,31095.00,4.876178E+07,29732.76
1738624539,307882.42,5.502820E+08,333503.93,27457.49,4.903635E+07,29718.97
1738624549,250110.06,5.527831E+08,333001.56,22275.01,4.925910E+07,29674.13
1738624559,337934.94,5.561624E+08,333031.10,30044.99,4.955955E+07,29676.35
1738624569,333255.07,5.594950E+08,333032.44,29782.51,4.985738E+07,29676.98
1738624579,363239.94,5.631274E+08,333211.18,32354.99,5.018092E+07,29692.83
1738624589,377721.42,5.669046E+08,333473.01,33562.18,5.051655E+07,29715.59
1738624599,374678.53,5.706514E+08,333713.97,33525.32,5.085180E+07,29737.87
1738624609,307579.04,5.737272E+08,333562.02,27404.91,5.112585E+07,29724.30
1738624619,359961.15,5.773268E+08,333714.62,31935.10,5.144520E+07,29737.08
1738624629,356675.06,5.808936E+08,333846.58,31852.51,5.176372E+07,29749.24

Summary:
loaded 581760000 metrics in 1742.019sec with 10 workers (mean rate 333957.37 metrics/sec)
loaded 51840000 rows in 1742.019sec with 10 workers (mean rate 29758.58 rows/sec)
Run complete after 691200 queries with 10 workers (Overall query rate 396.78 queries/sec):
          :
min:     0.84ms, med:     3.12ms, mean:    11.93ms, max: 3056.64ms, stddev:    21.07ms, sum: 8246.9sec, count: 691200
all queries:
min:     0.84ms, med:     3.12ms, mean:    11.93ms, max: 3056.64ms, stddev:    21.07ms, sum: 8246.9sec, count: 691200
Saving Response Latencies to /home/benchUser/results/latenciesInserts_latest.csv
