After 500 queries with 10 workers:
Interval query rate: 2.57 queries/sec	Overall query rate: 2.57 queries/sec
VictoriaMetrics mean of 10 metrics, all hosts, random 12h0m0s by 1h:
min:   955.30ms, med:  3859.84ms, mean:  3861.84ms, max: 4842.75ms, stddev:   395.43ms, sum: 1930.9sec, count: 500
all queries                                                        :
min:   955.30ms, med:  3859.84ms, mean:  3861.84ms, max: 4842.75ms, stddev:   395.43ms, sum: 1930.9sec, count: 500

After 1000 queries with 10 workers:
Interval query rate: 2.59 queries/sec	Overall query rate: 2.58 queries/sec
VictoriaMetrics mean of 10 metrics, all hosts, random 12h0m0s by 1h:
min:   955.30ms, med:  3847.81ms, mean:  3862.53ms, max: 5041.92ms, stddev:   365.17ms, sum: 3862.5sec, count: 1000
all queries                                                        :
min:   955.30ms, med:  3847.81ms, mean:  3862.53ms, max: 5041.92ms, stddev:   365.17ms, sum: 3862.5sec, count: 1000

After 1500 queries with 10 workers:
Interval query rate: 2.50 queries/sec	Overall query rate: 2.55 queries/sec
VictoriaMetrics mean of 10 metrics, all hosts, random 12h0m0s by 1h:
min:   955.30ms, med:  3898.37ms, mean:  3907.99ms, max: 5041.92ms, stddev:   353.34ms, sum: 5862.0sec, count: 1500
all queries                                                        :
min:   955.30ms, med:  3898.37ms, mean:  3907.99ms, max: 5041.92ms, stddev:   353.34ms, sum: 5862.0sec, count: 1500

After 2000 queries with 10 workers:
Interval query rate: 2.51 queries/sec	Overall query rate: 2.54 queries/sec
VictoriaMetrics mean of 10 metrics, all hosts, random 12h0m0s by 1h:
min:   955.30ms, med:  3928.57ms, mean:  3930.98ms, max: 5041.92ms, stddev:   354.97ms, sum: 7862.0sec, count: 2000
all queries                                                        :
min:   955.30ms, med:  3928.57ms, mean:  3930.98ms, max: 5041.92ms, stddev:   354.97ms, sum: 7862.0sec, count: 2000

After 2500 queries with 10 workers:
Interval query rate: 2.51 queries/sec	Overall query rate: 2.53 queries/sec
VictoriaMetrics mean of 10 metrics, all hosts, random 12h0m0s by 1h:
min:   955.30ms, med:  3935.36ms, mean:  3940.83ms, max: 5041.92ms, stddev:   352.17ms, sum: 9852.1sec, count: 2500
all queries                                                        :
min:   955.30ms, med:  3935.36ms, mean:  3940.83ms, max: 5041.92ms, stddev:   352.17ms, sum: 9852.1sec, count: 2500

After 3000 queries with 10 workers:
Interval query rate: 2.49 queries/sec	Overall query rate: 2.53 queries/sec
VictoriaMetrics mean of 10 metrics, all hosts, random 12h0m0s by 1h:
min:   955.30ms, med:  3947.39ms, mean:  3953.25ms, max: 5041.92ms, stddev:   347.01ms, sum: 11859.8sec, count: 3000
all queries                                                        :
min:   955.30ms, med:  3947.39ms, mean:  3953.25ms, max: 5041.92ms, stddev:   347.01ms, sum: 11859.8sec, count: 3000

After 3500 queries with 10 workers:
Interval query rate: 2.54 queries/sec	Overall query rate: 2.53 queries/sec
VictoriaMetrics mean of 10 metrics, all hosts, random 12h0m0s by 1h:
min:   955.30ms, med:  3944.19ms, mean:  3949.49ms, max: 5041.92ms, stddev:   342.34ms, sum: 13823.2sec, count: 3500
all queries                                                        :
min:   955.30ms, med:  3944.19ms, mean:  3949.49ms, max: 5041.92ms, stddev:   342.34ms, sum: 13823.2sec, count: 3500

After 4000 queries with 10 workers:
Interval query rate: 2.50 queries/sec	Overall query rate: 2.53 queries/sec
VictoriaMetrics mean of 10 metrics, all hosts, random 12h0m0s by 1h:
min:   955.30ms, med:  3950.97ms, mean:  3955.13ms, max: 5041.92ms, stddev:   338.69ms, sum: 15820.5sec, count: 4000
all queries                                                        :
min:   955.30ms, med:  3950.97ms, mean:  3955.13ms, max: 5041.92ms, stddev:   338.69ms, sum: 15820.5sec, count: 4000

After 4500 queries with 10 workers:
Interval query rate: 2.53 queries/sec	Overall query rate: 2.53 queries/sec
VictoriaMetrics mean of 10 metrics, all hosts, random 12h0m0s by 1h:
min:   955.30ms, med:  3953.15ms, mean:  3955.21ms, max: 5041.92ms, stddev:   336.57ms, sum: 17798.4sec, count: 4500
all queries                                                        :
min:   955.30ms, med:  3953.15ms, mean:  3955.21ms, max: 5041.92ms, stddev:   336.57ms, sum: 17798.4sec, count: 4500

After 5000 queries with 10 workers:
Interval query rate: 2.54 queries/sec	Overall query rate: 2.53 queries/sec
VictoriaMetrics mean of 10 metrics, all hosts, random 12h0m0s by 1h:
min:   955.30ms, med:  3950.59ms, mean:  3953.30ms, max: 5041.92ms, stddev:   336.03ms, sum: 19766.5sec, count: 5000
all queries                                                        :
min:   955.30ms, med:  3950.59ms, mean:  3953.30ms, max: 5041.92ms, stddev:   336.03ms, sum: 19766.5sec, count: 5000

After 5500 queries with 10 workers:
Interval query rate: 2.50 queries/sec	Overall query rate: 2.52 queries/sec
VictoriaMetrics mean of 10 metrics, all hosts, random 12h0m0s by 1h:
min:   955.30ms, med:  3955.58ms, mean:  3957.25ms, max: 5041.92ms, stddev:   335.22ms, sum: 21764.9sec, count: 5500
all queries                                                        :
min:   955.30ms, med:  3955.58ms, mean:  3957.25ms, max: 5041.92ms, stddev:   335.22ms, sum: 21764.9sec, count: 5500

After 6000 queries with 10 workers:
Interval query rate: 2.58 queries/sec	Overall query rate: 2.53 queries/sec
VictoriaMetrics mean of 10 metrics, all hosts, random 12h0m0s by 1h:
min:   955.30ms, med:  3951.49ms, mean:  3951.74ms, max: 5041.92ms, stddev:   335.57ms, sum: 23710.4sec, count: 6000
all queries                                                        :
min:   955.30ms, med:  3951.49ms, mean:  3951.74ms, max: 5041.92ms, stddev:   335.57ms, sum: 23710.4sec, count: 6000

After 6500 queries with 10 workers:
Interval query rate: 2.56 queries/sec	Overall query rate: 2.53 queries/sec
VictoriaMetrics mean of 10 metrics, all hosts, random 12h0m0s by 1h:
min:   955.30ms, med:  3948.41ms, mean:  3948.05ms, max: 5041.92ms, stddev:   334.20ms, sum: 25662.3sec, count: 6500
all queries                                                        :
min:   955.30ms, med:  3948.41ms, mean:  3948.05ms, max: 5041.92ms, stddev:   334.20ms, sum: 25662.3sec, count: 6500

After 7000 queries with 10 workers:
Interval query rate: 2.53 queries/sec	Overall query rate: 2.53 queries/sec
VictoriaMetrics mean of 10 metrics, all hosts, random 12h0m0s by 1h:
min:   955.30ms, med:  3948.03ms, mean:  3947.84ms, max: 5041.92ms, stddev:   335.29ms, sum: 27634.8sec, count: 7000
all queries                                                        :
min:   955.30ms, med:  3948.03ms, mean:  3947.84ms, max: 5041.92ms, stddev:   335.29ms, sum: 27634.8sec, count: 7000

After 7500 queries with 10 workers:
Interval query rate: 2.71 queries/sec	Overall query rate: 2.54 queries/sec
VictoriaMetrics mean of 10 metrics, all hosts, random 12h0m0s by 1h:
min:   955.30ms, med:  3930.88ms, mean:  3930.96ms, max: 5041.92ms, stddev:   340.91ms, sum: 29482.2sec, count: 7500
all queries                                                        :
min:   955.30ms, med:  3930.88ms, mean:  3930.96ms, max: 5041.92ms, stddev:   340.91ms, sum: 29482.2sec, count: 7500

After 8000 queries with 10 workers:
Interval query rate: 2.81 queries/sec	Overall query rate: 2.56 queries/sec
VictoriaMetrics mean of 10 metrics, all hosts, random 12h0m0s by 1h:
min:   955.30ms, med:  3908.74ms, mean:  3907.46ms, max: 5041.92ms, stddev:   350.10ms, sum: 31259.6sec, count: 8000
all queries                                                        :
min:   955.30ms, med:  3908.74ms, mean:  3907.46ms, max: 5041.92ms, stddev:   350.10ms, sum: 31259.6sec, count: 8000

After 8500 queries with 10 workers:
Interval query rate: 2.89 queries/sec	Overall query rate: 2.58 queries/sec
VictoriaMetrics mean of 10 metrics, all hosts, random 12h0m0s by 1h:
min:   955.30ms, med:  3885.18ms, mean:  3881.45ms, max: 5041.92ms, stddev:   362.82ms, sum: 32992.3sec, count: 8500
all queries                                                        :
min:   955.30ms, med:  3885.18ms, mean:  3881.45ms, max: 5041.92ms, stddev:   362.82ms, sum: 32992.3sec, count: 8500

Run complete after 8640 queries with 10 workers (Overall query rate 2.58 queries/sec):
VictoriaMetrics mean of 10 metrics, all hosts, random 12h0m0s by 1h:
min:   955.30ms, med:  3879.42ms, mean:  3876.97ms, max: 5041.92ms, stddev:   363.45ms, sum: 33497.0sec, count: 8640
all queries                                                        :
min:   955.30ms, med:  3879.42ms, mean:  3876.97ms, max: 5041.92ms, stddev:   363.45ms, sum: 33497.0sec, count: 8640
Saving Response Latencies to /home/benchUser/results/latenciesQueries_latest.csv
wall clock time: 3351.116529sec
