After 500 queries with 10 workers:
Interval query rate: 2.10 queries/sec	Overall query rate: 2.10 queries/sec
VictoriaMetrics mean of 10 metrics, all hosts, random 12h0m0s by 1h:
min:  1128.45ms, med:  4711.42ms, mean:  4704.80ms, max: 5796.10ms, stddev:   444.65ms, sum: 2352.4sec, count: 500
all queries                                                        :
min:  1128.45ms, med:  4711.42ms, mean:  4704.80ms, max: 5796.10ms, stddev:   444.65ms, sum: 2352.4sec, count: 500

After 1000 queries with 10 workers:
Interval query rate: 2.09 queries/sec	Overall query rate: 2.10 queries/sec
VictoriaMetrics mean of 10 metrics, all hosts, random 12h0m0s by 1h:
min:  1128.45ms, med:  4759.04ms, mean:  4746.71ms, max: 5840.38ms, stddev:   389.11ms, sum: 4746.7sec, count: 1000
all queries                                                        :
min:  1128.45ms, med:  4759.04ms, mean:  4746.71ms, max: 5840.38ms, stddev:   389.11ms, sum: 4746.7sec, count: 1000

After 1500 queries with 10 workers:
Interval query rate: 2.10 queries/sec	Overall query rate: 2.10 queries/sec
VictoriaMetrics mean of 10 metrics, all hosts, random 12h0m0s by 1h:
min:  1128.45ms, med:  4760.32ms, mean:  4754.35ms, max: 5840.38ms, stddev:   376.17ms, sum: 7131.5sec, count: 1500
all queries                                                        :
min:  1128.45ms, med:  4760.32ms, mean:  4754.35ms, max: 5840.38ms, stddev:   376.17ms, sum: 7131.5sec, count: 1500

After 2000 queries with 10 workers:
Interval query rate: 2.05 queries/sec	Overall query rate: 2.08 queries/sec
VictoriaMetrics mean of 10 metrics, all hosts, random 12h0m0s by 1h:
min:  1128.45ms, med:  4786.94ms, mean:  4787.25ms, max: 6129.15ms, stddev:   376.33ms, sum: 9574.5sec, count: 2000
all queries                                                        :
min:  1128.45ms, med:  4786.94ms, mean:  4787.25ms, max: 6129.15ms, stddev:   376.33ms, sum: 9574.5sec, count: 2000

After 2500 queries with 10 workers:
Interval query rate: 2.09 queries/sec	Overall query rate: 2.09 queries/sec
VictoriaMetrics mean of 10 metrics, all hosts, random 12h0m0s by 1h:
min:  1128.45ms, med:  4785.92ms, mean:  4786.42ms, max: 6129.15ms, stddev:   373.25ms, sum: 11966.1sec, count: 2500
all queries                                                        :
min:  1128.45ms, med:  4785.92ms, mean:  4786.42ms, max: 6129.15ms, stddev:   373.25ms, sum: 11966.1sec, count: 2500

After 3000 queries with 10 workers:
Interval query rate: 2.10 queries/sec	Overall query rate: 2.09 queries/sec
VictoriaMetrics mean of 10 metrics, all hosts, random 12h0m0s by 1h:
min:  1128.45ms, med:  4779.77ms, mean:  4780.68ms, max: 6129.15ms, stddev:   373.19ms, sum: 14342.0sec, count: 3000
all queries                                                        :
min:  1128.45ms, med:  4779.77ms, mean:  4780.68ms, max: 6129.15ms, stddev:   373.19ms, sum: 14342.0sec, count: 3000

After 3500 queries with 10 workers:
Interval query rate: 2.10 queries/sec	Overall query rate: 2.09 queries/sec
VictoriaMetrics mean of 10 metrics, all hosts, random 12h0m0s by 1h:
min:  1128.45ms, med:  4774.40ms, mean:  4777.11ms, max: 6129.15ms, stddev:   367.33ms, sum: 16719.9sec, count: 3500
all queries                                                        :
min:  1128.45ms, med:  4774.40ms, mean:  4777.11ms, max: 6129.15ms, stddev:   367.33ms, sum: 16719.9sec, count: 3500

After 4000 queries with 10 workers:
Interval query rate: 2.07 queries/sec	Overall query rate: 2.09 queries/sec
VictoriaMetrics mean of 10 metrics, all hosts, random 12h0m0s by 1h:
min:  1128.45ms, med:  4779.01ms, mean:  4781.93ms, max: 6129.15ms, stddev:   364.80ms, sum: 19127.7sec, count: 4000
all queries                                                        :
min:  1128.45ms, med:  4779.01ms, mean:  4781.93ms, max: 6129.15ms, stddev:   364.80ms, sum: 19127.7sec, count: 4000

After 4500 queries with 10 workers:
Interval query rate: 2.10 queries/sec	Overall query rate: 2.09 queries/sec
VictoriaMetrics mean of 10 metrics, all hosts, random 12h0m0s by 1h:
min:  1128.45ms, med:  4779.01ms, mean:  4780.14ms, max: 6129.15ms, stddev:   362.82ms, sum: 21510.6sec, count: 4500
all queries                                                        :
min:  1128.45ms, med:  4779.01ms, mean:  4780.14ms, max: 6129.15ms, stddev:   362.82ms, sum: 21510.6sec, count: 4500

After 5000 queries with 10 workers:
Interval query rate: 2.09 queries/sec	Overall query rate: 2.09 queries/sec
VictoriaMetrics mean of 10 metrics, all hosts, random 12h0m0s by 1h:
min:  1128.45ms, med:  4779.01ms, mean:  4781.02ms, max: 6129.15ms, stddev:   359.11ms, sum: 23905.1sec, count: 5000
all queries                                                        :
min:  1128.45ms, med:  4779.01ms, mean:  4781.02ms, max: 6129.15ms, stddev:   359.11ms, sum: 23905.1sec, count: 5000

After 5500 queries with 10 workers:
Interval query rate: 2.07 queries/sec	Overall query rate: 2.09 queries/sec
VictoriaMetrics mean of 10 metrics, all hosts, random 12h0m0s by 1h:
min:  1128.45ms, med:  4779.77ms, mean:  4784.77ms, max: 6179.84ms, stddev:   359.27ms, sum: 26316.2sec, count: 5500
all queries                                                        :
min:  1128.45ms, med:  4779.77ms, mean:  4784.77ms, max: 6179.84ms, stddev:   359.27ms, sum: 26316.2sec, count: 5500

After 6000 queries with 10 workers:
Interval query rate: 2.08 queries/sec	Overall query rate: 2.09 queries/sec
VictoriaMetrics mean of 10 metrics, all hosts, random 12h0m0s by 1h:
min:  1128.45ms, med:  4784.13ms, mean:  4787.22ms, max: 6179.84ms, stddev:   356.31ms, sum: 28723.3sec, count: 6000
all queries                                                        :
min:  1128.45ms, med:  4784.13ms, mean:  4787.22ms, max: 6179.84ms, stddev:   356.31ms, sum: 28723.3sec, count: 6000

After 6500 queries with 10 workers:
Interval query rate: 2.11 queries/sec	Overall query rate: 2.09 queries/sec
VictoriaMetrics mean of 10 metrics, all hosts, random 12h0m0s by 1h:
min:  1128.45ms, med:  4781.82ms, mean:  4784.23ms, max: 6179.84ms, stddev:   355.48ms, sum: 31097.5sec, count: 6500
all queries                                                        :
min:  1128.45ms, med:  4781.82ms, mean:  4784.23ms, max: 6179.84ms, stddev:   355.48ms, sum: 31097.5sec, count: 6500

After 7000 queries with 10 workers:
Interval query rate: 2.34 queries/sec	Overall query rate: 2.11 queries/sec
VictoriaMetrics mean of 10 metrics, all hosts, random 12h0m0s by 1h:
min:  1128.45ms, med:  4753.66ms, mean:  4747.46ms, max: 6179.84ms, stddev:   378.03ms, sum: 33232.2sec, count: 7000
all queries                                                        :
min:  1128.45ms, med:  4753.66ms, mean:  4747.46ms, max: 6179.84ms, stddev:   378.03ms, sum: 33232.2sec, count: 7000

After 7500 queries with 10 workers:
Interval query rate: 2.34 queries/sec	Overall query rate: 2.12 queries/sec
VictoriaMetrics mean of 10 metrics, all hosts, random 12h0m0s by 1h:
min:  1128.45ms, med:  4727.55ms, mean:  4715.49ms, max: 6179.84ms, stddev:   392.00ms, sum: 35366.2sec, count: 7500
all queries                                                        :
min:  1128.45ms, med:  4727.55ms, mean:  4715.49ms, max: 6179.84ms, stddev:   392.00ms, sum: 35366.2sec, count: 7500

After 8000 queries with 10 workers:
Interval query rate: 2.35 queries/sec	Overall query rate: 2.13 queries/sec
VictoriaMetrics mean of 10 metrics, all hosts, random 12h0m0s by 1h:
min:  1128.45ms, med:  4703.74ms, mean:  4687.31ms, max: 6179.84ms, stddev:   401.67ms, sum: 37498.4sec, count: 8000
all queries                                                        :
min:  1128.45ms, med:  4703.74ms, mean:  4687.31ms, max: 6179.84ms, stddev:   401.67ms, sum: 37498.4sec, count: 8000

After 8500 queries with 10 workers:
Interval query rate: 2.35 queries/sec	Overall query rate: 2.14 queries/sec
VictoriaMetrics mean of 10 metrics, all hosts, random 12h0m0s by 1h:
min:  1128.45ms, med:  4680.96ms, mean:  4662.35ms, max: 6179.84ms, stddev:   408.62ms, sum: 39630.0sec, count: 8500
all queries                                                        :
min:  1128.45ms, med:  4680.96ms, mean:  4662.35ms, max: 6179.84ms, stddev:   408.62ms, sum: 39630.0sec, count: 8500

Run complete after 8640 queries with 10 workers (Overall query rate 2.15 queries/sec):
VictoriaMetrics mean of 10 metrics, all hosts, random 12h0m0s by 1h:
min:  1128.45ms, med:  4674.56ms, mean:  4657.53ms, max: 6179.84ms, stddev:   408.72ms, sum: 40241.1sec, count: 8640
all queries                                                        :
min:  1128.45ms, med:  4674.56ms, mean:  4657.53ms, max: 6179.84ms, stddev:   408.72ms, sum: 40241.1sec, count: 8640
Saving Response Latencies to /home/benchUser/results/latenciesQueries_latest.csv
wall clock time: 4025.703983sec
