time,per. metric/s,metric total,overall metric/s,per. row/s,row total,overall row/s
1738666046,188981.39,1.890000E+06,188981.39,16963.33,1.696500E+05,16963.33
1738666056,420760.00,6.097600E+06,304864.99,37515.00,5.448000E+05,27238.66
1738666066,414539.97,1.024300E+07,341422.12,36900.00,9.138000E+05,30459.00
1738666076,423415.02,1.447715E+07,361919.84,37665.00,1.290450E+06,32260.46
1738666086,421525.04,1.869240E+07,373840.64,37635.00,1.666800E+06,33335.34
1738666096,435269.96,2.304510E+07,384078.70,38730.00,2.054100E+06,34234.44
1738666106,381147.46,2.685658E+07,383659.95,34027.50,2.394375E+06,34204.88
1738666116,418929.93,3.104588E+07,388068.65,37274.99,2.767125E+06,34588.64
1738666126,427924.60,3.532512E+07,392497.04,38114.96,3.148275E+06,34980.45
1738666136,411765.48,3.944278E+07,394423.86,36675.04,3.515025E+06,35149.90
1738666146,403737.53,4.348015E+07,395270.55,35962.50,3.874650E+06,35223.78
1738666156,415824.99,4.763840E+07,396983.41,37200.00,4.246650E+06,35388.46
1738666166,427490.01,5.191330E+07,399330.05,38085.00,4.627500E+06,35595.88
1738666176,419770.01,5.611100E+07,400790.04,37387.50,5.001375E+06,35723.86
1738666186,384334.98,5.995435E+07,399693.04,34110.00,5.342475E+06,35616.27
1738666196,447422.51,6.442858E+07,402676.11,39990.00,5.742375E+06,35889.62
1738666206,390062.30,6.832920E+07,401934.13,34784.98,6.090225E+06,35824.64
1738666216,392835.23,7.225755E+07,401428.64,34950.02,6.439725E+06,35776.05
1738666226,435742.48,7.661498E+07,403234.62,38790.00,6.827625E+06,35934.68
1738666236,375582.49,8.037080E+07,401852.02,33555.00,7.163175E+06,35815.70
1738666246,433129.95,8.470210E+07,403341.44,38557.50,7.548750E+06,35946.26
1738666256,429892.51,8.900102E+07,404548.30,38362.50,7.932375E+06,36056.09
1738666266,428397.55,9.328500E+07,405585.22,38182.50,8.314200E+06,36148.54
1738666276,417480.01,9.745980E+07,406080.83,37080.00,8.685000E+06,36187.35
1738666286,371574.84,1.011756E+08,404700.60,33104.99,9.016050E+06,36064.06
1738666296,446765.10,1.056432E+08,406318.46,39915.01,9.415200E+06,36212.17
1738666306,425155.07,1.098948E+08,407016.11,37747.51,9.792675E+06,36269.03
1738666316,419934.97,1.140941E+08,407477.49,37417.50,1.016685E+07,36310.05
1738666326,243427.51,1.165284E+08,401820.62,21757.50,1.038442E+07,35808.24
1738666336,441527.50,1.209436E+08,403144.18,39352.50,1.077795E+07,35926.38
1738666346,429477.50,1.252384E+08,403993.64,38205.00,1.116000E+07,35999.89
1738666356,467402.47,1.299124E+08,405975.16,41715.00,1.157715E+07,36178.48
1738666366,421547.59,1.341279E+08,406447.05,37500.01,1.195215E+07,36218.53
1738666376,391869.96,1.380466E+08,406018.31,35062.50,1.230278E+07,36184.53
1738666386,455877.49,1.426054E+08,407442.85,40500.00,1.270778E+07,36307.83
1738666396,435232.53,1.469577E+08,408214.79,38842.50,1.309620E+07,36378.23
1738666406,408072.47,1.510384E+08,408210.94,36367.50,1.345988E+07,36377.94
1738666416,456374.88,1.556022E+08,409478.41,40672.49,1.386660E+07,36490.96
1738666426,385260.14,1.594548E+08,408857.43,34365.01,1.421025E+07,36436.45
1738666436,435304.98,1.638078E+08,409518.62,38760.00,1.459785E+07,36494.54
1738666446,449847.49,1.683063E+08,410502.25,39990.00,1.499775E+07,36579.79
1738666456,240464.93,1.707110E+08,406453.75,21517.49,1.521292E+07,36221.16
1738666466,324212.44,1.739531E+08,404541.16,28837.49,1.550130E+07,36049.45
1738666476,432569.92,1.782788E+08,405178.18,38624.99,1.588755E+07,36107.99
1738666486,429440.29,1.825732E+08,405717.33,38302.53,1.627058E+07,36156.75
1738666496,442357.42,1.869968E+08,406513.86,39359.99,1.666418E+07,36226.39
1738666506,395987.51,1.909566E+08,406289.89,35287.50,1.701705E+07,36206.41
1738666516,435885.06,1.953155E+08,406906.46,38820.01,1.740525E+07,36260.86
1738666526,443710.02,1.997526E+08,407657.55,39495.00,1.780020E+07,36326.87
1738666536,430439.93,2.040570E+08,408113.20,38452.49,1.818472E+07,36369.38
1738666546,442755.04,2.084846E+08,408792.45,39390.00,1.857862E+07,36428.61
1738666556,342745.01,2.119120E+08,407522.31,30607.50,1.888470E+07,36316.66
1738666566,442359.97,2.163356E+08,408179.62,39405.00,1.927875E+07,36374.93
1738666576,459582.48,2.209314E+08,409131.52,40927.50,1.968802E+07,36459.24
1738666586,435135.05,2.252828E+08,409604.31,38700.00,2.007502E+07,36499.98
1738666596,443912.44,2.297219E+08,410216.96,39532.49,2.047035E+07,36554.13
1738666606,301782.46,2.327397E+08,408314.60,27022.50,2.074058E+07,36386.91
1738666616,264147.55,2.353812E+08,405828.97,23422.50,2.097480E+07,36163.39
1738666626,310192.53,2.384831E+08,404208.01,27787.50,2.125268E+07,36021.42
1738666636,303624.98,2.415194E+08,402531.63,26895.00,2.152162E+07,35869.32
1738666646,289597.44,2.444154E+08,400680.25,25822.49,2.177985E+07,35704.61
1738666656,332495.05,2.477403E+08,399580.49,29610.00,2.207595E+07,35606.31
1738666666,393924.99,2.516796E+08,399490.72,35160.00,2.242755E+07,35599.23
1738666676,416905.01,2.558486E+08,399762.82,37222.50,2.279978E+07,35624.59
1738666686,400967.23,2.598583E+08,399781.35,35602.48,2.315580E+07,35624.25
1738666696,415712.85,2.640154E+08,400022.74,37200.03,2.352780E+07,35648.13
1738666706,377237.48,2.677878E+08,399682.66,33502.50,2.386282E+07,35616.10
1738666716,412979.97,2.719176E+08,399878.21,36855.00,2.423138E+07,35634.32
1738666726,418735.05,2.761049E+08,400151.49,37230.00,2.460368E+07,35657.45
1738666736,414647.49,2.802514E+08,400358.58,37065.00,2.497432E+07,35677.56
1738666746,417539.94,2.844268E+08,400600.57,37087.49,2.534520E+07,35697.42
1738666756,350382.54,2.879306E+08,399903.10,31357.50,2.565878E+07,35637.14
1738666766,425192.50,2.921826E+08,400249.53,37747.50,2.603625E+07,35666.05
1738666776,403092.41,2.962135E+08,400287.95,35917.49,2.639542E+07,35669.45
1738666786,422785.10,3.004413E+08,400587.91,37770.01,2.677312E+07,35697.45
1738666796,418067.49,3.046220E+08,400817.90,37147.50,2.714460E+07,35716.53
1738666806,335992.51,3.079819E+08,399976.01,30075.00,2.744535E+07,35643.27
1738666816,415147.44,3.121334E+08,400170.52,36854.99,2.781390E+07,35658.80
1738666826,412155.01,3.162550E+08,400322.22,36727.50,2.818118E+07,35672.33
1738666836,268184.80,3.189368E+08,398670.50,23962.48,2.842080E+07,35525.96
1738666846,394075.34,3.228776E+08,398613.77,35047.53,2.877128E+07,35520.05
1738666856,419852.43,3.270761E+08,398872.78,37424.99,2.914552E+07,35543.28
1738666866,413655.03,3.312126E+08,399050.88,36885.00,2.951438E+07,35559.45
1738666876,416725.06,3.353799E+08,399261.29,37215.01,2.988652E+07,35579.15
1738666886,326424.97,3.386441E+08,398404.39,28995.00,3.017648E+07,35501.69
1738666896,437376.91,3.430179E+08,398857.56,39037.45,3.056685E+07,35542.81
1738666906,405450.49,3.470724E+08,398933.34,36180.04,3.092865E+07,35550.13
1738666916,280345.06,3.498758E+08,397585.75,24870.01,3.117735E+07,35428.77
1738666926,344859.34,3.533244E+08,396993.32,30779.94,3.148515E+07,35376.53
1738666936,423520.76,3.575596E+08,397288.06,37732.57,3.186248E+07,35402.71
1738666946,427985.05,3.618395E+08,397625.39,38122.50,3.224370E+07,35432.60
1738666956,424670.02,3.660862E+08,397919.36,37890.00,3.262260E+07,35459.31
1738666966,423099.88,3.703172E+08,398190.12,37619.99,3.299880E+07,35482.54
1738666976,333780.05,3.736550E+08,397504.90,29857.50,3.329738E+07,35422.70
1738666986,421660.01,3.778716E+08,397759.17,37590.00,3.367328E+07,35445.52
1738666996,396617.29,3.818378E+08,397747.27,35302.48,3.402630E+07,35444.03
1738667006,424015.15,3.860779E+08,398018.07,37717.51,3.440348E+07,35467.46
1738667016,382387.56,3.899018E+08,397858.58,34192.51,3.474540E+07,35454.45
1738667026,336207.48,3.932639E+08,397235.84,29812.50,3.504352E+07,35397.46
1738667036,440852.55,3.976724E+08,397672.01,39405.00,3.543758E+07,35437.54
1738667046,401839.94,4.016908E+08,397713.28,35797.49,3.579555E+07,35441.10
1738667056,442604.89,4.061168E+08,398153.39,39359.99,3.618915E+07,35479.52
1738667066,412132.48,4.102382E+08,398289.11,36727.50,3.655642E+07,35491.64
1738667076,356037.63,4.137986E+08,397882.84,31762.51,3.687405E+07,35455.78
1738667086,432750.01,4.181260E+08,398214.91,38550.00,3.725955E+07,35485.25
1738667096,416695.00,4.222930E+08,398389.25,37177.50,3.763132E+07,35501.22
1738667106,432634.97,4.266194E+08,398709.31,38452.50,3.801585E+07,35528.80
1738667116,411847.52,4.307378E+08,398830.96,36712.50,3.838298E+07,35539.76
1738667126,352917.39,4.342670E+08,398409.73,31559.99,3.869858E+07,35503.25
1738667136,415147.64,4.384185E+08,398561.89,36855.01,3.906712E+07,35515.54
1738667146,423792.51,4.426564E+08,398789.20,37882.50,3.944595E+07,35536.86
1738667156,432994.99,4.469864E+08,399094.60,38452.50,3.983048E+07,35562.89
1738667166,371815.03,4.507045E+08,398853.19,33150.00,4.016198E+07,35541.54
1738667176,415787.42,4.548624E+08,399001.74,37184.99,4.053382E+07,35555.96
1738667186,421997.54,4.590824E+08,399201.70,37582.50,4.090965E+07,35573.58
1738667196,423107.39,4.633134E+08,399407.78,37582.49,4.128548E+07,35590.90
1738667206,216142.52,4.654748E+08,397841.42,19327.50,4.147875E+07,35451.89
1738667216,247997.55,4.679548E+08,396571.55,22185.00,4.170060E+07,35339.46
1738667226,280464.91,4.707595E+08,395595.87,24892.49,4.194952E+07,35251.67
1738667236,418060.13,4.749401E+08,395783.07,37200.01,4.232152E+07,35267.91
1738667246,355204.94,4.784921E+08,395447.71,31679.99,4.263832E+07,35238.26
1738667256,345662.50,4.819488E+08,395039.64,30892.50,4.294725E+07,35202.64
1738667266,263074.97,4.845795E+08,393966.76,23400.00,4.318125E+07,35106.68
1738667276,274765.09,4.873272E+08,393005.45,24487.51,4.342612E+07,35021.04
1738667286,273722.38,4.900644E+08,392051.19,24329.99,4.366942E+07,34935.51
1738667296,309825.06,4.931626E+08,391398.60,27735.01,4.394678E+07,34878.37
1738667306,307497.59,4.962376E+08,390737.96,27412.51,4.422090E+07,34819.58
1738667316,420760.00,5.004452E+08,390972.51,37477.50,4.459568E+07,34840.34
1738667326,406302.43,5.045082E+08,391091.35,36089.99,4.495658E+07,34850.03
1738667336,380225.05,5.083105E+08,391007.76,33855.00,4.529512E+07,34842.38
1738667346,415772.47,5.124682E+08,391196.80,37170.00,4.566682E+07,34860.15
1738667356,392759.77,5.163958E+08,391208.65,34867.48,4.601550E+07,34860.20
1738667366,422485.24,5.206206E+08,391443.81,37755.02,4.639305E+07,34881.97
1738667376,394794.82,5.245686E+08,391468.82,35114.98,4.674420E+07,34883.71
1738667386,364020.08,5.282088E+08,391265.49,32460.01,4.706880E+07,34865.75
1738667396,423680.12,5.324456E+08,391503.83,37830.01,4.744710E+07,34887.55
1738667406,384409.71,5.362897E+08,391452.05,34184.97,4.778895E+07,34882.42
1738667416,420385.25,5.404936E+08,391661.71,37477.52,4.816372E+07,34901.23
1738667426,398644.98,5.444800E+08,391711.95,35587.50,4.851960E+07,34906.16
1738667436,392565.11,5.484056E+08,391718.05,34875.01,4.886835E+07,34905.94
1738667446,412027.41,5.525259E+08,391862.08,36712.49,4.923548E+07,34918.75
1738667456,393512.56,5.564610E+08,391873.71,35070.01,4.958618E+07,34919.82
1738667466,420782.49,5.606689E+08,392075.87,37455.00,4.996072E+07,34937.55
1738667476,406512.46,5.647340E+08,392176.12,36307.50,5.032380E+07,34947.06
1738667486,339827.55,5.681323E+08,391815.10,30300.00,5.062680E+07,34915.01
1738667496,418964.98,5.723219E+08,392001.05,37267.50,5.099948E+07,34931.12
1738667506,403842.44,5.763604E+08,392081.61,35977.49,5.135925E+07,34938.24
1738667516,420212.60,5.805625E+08,392271.68,37447.51,5.173372E+07,34955.20

Summary:
loaded 581760000 metrics in 1483.357sec with 10 workers (mean rate 392191.60 metrics/sec)
loaded 51840000 rows in 1483.357sec with 10 workers (mean rate 34947.77 rows/sec)
Run complete after 691200 queries with 10 workers (Overall query rate 465.97 queries/sec):
          :
min:     0.82ms, med:    11.35ms, mean:    13.69ms, max: 4669.18ms, stddev:    24.31ms, sum: 9464.8sec, count: 691200
all queries:
min:     0.82ms, med:    11.35ms, mean:    13.69ms, max: 4669.18ms, stddev:    24.31ms, sum: 9464.8sec, count: 691200
Saving Response Latencies to /home/benchUser/results/latenciesInserts_latest.csv
