After 500 queries with 10 workers:
Interval query rate: 2.87 queries/sec	Overall query rate: 2.87 queries/sec
VictoriaMetrics mean of 10 metrics, all hosts, random 12h0m0s by 1h:
min:   878.82ms, med:  3467.90ms, mean:  3449.99ms, max: 3940.22ms, stddev:   287.70ms, sum: 1725.0sec, count: 500
all queries                                                        :
min:   878.82ms, med:  3467.90ms, mean:  3449.99ms, max: 3940.22ms, stddev:   287.70ms, sum: 1725.0sec, count: 500

After 1000 queries with 10 workers:
Interval query rate: 2.87 queries/sec	Overall query rate: 2.87 queries/sec
VictoriaMetrics mean of 10 metrics, all hosts, random 12h0m0s by 1h:
min:   878.82ms, med:  3473.28ms, mean:  3464.04ms, max: 4029.18ms, stddev:   249.78ms, sum: 3464.0sec, count: 1000
all queries                                                        :
min:   878.82ms, med:  3473.28ms, mean:  3464.04ms, max: 4029.18ms, stddev:   249.78ms, sum: 3464.0sec, count: 1000

After 1500 queries with 10 workers:
Interval query rate: 2.85 queries/sec	Overall query rate: 2.87 queries/sec
VictoriaMetrics mean of 10 metrics, all hosts, random 12h0m0s by 1h:
min:   878.82ms, med:  3483.65ms, mean:  3475.56ms, max: 4154.88ms, stddev:   236.75ms, sum: 5213.3sec, count: 1500
all queries                                                        :
min:   878.82ms, med:  3483.65ms, mean:  3475.56ms, max: 4154.88ms, stddev:   236.75ms, sum: 5213.3sec, count: 1500

After 2000 queries with 10 workers:
Interval query rate: 2.87 queries/sec	Overall query rate: 2.87 queries/sec
VictoriaMetrics mean of 10 metrics, all hosts, random 12h0m0s by 1h:
min:   878.82ms, med:  3485.70ms, mean:  3480.96ms, max: 4154.88ms, stddev:   231.76ms, sum: 6961.9sec, count: 2000
all queries                                                        :
min:   878.82ms, med:  3485.70ms, mean:  3480.96ms, max: 4154.88ms, stddev:   231.76ms, sum: 6961.9sec, count: 2000

After 2500 queries with 10 workers:
Interval query rate: 2.83 queries/sec	Overall query rate: 2.86 queries/sec
VictoriaMetrics mean of 10 metrics, all hosts, random 12h0m0s by 1h:
min:   878.82ms, med:  3494.66ms, mean:  3491.41ms, max: 4182.91ms, stddev:   231.64ms, sum: 8728.5sec, count: 2500
all queries                                                        :
min:   878.82ms, med:  3494.66ms, mean:  3491.41ms, max: 4182.91ms, stddev:   231.64ms, sum: 8728.5sec, count: 2500

After 3000 queries with 10 workers:
Interval query rate: 2.84 queries/sec	Overall query rate: 2.86 queries/sec
VictoriaMetrics mean of 10 metrics, all hosts, random 12h0m0s by 1h:
min:   878.82ms, med:  3500.29ms, mean:  3495.90ms, max: 4182.91ms, stddev:   226.19ms, sum: 10487.7sec, count: 3000
all queries                                                        :
min:   878.82ms, med:  3500.29ms, mean:  3495.90ms, max: 4182.91ms, stddev:   226.19ms, sum: 10487.7sec, count: 3000

After 3500 queries with 10 workers:
Interval query rate: 2.83 queries/sec	Overall query rate: 2.85 queries/sec
VictoriaMetrics mean of 10 metrics, all hosts, random 12h0m0s by 1h:
min:   878.82ms, med:  3505.53ms, mean:  3501.00ms, max: 4182.91ms, stddev:   226.88ms, sum: 12253.5sec, count: 3500
all queries                                                        :
min:   878.82ms, med:  3505.53ms, mean:  3501.00ms, max: 4182.91ms, stddev:   226.88ms, sum: 12253.5sec, count: 3500

After 4000 queries with 10 workers:
Interval query rate: 2.85 queries/sec	Overall query rate: 2.85 queries/sec
VictoriaMetrics mean of 10 metrics, all hosts, random 12h0m0s by 1h:
min:   878.82ms, med:  3507.07ms, mean:  3502.40ms, max: 4182.91ms, stddev:   224.74ms, sum: 14009.6sec, count: 4000
all queries                                                        :
min:   878.82ms, med:  3507.07ms, mean:  3502.40ms, max: 4182.91ms, stddev:   224.74ms, sum: 14009.6sec, count: 4000

After 4500 queries with 10 workers:
Interval query rate: 2.85 queries/sec	Overall query rate: 2.85 queries/sec
VictoriaMetrics mean of 10 metrics, all hosts, random 12h0m0s by 1h:
min:   878.82ms, med:  3506.82ms, mean:  3502.67ms, max: 4182.91ms, stddev:   225.81ms, sum: 15762.0sec, count: 4500
all queries                                                        :
min:   878.82ms, med:  3506.82ms, mean:  3502.67ms, max: 4182.91ms, stddev:   225.81ms, sum: 15762.0sec, count: 4500

After 5000 queries with 10 workers:
Interval query rate: 2.86 queries/sec	Overall query rate: 2.85 queries/sec
VictoriaMetrics mean of 10 metrics, all hosts, random 12h0m0s by 1h:
min:   878.82ms, med:  3506.82ms, mean:  3502.48ms, max: 4182.91ms, stddev:   225.40ms, sum: 17512.4sec, count: 5000
all queries                                                        :
min:   878.82ms, med:  3506.82ms, mean:  3502.48ms, max: 4182.91ms, stddev:   225.40ms, sum: 17512.4sec, count: 5000

After 5500 queries with 10 workers:
Interval query rate: 2.84 queries/sec	Overall query rate: 2.85 queries/sec
VictoriaMetrics mean of 10 metrics, all hosts, random 12h0m0s by 1h:
min:   878.82ms, med:  3506.43ms, mean:  3503.20ms, max: 4182.91ms, stddev:   222.91ms, sum: 19267.6sec, count: 5500
all queries                                                        :
min:   878.82ms, med:  3506.43ms, mean:  3503.20ms, max: 4182.91ms, stddev:   222.91ms, sum: 19267.6sec, count: 5500

After 6000 queries with 10 workers:
Interval query rate: 2.89 queries/sec	Overall query rate: 2.86 queries/sec
VictoriaMetrics mean of 10 metrics, all hosts, random 12h0m0s by 1h:
min:   878.82ms, med:  3502.21ms, mean:  3499.67ms, max: 4182.91ms, stddev:   221.41ms, sum: 20998.0sec, count: 6000
all queries                                                        :
min:   878.82ms, med:  3502.21ms, mean:  3499.67ms, max: 4182.91ms, stddev:   221.41ms, sum: 20998.0sec, count: 6000

After 6500 queries with 10 workers:
Interval query rate: 2.88 queries/sec	Overall query rate: 2.86 queries/sec
VictoriaMetrics mean of 10 metrics, all hosts, random 12h0m0s by 1h:
min:   878.82ms, med:  3500.16ms, mean:  3497.80ms, max: 4182.91ms, stddev:   219.28ms, sum: 22735.7sec, count: 6500
all queries                                                        :
min:   878.82ms, med:  3500.16ms, mean:  3497.80ms, max: 4182.91ms, stddev:   219.28ms, sum: 22735.7sec, count: 6500

After 7000 queries with 10 workers:
Interval query rate: 2.89 queries/sec	Overall query rate: 2.86 queries/sec
VictoriaMetrics mean of 10 metrics, all hosts, random 12h0m0s by 1h:
min:   878.82ms, med:  3497.47ms, mean:  3494.65ms, max: 4182.91ms, stddev:   218.60ms, sum: 24462.5sec, count: 7000
all queries                                                        :
min:   878.82ms, med:  3497.47ms, mean:  3494.65ms, max: 4182.91ms, stddev:   218.60ms, sum: 24462.5sec, count: 7000

After 7500 queries with 10 workers:
Interval query rate: 2.89 queries/sec	Overall query rate: 2.86 queries/sec
VictoriaMetrics mean of 10 metrics, all hosts, random 12h0m0s by 1h:
min:   878.82ms, med:  3495.42ms, mean:  3492.51ms, max: 4182.91ms, stddev:   218.86ms, sum: 26193.9sec, count: 7500
all queries                                                        :
min:   878.82ms, med:  3495.42ms, mean:  3492.51ms, max: 4182.91ms, stddev:   218.86ms, sum: 26193.9sec, count: 7500

After 8000 queries with 10 workers:
Interval query rate: 2.93 queries/sec	Overall query rate: 2.87 queries/sec
VictoriaMetrics mean of 10 metrics, all hosts, random 12h0m0s by 1h:
min:   878.82ms, med:  3492.99ms, mean:  3487.34ms, max: 4182.91ms, stddev:   223.50ms, sum: 27898.7sec, count: 8000
all queries                                                        :
min:   878.82ms, med:  3492.99ms, mean:  3487.34ms, max: 4182.91ms, stddev:   223.50ms, sum: 27898.7sec, count: 8000

After 8500 queries with 10 workers:
Interval query rate: 3.21 queries/sec	Overall query rate: 2.88 queries/sec
VictoriaMetrics mean of 10 metrics, all hosts, random 12h0m0s by 1h:
min:   878.82ms, med:  3475.07ms, mean:  3465.77ms, max: 4182.91ms, stddev:   237.29ms, sum: 29459.0sec, count: 8500
all queries                                                        :
min:   878.82ms, med:  3475.07ms, mean:  3465.77ms, max: 4182.91ms, stddev:   237.29ms, sum: 29459.0sec, count: 8500

Run complete after 8640 queries with 10 workers (Overall query rate 2.89 queries/sec):
VictoriaMetrics mean of 10 metrics, all hosts, random 12h0m0s by 1h:
min:   878.82ms, med:  3471.10ms, mean:  3460.81ms, max: 4182.91ms, stddev:   239.66ms, sum: 29901.4sec, count: 8640
all queries                                                        :
min:   878.82ms, med:  3471.10ms, mean:  3460.81ms, max: 4182.91ms, stddev:   239.66ms, sum: 29901.4sec, count: 8640
Saving Response Latencies to /home/benchUser/results/latenciesQueries_other.csv
wall clock time: 2991.474590sec
