After 500 queries with 10 workers:
Interval query rate: 3.12 queries/sec	Overall query rate: 3.12 queries/sec
VictoriaMetrics mean of 10 metrics, all hosts, random 12h0m0s by 1h:
min:   839.33ms, med:  3204.61ms, mean:  3182.99ms, max: 3754.24ms, stddev:   250.99ms, sum: 1591.5sec, count: 500
all queries                                                        :
min:   839.33ms, med:  3204.61ms, mean:  3182.99ms, max: 3754.24ms, stddev:   250.99ms, sum: 1591.5sec, count: 500

After 1000 queries with 10 workers:
Interval query rate: 3.14 queries/sec	Overall query rate: 3.13 queries/sec
VictoriaMetrics mean of 10 metrics, all hosts, random 12h0m0s by 1h:
min:   839.33ms, med:  3195.90ms, mean:  3186.41ms, max: 3754.24ms, stddev:   208.01ms, sum: 3186.4sec, count: 1000
all queries                                                        :
min:   839.33ms, med:  3195.90ms, mean:  3186.41ms, max: 3754.24ms, stddev:   208.01ms, sum: 3186.4sec, count: 1000

After 1500 queries with 10 workers:
Interval query rate: 3.11 queries/sec	Overall query rate: 3.12 queries/sec
VictoriaMetrics mean of 10 metrics, all hosts, random 12h0m0s by 1h:
min:   839.33ms, med:  3204.61ms, mean:  3193.25ms, max: 3754.24ms, stddev:   195.98ms, sum: 4789.9sec, count: 1500
all queries                                                        :
min:   839.33ms, med:  3204.61ms, mean:  3193.25ms, max: 3754.24ms, stddev:   195.98ms, sum: 4789.9sec, count: 1500

After 2000 queries with 10 workers:
Interval query rate: 3.10 queries/sec	Overall query rate: 3.12 queries/sec
VictoriaMetrics mean of 10 metrics, all hosts, random 12h0m0s by 1h:
min:   839.33ms, med:  3211.65ms, mean:  3200.79ms, max: 3754.24ms, stddev:   188.63ms, sum: 6401.6sec, count: 2000
all queries                                                        :
min:   839.33ms, med:  3211.65ms, mean:  3200.79ms, max: 3754.24ms, stddev:   188.63ms, sum: 6401.6sec, count: 2000

After 2500 queries with 10 workers:
Interval query rate: 3.12 queries/sec	Overall query rate: 3.12 queries/sec
VictoriaMetrics mean of 10 metrics, all hosts, random 12h0m0s by 1h:
min:   839.33ms, med:  3208.45ms, mean:  3201.16ms, max: 3754.24ms, stddev:   184.73ms, sum: 8002.9sec, count: 2500
all queries                                                        :
min:   839.33ms, med:  3208.45ms, mean:  3201.16ms, max: 3754.24ms, stddev:   184.73ms, sum: 8002.9sec, count: 2500

After 3000 queries with 10 workers:
Interval query rate: 3.15 queries/sec	Overall query rate: 3.12 queries/sec
VictoriaMetrics mean of 10 metrics, all hosts, random 12h0m0s by 1h:
min:   839.33ms, med:  3204.86ms, mean:  3197.71ms, max: 3754.24ms, stddev:   181.14ms, sum: 9593.1sec, count: 3000
all queries                                                        :
min:   839.33ms, med:  3204.86ms, mean:  3197.71ms, max: 3754.24ms, stddev:   181.14ms, sum: 9593.1sec, count: 3000

After 3500 queries with 10 workers:
Interval query rate: 3.11 queries/sec	Overall query rate: 3.12 queries/sec
VictoriaMetrics mean of 10 metrics, all hosts, random 12h0m0s by 1h:
min:   839.33ms, med:  3207.04ms, mean:  3199.98ms, max: 3754.24ms, stddev:   180.57ms, sum: 11199.9sec, count: 3500
all queries                                                        :
min:   839.33ms, med:  3207.04ms, mean:  3199.98ms, max: 3754.24ms, stddev:   180.57ms, sum: 11199.9sec, count: 3500

After 4000 queries with 10 workers:
Interval query rate: 3.13 queries/sec	Overall query rate: 3.12 queries/sec
VictoriaMetrics mean of 10 metrics, all hosts, random 12h0m0s by 1h:
min:   839.33ms, med:  3204.61ms, mean:  3199.14ms, max: 3754.24ms, stddev:   177.54ms, sum: 12796.6sec, count: 4000
all queries                                                        :
min:   839.33ms, med:  3204.61ms, mean:  3199.14ms, max: 3754.24ms, stddev:   177.54ms, sum: 12796.6sec, count: 4000

After 4500 queries with 10 workers:
Interval query rate: 3.14 queries/sec	Overall query rate: 3.12 queries/sec
VictoriaMetrics mean of 10 metrics, all hosts, random 12h0m0s by 1h:
min:   839.33ms, med:  3203.84ms, mean:  3197.51ms, max: 3754.24ms, stddev:   178.15ms, sum: 14388.8sec, count: 4500
all queries                                                        :
min:   839.33ms, med:  3203.84ms, mean:  3197.51ms, max: 3754.24ms, stddev:   178.15ms, sum: 14388.8sec, count: 4500

After 5000 queries with 10 workers:
Interval query rate: 3.12 queries/sec	Overall query rate: 3.12 queries/sec
VictoriaMetrics mean of 10 metrics, all hosts, random 12h0m0s by 1h:
min:   839.33ms, med:  3205.89ms, mean:  3198.36ms, max: 3754.24ms, stddev:   174.95ms, sum: 15991.8sec, count: 5000
all queries                                                        :
min:   839.33ms, med:  3205.89ms, mean:  3198.36ms, max: 3754.24ms, stddev:   174.95ms, sum: 15991.8sec, count: 5000

After 5500 queries with 10 workers:
Interval query rate: 3.12 queries/sec	Overall query rate: 3.12 queries/sec
VictoriaMetrics mean of 10 metrics, all hosts, random 12h0m0s by 1h:
min:   839.33ms, med:  3205.50ms, mean:  3198.39ms, max: 3754.24ms, stddev:   172.88ms, sum: 17591.1sec, count: 5500
all queries                                                        :
min:   839.33ms, med:  3205.50ms, mean:  3198.39ms, max: 3754.24ms, stddev:   172.88ms, sum: 17591.1sec, count: 5500

After 6000 queries with 10 workers:
Interval query rate: 3.16 queries/sec	Overall query rate: 3.13 queries/sec
VictoriaMetrics mean of 10 metrics, all hosts, random 12h0m0s by 1h:
min:   839.33ms, med:  3201.92ms, mean:  3195.53ms, max: 3754.24ms, stddev:   171.47ms, sum: 19173.2sec, count: 6000
all queries                                                        :
min:   839.33ms, med:  3201.92ms, mean:  3195.53ms, max: 3754.24ms, stddev:   171.47ms, sum: 19173.2sec, count: 6000

After 6500 queries with 10 workers:
Interval query rate: 3.15 queries/sec	Overall query rate: 3.13 queries/sec
VictoriaMetrics mean of 10 metrics, all hosts, random 12h0m0s by 1h:
min:   839.33ms, med:  3200.89ms, mean:  3194.30ms, max: 3754.24ms, stddev:   171.50ms, sum: 20763.0sec, count: 6500
all queries                                                        :
min:   839.33ms, med:  3200.89ms, mean:  3194.30ms, max: 3754.24ms, stddev:   171.50ms, sum: 20763.0sec, count: 6500

After 7000 queries with 10 workers:
Interval query rate: 3.13 queries/sec	Overall query rate: 3.13 queries/sec
VictoriaMetrics mean of 10 metrics, all hosts, random 12h0m0s by 1h:
min:   839.33ms, med:  3201.79ms, mean:  3193.93ms, max: 3754.24ms, stddev:   171.53ms, sum: 22357.5sec, count: 7000
all queries                                                        :
min:   839.33ms, med:  3201.79ms, mean:  3193.93ms, max: 3754.24ms, stddev:   171.53ms, sum: 22357.5sec, count: 7000

After 7500 queries with 10 workers:
Interval query rate: 3.13 queries/sec	Overall query rate: 3.13 queries/sec
VictoriaMetrics mean of 10 metrics, all hosts, random 12h0m0s by 1h:
min:   839.33ms, med:  3202.18ms, mean:  3194.27ms, max: 3754.24ms, stddev:   170.35ms, sum: 23957.1sec, count: 7500
all queries                                                        :
min:   839.33ms, med:  3202.18ms, mean:  3194.27ms, max: 3754.24ms, stddev:   170.35ms, sum: 23957.1sec, count: 7500

After 8000 queries with 10 workers:
Interval query rate: 3.14 queries/sec	Overall query rate: 3.13 queries/sec
VictoriaMetrics mean of 10 metrics, all hosts, random 12h0m0s by 1h:
min:   839.33ms, med:  3200.64ms, mean:  3193.71ms, max: 3754.24ms, stddev:   171.60ms, sum: 25549.7sec, count: 8000
all queries                                                        :
min:   839.33ms, med:  3200.64ms, mean:  3193.71ms, max: 3754.24ms, stddev:   171.60ms, sum: 25549.7sec, count: 8000

After 8500 queries with 10 workers:
Interval query rate: 3.13 queries/sec	Overall query rate: 3.13 queries/sec
VictoriaMetrics mean of 10 metrics, all hosts, random 12h0m0s by 1h:
min:   839.33ms, med:  3201.79ms, mean:  3193.87ms, max: 3754.24ms, stddev:   170.99ms, sum: 27147.9sec, count: 8500
all queries                                                        :
min:   839.33ms, med:  3201.79ms, mean:  3193.87ms, max: 3754.24ms, stddev:   170.99ms, sum: 27147.9sec, count: 8500

Run complete after 8640 queries with 10 workers (Overall query rate 3.13 queries/sec):
VictoriaMetrics mean of 10 metrics, all hosts, random 12h0m0s by 1h:
min:   839.33ms, med:  3201.79ms, mean:  3193.85ms, max: 3754.24ms, stddev:   171.09ms, sum: 27594.9sec, count: 8640
all queries                                                        :
min:   839.33ms, med:  3201.79ms, mean:  3193.85ms, max: 3754.24ms, stddev:   171.09ms, sum: 27594.9sec, count: 8640
Saving Response Latencies to /home/benchUser/results/latenciesQueries_latest.csv
wall clock time: 2760.926527sec
