time,per. metric/s,metric total,overall metric/s,per. row/s,row total,overall row/s
1734296006,7149.91,7.150000E+04,7149.91,689.99,6.900000E+03,689.99
1734296016,339670.43,3.468200E+06,173409.06,30250.04,3.094000E+05,15469.92
1734296026,384699.77,7.315200E+06,243839.07,34419.98,6.536000E+05,21786.58
1734296036,371190.07,1.102710E+07,275676.72,33050.01,9.841000E+05,24602.43
1734296046,368999.85,1.471710E+07,294341.31,32759.99,1.311700E+06,26233.94
1734296056,382050.27,1.853760E+07,308959.43,34150.02,1.653200E+06,27553.28
1734296066,302670.00,2.156430E+07,308060.94,26890.00,1.922100E+06,27458.53
1734296076,374920.05,2.531350E+07,316418.32,33450.00,2.256600E+06,28207.46
1734296086,410169.95,2.941520E+07,326835.16,36460.00,2.621200E+06,29124.41
1734296096,382000.02,3.323520E+07,332351.64,34140.00,2.962600E+06,29625.97
1734296106,383339.82,3.706860E+07,336986.92,34159.98,3.304200E+06,30038.15
1734296116,290090.09,3.996950E+07,333078.86,25880.01,3.563000E+06,29691.64
1734296126,387370.09,4.384320E+07,337255.10,34540.01,3.908400E+06,30064.59
1734296136,382359.79,4.766680E+07,340476.87,33949.98,4.247900E+06,30342.12
1734296146,377630.12,5.144310E+07,342953.75,33750.01,4.585400E+06,30569.31
1734296156,329209.91,5.473520E+07,342094.76,29329.99,4.878700E+06,30491.85
1734296166,386760.20,5.860280E+07,344722.13,34430.02,5.223000E+06,30723.51
1734296176,374829.79,6.235110E+07,346394.78,33439.98,5.557400E+06,30874.42
1734296186,390890.20,6.626000E+07,348736.64,34700.02,5.904400E+06,31075.77
1734296196,373499.90,6.999500E+07,349974.80,33369.99,6.238100E+06,31190.48
1734296206,322619.92,7.322120E+07,348672.19,28709.99,6.525200E+06,31072.36
1734296216,387700.01,7.709820E+07,350446.18,34540.00,6.870600E+06,31229.98
1734296226,373460.14,8.083280E+07,351446.79,33360.01,7.204200E+06,31322.59
1734296236,396960.08,8.480240E+07,353343.17,35420.01,7.558400E+06,31493.32
1734296246,330999.94,8.811240E+07,352449.44,29480.00,7.853200E+06,31412.79
1734296256,374480.01,9.185720E+07,353296.77,33280.00,8.186000E+06,31484.60
1734296266,376889.80,9.562610E+07,354170.59,33669.98,8.522700E+06,31565.54
1734296276,380429.96,9.943040E+07,355108.42,33910.00,8.861800E+06,31649.27
1734296286,384690.31,1.032773E+08,356128.49,34160.03,9.203400E+06,31735.85
1734296296,329479.87,1.065721E+08,355240.20,29329.99,9.496700E+06,31655.65
1734296306,391670.04,1.104888E+08,356415.36,35020.00,9.846900E+06,31764.18
1734296316,396509.99,1.144539E+08,357668.31,35360.00,1.020050E+07,31876.55
1734296326,197270.03,1.164266E+08,352807.76,17450.00,1.037500E+07,31439.38
1734296336,306729.97,1.194939E+08,351452.53,27350.00,1.064850E+07,31319.11
1734296346,421690.00,1.237108E+08,353459.32,37530.00,1.102380E+07,31496.56
1734296356,392340.11,1.276342E+08,354539.34,35090.01,1.137470E+07,31596.38
1734296366,400329.94,1.316375E+08,355776.92,35580.00,1.173050E+07,31704.04
1734296376,393250.04,1.355700E+08,356763.06,35070.00,1.208120E+07,31792.62
1734296386,331899.96,1.388890E+08,356125.54,29540.00,1.237660E+07,31734.86
1734296396,397900.03,1.428680E+08,357169.90,35460.00,1.273120E+07,31827.99
1734296406,379619.88,1.466642E+08,357717.46,33819.99,1.306940E+07,31876.58
1734296416,270700.08,1.493712E+08,355645.62,24240.01,1.331180E+07,31694.75
1734296426,257319.94,1.519444E+08,353358.98,22939.99,1.354120E+07,31491.15
1734296436,285749.97,1.548019E+08,351822.41,25360.00,1.379480E+07,31351.81
1734296446,389800.01,1.586999E+08,352666.36,34690.00,1.414170E+07,31425.99
1734296456,393648.09,1.626364E+08,353557.27,35139.83,1.449310E+07,31506.73
1734296466,395771.99,1.665941E+08,354455.45,35280.18,1.484590E+07,31587.01
1734296476,385280.02,1.704469E+08,355097.63,34400.00,1.518990E+07,31645.62
1734296486,329699.99,1.737439E+08,354579.31,29350.00,1.548340E+07,31598.77
1734296496,327180.03,1.770157E+08,354031.32,29120.00,1.577460E+07,31549.19
1734296506,397109.99,1.809868E+08,354876.00,35330.00,1.612790E+07,31623.33
1734296516,390569.81,1.848925E+08,355562.42,34859.98,1.647650E+07,31685.57
1734296526,392160.17,1.888141E+08,356252.94,34940.02,1.682590E+07,31746.97
1734296536,407120.00,1.928853E+08,357194.93,36240.00,1.718830E+07,31830.18
1734296546,301960.03,1.959049E+08,356190.66,27010.00,1.745840E+07,31742.54
1734296556,389169.80,1.997966E+08,356779.57,34639.98,1.780480E+07,31794.28
1734296566,400020.17,2.037968E+08,357538.18,35600.02,1.816080E+07,31861.05
1734296576,384680.03,2.076436E+08,358006.14,34280.00,1.850360E+07,31902.75
1734296586,385549.78,2.114991E+08,358472.98,34449.98,1.884810E+07,31945.93
1734296596,387400.04,2.153731E+08,358955.10,34520.00,1.919330E+07,31988.83
1734296606,305070.17,2.184238E+08,358071.74,27110.02,1.946440E+07,31908.85
1734296616,289999.96,2.213238E+08,356973.81,25820.00,1.972260E+07,31810.64
1734296626,388729.94,2.252111E+08,357477.87,34679.99,2.006940E+07,31856.18
1734296636,379559.96,2.290067E+08,357822.91,33790.00,2.040730E+07,31886.40
1734296646,370430.05,2.327110E+08,358016.86,32970.00,2.073700E+07,31903.07
1734296656,92659.90,2.336376E+08,353996.30,8389.99,2.082090E+07,31546.81
1734296666,383860.42,2.374762E+08,354442.03,34040.04,2.116130E+07,31584.02
1734296676,324130.06,2.407175E+08,353996.27,28920.01,2.145050E+07,31544.85
1734296686,336689.90,2.440844E+08,353745.45,30029.99,2.175080E+07,31522.89
1734296696,317059.99,2.472550E+08,353221.37,28190.00,2.203270E+07,31475.28
1734296706,327450.06,2.505295E+08,352858.40,29320.01,2.232590E+07,31444.92
1734296716,368159.93,2.542111E+08,353070.92,32699.99,2.265290E+07,31462.36
1734296726,374080.07,2.579519E+08,353358.71,33440.01,2.298730E+07,31489.45
1734296736,377430.07,2.617262E+08,353684.00,33530.01,2.332260E+07,31517.02
1734296746,381459.89,2.655408E+08,354054.35,34069.99,2.366330E+07,31551.06
1734296756,291279.94,2.684536E+08,353228.37,25969.99,2.392300E+07,31477.63
1734296766,371839.81,2.721720E+08,353470.08,33139.98,2.425440E+07,31499.22
1734296776,379520.15,2.759672E+08,353804.05,33810.01,2.459250E+07,31528.84
1734296786,391780.22,2.798850E+08,354284.76,34810.02,2.494060E+07,31570.38
1734296796,335800.01,2.832430E+08,354053.70,30040.00,2.524100E+07,31551.25
1734296806,391089.99,2.871539E+08,354510.94,34750.00,2.558850E+07,31590.74
1734296816,395300.00,2.911069E+08,355008.37,35260.00,2.594110E+07,31635.48
1734296826,389789.88,2.950048E+08,355427.42,34649.99,2.628760E+07,31671.80
1734296836,399320.05,2.989980E+08,355949.95,35730.00,2.664490E+07,31720.11
1734296846,336780.01,3.023658E+08,355724.42,29890.00,2.694380E+07,31698.58
1734296856,391889.80,3.062847E+08,356144.95,35029.98,2.729410E+07,31737.32
1734296866,396870.17,3.102534E+08,356613.06,35330.02,2.764740E+07,31778.62
1734296876,400269.86,3.142561E+08,357109.16,35669.99,2.800410E+07,31822.84
1734296886,330630.17,3.175624E+08,356811.64,29420.01,2.829830E+07,31795.84
1734296896,331080.03,3.208732E+08,356525.73,29490.00,2.859320E+07,31770.22
1734296906,387209.96,3.247453E+08,356862.92,34470.00,2.893790E+07,31799.89
1734296916,390269.96,3.286480E+08,357226.04,34890.00,2.928680E+07,31833.47
1734296926,324100.09,3.318890E+08,356869.85,28900.01,2.957580E+07,31801.93
1734296936,255019.89,3.344392E+08,355786.34,22579.99,2.980160E+07,31703.83
1734296946,253860.06,3.369778E+08,354713.43,22780.01,3.002940E+07,31609.89
1734296956,248060.03,3.394584E+08,353602.46,22000.00,3.024940E+07,31509.79
1734296966,249019.94,3.419486E+08,352524.29,22129.99,3.047070E+07,31413.09
1734296976,367280.11,3.456214E+08,352674.86,32870.01,3.079940E+07,31427.96
1734296986,344809.94,3.490695E+08,352595.42,30620.00,3.110560E+07,31419.79
1734296996,186979.98,3.509393E+08,350939.26,16730.00,3.127290E+07,31272.90
1734297006,287869.93,3.538180E+08,350314.81,25579.99,3.152870E+07,31216.53
1734297016,389160.10,3.577096E+08,350695.65,34650.01,3.187520E+07,31250.19
1734297026,396899.91,3.616786E+08,351144.23,35419.99,3.222940E+07,31290.68
1734297036,389960.19,3.655782E+08,351517.46,34840.02,3.257780E+07,31324.80
1734297046,402439.87,3.696026E+08,352002.44,35809.99,3.293590E+07,31367.52
1734297056,327950.02,3.728821E+08,351775.53,29180.00,3.322770E+07,31346.88
1734297066,374520.03,3.766273E+08,351988.09,33380.00,3.356150E+07,31365.88
1734297076,390789.79,3.805352E+08,352347.37,34919.98,3.391070E+07,31398.79
1734297086,392060.01,3.844558E+08,352711.71,34790.00,3.425860E+07,31429.90
1734297096,391860.18,3.883744E+08,353067.60,35060.02,3.460920E+07,31462.91
1734297106,396059.98,3.923350E+08,353454.92,35270.00,3.496190E+07,31497.20
1734297116,377700.07,3.961120E+08,353671.39,33670.01,3.529860E+07,31516.60
1734297126,380399.72,3.999160E+08,353907.93,33889.98,3.563750E+07,31537.61
1734297136,312730.14,4.030433E+08,353546.72,27760.01,3.591510E+07,31504.47
1734297146,396549.97,4.070088E+08,353920.66,35370.00,3.626880E+07,31538.08
1734297156,380689.91,4.108157E+08,354151.43,33969.99,3.660850E+07,31559.05
1734297166,398029.95,4.147960E+08,354526.46,35510.00,3.696360E+07,31592.82
1734297176,393420.16,4.187302E+08,354856.07,34990.01,3.731350E+07,31621.61
1734297186,343840.13,4.221686E+08,354763.50,30620.01,3.761970E+07,31613.19
1734297196,324359.76,4.254122E+08,354510.13,28829.98,3.790800E+07,31590.00
1734297206,342940.02,4.288416E+08,354414.51,30700.00,3.821500E+07,31582.64
1734297216,362509.95,4.324667E+08,354480.87,32270.00,3.853770E+07,31588.28
1734297226,385260.20,4.363193E+08,354731.11,34220.02,3.887990E+07,31609.67
1734297236,384049.83,4.401598E+08,354967.55,34399.99,3.922390E+07,31632.17
1734297246,382379.96,4.439836E+08,355186.85,33970.00,3.956360E+07,31650.88
1734297256,385110.26,4.478347E+08,355424.33,34410.02,3.990770E+07,31672.78
1734297266,398270.00,4.518174E+08,355761.70,35410.00,4.026180E+07,31702.20
1734297276,386590.02,4.556833E+08,356002.55,34510.00,4.060690E+07,31724.14
1734297286,253740.00,4.582207E+08,355209.81,22490.00,4.083180E+07,31652.56
1734297296,393029.92,4.621510E+08,355500.74,35119.99,4.118300E+07,31679.23
1734297306,328209.50,4.654331E+08,355292.41,29229.96,4.147530E+07,31660.53
1734297316,116050.19,4.665936E+08,353479.97,10380.02,4.157910E+07,31499.32
1734297326,141980.00,4.680134E+08,351889.75,12580.00,4.170490E+07,31357.07
1734297336,147269.93,4.694861E+08,350362.73,13199.99,4.183690E+07,31221.56
1734297346,304490.06,4.725310E+08,350022.93,27020.01,4.210710E+07,31190.44
1734297356,389609.20,4.764271E+08,350314.01,34799.93,4.245510E+07,31216.98
1734297366,324070.74,4.796678E+08,350122.45,28910.07,4.274420E+07,31200.14
1734297376,357610.05,4.832439E+08,350176.71,31820.00,4.306240E+07,31204.64
1734297386,389509.95,4.871390E+08,350459.68,34640.00,4.340880E+07,31229.35
1734297396,386400.07,4.910030E+08,350716.40,34500.01,4.375380E+07,31252.71
1734297406,392099.72,4.949240E+08,351009.90,34939.97,4.410320E+07,31278.86
1734297416,392280.30,4.988468E+08,351300.54,34920.03,4.445240E+07,31304.50
1734297426,384729.97,5.026941E+08,351534.31,34360.00,4.479600E+07,31325.87
1734297436,391569.87,5.066098E+08,351812.33,34779.99,4.514380E+07,31349.86
1734297446,301880.10,5.096286E+08,351467.97,26970.01,4.541350E+07,31319.65
1734297456,389040.05,5.135190E+08,351725.32,34700.00,4.576050E+07,31342.81
1734297466,396160.00,5.174806E+08,352027.59,35320.00,4.611370E+07,31369.86
1734297476,376549.94,5.212461E+08,352193.28,33399.99,4.644770E+07,31383.58
1734297486,384669.97,5.250928E+08,352411.25,34420.00,4.679190E+07,31403.96
1734297496,340670.01,5.284995E+08,352332.97,30280.00,4.709470E+07,31396.46
1734297506,245940.00,5.309589E+08,351628.39,21970.00,4.731440E+07,31334.04
1734297516,251390.03,5.334728E+08,350968.92,22430.00,4.753870E+07,31275.46
1734297526,242029.88,5.358931E+08,350256.90,21529.99,4.775400E+07,31211.76
1734297536,247420.11,5.383673E+08,349589.13,21950.01,4.797350E+07,31151.62
1734297546,367500.00,5.420423E+08,349704.69,32880.00,4.830230E+07,31162.77
1734297556,316489.99,5.452072E+08,349491.77,28210.00,4.858440E+07,31143.84
1734297566,330359.86,5.485108E+08,349369.91,29439.99,4.887880E+07,31132.99
1734297576,373789.93,5.522487E+08,349524.47,33249.99,4.921130E+07,31146.39
1734297586,375650.22,5.560052E+08,349688.78,33450.02,4.954580E+07,31160.88
1734297596,374550.04,5.597507E+08,349844.16,33440.00,4.988020E+07,31175.12
1734297606,365059.82,5.634013E+08,349938.67,32479.98,5.020500E+07,31183.23
1734297616,318870.09,5.665900E+08,349746.89,28400.01,5.048900E+07,31166.05
1734297626,332180.04,5.699118E+08,349639.12,29640.00,5.078540E+07,31156.69
1734297636,372019.96,5.736320E+08,349775.59,33160.00,5.111700E+07,31168.90
1734297646,377700.04,5.774090E+08,349944.83,33560.00,5.145260E+07,31183.39
1734297656,365960.05,5.810686E+08,350041.30,32720.00,5.177980E+07,31192.65

Summary:
loaded 581760000 metrics in 1661.903sec with 10 workers (mean rate 350056.52 metrics/sec)
loaded 51840000 rows in 1661.903sec with 10 workers (mean rate 31193.16 rows/sec)
Run complete after 518400 queries with 10 workers (Overall query rate 311.93 queries/sec):
          :
min:     1.22ms, med:    28.75ms, mean:    31.68ms, max: 19243.01ms, stddev:   107.14ms, sum: 16421.9sec, count: 518400
all queries:
min:     1.22ms, med:    28.75ms, mean:    31.68ms, max: 19243.01ms, stddev:   107.14ms, sum: 16421.9sec, count: 518400
Saving Response Latencies to /home/benchUser/results/latenciesInserts_latest.csv
