time,per. metric/s,metric total,overall metric/s,per. row/s,row total,overall row/s
1737296800,333261.72,3.333200E+06,333261.72,29774.79,2.978000E+05,29774.79
1737296810,617639.91,9.509600E+06,475438.39,55099.99,8.488000E+05,42436.29
1737296820,579990.11,1.530950E+07,510286.93,51690.01,1.365700E+06,45520.68
1737296830,577810.01,2.108760E+07,527166.96,51380.00,1.879500E+06,46985.45
1737296840,569400.00,2.678160E+07,535613.27,50840.00,2.387900E+06,47756.33
1737296850,586350.03,3.264510E+07,544069.15,52130.00,2.909200E+06,48485.25
1737296860,538679.40,3.803190E+07,543299.21,48109.95,3.390300E+06,48431.64
1737296870,590470.64,4.393660E+07,549195.50,52590.06,3.916200E+06,48951.43
1737296880,569439.88,4.963100E+07,551444.83,50709.99,4.423300E+06,49146.82
1737296890,573270.04,5.536370E+07,553627.31,51060.00,4.933900E+06,49338.14
1737296900,613309.97,6.149680E+07,559052.92,54610.00,5.480000E+06,49817.39
1737296910,623850.02,6.773530E+07,564452.60,55690.00,6.036900E+06,50306.77
1737296920,598789.86,7.372320E+07,567093.90,53379.99,6.570700E+06,50543.17
1737296930,596130.14,7.968450E+07,569167.89,53040.01,7.101100E+06,50721.51
1737296940,614670.03,8.583120E+07,572201.33,54810.00,7.649200E+06,50994.07
1737296950,616100.03,9.199220E+07,574944.97,54980.00,8.199000E+06,51243.19
1737296960,610979.96,9.810200E+07,577064.65,54300.00,8.742000E+06,51423.00
1737296970,566860.04,1.037706E+08,576497.73,50590.00,9.247900E+06,51376.72
1737296980,575159.81,1.095222E+08,576427.32,51299.98,9.760900E+06,51372.68
1737296990,409340.06,1.136156E+08,568073.03,36350.01,1.012440E+07,50621.56
1737297000,316849.88,1.167841E+08,556110.12,28359.99,1.040800E+07,49561.49
1737297010,368250.12,1.204666E+08,547571.10,32700.01,1.073500E+07,48795.07
1737297020,343009.94,1.238967E+08,538677.20,30649.99,1.104150E+07,48006.16
1737297030,331850.14,1.272152E+08,530059.47,29590.01,1.133740E+07,47238.82
1737297040,398850.02,1.312037E+08,524811.13,35490.00,1.169230E+07,46768.87
1737297050,506829.97,1.362720E+08,524119.55,45250.00,1.214480E+07,46710.46
1737297060,505799.99,1.413300E+08,523441.05,44920.00,1.259400E+07,46644.14
1737297070,467659.98,1.460066E+08,521448.88,41650.00,1.301050E+07,46465.78
1737297080,477910.07,1.507857E+08,519947.56,42620.01,1.343670E+07,46333.17
1737297090,507639.95,1.558621E+08,519537.30,45220.00,1.388890E+07,46296.06
1737297100,458499.99,1.604471E+08,517568.37,40960.00,1.429850E+07,46123.93
1737297110,510780.04,1.655549E+08,517356.24,45450.00,1.475300E+07,46102.87
1737297120,508539.91,1.706403E+08,517089.08,45309.99,1.520610E+07,46078.85
1737297130,473400.08,1.753743E+08,515804.11,42280.01,1.562890E+07,45967.12
1737297140,450569.99,1.798800E+08,513940.29,40070.00,1.602960E+07,45798.63
1737297150,491759.98,1.847976E+08,513324.17,43760.00,1.646720E+07,45742.00
1737297160,529199.95,1.900896E+08,513753.25,47310.00,1.694030E+07,45784.38
1737297170,476099.81,1.948506E+08,512762.37,42429.98,1.736460E+07,45696.10
1737297180,498420.24,1.998348E+08,512394.63,44300.02,1.780760E+07,45660.31
1737297190,453119.99,2.043660E+08,510912.77,40420.00,1.821180E+07,45529.30
1737297200,454309.96,2.089091E+08,509532.22,40550.00,1.861730E+07,45407.85
1737297210,473209.97,2.136412E+08,508667.40,42010.00,1.903740E+07,45326.95
1737297220,478400.11,2.184252E+08,507963.52,42720.01,1.946460E+07,45266.33
1737297230,501879.87,2.234440E+08,507825.25,44749.99,1.991210E+07,45254.59
1737297240,499610.07,2.284401E+08,507642.69,44460.01,2.035670E+07,45236.94
1737297250,438649.91,2.328266E+08,506142.85,39219.99,2.074890E+07,45106.13
1737297260,454520.13,2.373718E+08,505044.50,40410.01,2.115300E+07,45006.22
1737297270,496170.03,2.423335E+08,504859.62,44150.00,2.159450E+07,44988.38
1737297280,492249.98,2.472560E+08,504602.28,43830.00,2.203280E+07,44964.74
1737297290,478769.96,2.520437E+08,504085.64,42770.00,2.246050E+07,44920.84
1737297300,541940.05,2.574631E+08,504827.88,48310.00,2.294360E+07,44987.30
1737297310,534810.01,2.628112E+08,505404.45,47680.00,2.342040E+07,45039.08
1737297320,489279.93,2.677040E+08,505100.22,43479.99,2.385520E+07,45009.66
1737297330,537520.09,2.730792E+08,505700.58,48000.01,2.433520E+07,45065.04
1737297340,547519.88,2.785544E+08,506460.93,48789.99,2.482310E+07,45132.77
1737297350,523560.10,2.837900E+08,506766.27,46590.01,2.528900E+07,45158.79
1737297360,536199.95,2.891520E+08,507282.65,47860.00,2.576760E+07,45206.18
1737297370,529890.08,2.944509E+08,507672.44,47110.01,2.623870E+07,45239.00
1737297380,517709.73,2.996280E+08,507842.56,46169.98,2.670040E+07,45254.78
1737297390,513410.29,3.047621E+08,507935.35,45750.03,2.715790E+07,45263.03
1737297400,569999.97,3.104621E+08,508952.80,50820.00,2.766610E+07,45354.13
1737297410,524569.92,3.157078E+08,509204.69,46719.99,2.813330E+07,45376.16
1737297420,528579.93,3.209936E+08,509512.23,47149.99,2.860480E+07,45404.32
1737297430,506640.06,3.260600E+08,509467.36,45130.01,2.905610E+07,45400.03
1737297440,542340.10,3.314834E+08,509973.09,48370.01,2.953980E+07,45445.72
1737297450,523179.92,3.367152E+08,510173.19,46539.99,3.000520E+07,45462.30
1737297460,475359.96,3.414688E+08,509653.59,42280.00,3.042800E+07,45414.81
1737297470,493999.96,3.464088E+08,509423.39,44080.00,3.086880E+07,45395.18
1737297480,453350.06,3.509423E+08,508610.74,40440.01,3.127320E+07,45323.36
1737297490,519609.91,3.561384E+08,508767.87,46339.99,3.173660E+07,45337.89
1737297500,509200.20,3.612304E+08,508773.96,45370.02,3.219030E+07,45338.34
1737297510,512179.95,3.663522E+08,508821.26,45500.00,3.264530E+07,45340.58
1737297520,510879.96,3.714610E+08,508849.47,45620.00,3.310150E+07,45344.41
1737297530,543660.07,3.768976E+08,509319.88,48510.01,3.358660E+07,45387.19
1737297540,520350.00,3.821011E+08,509466.95,46220.00,3.404880E+07,45398.29
1737297550,532559.90,3.874267E+08,509770.80,47489.99,3.452370E+07,45425.82
1737297560,519830.05,3.926250E+08,509901.44,46330.00,3.498700E+07,45437.56
1737297570,508690.01,3.977119E+08,509885.91,45310.00,3.544010E+07,45435.92
1737297580,506370.01,4.027756E+08,509841.40,45150.00,3.589160E+07,45432.30
1737297590,526739.93,4.080430E+08,510052.63,46869.99,3.636030E+07,45450.28
1737297600,490100.04,4.129440E+08,509806.31,43810.00,3.679840E+07,45430.03
1737297610,508720.05,4.180312E+08,509793.06,45340.00,3.725180E+07,45428.93
1737297620,518679.77,4.232180E+08,509900.13,46139.98,3.771320E+07,45437.49
1737297630,507800.16,4.282960E+08,509875.13,45320.01,3.816640E+07,45436.10
1737297640,352139.93,4.318174E+08,508019.42,31329.99,3.847970E+07,45270.14
1737297650,317010.04,4.349875E+08,505798.39,28320.00,3.876290E+07,45073.05
1737297660,337649.67,4.383640E+08,503865.65,30029.97,3.906320E+07,44900.14
1737297670,320900.27,4.415730E+08,501786.50,28490.02,3.934810E+07,44713.66
1737297680,341419.97,4.449872E+08,499984.63,30510.00,3.965320E+07,44554.07
1737297690,349319.99,4.484804E+08,498310.59,31200.00,3.996520E+07,44405.69
1737297700,548760.19,4.539680E+08,498864.98,48870.02,4.045390E+07,44454.75
1737297710,543119.85,4.593992E+08,499346.01,48419.99,4.093810E+07,44497.85
1737297720,551260.10,4.649118E+08,499904.22,49040.01,4.142850E+07,44546.69
1737297730,429580.04,4.692076E+08,499156.09,38210.00,4.181060E+07,44479.28
1737297740,512200.06,4.743296E+08,499293.40,45770.01,4.226830E+07,44492.87
1737297750,518719.95,4.795168E+08,499495.76,46250.00,4.273080E+07,44511.17
1737297760,529189.95,4.848087E+08,499801.88,47010.00,4.320090E+07,44536.93
1737297770,436879.90,4.891775E+08,499159.82,38959.99,4.359050E+07,44480.02
1737297780,449190.08,4.936694E+08,498655.08,40090.01,4.399140E+07,44435.68
1737297790,499860.02,4.986680E+08,498667.13,44590.00,4.443730E+07,44437.22
1737297800,512800.07,5.037960E+08,498807.06,45550.01,4.489280E+07,44448.24
1737297810,526680.00,5.090628E+08,499080.32,47020.00,4.536300E+07,44473.45
1737297820,525950.05,5.143223E+08,499341.19,46890.00,4.583190E+07,44496.91
1737297830,506609.95,5.193884E+08,499411.08,45030.00,4.628220E+07,44502.04
1737297840,530199.95,5.246904E+08,499704.31,47380.00,4.675600E+07,44529.45
1737297850,497139.84,5.296618E+08,499680.12,44219.99,4.719820E+07,44526.53
1737297860,527900.20,5.349408E+08,499943.86,47150.02,4.766970E+07,44551.05
1737297870,512430.03,5.400651E+08,500059.47,45510.00,4.812480E+07,44559.93
1737297880,535199.98,5.454171E+08,500381.86,47730.00,4.860210E+07,44589.01
1737297890,544129.91,5.508584E+08,500779.57,48599.99,4.908810E+07,44625.47
1737297900,540710.05,5.562655E+08,501139.30,48160.00,4.956970E+07,44657.32
1737297910,551210.03,5.617776E+08,501586.36,49110.00,5.006080E+07,44697.07
1737297920,559069.77,5.673683E+08,502095.06,49729.98,5.055810E+07,44741.61
1737297930,535220.18,5.727205E+08,502385.63,47660.02,5.103470E+07,44767.21
1737297940,536310.05,5.780836E+08,502680.63,47930.00,5.151400E+07,44794.71

Summary:
loaded 581760000 metrics in 1156.980sec with 10 workers (mean rate 502826.49 metrics/sec)
loaded 51840000 rows in 1156.980sec with 10 workers (mean rate 44806.32 rows/sec)
Run complete after 518400 queries with 10 workers (Overall query rate 448.06 queries/sec):
          :
min:     1.15ms, med:     4.58ms, mean:     9.51ms, max: 5780.48ms, stddev:    20.67ms, sum: 4929.2sec, count: 518400
all queries:
min:     1.15ms, med:     4.58ms, mean:     9.51ms, max: 5780.48ms, stddev:    20.67ms, sum: 4929.2sec, count: 518400
Saving Response Latencies to /home/benchUser/results/latenciesInserts_other.csv
