After 500 queries with 10 workers:
Interval query rate: 2.91 queries/sec	Overall query rate: 2.91 queries/sec
VictoriaMetrics mean of 10 metrics, all hosts, random 12h0m0s by 1h:
min:   772.42ms, med:  3406.21ms, mean:  3409.39ms, max: 4196.61ms, stddev:   334.35ms, sum: 1704.7sec, count: 500
all queries                                                        :
min:   772.42ms, med:  3406.21ms, mean:  3409.39ms, max: 4196.61ms, stddev:   334.35ms, sum: 1704.7sec, count: 500

After 1000 queries with 10 workers:
Interval query rate: 2.91 queries/sec	Overall query rate: 2.91 queries/sec
VictoriaMetrics mean of 10 metrics, all hosts, random 12h0m0s by 1h:
min:   772.42ms, med:  3424.89ms, mean:  3422.45ms, max: 4274.43ms, stddev:   287.75ms, sum: 3422.5sec, count: 1000
all queries                                                        :
min:   772.42ms, med:  3424.89ms, mean:  3422.45ms, max: 4274.43ms, stddev:   287.75ms, sum: 3422.5sec, count: 1000

After 1500 queries with 10 workers:
Interval query rate: 2.94 queries/sec	Overall query rate: 2.92 queries/sec
VictoriaMetrics mean of 10 metrics, all hosts, random 12h0m0s by 1h:
min:   772.42ms, med:  3406.59ms, mean:  3415.36ms, max: 4464.13ms, stddev:   278.22ms, sum: 5123.0sec, count: 1500
all queries                                                        :
min:   772.42ms, med:  3406.59ms, mean:  3415.36ms, max: 4464.13ms, stddev:   278.22ms, sum: 5123.0sec, count: 1500

After 2000 queries with 10 workers:
Interval query rate: 2.88 queries/sec	Overall query rate: 2.91 queries/sec
VictoriaMetrics mean of 10 metrics, all hosts, random 12h0m0s by 1h:
min:   772.42ms, med:  3415.81ms, mean:  3427.25ms, max: 4464.13ms, stddev:   270.35ms, sum: 6854.5sec, count: 2000
all queries                                                        :
min:   772.42ms, med:  3415.81ms, mean:  3427.25ms, max: 4464.13ms, stddev:   270.35ms, sum: 6854.5sec, count: 2000

After 2500 queries with 10 workers:
Interval query rate: 2.90 queries/sec	Overall query rate: 2.91 queries/sec
VictoriaMetrics mean of 10 metrics, all hosts, random 12h0m0s by 1h:
min:   772.42ms, med:  3419.52ms, mean:  3430.74ms, max: 4464.13ms, stddev:   266.22ms, sum: 8576.9sec, count: 2500
all queries                                                        :
min:   772.42ms, med:  3419.52ms, mean:  3430.74ms, max: 4464.13ms, stddev:   266.22ms, sum: 8576.9sec, count: 2500

After 3000 queries with 10 workers:
Interval query rate: 2.95 queries/sec	Overall query rate: 2.92 queries/sec
VictoriaMetrics mean of 10 metrics, all hosts, random 12h0m0s by 1h:
min:   772.42ms, med:  3409.79ms, mean:  3423.63ms, max: 4464.13ms, stddev:   266.35ms, sum: 10270.9sec, count: 3000
all queries                                                        :
min:   772.42ms, med:  3409.79ms, mean:  3423.63ms, max: 4464.13ms, stddev:   266.35ms, sum: 10270.9sec, count: 3000

After 3500 queries with 10 workers:
Interval query rate: 2.89 queries/sec	Overall query rate: 2.91 queries/sec
VictoriaMetrics mean of 10 metrics, all hosts, random 12h0m0s by 1h:
min:   772.42ms, med:  3414.78ms, mean:  3430.39ms, max: 4464.13ms, stddev:   264.72ms, sum: 12006.4sec, count: 3500
all queries                                                        :
min:   772.42ms, med:  3414.78ms, mean:  3430.39ms, max: 4464.13ms, stddev:   264.72ms, sum: 12006.4sec, count: 3500

After 4000 queries with 10 workers:
Interval query rate: 2.87 queries/sec	Overall query rate: 2.91 queries/sec
VictoriaMetrics mean of 10 metrics, all hosts, random 12h0m0s by 1h:
min:   772.42ms, med:  3422.59ms, mean:  3436.20ms, max: 4464.13ms, stddev:   265.08ms, sum: 13744.8sec, count: 4000
all queries                                                        :
min:   772.42ms, med:  3422.59ms, mean:  3436.20ms, max: 4464.13ms, stddev:   265.08ms, sum: 13744.8sec, count: 4000

After 4500 queries with 10 workers:
Interval query rate: 2.90 queries/sec	Overall query rate: 2.91 queries/sec
VictoriaMetrics mean of 10 metrics, all hosts, random 12h0m0s by 1h:
min:   772.42ms, med:  3419.78ms, mean:  3437.24ms, max: 4487.17ms, stddev:   265.77ms, sum: 15467.6sec, count: 4500
all queries                                                        :
min:   772.42ms, med:  3419.78ms, mean:  3437.24ms, max: 4487.17ms, stddev:   265.77ms, sum: 15467.6sec, count: 4500

After 5000 queries with 10 workers:
Interval query rate: 2.89 queries/sec	Overall query rate: 2.90 queries/sec
VictoriaMetrics mean of 10 metrics, all hosts, random 12h0m0s by 1h:
min:   772.42ms, med:  3422.85ms, mean:  3440.55ms, max: 4487.17ms, stddev:   265.18ms, sum: 17202.8sec, count: 5000
all queries                                                        :
min:   772.42ms, med:  3422.85ms, mean:  3440.55ms, max: 4487.17ms, stddev:   265.18ms, sum: 17202.8sec, count: 5000

After 5500 queries with 10 workers:
Interval query rate: 2.94 queries/sec	Overall query rate: 2.91 queries/sec
VictoriaMetrics mean of 10 metrics, all hosts, random 12h0m0s by 1h:
min:   772.42ms, med:  3420.41ms, mean:  3436.90ms, max: 4487.17ms, stddev:   262.14ms, sum: 18902.9sec, count: 5500
all queries                                                        :
min:   772.42ms, med:  3420.41ms, mean:  3436.90ms, max: 4487.17ms, stddev:   262.14ms, sum: 18902.9sec, count: 5500

After 6000 queries with 10 workers:
Interval query rate: 2.89 queries/sec	Overall query rate: 2.91 queries/sec
VictoriaMetrics mean of 10 metrics, all hosts, random 12h0m0s by 1h:
min:   772.42ms, med:  3424.38ms, mean:  3438.40ms, max: 4487.17ms, stddev:   260.23ms, sum: 20630.4sec, count: 6000
all queries                                                        :
min:   772.42ms, med:  3424.38ms, mean:  3438.40ms, max: 4487.17ms, stddev:   260.23ms, sum: 20630.4sec, count: 6000

After 6500 queries with 10 workers:
Interval query rate: 2.93 queries/sec	Overall query rate: 2.91 queries/sec
VictoriaMetrics mean of 10 metrics, all hosts, random 12h0m0s by 1h:
min:   772.42ms, med:  3422.21ms, mean:  3436.95ms, max: 4487.17ms, stddev:   258.05ms, sum: 22340.1sec, count: 6500
all queries                                                        :
min:   772.42ms, med:  3422.21ms, mean:  3436.95ms, max: 4487.17ms, stddev:   258.05ms, sum: 22340.1sec, count: 6500

After 7000 queries with 10 workers:
Interval query rate: 2.91 queries/sec	Overall query rate: 2.91 queries/sec
VictoriaMetrics mean of 10 metrics, all hosts, random 12h0m0s by 1h:
min:   772.42ms, med:  3421.95ms, mean:  3436.76ms, max: 4487.17ms, stddev:   257.71ms, sum: 24057.3sec, count: 7000
all queries                                                        :
min:   772.42ms, med:  3421.95ms, mean:  3436.76ms, max: 4487.17ms, stddev:   257.71ms, sum: 24057.3sec, count: 7000

After 7500 queries with 10 workers:
Interval query rate: 2.91 queries/sec	Overall query rate: 2.91 queries/sec
VictoriaMetrics mean of 10 metrics, all hosts, random 12h0m0s by 1h:
min:   772.42ms, med:  3422.21ms, mean:  3437.23ms, max: 4487.17ms, stddev:   257.79ms, sum: 25779.2sec, count: 7500
all queries                                                        :
min:   772.42ms, med:  3422.21ms, mean:  3437.23ms, max: 4487.17ms, stddev:   257.79ms, sum: 25779.2sec, count: 7500

After 8000 queries with 10 workers:
Interval query rate: 2.96 queries/sec	Overall query rate: 2.91 queries/sec
VictoriaMetrics mean of 10 metrics, all hosts, random 12h0m0s by 1h:
min:   772.42ms, med:  3419.39ms, mean:  3433.60ms, max: 4487.17ms, stddev:   256.04ms, sum: 27468.8sec, count: 8000
all queries                                                        :
min:   772.42ms, med:  3419.39ms, mean:  3433.60ms, max: 4487.17ms, stddev:   256.04ms, sum: 27468.8sec, count: 8000

After 8500 queries with 10 workers:
Interval query rate: 2.93 queries/sec	Overall query rate: 2.91 queries/sec
VictoriaMetrics mean of 10 metrics, all hosts, random 12h0m0s by 1h:
min:   772.42ms, med:  3416.19ms, mean:  3432.26ms, max: 4653.31ms, stddev:   256.77ms, sum: 29174.2sec, count: 8500
all queries                                                        :
min:   772.42ms, med:  3416.19ms, mean:  3432.26ms, max: 4653.31ms, stddev:   256.77ms, sum: 29174.2sec, count: 8500

Run complete after 8640 queries with 10 workers (Overall query rate 2.91 queries/sec):
VictoriaMetrics mean of 10 metrics, all hosts, random 12h0m0s by 1h:
min:   772.42ms, med:  3416.45ms, mean:  3432.44ms, max: 4653.31ms, stddev:   256.21ms, sum: 29656.3sec, count: 8640
all queries                                                        :
min:   772.42ms, med:  3416.45ms, mean:  3432.44ms, max: 4653.31ms, stddev:   256.21ms, sum: 29656.3sec, count: 8640
Saving Response Latencies to /home/benchUser/results/latenciesQueries_other.csv
wall clock time: 2967.186109sec
