time,per. metric/s,metric total,overall metric/s,per. row/s,row total,overall row/s
1737532770,189179.53,1.891800E+06,189179.53,16987.46,1.698750E+05,16987.46
1737532780,412259.95,6.014400E+06,300719.61,36742.50,5.373000E+05,26864.96
1737532790,432102.61,1.033542E+07,344513.90,38407.51,9.213750E+05,30712.48
1737532800,437392.50,1.470935E+07,367733.53,38940.00,1.310775E+06,32769.36
1737532810,407324.93,1.878260E+07,375651.81,36434.99,1.675125E+06,33502.48
1737532820,418470.01,2.296730E+07,382788.17,37222.50,2.047350E+06,34122.49
1737532830,330245.00,2.626975E+07,375282.01,29370.00,2.341050E+06,33443.56
1737532840,428659.97,3.055635E+07,381954.25,38220.00,2.723250E+06,34040.61
1737532850,435000.04,3.490635E+07,387848.23,38722.50,3.110475E+06,34560.82
1737532860,404899.89,3.895535E+07,389553.39,36097.49,3.471450E+06,34714.49
1737532870,347859.98,4.243395E+07,385763.08,31020.00,3.781650E+06,34378.63
1737532880,437347.59,4.680742E+07,390061.79,39037.51,4.172025E+06,34766.87
1737532890,409425.01,5.090168E+07,391551.27,36390.00,4.535925E+06,34891.72
1737532900,433072.57,5.523240E+07,394517.07,38745.01,4.923375E+06,35166.96
1737532910,431022.41,5.954262E+07,396950.76,38279.99,5.306175E+06,35374.49
1737532920,394292.57,6.348555E+07,396784.63,35227.51,5.658450E+06,35365.31
1737532930,412545.00,6.761100E+07,397711.71,36735.00,6.025800E+06,35445.88
1737532940,427339.94,7.188440E+07,399357.72,38122.49,6.407025E+06,35594.58
1737532950,417165.03,7.605605E+07,400294.95,37125.00,6.778275E+06,35675.13
1737532960,395200.06,8.000805E+07,400040.20,35167.51,7.129950E+06,35649.75
1737532970,437474.97,8.438280E+07,401822.81,39045.00,7.520400E+06,35811.42
1737532980,410069.96,8.848350E+07,402197.68,36435.00,7.884750E+06,35839.77
1737532990,413429.96,9.261780E+07,402686.04,36915.00,8.253900E+06,35886.52
1737533000,363780.04,9.625560E+07,401064.96,32430.00,8.578200E+06,35742.50
1737533010,311212.52,9.936772E+07,397470.86,27727.50,8.855475E+06,35421.90
1737533020,298067.40,1.023484E+08,393647.65,26609.99,9.121575E+06,35082.98
1737533030,310640.09,1.054548E+08,390573.30,27562.51,9.397200E+06,34804.44
1737533040,369819.84,1.091530E+08,389832.10,32984.99,9.727050E+06,34739.46
1737533050,362160.22,1.127746E+08,388877.90,32332.52,1.005038E+07,34656.46
1737533060,363254.76,1.164072E+08,388023.79,32392.48,1.037430E+07,34581.00
1737533070,325607.60,1.196632E+08,386010.37,28890.01,1.066320E+07,34397.42
1737533080,404232.51,1.237056E+08,386579.81,36007.50,1.102328E+07,34447.73
1737533090,408210.04,1.277876E+08,387235.27,36547.50,1.138875E+07,34511.36
1737533100,339675.05,1.311844E+08,385836.44,30262.50,1.169138E+07,34386.39
1737533110,409849.96,1.352829E+08,386522.54,36457.50,1.205595E+07,34445.57
1737533120,397129.94,1.392542E+08,386817.19,35422.49,1.241018E+07,34472.71
1737533130,433715.04,1.435914E+08,388084.70,38527.50,1.279545E+07,34582.29
1737533140,392184.97,1.475132E+08,388192.60,35077.50,1.314622E+07,34595.33
1737533150,357350.08,1.510867E+08,387401.77,31747.51,1.346370E+07,34522.31
1737533160,408269.88,1.551694E+08,387923.47,36457.49,1.382828E+07,34570.69
1737533170,403805.13,1.592074E+08,388310.83,35977.51,1.418805E+07,34605.00
1737533180,337399.78,1.625814E+08,387098.66,29969.98,1.448775E+07,34494.64
1737533190,252454.97,1.651060E+08,383967.41,22590.00,1.471365E+07,34217.79
1737533200,396160.28,1.690676E+08,384244.52,35310.02,1.506675E+07,34242.61
1737533210,407284.89,1.731404E+08,384756.53,36239.99,1.542915E+07,34287.00
1737533220,407052.44,1.772110E+08,385241.23,36247.50,1.579162E+07,34329.62
1737533230,341777.66,1.806288E+08,384316.47,30562.51,1.609725E+07,34249.47
1737533240,402482.47,1.846536E+08,384694.93,35812.50,1.645538E+07,34282.03
1737533250,413387.54,1.887874E+08,385280.49,36877.50,1.682415E+07,34335.00
1737533260,413174.89,1.929192E+08,385838.38,36824.99,1.719240E+07,34384.80
1737533270,403272.48,1.969519E+08,386180.22,35947.50,1.755188E+07,34415.44
1737533280,352157.60,2.004735E+08,385525.94,31222.51,1.786410E+07,34354.04
1737533290,412499.91,2.045985E+08,386034.89,36779.99,1.823190E+07,34399.81
1737533300,406110.00,2.086596E+08,386406.65,36285.00,1.859475E+07,34434.72
1737533310,427397.48,2.129336E+08,387151.94,38062.50,1.897538E+07,34500.68
1737533320,415277.50,2.170864E+08,387654.18,37027.50,1.934565E+07,34545.80
1737533330,342285.02,2.205092E+08,386858.23,30375.00,1.964940E+07,34472.63
1737533340,413850.08,2.246477E+08,387323.60,36975.01,2.001915E+07,34515.77
1737533350,403729.97,2.286850E+08,387601.68,35955.00,2.037870E+07,34540.17
1737533360,403992.48,2.327249E+08,387874.86,36000.00,2.073870E+07,34564.50
1737533370,257599.80,2.353009E+08,385739.20,22897.48,2.096768E+07,34373.24
1737533380,317130.16,2.384722E+08,384632.60,28357.51,2.125125E+07,34276.21
1737533390,418727.67,2.426595E+08,385173.79,37245.02,2.162370E+07,34323.33
1737533400,411044.91,2.467700E+08,385578.03,36577.49,2.198948E+07,34358.55
1737533410,404930.00,2.508192E+08,385875.75,36127.50,2.235075E+07,34385.77
1737533420,361837.55,2.544376E+08,385511.54,32205.00,2.267280E+07,34352.73
1737533430,413685.00,2.585745E+08,385932.04,36892.50,2.304172E+07,34390.63
1737533440,400032.15,2.625748E+08,386139.39,35744.97,2.339918E+07,34410.55
1737533450,401712.81,2.665919E+08,386365.09,35782.53,2.375700E+07,34430.43
1737533460,416805.05,2.707600E+08,386799.95,37027.50,2.412728E+07,34467.53
1737533470,355827.20,2.743182E+08,386363.71,31694.97,2.444422E+07,34428.48
1737533480,413722.83,2.784555E+08,386743.70,36930.03,2.481352E+07,34463.23
1737533490,396332.39,2.824188E+08,386875.05,35347.49,2.516700E+07,34475.34
1737533500,435802.66,2.867768E+08,387536.24,38797.51,2.555498E+07,34533.75
1737533510,362212.48,2.903990E+08,387198.59,32220.00,2.587718E+07,34502.90
1737533520,413100.04,2.945300E+08,387539.40,36847.50,2.624565E+07,34533.75
1737533530,408164.95,2.986116E+08,387807.26,36472.50,2.661038E+07,34558.93
1737533540,393254.90,3.025442E+08,387877.10,35017.49,2.696055E+07,34564.81
1737533550,410317.67,3.066473E+08,388161.16,36472.52,2.732528E+07,34588.95
1737533560,363862.22,3.102860E+08,387857.42,32437.48,2.764965E+07,34562.06
1737533570,430605.29,3.145920E+08,388385.17,38475.03,2.803440E+07,34610.37
1737533580,394665.00,3.185386E+08,388461.76,35122.50,2.838562E+07,34616.61
1737533590,338039.87,3.219190E+08,387854.26,30052.49,2.868615E+07,34561.63
1737533600,255282.40,3.244719E+08,386276.03,22837.49,2.891452E+07,34422.05
1737533610,424577.72,3.287176E+08,386726.63,37815.02,2.929268E+07,34461.97
1737533620,413455.06,3.328522E+08,387037.43,36885.01,2.966152E+07,34490.14
1737533630,417060.01,3.370228E+08,387382.52,37027.50,3.003180E+07,34519.31
1737533640,296964.96,3.399924E+08,386355.05,26535.00,3.029715E+07,34428.58
1737533650,286339.88,3.428558E+08,385231.28,25522.49,3.055238E+07,34328.51
1737533660,282470.10,3.456806E+08,384089.49,25147.51,3.080385E+07,34226.50
1737533670,238492.47,3.480655E+08,382489.52,21307.50,3.101692E+07,34084.53
1737533680,190355.00,3.499690E+08,380401.10,16950.00,3.118642E+07,33898.29
1737533690,346254.94,3.534316E+08,380033.94,30779.99,3.149422E+07,33864.76
1737533700,385515.16,3.572867E+08,380092.25,34387.51,3.183810E+07,33870.32
1737533710,408117.52,3.613679E+08,380387.25,36420.00,3.220230E+07,33897.16
1737533720,395379.96,3.653217E+08,380543.43,35220.00,3.255450E+07,33910.94
1737533730,395920.04,3.692809E+08,380701.95,35280.00,3.290730E+07,33925.05
1737533740,354267.51,3.728236E+08,380432.21,31492.50,3.322222E+07,33900.23
1737533750,397902.43,3.768026E+08,380608.68,35549.99,3.357772E+07,33916.89
1737533760,380562.45,3.806082E+08,380608.21,33945.00,3.391718E+07,33917.17
1737533770,402670.13,3.846349E+08,380826.65,35835.01,3.427552E+07,33936.16
1737533780,378042.43,3.884154E+08,380799.35,33592.49,3.461145E+07,33932.79
1737533790,364590.01,3.920612E+08,380641.98,32542.50,3.493688E+07,33919.30
1737533800,412672.58,3.961880E+08,380949.97,36810.01,3.530498E+07,33947.09
1737533810,397122.42,4.001592E+08,381103.99,35422.49,3.565920E+07,33961.14
1737533820,418725.04,4.043464E+08,381458.91,37267.50,3.603188E+07,33992.33
1737533830,378987.25,4.081363E+08,381435.81,33719.98,3.636908E+07,33989.79
1737533840,412132.69,4.122576E+08,381720.04,36727.52,3.673635E+07,34015.14
1737533850,334350.05,4.156012E+08,381285.45,29902.50,3.703538E+07,33977.41
1737533860,409729.85,4.196984E+08,381544.04,36449.99,3.739988E+07,33999.89
1737533870,404895.10,4.237474E+08,381754.41,36105.01,3.776092E+07,34018.85
1737533880,428832.59,4.280357E+08,382174.75,38235.01,3.814328E+07,34056.49
1737533890,320392.46,4.312396E+08,381628.00,28425.00,3.842752E+07,34006.66
1737533900,421390.06,4.354536E+08,381976.79,37620.01,3.880372E+07,34038.35
1737533910,389364.96,4.393472E+08,382041.03,34747.50,3.915120E+07,34044.52
1737533920,430932.51,4.436565E+08,382462.51,38347.50,3.953468E+07,34081.62
1737533930,412079.98,4.477773E+08,382715.65,36720.00,3.990188E+07,34104.17
1737533940,334602.58,4.511234E+08,382307.92,29782.51,4.019970E+07,34067.54
1737533950,406327.44,4.551866E+08,382509.76,36307.49,4.056278E+07,34086.36
1737533960,432672.46,4.595134E+08,382927.78,38400.00,4.094678E+07,34122.31
1737533970,404967.59,4.635630E+08,383109.93,36120.01,4.130798E+07,34138.82
1737533980,192112.35,4.654842E+08,381544.38,17107.49,4.147905E+07,33999.22
1737533990,396460.29,4.694488E+08,381665.64,35302.53,4.183208E+07,34009.82
1737534000,422410.00,4.736728E+08,381994.23,37740.00,4.220948E+07,34039.90
1737534010,299664.88,4.766695E+08,381335.59,26722.49,4.247670E+07,33981.36
1737534020,246752.58,4.791370E+08,380267.47,21907.51,4.269578E+07,33885.54
1737534030,400317.42,4.831402E+08,380425.35,35774.99,4.305352E+07,33900.41
1737534040,434435.05,4.874846E+08,380847.30,38632.50,4.343985E+07,33937.38
1737534050,419372.56,4.916783E+08,381145.94,37327.51,4.381312E+07,33963.66
1737534060,414212.53,4.958204E+08,381400.30,37012.50,4.418325E+07,33987.11
1737534070,331399.98,4.991344E+08,381018.62,29535.00,4.447860E+07,33953.13
1737534080,397187.49,5.031063E+08,381141.11,35430.00,4.483290E+07,33964.32
1737534090,427872.46,5.073850E+08,381492.47,38130.00,4.521420E+07,33995.64
1737534100,398192.54,5.113669E+08,381617.10,35407.50,4.556828E+07,34006.17
1737534110,342222.27,5.147892E+08,381325.29,30434.76,4.587262E+07,33979.72
1737534120,406892.97,5.188581E+08,381513.28,36390.27,4.623652E+07,33997.44
1737534130,409917.79,5.229572E+08,381720.61,36435.03,4.660088E+07,34015.24
1737534140,412304.99,5.270803E+08,381942.24,36757.50,4.696845E+07,34035.11
1737534150,424422.47,5.313245E+08,382247.85,37822.50,4.734668E+07,34062.36
1737534160,382205.04,5.351466E+08,382247.55,33975.00,4.768642E+07,34061.73
1737534170,427797.31,5.394246E+08,382570.59,38114.98,4.806758E+07,34090.48
1737534180,398305.16,5.434076E+08,382681.40,35602.51,4.842360E+07,34101.13
1737534190,419447.51,5.476021E+08,382938.51,37342.50,4.879702E+07,34123.79
1737534200,414872.22,5.517508E+08,383160.27,37049.98,4.916752E+07,34144.11
1737534210,367440.26,5.554252E+08,383051.86,32587.52,4.949340E+07,34133.38
1737534220,427174.80,5.596970E+08,383354.07,38084.98,4.987425E+07,34160.44
1737534230,438285.03,5.640798E+08,383727.75,39075.00,5.026500E+07,34193.88
1737534240,407460.09,5.681544E+08,383888.10,36420.01,5.062920E+07,34208.92
1737534250,420624.85,5.723606E+08,384134.66,37454.99,5.100375E+07,34230.70
1737534260,399550.13,5.763562E+08,384237.43,35490.01,5.135865E+07,34239.10
1737534270,404990.10,5.804060E+08,384374.86,36142.51,5.172008E+07,34251.70

Summary:
loaded 581760000 metrics in 1513.117sec with 10 workers (mean rate 384477.84 metrics/sec)
loaded 51840000 rows in 1513.117sec with 10 workers (mean rate 34260.40 rows/sec)
Run complete after 691200 queries with 10 workers (Overall query rate 456.81 queries/sec):
          :
min:     0.89ms, med:    13.24ms, mean:    14.26ms, max: 2906.62ms, stddev:    22.71ms, sum: 9858.0sec, count: 691200
all queries:
min:     0.89ms, med:    13.24ms, mean:    14.26ms, max: 2906.62ms, stddev:    22.71ms, sum: 9858.0sec, count: 691200
Saving Response Latencies to /home/benchUser/results/latenciesInserts_other.csv
