time,per. metric/s,metric total,overall metric/s,per. row/s,row total,overall row/s
1734264847,28715.83,2.872000E+05,28715.83,2729.60,2.730000E+04,2729.60
1734264857,191080.05,2.198000E+06,109892.04,16910.00,1.964000E+05,9819.29
1734264867,213879.98,4.336800E+06,144553.01,19150.00,3.879000E+05,12929.37
1734264877,304800.05,7.384800E+06,184613.31,27140.00,6.593000E+05,16481.90
1734264887,321919.88,1.060400E+07,212073.84,28629.99,9.456000E+05,18911.45
1734264897,294560.06,1.354960E+07,225821.21,26320.00,1.208800E+06,20146.18
1734264907,273369.88,1.628330E+07,232613.74,24389.99,1.452700E+06,20752.43
1734264917,314070.16,1.942400E+07,242795.60,27940.01,1.732100E+06,21650.86
1734264927,315039.96,2.257440E+07,250822.62,28070.00,2.012800E+06,22364.08
1734264937,296040.07,2.553480E+07,255344.30,26260.01,2.275400E+06,22753.67
1734264947,294580.01,2.848060E+07,258911.14,26400.00,2.539400E+06,23085.15
1734264957,274419.97,3.122480E+07,260203.52,24440.00,2.783800E+06,23198.05
1734264967,314719.93,3.437200E+07,264397.05,28029.99,3.064100E+06,23569.74
1734264977,305060.06,3.742260E+07,267301.52,27090.00,3.335000E+06,23821.18
1734264987,306619.98,4.048880E+07,269922.72,27300.00,3.608000E+06,24053.10
1734264997,302130.04,4.351010E+07,271935.66,27070.00,3.878700E+06,24241.66
1734265007,269299.91,4.620310E+07,271780.62,23929.99,4.118000E+06,24223.32
1734265017,304240.11,4.924550E+07,273583.91,27170.01,4.389700E+06,24387.03
1734265027,296349.98,5.220900E+07,274782.11,26290.00,4.652600E+06,24487.18
1734265037,307529.99,5.528430E+07,276419.50,27430.00,4.926900E+06,24634.32
1734265047,303779.85,5.832210E+07,277722.36,27099.99,5.197900E+06,24751.73
1734265057,304110.13,6.136320E+07,278921.80,27150.01,5.469400E+06,24860.75
1734265067,296720.03,6.433040E+07,279695.63,26340.00,5.732800E+06,24925.06
1734265077,294000.01,6.727040E+07,280291.64,26330.00,5.996100E+06,24983.60
1734265087,292310.01,7.019350E+07,280772.37,26000.00,6.256100E+06,25024.26
1734265097,286749.85,7.306100E+07,281002.28,25489.99,6.511000E+06,25042.17
1734265107,306130.13,7.612230E+07,281932.93,27230.01,6.783300E+06,25123.20
1734265117,307110.01,7.919340E+07,282832.11,27370.00,7.057000E+06,25203.44
1734265127,293620.01,8.212960E+07,283204.10,26290.00,7.319900E+06,25240.91
1734265137,310819.99,8.523780E+07,284124.63,27590.00,7.595800E+06,25319.21
1734265147,280220.01,8.804000E+07,283998.67,25080.00,7.846600E+06,25311.49
1734265157,310240.00,9.114240E+07,284818.71,27500.00,8.121600E+06,25379.89
1734265167,324489.99,9.438730E+07,286020.87,28950.00,8.411100E+06,25488.07
1734265177,307669.98,9.746400E+07,286657.60,27450.00,8.685600E+06,25545.77
1734265187,306480.02,1.005288E+08,287223.95,27280.00,8.958400E+06,25595.32
1734265197,282730.01,1.033561E+08,287099.12,25190.00,9.210300E+06,25584.06
1734265207,302149.98,1.063776E+08,287505.90,27060.00,9.480900E+06,25623.95
1734265217,297679.90,1.093544E+08,287773.64,26479.99,9.745700E+06,25646.48
1734265227,300080.13,1.123552E+08,288089.19,26790.01,1.001360E+07,25675.80
1734265237,255809.97,1.149133E+08,287282.21,22670.00,1.024030E+07,25600.66
1734265247,148990.00,1.164032E+08,283909.24,13380.00,1.037410E+07,25302.59
1734265257,198520.02,1.183884E+08,281876.17,17590.00,1.055000E+07,25118.96
1734265267,309079.88,1.214792E+08,282508.81,27629.99,1.082630E+07,25177.36
1734265277,313720.10,1.246164E+08,283218.16,27910.01,1.110540E+07,25239.46
1734265287,313240.03,1.277488E+08,283885.31,27820.00,1.138360E+07,25296.81
1734265297,324089.95,1.309897E+08,284759.32,28910.00,1.167270E+07,25375.35
1734265307,307970.03,1.340694E+08,285253.16,27500.00,1.194770E+07,25420.56
1734265317,311659.94,1.371860E+08,285803.30,27749.99,1.222520E+07,25469.09
1734265327,304110.08,1.402271E+08,286176.91,27170.01,1.249690E+07,25503.80
1734265337,323329.98,1.434604E+08,286919.97,28830.00,1.278520E+07,25570.33
1734265347,307959.92,1.465400E+08,287332.52,27439.99,1.305960E+07,25606.99
1734265357,314960.08,1.496896E+08,287863.81,28070.01,1.334030E+07,25654.35
1734265367,317470.01,1.528643E+08,288422.42,28180.00,1.362210E+07,25702.01
1734265377,279689.98,1.556612E+08,288260.71,25030.00,1.387240E+07,25689.56
1734265387,330269.90,1.589639E+08,289024.51,29389.99,1.416630E+07,25756.84
1734265397,313870.14,1.621026E+08,289468.18,27910.01,1.444540E+07,25795.29
1734265407,314630.00,1.652489E+08,289909.61,28010.00,1.472550E+07,25834.14
1734265417,267249.97,1.679214E+08,289518.93,23850.00,1.496400E+07,25799.94
1734265427,288870.00,1.708101E+08,289507.93,25690.00,1.522090E+07,25798.07
1734265437,309069.97,1.739008E+08,289833.97,27590.00,1.549680E+07,25827.94
1734265447,309300.02,1.769938E+08,290153.08,27660.00,1.577340E+07,25857.97
1734265457,314770.03,1.801415E+08,290550.13,28030.00,1.605370E+07,25893.00
1734265467,284879.70,1.829903E+08,290460.12,25359.97,1.630730E+07,25884.54
1734265477,196389.96,1.849542E+08,288990.28,17380.00,1.648110E+07,25751.66
1734265487,185740.23,1.868116E+08,287401.82,16550.02,1.664660E+07,25610.10
1734265497,171970.00,1.885313E+08,285652.86,15430.00,1.680090E+07,25455.85
1734265507,139120.01,1.899225E+08,283465.80,12460.00,1.692550E+07,25261.89
1734265517,146629.93,1.913888E+08,281453.52,13039.99,1.705590E+07,25082.15
1734265527,249080.12,1.938796E+08,280984.34,22210.01,1.727800E+07,25040.53
1734265537,311239.86,1.969920E+08,281416.56,27599.99,1.755400E+07,25077.09
1734265547,278600.11,1.997780E+08,281376.89,24960.01,1.780360E+07,25075.44
1734265557,300189.93,2.027799E+08,281638.18,26729.99,1.807090E+07,25098.42
1734265567,289290.09,2.056728E+08,281743.00,25780.01,1.832870E+07,25107.76
1734265577,307539.91,2.087482E+08,282091.61,27429.99,1.860300E+07,25139.14
1734265587,316540.06,2.119136E+08,282550.92,28180.01,1.888480E+07,25179.68
1734265597,288400.04,2.147976E+08,282627.88,25680.00,1.914160E+07,25186.27
1734265607,289709.90,2.176947E+08,282719.86,25769.99,1.939930E+07,25193.85
1734265617,290149.95,2.205962E+08,282815.11,25810.00,1.965740E+07,25201.75
1734265627,280030.10,2.233965E+08,282779.86,25010.01,1.990750E+07,25199.32
1734265637,280910.01,2.262056E+08,282756.49,25110.00,2.015860E+07,25198.20
1734265647,259359.92,2.287992E+08,282467.64,23089.99,2.038950E+07,25172.18
1734265657,279940.09,2.315986E+08,282436.82,24910.01,2.063860E+07,25168.98
1734265667,155189.96,2.331505E+08,280903.73,13890.00,2.077750E+07,25033.09
1734265677,305990.01,2.362104E+08,281202.37,27220.00,2.104970E+07,25059.12
1734265687,308799.94,2.392984E+08,281527.05,27549.99,2.132520E+07,25088.43
1734265697,303720.13,2.423356E+08,281785.11,26960.01,2.159480E+07,25110.19
1734265707,297520.02,2.453108E+08,281965.97,26460.00,2.185940E+07,25125.71
1734265717,296899.99,2.482798E+08,282135.67,26560.00,2.212500E+07,25142.00
1734265727,286019.96,2.511400E+08,282179.32,25420.00,2.237920E+07,25145.13
1734265737,301430.06,2.541543E+08,282393.21,26970.01,2.264890E+07,25165.40
1734265747,308649.99,2.572408E+08,282681.75,27500.00,2.292390E+07,25191.06
1734265757,295549.79,2.601963E+08,282821.62,26269.98,2.318660E+07,25202.79
1734265767,302210.20,2.632184E+08,283030.10,27000.02,2.345660E+07,25222.11
1734265777,302159.88,2.662400E+08,283233.60,26779.99,2.372440E+07,25238.68
1734265787,285160.05,2.690916E+08,283253.88,25520.00,2.397960E+07,25241.65
1734265797,284220.04,2.719338E+08,283263.95,25380.00,2.423340E+07,25243.09
1734265807,287200.01,2.748058E+08,283304.53,25430.00,2.448770E+07,25245.01
1734265817,294809.70,2.777539E+08,283421.92,26419.97,2.475190E+07,25257.00
1734265827,295540.22,2.807093E+08,283544.33,26200.02,2.501390E+07,25266.53
1734265837,322990.10,2.839392E+08,283938.79,28770.01,2.530160E+07,25301.56
1734265847,307670.00,2.870159E+08,284173.75,27450.00,2.557610E+07,25322.83
1734265857,306480.02,2.900807E+08,284392.44,27280.00,2.584890E+07,25342.02
1734265867,292350.00,2.930042E+08,284469.70,26140.00,2.611030E+07,25349.77
1734265877,298049.97,2.959847E+08,284600.28,26500.00,2.637530E+07,25360.83
1734265887,303440.01,2.990191E+08,284779.70,27120.00,2.664650E+07,25377.58
1734265897,302699.93,3.020461E+08,284948.76,26899.99,2.691550E+07,25391.95
1734265907,290880.06,3.049549E+08,285004.19,25920.01,2.717470E+07,25396.88
1734265917,298610.02,3.079410E+08,285130.17,26590.00,2.744060E+07,25407.93
1734265927,297930.00,3.109203E+08,285247.60,26540.00,2.770600E+07,25418.31
1734265937,308280.00,3.140031E+08,285456.99,27490.00,2.798090E+07,25437.15
1734265947,259050.02,3.165936E+08,285219.09,23110.00,2.821200E+07,25416.18
1734265957,283219.90,3.194258E+08,285201.24,25269.99,2.846470E+07,25414.88
1734265967,305570.08,3.224815E+08,285381.49,27140.01,2.873610E+07,25430.14
1734265977,302200.00,3.255035E+08,285529.02,27080.00,2.900690E+07,25444.62
1734265987,291889.94,3.284224E+08,285584.34,25999.99,2.926690E+07,25449.45
1734265997,304590.06,3.314683E+08,285748.18,27100.01,2.953790E+07,25463.68
1734266007,288910.01,3.343574E+08,285775.20,25640.00,2.979430E+07,25465.18
1734266017,292139.90,3.372788E+08,285829.14,26099.99,3.005530E+07,25470.56
1734266027,300199.94,3.402808E+08,285949.90,26799.99,3.032330E+07,25481.73
1734266037,284240.05,3.431232E+08,285935.65,25370.00,3.057700E+07,25480.80
1734266047,299440.01,3.461176E+08,286047.26,26670.00,3.084370E+07,25490.63
1734266057,295550.12,3.490731E+08,286125.15,26240.01,3.110610E+07,25496.77
1734266067,163570.00,3.507088E+08,285128.77,14660.00,3.125270E+07,25408.67
1734266077,296149.98,3.536703E+08,285217.65,26260.00,3.151530E+07,25415.53
1734266087,302409.92,3.566944E+08,285355.19,27109.99,3.178640E+07,25429.09
1734266097,317640.05,3.598708E+08,285611.42,28200.00,3.206840E+07,25451.08
1734266107,304680.06,3.629176E+08,285761.56,27250.01,3.234090E+07,25465.25
1734266117,320759.99,3.661252E+08,286034.99,28490.00,3.262580E+07,25488.88
1734266127,185229.96,3.679775E+08,285253.55,16470.00,3.279050E+07,25418.96
1734266137,178180.04,3.697593E+08,284429.91,15900.00,3.294950E+07,25345.74
1734266147,189589.87,3.716552E+08,283705.94,16969.99,3.311920E+07,25281.80
1734266157,152030.05,3.731755E+08,282708.40,13570.00,3.325490E+07,25193.08
1734266167,179869.97,3.749742E+08,281935.18,15970.00,3.341460E+07,25123.73
1734266177,248600.14,3.774602E+08,281686.41,22210.01,3.363670E+07,25101.99
1734266187,297109.99,3.804313E+08,281800.66,26420.00,3.390090E+07,25111.75
1734266197,299990.01,3.834312E+08,281934.41,26760.00,3.416850E+07,25123.87
1734266207,293889.97,3.863701E+08,282021.67,26140.00,3.442990E+07,25131.29
1734266217,293979.87,3.893099E+08,282108.33,26159.99,3.469150E+07,25138.74
1734266227,296790.14,3.922778E+08,282213.95,26430.01,3.495580E+07,25148.03
1734266237,294940.01,3.952272E+08,282304.85,26380.00,3.521960E+07,25156.83
1734266247,295819.98,3.981854E+08,282400.70,26230.00,3.548190E+07,25164.44
1734266257,298960.02,4.011750E+08,282517.32,26640.00,3.574830E+07,25174.83
1734266267,292680.01,4.041018E+08,282588.38,26160.00,3.600990E+07,25181.72
1734266277,300830.01,4.071101E+08,282715.06,26880.00,3.627870E+07,25193.52
1734266287,305289.94,4.101630E+08,282870.75,27139.99,3.655010E+07,25206.94
1734266297,258919.95,4.127522E+08,282706.71,23090.00,3.678100E+07,25192.44
1734266307,256150.09,4.153137E+08,282526.05,22720.01,3.700820E+07,25175.62
1734266317,304849.92,4.183622E+08,282676.88,27269.99,3.728090E+07,25189.77
1734266327,281700.08,4.211792E+08,282670.33,25150.01,3.753240E+07,25189.51
1734266337,298109.96,4.241603E+08,282773.26,26570.00,3.779810E+07,25198.71
1734266347,305150.06,4.272118E+08,282921.45,27120.00,3.806930E+07,25211.43
1734266357,195669.97,4.291685E+08,282347.43,17500.00,3.824430E+07,25160.70
1734266367,129050.01,4.304590E+08,281345.49,11490.00,3.835920E+07,25071.35
1734266377,258089.94,4.330399E+08,281194.48,22979.99,3.858900E+07,25057.77
1734266387,287190.07,4.359118E+08,281233.16,25500.01,3.884400E+07,25060.62
1734266397,294899.98,4.388608E+08,281320.76,26380.00,3.910780E+07,25069.08
1734266407,291760.03,4.417784E+08,281387.26,26030.00,3.936810E+07,25075.20
1734266417,311929.99,4.448977E+08,281580.56,27660.00,3.964470E+07,25091.56
1734266427,289989.99,4.477976E+08,281633.45,25810.00,3.990280E+07,25096.08
1734266437,284889.93,4.506465E+08,281653.81,25489.99,4.015770E+07,25098.54
1734266447,299750.09,4.536440E+08,281766.21,26730.01,4.042500E+07,25108.67
1734266457,297460.00,4.566186E+08,281863.08,26440.00,4.068940E+07,25116.89
1734266467,284769.99,4.594663E+08,281880.92,25460.00,4.094400E+07,25119.00
1734266477,304650.00,4.625128E+08,282019.75,27040.00,4.121440E+07,25130.71
1734266487,289819.90,4.654110E+08,282067.02,25789.99,4.147230E+07,25134.71
1734266497,140420.06,4.668152E+08,281213.73,12640.01,4.159870E+07,25059.44
1734266507,294979.98,4.697650E+08,281296.16,26190.00,4.186060E+07,25066.21
1734266517,314190.01,4.729069E+08,281491.96,28050.00,4.214110E+07,25083.97
1734266527,290259.97,4.758095E+08,281543.84,25900.00,4.240010E+07,25088.80
1734266537,278930.03,4.785988E+08,281528.47,24810.00,4.264820E+07,25087.16
1734266547,301239.89,4.816112E+08,281643.74,26939.99,4.291760E+07,25097.99
1734266557,315600.04,4.847672E+08,281841.16,28110.00,4.319870E+07,25115.50
1734266567,310920.07,4.878764E+08,282009.24,27550.01,4.347420E+07,25129.57
1734266577,299719.87,4.908736E+08,282111.03,26739.99,4.374160E+07,25138.83
1734266587,322340.12,4.940970E+08,282340.91,28690.01,4.402850E+07,25159.12
1734266597,294489.96,4.970419E+08,282409.94,26400.00,4.429250E+07,25166.17
1734266607,314530.04,5.001872E+08,282591.41,28000.00,4.457250E+07,25182.18
1734266617,296240.00,5.031496E+08,282668.08,26270.00,4.483520E+07,25188.29
1734266627,267550.01,5.058251E+08,282583.63,23890.00,4.507410E+07,25181.04
1734266637,300689.98,5.088320E+08,282684.22,26870.00,4.534280E+07,25190.42
1734266647,292399.89,5.117560E+08,282737.89,26079.99,4.560360E+07,25195.34
1734266657,262970.12,5.143857E+08,282629.28,23310.01,4.583670E+07,25184.98
1734266667,252389.90,5.169096E+08,282464.04,22579.99,4.606250E+07,25170.75
1734266677,299730.13,5.199069E+08,282557.88,26740.01,4.632990E+07,25179.27
1734266687,290950.00,5.228164E+08,282603.24,25930.00,4.658920E+07,25183.33
1734266697,289089.25,5.257073E+08,282638.11,25689.93,4.684610E+07,25186.06
1734266707,307190.72,5.287792E+08,282769.41,27390.06,4.712000E+07,25197.84
1734266717,306209.99,5.318413E+08,282894.09,27230.00,4.739230E+07,25208.65
1734266727,302989.92,5.348712E+08,283000.42,27089.99,4.766320E+07,25218.60
1734266737,319820.05,5.380694E+08,283194.20,28450.00,4.794770E+07,25235.61
1734266747,284830.04,5.409177E+08,283202.77,25460.00,4.820230E+07,25236.79
1734266757,291910.00,5.438368E+08,283248.12,25990.00,4.846220E+07,25240.71
1734266767,296530.08,5.468021E+08,283316.94,26390.01,4.872610E+07,25246.66
1734266777,176549.98,5.485676E+08,282766.59,15670.00,4.888280E+07,25197.30
1734266787,158719.93,5.501548E+08,282130.46,14159.99,4.902440E+07,25140.70
1734266797,156050.08,5.517153E+08,281487.19,13870.01,4.916310E+07,25083.20
1734266807,140110.00,5.531164E+08,280769.54,12610.00,4.928920E+07,25019.88
1734266817,153799.99,5.546544E+08,280128.28,13720.00,4.942640E+07,24962.81
1734266827,240420.02,5.570586E+08,279928.74,21350.00,4.963990E+07,24944.66
1734266837,277499.92,5.598336E+08,279916.60,24779.99,4.988770E+07,24943.83
1734266847,306560.08,5.628992E+08,280049.15,27330.01,5.016100E+07,24955.70
1734266857,310169.88,5.660009E+08,280198.26,27489.99,5.043590E+07,24968.25
1734266867,298340.08,5.689843E+08,280287.63,26620.01,5.070210E+07,24976.39
1734266877,287980.01,5.718641E+08,280325.34,25780.00,5.095990E+07,24980.33
1734266887,298390.03,5.748480E+08,280413.46,26560.00,5.122550E+07,24988.03
1734266897,304229.94,5.778903E+08,280529.07,26979.99,5.149530E+07,24997.70
1734266907,281930.02,5.807096E+08,280535.84,25110.00,5.174640E+07,24998.24

Summary:
loaded 581760000 metrics in 2073.445sec with 10 workers (mean rate 280576.57 metrics/sec)
loaded 51840000 rows in 2073.445sec with 10 workers (mean rate 25001.87 rows/sec)
Run complete after 518400 queries with 10 workers (Overall query rate 250.02 queries/sec):
          :
min:     1.20ms, med:    13.17ms, mean:    18.92ms, max: 4324.86ms, stddev:    38.97ms, sum: 9808.1sec, count: 518400
all queries:
min:     1.20ms, med:    13.17ms, mean:    18.92ms, max: 4324.86ms, stddev:    38.97ms, sum: 9808.1sec, count: 518400
Saving Response Latencies to /home/benchUser/results/latenciesInserts_other.csv
