time,per. metric/s,metric total,overall metric/s,per. row/s,row total,overall row/s
1737909046,107406.65,1.074100E+06,107406.65,9674.70,9.675000E+04,9674.70
1737909056,253190.07,3.606000E+06,180297.21,22612.51,3.228750E+05,16143.50
1737909066,257397.53,6.179975E+06,205997.05,22935.00,5.522250E+05,18407.31
1737909076,257334.92,8.753325E+06,218831.42,22889.99,7.811250E+05,19527.97
1737909086,257262.54,1.132595E+07,226517.60,22852.50,1.009650E+06,20192.87
1737909096,254165.03,1.386760E+07,231125.48,22762.50,1.237275E+06,20621.14
1737909106,271139.98,1.657900E+07,236841.81,24052.50,1.477800E+06,21111.34
1737909116,268599.92,1.926500E+07,240811.56,24022.49,1.718025E+06,21475.23
1737909126,274600.09,2.201100E+07,244565.83,24465.01,1.962675E+06,21807.43
1737909136,271454.92,2.472555E+07,247254.73,24059.99,2.203275E+06,22032.68
1737909146,259932.58,2.732488E+07,248407.26,23205.01,2.435325E+06,22139.26
1737909156,242189.99,2.974678E+07,247889.15,21570.00,2.651025E+06,22091.82
1737909166,240232.50,3.214910E+07,247300.18,21427.50,2.865300E+06,22040.72
1737909176,194617.50,3.409528E+07,243537.14,17302.50,3.038325E+06,21702.27
1737909186,237109.97,3.646638E+07,243108.66,21225.00,3.250575E+06,21670.46
1737909196,249737.38,3.896375E+07,243522.96,22207.49,3.472650E+06,21704.02
1737909206,284445.17,4.180820E+07,245930.14,25417.51,3.726825E+06,21922.46
1737909216,293872.49,4.474692E+07,248593.60,26145.00,3.988275E+06,22157.05
1737909226,285927.53,4.760620E+07,250558.54,25432.50,4.242600E+06,22329.44
1737909236,275710.00,5.036330E+07,251816.11,24630.00,4.488900E+06,22444.47
1737909246,241920.00,5.278250E+07,251344.87,21525.00,4.704150E+06,22400.68
1737909256,250390.01,5.528640E+07,251301.47,22305.00,4.927200E+06,22396.33
1737909266,248709.88,5.777350E+07,251188.79,22094.99,5.148150E+06,22383.23
1737909276,243645.11,6.020995E+07,250874.47,21750.01,5.365650E+06,22356.85
1737909286,244704.96,6.265700E+07,250627.69,21907.50,5.584725E+06,22338.87
1737909296,255535.03,6.521235E+07,250816.43,22635.00,5.811075E+06,22350.26
1737909306,252767.51,6.774002E+07,250888.69,22635.00,6.037425E+06,22360.81
1737909316,250074.99,7.024078E+07,250859.63,22275.00,6.260175E+06,22357.74
1737909326,248072.49,7.272150E+07,250763.53,21997.50,6.480150E+06,22345.32
1737909336,255650.00,7.527800E+07,250926.41,22927.50,6.709425E+06,22364.73
1737909346,275619.91,7.803420E+07,251722.97,24517.49,6.954600E+06,22434.17
1737909356,264600.05,8.068020E+07,252125.38,23640.00,7.191000E+06,22471.85
1737909366,271725.06,8.339745E+07,252719.31,24075.00,7.431750E+06,22520.43
1737909376,266272.48,8.606018E+07,253117.93,23707.50,7.668825E+06,22555.35
1737909386,277242.43,8.883260E+07,253807.20,24824.99,7.917075E+06,22620.19
1737909396,251005.09,9.134265E+07,253729.37,22387.51,8.140950E+06,22613.73
1737909406,240035.01,9.374300E+07,253359.25,21285.00,8.353800E+06,22577.82
1737909416,243862.49,9.618162E+07,253109.33,21802.50,8.571825E+06,22557.42
1737909426,242957.51,9.861120E+07,252849.03,21667.50,8.788500E+06,22534.60
1737909436,242579.98,1.010370E+08,252592.30,21622.50,9.004725E+06,22511.80
1737909446,250697.49,1.035440E+08,252546.09,22350.00,9.228225E+06,22507.85
1737909456,227514.89,1.058191E+08,251950.11,20264.99,9.430875E+06,22454.45
1737909466,271492.63,1.085340E+08,252404.59,24120.01,9.672075E+06,22493.18
1737909476,269994.93,1.112340E+08,252804.37,24134.99,9.913425E+06,22530.50
1737909486,270690.09,1.139409E+08,253201.83,24007.51,1.015350E+07,22563.32
1737909496,244194.99,1.163828E+08,253006.03,21847.50,1.037198E+07,22547.76
1737909506,178645.00,1.181693E+08,251423.88,15952.50,1.053150E+07,22407.43
1737909516,247537.43,1.206447E+08,251342.91,21922.49,1.075072E+07,22397.33
1737909526,230652.56,1.229512E+08,250920.66,20677.51,1.095750E+07,22362.23
1737909536,235099.98,1.253022E+08,250604.24,20910.00,1.116660E+07,22333.19
1737909546,245340.02,1.277556E+08,250501.02,21780.00,1.138440E+07,22322.34
1737909556,236700.02,1.301226E+08,250235.62,21202.50,1.159642E+07,22300.80
1737909566,250989.93,1.326325E+08,250249.85,22387.49,1.182030E+07,22302.44
1737909576,249472.54,1.351272E+08,250235.46,22192.50,1.204222E+07,22300.40
1737909586,240622.53,1.375334E+08,250060.68,21352.50,1.225575E+07,22283.17
1737909596,194392.49,1.394774E+08,249066.60,17347.50,1.242922E+07,22195.03
1737909606,154097.45,1.410184E+08,247400.48,13770.00,1.256692E+07,22047.22
1737909616,164084.90,1.426592E+08,245964.00,14692.49,1.271385E+07,21920.42
1737909626,154555.01,1.442048E+08,244414.70,13740.00,1.285125E+07,21781.77
1737909636,140817.61,1.456129E+08,242688.08,12442.51,1.297568E+07,21626.11
1737909646,132012.43,1.469330E+08,240873.73,11887.49,1.309455E+07,21466.46
1737909656,240545.15,1.493385E+08,240868.43,21360.01,1.330815E+07,21464.75
1737909666,251499.96,1.518535E+08,241037.18,22455.00,1.353270E+07,21480.47
1737909676,240765.03,1.542612E+08,241032.93,21375.00,1.374645E+07,21478.82
1737909686,244284.91,1.567040E+08,241082.96,21854.99,1.396500E+07,21484.61
1737909696,241355.10,1.591176E+08,241087.08,21472.51,1.417972E+07,21484.42
1737909706,248319.90,1.616008E+08,241195.04,22034.99,1.440008E+07,21492.64
1737909716,245085.00,1.640516E+08,241252.24,21952.50,1.461960E+07,21499.40
1737909726,250615.08,1.665578E+08,241387.94,22335.01,1.484295E+07,21511.51
1737909736,240795.02,1.689657E+08,241379.47,21375.00,1.505670E+07,21509.56
1737909746,251245.00,1.714782E+08,241518.42,22432.50,1.528102E+07,21522.56
1737909756,252289.99,1.740010E+08,241668.02,22552.50,1.550655E+07,21536.87
1737909766,242505.01,1.764261E+08,241679.49,21615.00,1.572270E+07,21537.94
1737909776,248324.94,1.789094E+08,241769.29,22034.99,1.594305E+07,21544.65
1737909786,241875.06,1.813281E+08,241770.70,21525.01,1.615830E+07,21544.39
1737909796,229430.00,1.836224E+08,241608.32,20580.00,1.636410E+07,21531.70
1737909806,239262.42,1.860150E+08,241577.86,21187.49,1.657598E+07,21527.23
1737909816,220682.49,1.882218E+08,241309.97,19777.50,1.677375E+07,21504.80
1737909826,256975.11,1.907916E+08,241508.26,22845.01,1.700220E+07,21521.76
1737909836,258095.00,1.933726E+08,241715.59,22965.00,1.723185E+07,21539.80
1737909846,250374.99,1.958763E+08,241822.50,22305.00,1.745490E+07,21549.25
1737909856,252350.01,1.983998E+08,241950.88,22567.50,1.768058E+07,21561.67
1737909866,233959.99,2.007394E+08,241854.61,20835.00,1.788892E+07,21552.91
1737909876,235227.50,2.030917E+08,241775.71,21000.00,1.809892E+07,21546.33
1737909886,239142.50,2.054831E+08,241744.74,21157.50,1.831050E+07,21541.76
1737909896,227739.95,2.077605E+08,241581.89,20385.00,1.851435E+07,21528.31
1737909906,224687.55,2.100074E+08,241387.70,19927.50,1.871362E+07,21509.91
1737909916,238102.50,2.123884E+08,241350.37,21375.00,1.892738E+07,21508.37
1737909926,237334.97,2.147618E+08,241305.25,21007.50,1.913745E+07,21502.75
1737909936,238650.04,2.171482E+08,241275.75,21390.00,1.935135E+07,21501.49
1737909946,235294.99,2.195012E+08,241210.03,20977.50,1.956112E+07,21495.73
1737909956,234080.00,2.218420E+08,241132.53,20865.00,1.976978E+07,21488.88
1737909966,243787.51,2.242799E+08,241161.08,21675.00,1.998652E+07,21490.88
1737909976,231552.44,2.265954E+08,241058.86,20639.99,2.019292E+07,21481.83
1737909986,226885.05,2.288642E+08,240909.66,20242.50,2.039535E+07,21468.78
1737909996,232645.02,2.311907E+08,240823.57,20670.00,2.060205E+07,21460.46
1737910006,177099.96,2.329617E+08,240166.62,15765.00,2.075970E+07,21401.75
1737910016,244682.48,2.354085E+08,240212.70,21877.50,2.097848E+07,21406.60
1737910026,242715.06,2.378357E+08,240237.98,21645.01,2.119492E+07,21409.01
1737910036,241167.52,2.402474E+08,240247.28,21442.50,2.140935E+07,21409.34
1737910046,243024.91,2.426776E+08,240274.78,21674.99,2.162610E+07,21411.97
1737910056,246495.01,2.451426E+08,240335.76,21855.00,2.184465E+07,21416.32
1737910066,237477.57,2.475173E+08,240308.01,21247.51,2.205712E+07,21414.68
1737910076,251307.48,2.500304E+08,240413.77,22417.50,2.228130E+07,21424.32
1737910086,239630.00,2.524267E+08,240406.31,21225.00,2.249355E+07,21422.42
1737910096,243097.51,2.548577E+08,240431.70,21697.50,2.271052E+07,21425.02
1737910106,235429.98,2.572120E+08,240384.95,21045.00,2.292098E+07,21421.47
1737910116,231297.52,2.595250E+08,240300.81,20527.50,2.312625E+07,21413.19
1737910126,235535.00,2.618803E+08,240257.09,20970.00,2.333595E+07,21409.12
1737910136,243705.01,2.643174E+08,240288.43,21787.50,2.355382E+07,21412.56
1737910146,260579.99,2.669232E+08,240471.24,23302.50,2.378685E+07,21429.59
1737910156,243884.91,2.693620E+08,240501.72,21712.49,2.400398E+07,21432.11
1737910166,239330.00,2.717553E+08,240491.35,21292.50,2.421690E+07,21430.88
1737910176,251087.59,2.742662E+08,240584.30,22387.51,2.444078E+07,21439.27
1737910186,263767.23,2.769038E+08,240785.89,23384.98,2.467462E+07,21456.19
1737910196,255455.26,2.794584E+08,240912.35,22912.52,2.490375E+07,21468.74
1737910206,269745.00,2.821558E+08,241158.78,23887.50,2.514262E+07,21489.42
1737910216,251702.43,2.846729E+08,241248.14,22469.99,2.536732E+07,21497.73
1737910226,249954.98,2.871724E+08,241321.30,22245.00,2.558978E+07,21504.01
1737910236,233397.52,2.895064E+08,241255.27,20782.50,2.579760E+07,21497.99
1737910246,241237.55,2.919188E+08,241255.12,21562.50,2.601322E+07,21498.53
1737910256,134412.51,2.932629E+08,240379.37,12067.50,2.613390E+07,21421.22
1737910266,134469.90,2.946076E+08,239518.31,11849.99,2.625240E+07,21343.41
1737910276,122310.07,2.958307E+08,238573.09,10965.01,2.636205E+07,21259.71
1737910286,123189.88,2.970626E+08,237650.02,11054.99,2.647260E+07,21178.07
1737910296,137307.57,2.984357E+08,236853.65,12232.51,2.659492E+07,21107.08
1737910306,137150.01,2.998072E+08,236068.58,12210.00,2.671702E+07,21037.02
1737910316,169785.01,3.015050E+08,235550.74,15135.00,2.686838E+07,20990.91
1737910326,236982.57,3.038748E+08,235561.84,21037.51,2.707875E+07,20991.27
1737910336,229450.04,3.061694E+08,235514.83,20430.00,2.728305E+07,20986.96
1737910346,233637.50,3.085057E+08,235500.50,20782.50,2.749088E+07,20985.40
1737910356,243960.01,3.109453E+08,235564.59,21825.00,2.770912E+07,20991.76
1737910366,256392.49,3.135092E+08,235721.19,22740.00,2.793652E+07,21004.90
1737910376,245515.01,3.159644E+08,235794.27,22012.50,2.815665E+07,21012.42
1737910386,242572.50,3.183901E+08,235844.48,21622.50,2.837288E+07,21016.94
1737910396,246967.49,3.208598E+08,235926.27,21862.50,2.859150E+07,21023.16
1737910406,239774.97,3.232576E+08,235954.36,21495.00,2.880645E+07,21026.60
1737910416,245400.04,3.257116E+08,236022.81,21742.50,2.902388E+07,21031.79
1737910426,247284.96,3.281844E+08,236103.83,22170.00,2.924558E+07,21039.98
1737910436,253225.03,3.307166E+08,236226.13,22425.00,2.946982E+07,21049.87
1737910446,245695.01,3.331736E+08,236293.28,22027.50,2.969010E+07,21056.80
1737910456,246727.47,3.356409E+08,236366.76,21862.50,2.990872E+07,21062.48
1737910466,246272.52,3.381036E+08,236436.03,22072.50,3.012945E+07,21069.54
1737910476,247215.01,3.405758E+08,236510.89,21892.50,3.034838E+07,21075.26
1737910486,235497.50,3.429307E+08,236503.90,21030.00,3.055868E+07,21074.94
1737910496,244307.51,3.453738E+08,236557.35,21855.00,3.077722E+07,21080.29
1737910506,242400.00,3.477978E+08,236597.09,21600.00,3.099322E+07,21083.82
1737910516,177127.45,3.495691E+08,236195.27,15765.00,3.115088E+07,21047.88
1737910526,242732.55,3.519964E+08,236239.15,21637.50,3.136725E+07,21051.84
1737910536,253307.52,3.545295E+08,236352.93,22567.50,3.159292E+07,21061.95
1737910546,271155.00,3.572410E+08,236583.41,24150.00,3.183442E+07,21082.40
1737910556,246197.49,3.597030E+08,236646.66,21937.50,3.205380E+07,21088.02
1737910566,240202.51,3.621050E+08,236669.90,21457.50,3.226838E+07,21090.44
1737910576,238900.77,3.644940E+08,236684.39,21134.85,3.247972E+07,21090.73
1737910586,237924.22,3.668733E+08,236692.39,21360.15,3.269332E+07,21092.46
1737910596,233222.50,3.692055E+08,236670.15,20737.50,3.290070E+07,21090.19
1737910606,234869.91,3.715542E+08,236658.68,20947.49,3.311018E+07,21089.28
1737910616,239345.07,3.739476E+08,236675.68,21195.01,3.332212E+07,21089.95
1737910626,198355.02,3.759312E+08,236434.67,17827.50,3.350040E+07,21069.43
1737910636,237207.44,3.783033E+08,236439.50,20992.49,3.371032E+07,21068.95
1737910646,238575.06,3.806890E+08,236452.77,21405.01,3.392438E+07,21071.04
1737910656,241205.00,3.831011E+08,236482.10,21450.00,3.413888E+07,21073.38
1737910666,240494.98,3.855060E+08,236506.72,21330.00,3.435218E+07,21074.95
1737910676,236557.53,3.878716E+08,236507.03,21187.50,3.456405E+07,21075.64
1737910686,231459.92,3.901862E+08,236476.44,20504.99,3.476910E+07,21072.18
1737910696,237240.01,3.925586E+08,236481.04,21262.50,3.498172E+07,21073.32
1737910706,230634.97,3.948650E+08,236446.03,20452.50,3.518625E+07,21069.61
1737910716,243615.12,3.973011E+08,236488.71,21690.01,3.540315E+07,21073.30
1737910726,253489.97,3.998360E+08,236589.31,22725.00,3.563040E+07,21083.07
1737910736,248535.01,4.023214E+08,236659.57,22065.00,3.585105E+07,21088.85
1737910746,258349.98,4.049048E+08,236786.42,23010.00,3.608115E+07,21100.08
1737910756,252275.04,4.074276E+08,236876.47,22560.00,3.630675E+07,21108.57
1737910766,258559.98,4.100132E+08,237001.81,23040.00,3.653715E+07,21119.74
1737910776,221909.99,4.122323E+08,236915.07,19695.00,3.673410E+07,21111.55
1737910786,222370.01,4.144560E+08,236831.96,19890.00,3.693300E+07,21104.57
1737910796,223987.50,4.166959E+08,236758.98,19852.50,3.713152E+07,21097.45
1737910806,217507.45,4.188710E+08,236650.21,19365.00,3.732518E+07,21087.67
1737910816,220020.04,4.210712E+08,236556.78,19695.00,3.752212E+07,21079.84
1737910826,212204.99,4.231932E+08,236420.74,18990.00,3.771202E+07,21068.17
1737910836,209059.89,4.252838E+08,236268.74,18584.99,3.789788E+07,21054.37
1737910846,266460.17,4.279484E+08,236435.54,23737.52,3.813525E+07,21069.20
1737910856,254469.98,4.304931E+08,236534.63,22605.00,3.836130E+07,21077.63
1737910866,246910.02,4.329622E+08,236591.33,22087.50,3.858218E+07,21083.15
1737910876,225082.48,4.352130E+08,236528.78,20025.00,3.878242E+07,21077.40
1737910886,248282.53,4.376958E+08,236592.31,22020.00,3.900262E+07,21082.50
1737910896,221454.98,4.399104E+08,236510.93,19867.50,3.920130E+07,21075.96
1737910906,177400.00,4.416844E+08,236194.83,15795.00,3.935925E+07,21047.72
1737910916,129149.85,4.429759E+08,235625.44,11504.99,3.947430E+07,20996.96
1737910926,142935.16,4.444052E+08,235135.01,12622.51,3.960052E+07,20952.66
1737910936,124487.31,4.456501E+08,234552.66,11234.98,3.971288E+07,20901.51
1737910946,121462.69,4.468648E+08,233960.56,10837.52,3.982125E+07,20848.82
1737910956,121094.92,4.480757E+08,233372.72,10784.99,3.992910E+07,20796.40
1737910966,176950.12,4.498452E+08,233080.38,15735.01,4.008645E+07,20770.18
1737910976,215225.02,4.519974E+08,232988.34,19057.50,4.027702E+07,20761.35
1737910986,218159.91,4.541790E+08,232912.30,19439.99,4.047142E+07,20754.57
1737910996,221032.57,4.563894E+08,232851.69,19815.01,4.066958E+07,20749.78
1737911006,224222.51,4.586316E+08,232807.88,19882.50,4.086840E+07,20745.38
1737911016,226029.92,4.608919E+08,232773.65,20129.99,4.106970E+07,20742.27
1737911026,224672.53,4.631386E+08,232732.94,20047.50,4.127018E+07,20738.78
1737911036,227687.52,4.654155E+08,232707.71,20257.50,4.147275E+07,20736.37
1737911046,179770.04,4.672132E+08,232444.34,16125.00,4.163400E+07,20713.43
1737911056,243925.00,4.696524E+08,232501.18,21795.00,4.185195E+07,20718.78
1737911066,254424.98,4.721967E+08,232609.18,22500.00,4.207695E+07,20727.56
1737911076,243225.01,4.746290E+08,232661.21,21690.00,4.229385E+07,20732.28
1737911086,253684.99,4.771658E+08,232763.77,22755.00,4.252140E+07,20742.14
1737911096,247170.00,4.796375E+08,232833.70,21870.00,4.274010E+07,20747.62
1737911106,250689.99,4.821444E+08,232919.97,22350.00,4.296360E+07,20755.36
1737911116,258349.88,4.847279E+08,233042.22,23009.99,4.319370E+07,20766.20
1737911126,280302.63,4.875309E+08,233268.35,25057.51,4.344428E+07,20786.73
1737911136,278582.50,4.903168E+08,233484.13,24825.00,4.369252E+07,20805.96
1737911146,283965.01,4.931564E+08,233723.38,25342.50,4.394595E+07,20827.46
1737911156,275799.99,4.959144E+08,233921.85,24615.00,4.419210E+07,20845.33
1737911166,281600.00,4.987304E+08,234145.69,25050.00,4.444260E+07,20865.07
1737911176,282680.00,5.015572E+08,234372.49,25185.00,4.469445E+07,20885.25
1737911186,264282.49,5.042000E+08,234511.61,23437.50,4.492882E+07,20897.12
1737911196,275312.50,5.069532E+08,234700.50,24562.50,4.517445E+07,20914.09
1737911206,270565.02,5.096588E+08,234865.77,24217.50,4.541662E+07,20929.32
1737911216,270375.00,5.123626E+08,235028.66,23962.50,4.565625E+07,20943.23
1737911226,268945.00,5.150520E+08,235183.53,24075.00,4.589700E+07,20957.53
1737911236,258679.99,5.176388E+08,235290.33,23055.00,4.612755E+07,20967.07
1737911246,281162.35,5.204504E+08,235497.90,24982.49,4.637738E+07,20985.23
1737911256,274667.67,5.231971E+08,235674.34,24472.52,4.662210E+07,21000.94
1737911266,244922.48,5.256463E+08,235715.81,21937.50,4.684148E+07,21005.14
1737911276,230687.50,5.279532E+08,235693.36,20392.50,4.704540E+07,21002.41
1737911286,242175.02,5.303750E+08,235722.17,21577.50,4.726118E+07,21004.96
1737911296,252527.42,5.329002E+08,235796.53,22604.99,4.748722E+07,21012.04
1737911306,248732.56,5.353876E+08,235853.51,22065.00,4.770788E+07,21016.68
1737911316,242024.92,5.378078E+08,235880.58,21562.49,4.792350E+07,21019.08
1737911326,239220.08,5.402000E+08,235895.16,21465.01,4.813815E+07,21021.02
1737911336,247289.98,5.426729E+08,235944.71,21960.00,4.835775E+07,21025.11
1737911346,242204.94,5.450950E+08,235971.81,21569.99,4.857345E+07,21027.46
1737911356,220577.53,5.473007E+08,235905.45,19762.50,4.877108E+07,21022.01
1737911366,236772.35,5.496684E+08,235909.17,21007.49,4.898115E+07,21021.95
1737911376,246825.19,5.521367E+08,235955.82,22035.02,4.920150E+07,21026.28
1737911386,247600.00,5.546127E+08,236005.37,21945.00,4.942095E+07,21030.19
1737911396,250780.01,5.571205E+08,236067.98,22350.00,4.964445E+07,21035.78
1737911406,266564.97,5.597862E+08,236196.66,23752.50,4.988198E+07,21047.24
1737911416,262665.02,5.624128E+08,236307.87,23572.50,5.011770E+07,21057.85
1737911426,272729.95,5.651401E+08,236460.26,24240.00,5.036010E+07,21071.17
1737911436,272605.00,5.678662E+08,236610.87,24187.50,5.060198E+07,21084.15
1737911446,267502.48,5.705412E+08,236739.05,23865.00,5.084062E+07,21095.69
1737911456,268862.57,5.732298E+08,236871.79,24060.01,5.108122E+07,21107.94
1737911466,279414.90,5.760240E+08,237046.86,24764.99,5.132888E+07,21122.99
1737911476,285350.12,5.788774E+08,237244.83,25537.51,5.158425E+07,21141.08

Summary:
loaded 581760000 metrics in 2449.991sec with 10 workers (mean rate 237453.91 metrics/sec)
loaded 51840000 rows in 2449.991sec with 10 workers (mean rate 21159.26 rows/sec)
Run complete after 691200 queries with 10 workers (Overall query rate 282.12 queries/sec):
          :
1737911486,288254.99,5.817600E+08,237453.03,25575.00,5.184000E+07,21159.18
min:     0.87ms, med:     1.77ms, mean:     7.97ms, max: 2978.94ms, stddev:    20.55ms, sum: 5506.8sec, count: 691200
all queries:
min:     0.87ms, med:     1.77ms, mean:     7.97ms, max: 2978.94ms, stddev:    20.55ms, sum: 5506.8sec, count: 691200
Saving Response Latencies to /home/benchUser/results/latenciesInserts_other.csv
