time,per. metric/s,metric total,overall metric/s,per. row/s,row total,overall row/s
1738700416,122624.94,1.226475E+06,122624.94,10970.48,1.097250E+05,10970.48
1738700426,266849.98,3.894975E+06,194730.83,23790.00,3.476250E+05,17379.65
1738700436,264052.52,6.535500E+06,217836.64,23527.50,5.829000E+05,19428.81
1738700446,254102.50,9.076525E+06,226902.69,22702.50,8.099250E+05,20247.19
1738700456,258830.00,1.166482E+07,233287.91,23070.00,1.040625E+06,20811.73
1738700466,250797.50,1.417280E+07,236206.09,22357.50,1.264200E+06,21069.35
1738700476,242460.01,1.659740E+07,237099.48,21607.50,1.480275E+06,21146.23
1738700486,247739.96,1.907480E+07,238429.51,21952.50,1.699800E+06,21247.01
1738700496,243764.99,2.151245E+07,239022.33,21787.50,1.917675E+06,21307.06
1738700506,246422.40,2.397668E+07,239762.32,22004.99,2.137725E+06,21376.86
1738700516,251410.15,2.649078E+07,240821.20,22350.01,2.361225E+06,21465.32
1738700526,247374.98,2.896452E+07,241367.34,22125.00,2.582475E+06,21520.29
1738700536,247417.52,3.143870E+07,241832.73,21907.50,2.801550E+06,21550.08
1738700546,245049.84,3.388920E+07,242062.52,21959.99,3.021150E+06,21579.36
1738700556,248527.63,3.637448E+07,242493.52,22057.51,3.241725E+06,21611.23
1738700566,242917.43,3.880365E+07,242520.02,21674.99,3.458475E+06,21615.22
1738700576,245995.00,4.126360E+07,242724.43,21990.00,3.678375E+06,21637.27
1738700586,247245.10,4.373605E+07,242975.57,21990.01,3.898275E+06,21656.86
1738700596,250165.00,4.623770E+07,243353.96,22267.50,4.120950E+06,21689.00
1738700606,251094.85,4.874865E+07,243741.00,22409.99,4.345050E+06,21725.05
1738700616,264990.14,5.139855E+07,244752.86,23520.01,4.580250E+06,21810.52
1738700626,266190.00,5.406045E+07,245727.26,23707.50,4.817325E+06,21896.75
1738700636,259797.51,5.665842E+07,246339.01,23205.00,5.049375E+06,21953.63
1738700646,252477.50,5.918320E+07,246594.78,22582.50,5.275200E+06,21979.83
1738700656,239390.01,6.157710E+07,246306.59,21195.00,5.487150E+06,21948.44
1738700666,243974.97,6.401685E+07,246216.91,21832.50,5.705475E+06,21943.98
1738700676,243654.97,6.645340E+07,246122.02,21750.00,5.922975E+06,21936.79
1738700686,255580.02,6.900920E+07,246459.81,22642.50,6.149400E+06,21962.00
1738700696,258035.02,7.158955E+07,246858.95,22987.50,6.379275E+06,21997.36
1738700706,275672.35,7.434628E+07,247819.39,24584.99,6.625125E+06,22083.61
1738700716,281307.66,7.715935E+07,248899.65,25072.51,6.875850E+06,22180.03
1738700726,262122.52,7.978058E+07,249312.86,23452.50,7.110375E+06,22219.79
1738700736,266882.50,8.244940E+07,249845.27,23790.00,7.348275E+06,22267.38
1738700746,243345.00,8.488285E+07,249654.09,21727.50,7.565550E+06,22251.50
1738700756,240259.99,8.728545E+07,249385.69,21322.50,7.778775E+06,22224.95
1738700766,236895.00,8.965440E+07,249038.73,21187.50,7.990650E+06,22196.14
1738700776,239644.97,9.205085E+07,248784.84,21262.50,8.203275E+06,22170.90
1738700786,244134.89,9.449220E+07,248662.48,21824.99,8.421525E+06,22161.80
1738700796,246930.09,9.696150E+07,248618.06,21862.51,8.640150E+06,22154.13
1738700806,244260.07,9.940410E+07,248509.11,21840.01,8.858550E+06,22146.27
1738700816,244675.01,1.018508E+08,248415.59,21900.00,9.077550E+06,22140.27
1738700826,240259.99,1.042534E+08,248221.41,21322.50,9.290775E+06,22120.80
1738700836,271180.01,1.069652E+08,248755.33,24157.50,9.532350E+06,22168.16
1738700846,269219.93,1.096574E+08,249220.43,23939.99,9.771750E+06,22208.43
1738700856,251717.51,1.121746E+08,249275.92,22507.50,9.996825E+06,22215.08
1738700866,257427.56,1.147489E+08,249453.13,22867.51,1.022550E+07,22229.26
1738700876,194820.00,1.166971E+08,248290.73,17445.00,1.039995E+07,22127.47
1738700886,252469.93,1.192218E+08,248377.80,22544.99,1.062540E+07,22136.17
1738700896,254980.02,1.217716E+08,248512.54,22560.00,1.085100E+07,22144.81
1738700906,256565.05,1.243372E+08,248673.58,22935.00,1.108035E+07,22160.62
1738700916,263115.01,1.269684E+08,248956.75,23490.00,1.131525E+07,22186.68
1738700926,248662.47,1.294550E+08,248951.09,22072.50,1.153598E+07,22184.49
1738700936,235602.52,1.318110E+08,248699.23,21067.50,1.174665E+07,22163.41
1738700946,233615.00,1.341472E+08,248419.89,20775.00,1.195440E+07,22137.70
1738700956,240629.95,1.365535E+08,248278.26,21375.00,1.216815E+07,22123.83
1738700966,237570.06,1.389292E+08,248087.04,21300.01,1.238115E+07,22109.12
1738700976,234619.95,1.412754E+08,247850.78,20917.50,1.259032E+07,22088.22
1738700986,242459.57,1.437000E+08,247757.83,21607.46,1.280640E+07,22079.93
1738700996,237245.45,1.460724E+08,247579.65,21075.04,1.301715E+07,22062.90
1738701006,237725.00,1.484497E+08,247415.41,21180.00,1.322895E+07,22048.18
1738701016,168487.46,1.501346E+08,246121.51,14947.50,1.337842E+07,21931.78
1738701026,159620.04,1.517308E+08,244726.33,14280.00,1.352122E+07,21808.36
1738701036,147472.50,1.532055E+08,243182.62,13087.50,1.365210E+07,21669.94
1738701046,146759.97,1.546731E+08,241676.02,13155.00,1.378365E+07,21536.89
1738701056,131007.47,1.559832E+08,239973.43,11737.50,1.390102E+07,21386.13
1738701066,137727.42,1.573604E+08,238424.26,12292.49,1.402395E+07,21248.35
1738701076,210395.21,1.594644E+08,238005.91,18742.52,1.421138E+07,21210.95
1738701086,215982.51,1.616242E+08,237682.04,19185.00,1.440322E+07,21181.16
1738701096,225054.96,1.638748E+08,237499.04,19980.00,1.460302E+07,21163.75
1738701106,220142.55,1.660762E+08,237251.09,19710.00,1.480012E+07,21142.98
1738701116,217310.00,1.682493E+08,236970.23,19342.50,1.499355E+07,21117.62
1738701126,216765.00,1.704170E+08,236689.60,19230.00,1.518585E+07,21091.40
1738701136,236925.00,1.727862E+08,236692.83,21232.50,1.539818E+07,21093.34
1738701146,242894.94,1.752152E+08,236776.64,21667.49,1.561485E+07,21101.10
1738701156,232300.07,1.775382E+08,236716.95,20617.51,1.582102E+07,21094.65
1738701166,240869.99,1.799468E+08,236771.60,21390.00,1.603492E+07,21098.53
1738701176,246474.97,1.824116E+08,236897.62,22125.00,1.625618E+07,21111.87
1738701186,254185.03,1.849534E+08,237119.25,22485.00,1.648102E+07,21129.47
1738701196,253654.99,1.874900E+08,237328.56,22732.50,1.670835E+07,21149.76
1738701206,256240.02,1.900524E+08,237564.95,22725.00,1.693560E+07,21169.45
1738701216,258297.46,1.926354E+08,237820.91,23002.50,1.716562E+07,21192.08
1738701226,258492.49,1.952203E+08,238073.00,23032.50,1.739595E+07,21214.53
1738701236,261780.04,1.978381E+08,238358.63,23475.00,1.763070E+07,21241.76
1738701246,264635.00,2.004844E+08,238671.44,23497.50,1.786568E+07,21268.61
1738701256,256820.00,2.030526E+08,238884.95,22815.00,1.809382E+07,21286.81
1738701266,260434.99,2.056570E+08,239135.53,23287.50,1.832670E+07,21310.07
1738701276,260377.34,2.082608E+08,239379.69,23272.49,1.855942E+07,21332.63
1738701286,257740.15,2.108382E+08,239588.33,22935.01,1.878878E+07,21350.84
1738701296,257382.42,2.134120E+08,239788.27,22882.49,1.901760E+07,21368.05
1738701306,266272.42,2.160747E+08,240082.54,23707.49,1.925468E+07,21394.04
1738701316,277242.60,2.188472E+08,240490.89,24817.51,1.950285E+07,21431.66
1738701326,271515.08,2.215623E+08,240828.11,24045.01,1.974330E+07,21460.07
1738701336,229182.44,2.238541E+08,240702.88,20557.49,1.994888E+07,21450.36
1738701346,230507.43,2.261592E+08,240594.42,20392.49,2.015280E+07,21439.11
1738701356,254292.63,2.287021E+08,240738.61,22807.51,2.038088E+07,21453.51
1738701366,275267.48,2.314548E+08,241098.29,24555.00,2.062642E+07,21485.82
1738701376,185000.01,2.333048E+08,240519.96,16447.50,2.079090E+07,21433.88
1738701386,230335.01,2.356082E+08,240416.03,20415.00,2.099505E+07,21423.48
1738701396,217230.00,2.377804E+08,240181.83,19410.00,2.118915E+07,21403.14
1738701406,230395.00,2.400844E+08,240083.96,20565.00,2.139480E+07,21394.76
1738701416,226819.95,2.423526E+08,239952.63,20227.50,2.159708E+07,21383.20
1738701426,233125.06,2.446838E+08,239885.69,20730.01,2.180438E+07,21376.80
1738701436,231709.93,2.470010E+08,239806.32,20587.49,2.201025E+07,21369.14
1738701446,223705.06,2.492380E+08,239651.50,20062.51,2.221088E+07,21356.57
1738701456,285334.99,2.520914E+08,240086.58,25297.50,2.246385E+07,21394.11
1738701466,270202.50,2.547934E+08,240370.69,24172.50,2.270558E+07,21420.32
1738701476,241012.45,2.572035E+08,240376.69,21412.50,2.291970E+07,21420.24
1738701486,240840.01,2.596119E+08,240380.98,21405.00,2.313375E+07,21420.10
1738701496,257712.53,2.621890E+08,240539.98,23002.50,2.336378E+07,21434.62
1738701506,247937.51,2.646684E+08,240607.23,22215.00,2.358592E+07,21441.71
1738701516,224919.95,2.669176E+08,240465.91,20017.50,2.378610E+07,21428.88
1738701526,217130.00,2.690889E+08,240257.55,19320.00,2.397930E+07,21410.05
1738701536,235170.00,2.714406E+08,240212.53,20977.50,2.418908E+07,21406.23
1738701546,249007.53,2.739307E+08,240289.68,22125.00,2.441032E+07,21412.53
1738701556,253932.52,2.764700E+08,240408.31,22710.00,2.463742E+07,21423.81
1738701566,216419.96,2.786342E+08,240201.52,19275.00,2.483018E+07,21405.29
1738701576,226240.05,2.808966E+08,240082.19,20160.00,2.503178E+07,21394.65
1738701586,223739.99,2.831340E+08,239943.69,19822.50,2.523000E+07,21381.32
1738701596,219637.49,2.853304E+08,239773.05,19657.50,2.542658E+07,21366.84
1738701606,218227.51,2.875126E+08,239593.51,19447.50,2.562105E+07,21350.84
1738701616,215759.99,2.896702E+08,239396.54,19117.50,2.581222E+07,21332.38
1738701626,212615.01,2.917964E+08,239177.02,19057.50,2.600280E+07,21313.74
1738701636,219632.50,2.939927E+08,239018.12,19627.50,2.619908E+07,21300.03
1738701646,216207.50,2.961548E+08,238834.16,19192.50,2.639100E+07,21283.03
1738701656,224334.96,2.983982E+08,238718.17,19897.50,2.658998E+07,21271.95
1738701666,218460.04,3.005828E+08,238557.39,19470.00,2.678468E+07,21257.65
1738701676,132417.40,3.019069E+08,237721.64,11939.99,2.690408E+07,21184.28
1738701686,135782.58,3.032648E+08,236925.25,12045.01,2.702452E+07,21112.88
1738701696,127862.45,3.045434E+08,236079.80,11310.00,2.713762E+07,21036.89
1738701706,106412.46,3.056075E+08,235082.36,9562.50,2.723325E+07,20948.62
1738701716,120142.61,3.068089E+08,234204.96,10642.51,2.733968E+07,20869.95
1738701726,138237.49,3.081913E+08,233477.93,12367.50,2.746335E+07,20805.54
1738701736,188062.45,3.100719E+08,233136.46,16852.50,2.763188E+07,20775.82
1738701746,220844.97,3.122804E+08,233044.74,19575.00,2.782762E+07,20766.86
1738701756,228535.09,3.145657E+08,233011.33,20325.01,2.803088E+07,20763.58
1738701766,217552.51,3.167412E+08,232897.66,19365.00,2.822452E+07,20753.30
1738701776,213787.45,3.188791E+08,232758.17,19215.00,2.841668E+07,20742.07
1738701786,223350.01,3.211126E+08,232690.00,19770.00,2.861438E+07,20735.03
1738701796,219375.04,3.233064E+08,232594.21,19620.00,2.881058E+07,20727.00
1738701806,228642.45,3.255928E+08,232565.98,20422.50,2.901480E+07,20724.83
1738701816,223425.05,3.278270E+08,232501.15,19837.50,2.921318E+07,20718.54
1738701826,222467.48,3.300517E+08,232430.49,19830.00,2.941148E+07,20712.28
1738701836,221077.51,3.322625E+08,232351.10,19642.50,2.960790E+07,20704.80
1738701846,241184.98,3.346744E+08,232412.45,21457.50,2.982248E+07,20710.03
1738701856,235324.96,3.370276E+08,232432.53,20992.50,3.003240E+07,20711.97
1738701866,237960.07,3.394072E+08,232470.39,21345.01,3.024585E+07,20716.31
1738701876,234199.99,3.417492E+08,232482.16,20872.50,3.045458E+07,20717.37
1738701886,242520.00,3.441744E+08,232549.98,21607.50,3.067065E+07,20723.39
1738701896,238864.99,3.465630E+08,232592.36,21150.00,3.088215E+07,20726.25
1738701906,242084.99,3.489839E+08,232655.65,21555.00,3.109770E+07,20731.77
1738701916,181849.96,3.508024E+08,232319.19,16350.00,3.126120E+07,20702.76
1738701926,238940.08,3.531918E+08,232362.75,21180.01,3.147300E+07,20705.90
1738701936,252897.46,3.557208E+08,232496.96,22642.50,3.169942E+07,20718.55
1738701946,260082.53,3.583216E+08,232676.09,23167.50,3.193110E+07,20734.46
1738701956,261875.00,3.609404E+08,232864.47,23197.50,3.216308E+07,20750.35
1738701966,265499.95,3.635954E+08,233073.67,23677.50,3.239985E+07,20769.11
1738701976,230569.99,3.659010E+08,233057.72,20670.00,3.260655E+07,20768.48
1738701986,230530.01,3.682064E+08,233041.72,20392.50,3.281048E+07,20766.10
1738701996,237072.54,3.705771E+08,233067.07,21240.00,3.302288E+07,20769.08
1738702006,235410.01,3.729312E+08,233081.72,21015.00,3.323302E+07,20770.62
1738702016,227642.49,3.752076E+08,233047.93,20280.00,3.343582E+07,20767.57
1738702026,246502.50,3.776726E+08,233130.99,21855.00,3.365438E+07,20774.28
1738702036,232512.50,3.799978E+08,233127.19,20707.50,3.386145E+07,20773.87
1738702046,228985.00,3.822876E+08,233101.93,20475.00,3.406620E+07,20772.05
1738702056,222797.44,3.845156E+08,233039.48,19822.49,3.426442E+07,20766.29
1738702066,227552.47,3.867911E+08,233006.43,20212.50,3.446655E+07,20762.96
1738702076,222609.77,3.890172E+08,232944.17,20002.48,3.466658E+07,20758.41
1738702086,223740.33,3.912546E+08,232889.39,19852.53,3.486510E+07,20753.01
1738702096,212339.93,3.933780E+08,232767.79,19012.49,3.505522E+07,20742.71
1738702106,213800.06,3.955160E+08,232656.22,18877.51,3.524400E+07,20731.74
1738702116,235242.51,3.978684E+08,232671.34,20977.50,3.545378E+07,20733.18
1738702126,268342.49,4.005518E+08,232878.73,24007.50,3.569385E+07,20752.22
1738702136,266295.01,4.032148E+08,233071.89,23715.00,3.593100E+07,20769.34
1738702146,264885.01,4.058636E+08,233254.72,23512.50,3.616612E+07,20785.11
1738702156,268304.96,4.085467E+08,233455.01,23992.50,3.640605E+07,20803.44
1738702166,217784.99,4.107246E+08,233365.98,19380.00,3.659985E+07,20795.35
1738702176,225452.54,4.129791E+08,233321.27,20047.50,3.680032E+07,20791.12
1738702186,224747.50,4.152266E+08,233273.10,20032.50,3.700065E+07,20786.86
1738702196,229195.00,4.175185E+08,233250.32,20505.00,3.720570E+07,20785.29
1738702206,225144.96,4.197700E+08,233205.29,19995.00,3.740565E+07,20780.90
1738702216,224147.54,4.220114E+08,233155.25,19972.50,3.760538E+07,20776.43
1738702226,227612.49,4.242876E+08,233124.79,20250.00,3.780788E+07,20773.54
1738702236,223239.97,4.265200E+08,233070.78,20017.50,3.800805E+07,20769.41
1738702246,223582.51,4.287558E+08,233019.21,19912.50,3.820718E+07,20764.75
1738702256,230990.02,4.310657E+08,233008.24,20475.00,3.841192E+07,20763.18
1738702266,228182.45,4.333475E+08,232982.30,20377.50,3.861570E+07,20761.11
1738702276,233690.04,4.356844E+08,232986.08,20790.00,3.882360E+07,20761.26
1738702286,224462.50,4.379290E+08,232940.74,20017.50,3.902378E+07,20757.31
1738702296,227964.98,4.402087E+08,232914.42,20295.00,3.922672E+07,20754.86
1738702306,221732.53,4.424260E+08,232855.56,19905.00,3.942578E+07,20750.39
1738702316,224062.43,4.446666E+08,232809.53,19904.99,3.962482E+07,20745.96
1738702326,220577.57,4.468724E+08,232745.82,19710.01,3.982192E+07,20740.57
1738702336,150337.50,4.483758E+08,232318.83,13290.00,3.995482E+07,20701.96
1738702346,138665.00,4.497624E+08,231836.08,12420.00,4.007902E+07,20659.27
1738702356,131397.40,4.510764E+08,231321.01,11744.99,4.019648E+07,20613.56
1738702366,133780.11,4.524142E+08,230823.35,11812.51,4.031460E+07,20568.65
1738702376,112752.45,4.535417E+08,230224.01,10027.50,4.041488E+07,20515.15
1738702386,122257.55,4.547643E+08,229678.73,10957.50,4.052445E+07,20466.87
1738702396,187290.00,4.566372E+08,229465.72,16740.00,4.069185E+07,20448.15
1738702406,191989.94,4.585571E+08,229278.34,17024.99,4.086210E+07,20431.03
1738702416,210027.53,4.606574E+08,229182.56,18712.50,4.104922E+07,20422.48
1738702426,214177.48,4.627992E+08,229108.28,19162.50,4.124085E+07,20416.24
1738702436,224065.06,4.650398E+08,229083.44,19972.51,4.144058E+07,20414.06
1738702446,177075.01,4.668106E+08,228828.49,15757.50,4.159815E+07,20391.23
1738702456,272124.99,4.695318E+08,229039.70,24135.00,4.183950E+07,20409.49
1738702466,268762.51,4.722194E+08,229232.53,24052.50,4.208002E+07,20427.18
1738702476,270902.44,4.749284E+08,229433.83,24112.49,4.232115E+07,20444.98
1738702486,277142.56,4.776999E+08,229663.20,24637.51,4.256752E+07,20465.14
1738702496,276520.00,4.804651E+08,229887.39,24735.00,4.281488E+07,20485.57
1738702506,272342.38,4.831885E+08,230089.56,24157.49,4.305645E+07,20503.05
1738702516,226090.09,4.854494E+08,230070.61,20145.01,4.325790E+07,20501.36
1738702526,228834.97,4.877378E+08,230064.78,20505.00,4.346295E+07,20501.37
1738702536,224950.02,4.899872E+08,230040.76,19980.00,4.366275E+07,20498.93
1738702546,244659.98,4.924338E+08,230109.08,21900.00,4.388175E+07,20505.47
1738702556,223874.96,4.946726E+08,230080.08,19845.00,4.408020E+07,20502.40
1738702566,232895.00,4.970016E+08,230093.11,20707.50,4.428728E+07,20503.35
1738702576,221665.07,4.992182E+08,230054.27,19890.01,4.448618E+07,20500.52
1738702586,234762.50,5.015658E+08,230075.87,20940.00,4.469558E+07,20502.54
1738702596,240342.51,5.039692E+08,230122.75,21330.00,4.490888E+07,20506.32
1738702606,234409.99,5.063134E+08,230142.24,20895.00,4.511782E+07,20508.09
1738702616,236497.51,5.086783E+08,230171.00,21165.00,4.532948E+07,20511.06
1738702626,240402.50,5.110824E+08,230217.08,21345.00,4.554292E+07,20514.81
1738702636,240689.99,5.134892E+08,230264.05,21360.00,4.575652E+07,20518.60
1738702646,227995.00,5.157692E+08,230253.92,20407.50,4.596060E+07,20518.11
1738702656,216405.02,5.179332E+08,230192.37,19192.50,4.615252E+07,20512.22
1738702666,224087.49,5.201741E+08,230165.35,20055.00,4.635308E+07,20510.19
1738702676,221025.00,5.223844E+08,230125.09,19635.00,4.654942E+07,20506.34
1738702686,218684.94,5.245712E+08,230074.91,19514.99,4.674458E+07,20501.99
1738702696,214770.00,5.267189E+08,230008.08,19170.00,4.693628E+07,20496.17
1738702706,223652.56,5.289554E+08,229980.45,19987.51,4.713615E+07,20493.96
1738702716,218895.00,5.311444E+08,229932.46,19522.50,4.733138E+07,20489.76
1738702726,223920.00,5.333836E+08,229906.54,19882.50,4.753020E+07,20487.14
1738702736,223262.44,5.356162E+08,229878.03,19837.49,4.772858E+07,20484.35
1738702746,228122.56,5.378974E+08,229870.52,20317.51,4.793175E+07,20483.64
1738702756,227019.99,5.401676E+08,229858.39,20272.50,4.813448E+07,20482.74
1738702766,250224.98,5.426699E+08,229944.69,22282.50,4.835730E+07,20490.37
1738702776,258350.03,5.452534E+08,230064.55,23010.00,4.858740E+07,20501.00
1738702786,274824.99,5.480016E+08,230252.62,24495.00,4.883235E+07,20517.78
1738702796,284655.02,5.508482E+08,230480.24,25447.50,4.908682E+07,20538.40
1738702806,266142.51,5.535096E+08,230628.83,23700.00,4.932382E+07,20551.58
1738702816,248117.49,5.559908E+08,230701.40,21997.50,4.954380E+07,20557.58
1738702826,245612.49,5.584469E+08,230763.02,22027.50,4.976408E+07,20563.65
1738702836,231692.50,5.607638E+08,230766.84,20527.50,4.996935E+07,20563.50
1738702846,219344.95,5.629573E+08,230720.03,19620.00,5.016555E+07,20559.64
1738702856,244390.01,5.654012E+08,230775.83,21847.50,5.038402E+07,20564.89
1738702866,286970.00,5.682709E+08,231004.26,25402.50,5.063805E+07,20584.56
1738702876,259400.07,5.708649E+08,231119.22,23145.01,5.086950E+07,20594.92
1738702886,251379.99,5.733787E+08,231200.92,22455.00,5.109405E+07,20602.42
1738702896,260729.94,5.759860E+08,231319.51,23317.49,5.132722E+07,20613.33
1738702906,268732.55,5.786733E+08,231469.16,23865.00,5.156588E+07,20626.33
1738702916,264104.96,5.813144E+08,231599.18,23595.00,5.180182E+07,20638.16

Summary:
loaded 581760000 metrics in 2511.642sec with 10 workers (mean rate 231625.39 metrics/sec)
loaded 51840000 rows in 2511.642sec with 10 workers (mean rate 20639.89 rows/sec)
Run complete after 691200 queries with 10 workers (Overall query rate 275.20 queries/sec):
          :
min:     0.91ms, med:     1.90ms, mean:     8.61ms, max: 3046.78ms, stddev:    18.99ms, sum: 5948.6sec, count: 691200
all queries:
min:     0.91ms, med:     1.90ms, mean:     8.61ms, max: 3046.78ms, stddev:    18.99ms, sum: 5948.6sec, count: 691200
Saving Response Latencies to /home/benchUser/results/latenciesInserts_latest.csv
