time,per. metric/s,metric total,overall metric/s,per. row/s,row total,overall row/s
1737967144,181209.57,1.812200E+06,181209.57,16281.56,1.628250E+05,16281.56
1737967154,425079.98,6.063000E+06,303141.27,37747.50,5.403000E+05,27014.22
1737967164,423139.96,1.029440E+07,343140.07,37830.00,9.186000E+05,30619.41
1737967174,396339.87,1.425780E+07,356439.83,35332.49,1.271925E+06,31797.66
1737967184,428105.22,1.853885E+07,370772.73,38145.02,1.653375E+06,33067.12
1737967194,363794.95,2.217680E+07,369609.78,32422.50,1.977600E+06,32959.68
1737967204,427879.80,2.645560E+07,377934.00,38114.98,2.358750E+06,33696.15
1737967214,403880.20,3.049440E+07,381177.25,35985.02,2.718600E+06,33982.26
1737967224,402534.89,3.451975E+07,383550.31,35804.99,3.076650E+06,34184.78
1737967234,422262.54,3.874238E+07,387421.51,37717.50,3.453825E+06,34538.05
1737967244,391845.05,4.266082E+07,387823.65,34777.50,3.801600E+06,34559.82
1737967254,418457.55,4.684540E+07,390376.46,37380.00,4.175400E+06,34794.83
1737967264,430849.48,5.115390E+07,393489.76,38294.95,4.558350E+06,35064.07
1737967274,428465.45,5.543855E+07,395988.01,38190.04,4.940250E+06,35287.35
1737967284,348384.84,5.892240E+07,392814.48,31094.99,5.251200E+06,35007.86
1737967294,347485.21,6.239725E+07,389981.41,30967.52,5.560875E+06,34755.34
1737967304,330237.53,6.569962E+07,386467.08,29370.00,5.854575E+06,34438.56
1737967314,308539.87,6.878502E+07,382137.80,27584.99,6.130425E+06,34057.81
1737967324,281562.59,7.160065E+07,376844.38,25012.51,6.380550E+06,33581.74
1737967334,349535.02,7.509600E+07,375478.92,31245.00,6.693000E+06,33464.90
1737967344,392940.01,7.902540E+07,376310.40,34890.00,7.041900E+06,33532.77
1737967354,367584.85,8.270125E+07,375913.78,32924.99,7.371150E+06,33505.14
1737967364,400089.85,8.670215E+07,376964.91,35482.49,7.725975E+06,33591.11
1737967374,375327.76,9.045542E+07,376896.70,33600.02,8.061975E+06,33591.48
1737967384,340177.41,9.385720E+07,375427.93,30314.99,8.365125E+06,33460.42
1737967394,395222.60,9.780942E+07,376189.26,35212.51,8.717250E+06,33527.81
1737967404,400532.31,1.018148E+08,377090.86,35542.48,9.072675E+06,33602.43
1737967414,375605.03,1.055708E+08,377037.79,33630.00,9.408975E+06,33603.41
1737967424,398702.46,1.095578E+08,377784.85,35400.00,9.762975E+06,33665.36
1737967434,358452.30,1.131424E+08,377140.43,31994.98,1.008292E+07,33609.68
1737967444,325872.78,1.164011E+08,375486.64,29100.03,1.037392E+07,33464.21
1737967454,313107.43,1.195322E+08,373537.29,27862.49,1.065255E+07,33289.16
1737967464,380782.64,1.233400E+08,373756.85,33967.51,1.099222E+07,33309.71
1737967474,393967.41,1.272796E+08,374351.27,35024.99,1.134248E+07,33360.16
1737967484,338527.39,1.306649E+08,373327.74,30119.99,1.164368E+07,33267.59
1737967494,409552.75,1.347604E+08,374333.98,36547.52,1.200915E+07,33358.70
1737967504,366862.36,1.384291E+08,374132.05,32677.49,1.233592E+07,33340.29
1737967514,379655.10,1.422256E+08,374277.39,33825.01,1.267418E+07,33353.04
1737967524,401539.92,1.462410E+08,374976.43,35759.99,1.303178E+07,33414.76
1737967534,344185.07,1.496829E+08,374206.65,30795.01,1.333972E+07,33349.26
1737967544,393135.07,1.536142E+08,374668.32,34905.01,1.368878E+07,33387.21
1737967554,386872.48,1.574830E+08,374958.89,34440.00,1.403318E+07,33412.28
1737967564,238784.98,1.598708E+08,371792.06,21435.00,1.424752E+07,33133.73
1737967574,306012.43,1.629309E+08,370297.07,27254.99,1.452008E+07,33000.13
1737967584,427120.09,1.672021E+08,371559.80,38025.01,1.490032E+07,33111.79
1737967594,398301.70,1.711852E+08,372141.16,35534.48,1.525568E+07,33164.46
1737967604,386735.54,1.750525E+08,372451.67,34462.99,1.560030E+07,33192.09
1737967614,327310.03,1.783256E+08,371511.22,29010.00,1.589040E+07,33104.96
1737967624,419695.03,1.825226E+08,372494.56,37425.00,1.626465E+07,33193.12
1737967634,383174.96,1.863543E+08,372708.17,34237.50,1.660702E+07,33214.01
1737967644,397202.54,1.903263E+08,373188.45,35445.00,1.696148E+07,33257.76
1737967654,328232.57,1.936086E+08,372323.92,29107.51,1.725255E+07,33177.94
1737967664,381537.41,1.974240E+08,372497.75,34087.49,1.759342E+07,33195.11
1737967674,397917.48,2.014032E+08,372968.49,35497.50,1.794840E+07,33237.74
1737967684,400067.56,2.054039E+08,373461.20,35512.51,1.830352E+07,33279.10
1737967694,391892.49,2.093228E+08,373790.33,35055.00,1.865408E+07,33310.81
1737967704,363239.95,2.129552E+08,373605.24,32377.50,1.897785E+07,33294.44
1737967714,409175.05,2.170470E+08,374218.51,36360.00,1.934145E+07,33347.29
1737967724,404465.01,2.210916E+08,374731.16,36075.00,1.970220E+07,33393.53
1737967734,396670.01,2.250583E+08,375096.81,35370.00,2.005590E+07,33426.47
1737967744,395260.03,2.290109E+08,375427.35,35205.00,2.040795E+07,33455.62
1737967754,334305.01,2.323540E+08,374764.09,29827.50,2.070622E+07,33397.11
1737967764,301944.93,2.353734E+08,373608.23,26767.49,2.097390E+07,33291.87
1737967774,388987.58,2.392633E+08,373848.53,34702.51,2.132092E+07,33313.92
1737967784,389792.42,2.431612E+08,374093.82,34822.49,2.166915E+07,33337.12
1737967794,397719.95,2.471384E+08,374451.79,35460.00,2.202375E+07,33369.29
1737967804,318067.56,2.503191E+08,373610.24,28207.51,2.230582E+07,33292.25
1737967814,398949.79,2.543086E+08,373982.88,35654.98,2.266238E+07,33326.99
1737967824,399042.61,2.582990E+08,374346.06,35542.51,2.301780E+07,33359.10
1737967834,391252.64,2.622115E+08,374587.58,34807.51,2.336588E+07,33379.79
1737967844,356202.50,2.657736E+08,374328.64,31785.00,2.368372E+07,33357.33
1737967854,406049.88,2.698340E+08,374769.21,36262.49,2.404635E+07,33397.68
1737967864,403632.51,2.738704E+08,375164.60,35947.50,2.440582E+07,33432.61
1737967874,405642.62,2.779268E+08,375576.46,36135.01,2.476718E+07,33469.13
1737967884,384147.47,2.817683E+08,375690.74,34155.00,2.510872E+07,33478.27
1737967894,364694.96,2.854152E+08,375546.06,32550.00,2.543422E+07,33466.06
1737967904,397677.56,2.893920E+08,375833.49,35482.51,2.578905E+07,33492.25
1737967914,413347.45,2.935255E+08,376314.43,36787.50,2.615692E+07,33534.49
1737967924,401652.45,2.975420E+08,376635.17,35812.50,2.651505E+07,33563.33
1737967934,291262.50,3.004546E+08,375568.01,25972.50,2.677478E+07,33468.44
1737967944,296332.46,3.034180E+08,374589.79,26287.50,2.703765E+07,33379.79
1737967954,241679.92,3.058348E+08,372968.94,21502.49,2.725268E+07,33234.95
1737967964,260210.07,3.084368E+08,371610.40,23280.01,2.748548E+07,33115.01
1737967974,283437.52,3.112712E+08,370560.73,25275.00,2.773822E+07,33021.67
1737967984,291730.07,3.141885E+08,369633.31,26025.01,2.799848E+07,32939.36
1737967994,357574.96,3.177643E+08,369493.10,31837.50,2.831685E+07,32926.55
1737968004,360057.56,3.213648E+08,369384.64,32062.51,2.863748E+07,32916.62
1737968014,363142.46,3.249963E+08,369313.71,32325.00,2.896072E+07,32909.89
1737968024,377269.96,3.287690E+08,369403.10,33592.50,2.929665E+07,32917.56
1737968034,368297.58,3.324520E+08,369390.82,32940.01,2.962605E+07,32917.81
1737968044,354964.90,3.360016E+08,369232.29,31604.99,2.994210E+07,32903.39
1737968054,355639.98,3.395580E+08,369084.55,31695.00,3.025905E+07,32890.25
1737968064,361670.00,3.431747E+08,369004.82,32145.00,3.058050E+07,32882.24
1737968074,359130.07,3.467660E+08,368899.77,32092.51,3.090142E+07,32873.84
1737968084,248025.04,3.492462E+08,367627.41,22087.50,3.112230E+07,32760.30
1737968094,321009.93,3.524564E+08,367141.81,28477.49,3.140708E+07,32715.68
1737968104,386932.54,3.563257E+08,367345.84,34485.00,3.175192E+07,32733.92
1737968114,381649.80,3.601422E+08,367491.80,34049.98,3.209242E+07,32747.35
1737968124,397902.74,3.641212E+08,367798.98,35542.52,3.244785E+07,32775.59
1737968134,376644.83,3.678876E+08,367887.44,33427.49,3.278212E+07,32782.11
1737968144,340935.11,3.712970E+08,367620.58,30457.51,3.308670E+07,32759.09
1737968154,405119.96,3.753482E+08,367988.22,36142.50,3.344812E+07,32792.26
1737968164,359255.08,3.789408E+08,367903.44,31950.01,3.376762E+07,32784.08
1737968174,373329.83,3.826740E+08,367955.61,33209.98,3.409972E+07,32788.18
1737968184,392875.15,3.866028E+08,368192.94,35145.01,3.445118E+07,32810.62
1737968194,371440.04,3.903172E+08,368223.57,33105.00,3.478222E+07,32813.40
1737968204,391627.43,3.942335E+08,368442.30,34769.99,3.512992E+07,32831.69
1737968214,380832.46,3.980418E+08,368557.02,33997.50,3.546990E+07,32842.48
1737968224,384810.10,4.018899E+08,368706.14,34260.01,3.581250E+07,32855.49
1737968234,344469.98,4.053346E+08,368485.81,30810.00,3.612060E+07,32836.89
1737968244,401372.53,4.093483E+08,368782.08,35647.50,3.647708E+07,32862.21
1737968254,380022.49,4.131486E+08,368882.44,33877.50,3.681585E+07,32871.28
1737968264,395552.44,4.171041E+08,369118.46,35227.49,3.716812E+07,32892.13
1737968274,390992.45,4.210140E+08,369310.34,34965.00,3.751778E+07,32910.31
1737968284,356675.08,4.245808E+08,369200.47,31747.51,3.783525E+07,32900.20
1737968294,393175.01,4.285125E+08,369407.14,35025.00,3.818550E+07,32918.52
1737968304,396774.93,4.324802E+08,369641.06,35384.99,3.853935E+07,32939.60
1737968314,375197.36,4.362322E+08,369688.14,33322.49,3.887258E+07,32942.84
1737968324,413527.70,4.403675E+08,370056.54,36817.52,3.924075E+07,32975.40
1737968334,339847.50,4.437660E+08,369804.80,30307.50,3.954382E+07,32953.17
1737968344,371837.32,4.474844E+08,369821.60,33142.48,3.987525E+07,32954.74
1737968354,315780.12,4.506422E+08,369378.64,28177.51,4.015702E+07,32915.58
1737968364,282192.54,4.534641E+08,368669.81,25110.00,4.040812E+07,32852.12
1737968374,381592.27,4.572800E+08,368774.02,34087.48,4.074900E+07,32862.08
1737968384,402820.09,4.613082E+08,369046.39,35850.01,4.110750E+07,32885.98
1737968394,387397.47,4.651822E+08,369192.03,34492.50,4.145242E+07,32898.73
1737968404,201212.59,4.671943E+08,367869.36,17887.51,4.163130E+07,32780.54
1737968414,386970.06,4.710640E+08,368018.58,34470.00,4.197600E+07,32793.74
1737968424,375701.98,4.748210E+08,368078.15,33637.45,4.231238E+07,32800.28
1737968434,379918.03,4.786202E+08,368169.22,33862.55,4.265100E+07,32808.45
1737968444,369419.96,4.823144E+08,368178.77,32820.00,4.297920E+07,32808.54
1737968454,321579.78,4.855302E+08,367825.75,28589.98,4.326510E+07,32776.58
1737968464,381275.12,4.893430E+08,367926.87,34035.01,4.360545E+07,32786.04
1737968474,381967.59,4.931626E+08,368031.65,34132.51,4.394678E+07,32796.09
1737968484,370817.51,4.968708E+08,368052.29,33007.50,4.427685E+07,32797.65
1737968494,396572.52,5.008365E+08,368261.99,35362.50,4.463048E+07,32816.51
1737968504,298547.43,5.038220E+08,367753.13,26587.49,4.489635E+07,32771.04
1737968514,386540.06,5.076874E+08,367889.27,34395.01,4.524030E+07,32782.81
1737968524,365755.09,5.113450E+08,367873.91,32677.51,4.556708E+07,32782.05
1737968534,388425.01,5.152292E+08,368020.71,34605.00,4.591312E+07,32795.08
1737968544,393502.32,5.191642E+08,368201.43,35009.98,4.626322E+07,32810.78
1737968554,334297.56,5.225072E+08,367962.67,29827.51,4.656150E+07,32789.78
1737968564,379279.98,5.263000E+08,368041.81,33810.00,4.689960E+07,32796.91
1737968574,368482.58,5.299848E+08,368044.87,32737.51,4.722698E+07,32796.50
1737968584,333877.45,5.333236E+08,367809.23,29865.00,4.752562E+07,32776.28
1737968594,260419.94,5.359278E+08,367073.69,23137.49,4.775700E+07,32710.26
1737968604,272859.95,5.386564E+08,366432.78,24382.50,4.800082E+07,32653.61
1737968614,241905.10,5.410754E+08,365591.38,21532.51,4.821615E+07,32578.47
1737968624,236674.92,5.434422E+08,364726.17,21044.99,4.842660E+07,32501.06
1737968634,220020.08,5.456424E+08,363761.46,19500.01,4.862160E+07,32414.39
1737968644,242474.85,5.480672E+08,362958.24,21607.49,4.883768E+07,32342.82
1737968654,305487.74,5.511220E+08,362580.14,27315.02,4.911082E+07,32309.74
1737968664,382264.98,5.549447E+08,362708.80,33990.00,4.945072E+07,32320.72
1737968674,362572.41,5.585704E+08,362707.92,32287.49,4.977360E+07,32320.51
1737968684,390397.52,5.624744E+08,362886.56,34897.50,5.012258E+07,32337.13
1737968694,331002.57,5.657844E+08,362682.17,29482.51,5.041740E+07,32318.83
1737968704,363742.48,5.694218E+08,362688.93,32422.50,5.074162E+07,32319.49
1737968714,379392.46,5.732158E+08,362794.65,33780.00,5.107942E+07,32328.74
1737968724,401479.95,5.772306E+08,363037.95,35722.50,5.143665E+07,32350.08
1737968734,399347.63,5.812240E+08,363264.88,35677.51,5.179342E+07,32370.88

Summary:
loaded 581760000 metrics in 1602.475sec with 10 workers (mean rate 363038.36 metrics/sec)
loaded 51840000 rows in 1602.475sec with 10 workers (mean rate 32349.95 rows/sec)
Run complete after 691200 queries with 10 workers (Overall query rate 431.33 queries/sec):
          :
min:     0.93ms, med:     9.67ms, mean:    13.85ms, max: 3269.63ms, stddev:    21.57ms, sum: 9571.1sec, count: 691200
all queries:
min:     0.93ms, med:     9.67ms, mean:    13.85ms, max: 3269.63ms, stddev:    21.57ms, sum: 9571.1sec, count: 691200
Saving Response Latencies to /home/benchUser/results/latenciesInserts_latest.csv
