time,per. metric/s,metric total,overall metric/s,per. row/s,row total,overall row/s
1737967144,196011.84,1.960200E+06,196011.84,17549.27,1.755000E+05,17549.27
1737967154,422292.48,6.183125E+06,309149.81,37717.50,5.526750E+05,27633.17
1737967164,417892.39,1.036205E+07,345396.84,37139.99,9.240750E+05,30802.07
1737967174,411615.10,1.447820E+07,361951.23,36652.51,1.290600E+06,32264.66
1737967184,412079.98,1.859900E+07,371976.90,36720.00,1.657800E+06,33155.72
1737967194,437849.94,2.297750E+07,382955.66,39089.99,2.048700E+06,34144.76
1737967204,330620.01,2.628370E+07,375479.18,29445.00,2.343150E+06,33473.37
1737967214,449952.48,3.078322E+07,384788.30,40005.00,2.743200E+06,34289.82
1737967224,411539.92,3.489862E+07,387760.69,36697.49,3.110175E+06,34557.34
1737967234,402371.70,3.892235E+07,389221.79,35947.43,3.469650E+06,34696.35
1737967244,424908.54,4.317142E+07,392466.02,37837.59,3.848025E+06,34981.91
1737967254,389649.78,4.706792E+07,392231.33,34784.98,4.195875E+06,34965.50
1737967264,420887.72,5.127680E+07,394435.66,37492.52,4.570800E+06,35159.89
1737967274,434187.38,5.561868E+07,397275.06,38647.49,4.957275E+06,35409.00
1737967284,356074.89,5.917942E+07,394528.39,31747.49,5.274750E+06,35164.90
1737967294,333337.59,6.251280E+07,390703.98,29715.01,5.571900E+06,34824.28
1737967304,319680.00,6.570960E+07,386526.10,28410.00,5.856000E+06,34446.97
1737967314,306042.49,6.877002E+07,382054.80,27217.50,6.128175E+06,34045.34
1737967324,306987.57,7.183990E+07,378103.91,27352.51,6.401700E+06,33693.08
1737967334,368170.01,7.552160E+07,377607.21,32940.00,6.731100E+06,33655.43
1737967344,344895.02,7.897055E+07,376049.49,30705.00,7.038150E+06,33514.93
1737967354,386234.94,8.283290E+07,376512.47,34334.99,7.381500E+06,33552.21
1737967364,374135.03,8.657425E+07,376409.10,33450.00,7.716000E+06,33547.77
1737967374,401230.01,9.058655E+07,377443.30,35625.00,8.072250E+06,33634.32
1737967384,371694.79,9.430350E+07,377213.36,33127.48,8.403525E+06,33614.04
1737967394,363060.22,9.793410E+07,376669.01,32332.52,8.726850E+06,33564.75
1737967404,376189.74,1.016960E+08,376651.26,33674.98,9.063600E+06,33568.84
1737967414,402957.80,1.057256E+08,377590.78,35902.53,9.422625E+06,33652.18
1737967424,384672.48,1.095723E+08,377834.97,34132.50,9.763950E+06,33668.74
1737967434,390429.78,1.134766E+08,378254.80,34912.48,1.011308E+07,33710.20
1737967444,293174.97,1.164084E+08,375510.29,26130.00,1.037438E+07,33465.68
1737967454,293999.86,1.193484E+08,372963.09,26069.99,1.063508E+07,33234.56
1737967464,394622.66,1.232946E+08,373619.44,35197.51,1.098705E+07,33294.05
1737967474,397142.74,1.272660E+08,374311.30,35355.02,1.134060E+07,33354.66
1737967484,396137.50,1.312274E+08,374934.91,35302.50,1.169362E+07,33410.32
1737967494,341639.94,1.346438E+08,374010.05,30554.99,1.199918E+07,33331.00
1737967504,378470.01,1.384285E+08,374130.59,33667.50,1.233585E+07,33340.10
1737967514,380577.50,1.422342E+08,374300.24,33960.00,1.267545E+07,33356.41
1737967524,385214.85,1.460864E+08,374580.11,34214.99,1.301760E+07,33378.43
1737967534,308277.69,1.491692E+08,372922.55,27502.52,1.329262E+07,33231.53
1737967544,280865.03,1.519778E+08,370677.25,25035.00,1.354298E+07,33031.61
1737967554,389879.35,1.558766E+08,371134.44,34739.94,1.389038E+07,33072.29
1737967564,404210.58,1.599187E+08,371903.65,36030.05,1.425068E+07,33141.07
1737967574,387682.58,1.637956E+08,372262.26,34537.51,1.459605E+07,33172.81
1737967584,356614.92,1.673617E+08,371914.54,31844.99,1.491450E+07,33143.30
1737967594,367562.49,1.710373E+08,371819.93,32737.50,1.524188E+07,33134.48
1737967604,403302.61,1.750704E+08,372489.78,35977.51,1.560165E+07,33194.97
1737967614,370284.90,1.787732E+08,372443.84,33037.49,1.593202E+07,33191.69
1737967624,392692.54,1.827001E+08,372857.08,34845.00,1.628048E+07,33225.43
1737967634,350382.54,1.862040E+08,372407.59,31357.50,1.659405E+07,33188.07
1737967644,388485.03,1.900888E+08,372722.83,34620.00,1.694025E+07,33216.15
1737967654,365564.97,1.937444E+08,372585.18,32490.00,1.726515E+07,33202.18
1737967664,396617.53,1.977106E+08,373038.62,35302.50,1.761818E+07,33241.81
1737967674,380907.26,2.015197E+08,373184.34,33907.48,1.795725E+07,33254.14
1737967684,351830.19,2.050380E+08,372796.08,31507.52,1.827232E+07,33222.38
1737967694,402972.51,2.090677E+08,373334.95,35895.00,1.863128E+07,33270.11
1737967704,386584.93,2.129336E+08,373567.40,34402.49,1.897530E+07,33289.98
1737967714,403452.62,2.169681E+08,374082.66,35925.01,1.933455E+07,33335.41
1737967724,395357.44,2.209217E+08,374443.25,35197.49,1.968652E+07,33366.97
1737967734,348819.87,2.244099E+08,374016.20,31154.99,1.999808E+07,33330.10
1737967744,393835.14,2.283482E+08,374341.10,34987.51,2.034795E+07,33357.27
1737967754,404914.95,2.323974E+08,374834.22,36127.50,2.070922E+07,33401.95
1737967764,223690.01,2.346343E+08,372435.11,19927.50,2.090850E+07,33188.07
1737967774,409125.05,2.387255E+08,373008.39,36577.50,2.127428E+07,33241.03
1737967784,348647.51,2.422120E+08,372633.61,31042.50,2.158470E+07,33207.21
1737967794,385227.36,2.460643E+08,372824.42,34297.49,2.192768E+07,33223.73
1737967804,412412.62,2.501884E+08,373415.29,36757.51,2.229525E+07,33276.47
1737967814,386734.97,2.540558E+08,373611.17,34417.50,2.263942E+07,33293.25
1737967824,395964.96,2.580154E+08,373935.14,35287.50,2.299230E+07,33322.15
1737967834,381735.04,2.618328E+08,374046.56,34095.00,2.333325E+07,33333.19
1737967844,402025.08,2.658530E+08,374440.63,35745.01,2.369070E+07,33367.16
1737967854,397789.90,2.698309E+08,374764.92,35519.99,2.404590E+07,33397.06
1737967864,393345.06,2.737644E+08,375019.44,34935.01,2.439525E+07,33418.13
1737967874,358303.03,2.773474E+08,374793.54,32054.82,2.471580E+07,33399.71
1737967884,388142.11,2.812288E+08,374971.52,34590.19,2.506170E+07,33415.58
1737967894,403752.56,2.852663E+08,375350.22,35977.51,2.542148E+07,33449.29
1737967904,315119.88,2.884175E+08,374568.01,28079.99,2.570228E+07,33379.56
1737967914,303677.61,2.914543E+08,373659.16,26902.51,2.597130E+07,33296.52
1737967924,398449.82,2.954388E+08,373972.97,35624.98,2.632755E+07,33325.99
1737967934,273135.13,2.981702E+08,372712.49,24270.01,2.657025E+07,33212.80
1737967944,271044.88,3.008806E+08,371457.34,24194.99,2.681220E+07,33101.46
1737967954,241935.10,3.033000E+08,369877.80,21585.01,2.702805E+07,32961.02
1737967964,303047.28,3.063304E+08,369072.61,26932.48,2.729738E+07,32888.39
1737967974,299477.70,3.093252E+08,368244.10,26722.52,2.756460E+07,32814.98
1737967984,325152.46,3.125767E+08,367737.14,29047.50,2.785508E+07,32770.66
1737967994,371259.85,3.162893E+08,367778.10,33059.99,2.818568E+07,32774.02
1737968004,342697.70,3.197163E+08,367489.82,30442.52,2.849010E+07,32747.23
1737968014,397224.97,3.236886E+08,367827.72,35347.50,2.884358E+07,32776.77
1737968024,382077.46,3.275093E+08,367987.83,34155.00,2.918512E+07,32792.26
1737968034,398067.22,3.314900E+08,368322.05,35519.97,2.954032E+07,32822.57
1737968044,383300.26,3.353230E+08,368486.64,33997.52,2.988030E+07,32835.48
1737968054,351860.03,3.388416E+08,368305.92,31515.00,3.019545E+07,32821.13
1737968064,393344.99,3.427750E+08,368575.16,34972.50,3.054518E+07,32844.26
1737968074,394592.57,3.467210E+08,368851.94,35085.01,3.089602E+07,32868.10
1737968084,248964.95,3.492106E+08,367589.97,22215.00,3.111818E+07,32755.96
1737968094,390404.93,3.531147E+08,367827.63,34814.99,3.146632E+07,32777.41
1737968104,335272.63,3.564674E+08,367492.01,29925.01,3.176558E+07,32748.00
1737968114,368777.36,3.601552E+08,367505.12,32864.99,3.209422E+07,32749.20
1737968124,396984.92,3.641250E+08,367802.90,35414.99,3.244838E+07,32776.12
1737968134,376412.60,3.678892E+08,367889.00,33390.01,3.278228E+07,32782.26
1737968144,333885.03,3.712280E+08,367552.32,29872.50,3.308100E+07,32753.45
1737968154,410667.60,3.753347E+08,367975.02,36532.51,3.344632E+07,32790.50
1737968164,378619.87,3.791209E+08,368078.37,33682.49,3.378315E+07,32799.16
1737968174,390872.63,3.830296E+08,368297.54,34965.01,3.413280E+07,32819.99
1737968184,384432.40,3.868739E+08,368451.21,34117.49,3.447398E+07,32832.34
1737968194,375140.01,3.906253E+08,368514.31,33570.00,3.480968E+07,32839.30
1737968204,392632.58,3.945516E+08,368739.72,34845.01,3.515812E+07,32858.05
1737968214,383137.45,3.983830E+08,368873.03,34290.00,3.550102E+07,32871.31
1737968224,402857.50,4.024116E+08,369184.81,35857.50,3.585960E+07,32898.70
1737968234,378949.85,4.062011E+08,369273.59,33727.49,3.619688E+07,32906.24
1737968244,371545.15,4.099166E+08,369294.05,33097.51,3.652785E+07,32907.96
1737968254,404464.98,4.139612E+08,369608.08,36075.00,3.688860E+07,32936.24
1737968264,397280.07,4.179340E+08,369852.96,35445.01,3.724305E+07,32958.44
1737968274,395242.54,4.218864E+08,370075.68,35197.50,3.759502E+07,32978.08
1737968284,389109.90,4.257775E+08,370241.19,34724.99,3.794228E+07,32993.27
1737968294,361235.04,4.293899E+08,370163.55,32085.00,3.826312E+07,32985.44
1737968304,403317.50,4.334230E+08,370446.92,35902.50,3.862215E+07,33010.37
1737968314,389814.99,4.373212E+08,370611.06,34830.00,3.897045E+07,33025.79
1737968324,255767.49,4.398789E+08,369645.98,22672.50,3.919718E+07,32938.79
1737968334,367202.55,4.435509E+08,369625.62,32872.50,3.952590E+07,32938.24
1737968344,417689.70,4.477278E+08,370022.85,37109.97,3.989700E+07,32972.72
1737968354,408952.66,4.518173E+08,370341.94,36487.51,4.026188E+07,33001.53
1737968364,374702.61,4.555644E+08,370377.39,33337.51,4.059525E+07,33004.26
1737968374,405567.38,4.596200E+08,370661.18,36217.49,4.095742E+07,33030.17
1737968384,436577.62,4.639858E+08,371188.52,38910.01,4.134652E+07,33077.21
1737968394,265842.44,4.666442E+08,370352.44,23670.00,4.158322E+07,33002.55
1737968404,411577.56,4.707600E+08,370677.04,36637.50,4.194960E+07,33031.17
1737968414,344822.58,4.742082E+08,370475.06,30697.51,4.225658E+07,33012.94
1737968424,397959.89,4.781878E+08,370688.12,35459.99,4.261118E+07,33031.91
1737968434,408870.05,4.822765E+08,370981.82,36495.00,4.297612E+07,33058.55
1737968444,418307.40,4.864596E+08,371343.09,37349.99,4.334962E+07,33091.31
1737968454,417614.93,4.906358E+08,371693.63,37102.49,4.372065E+07,33121.69
1737968464,354890.12,4.941846E+08,371567.29,31590.01,4.403655E+07,33110.18
1737968474,412605.06,4.983107E+08,371873.54,36795.01,4.440450E+07,33137.68
1737968484,411187.30,5.024226E+08,372164.75,36592.48,4.477042E+07,33163.27
1737968494,399230.12,5.064149E+08,372363.76,35730.01,4.512772E+07,33182.14
1737968504,417585.08,5.105907E+08,372693.85,37095.01,4.549868E+07,33210.70
1737968514,354567.45,5.141364E+08,372562.50,31552.50,4.581420E+07,33198.69
1737968524,406559.97,5.182020E+08,372807.08,36345.00,4.617765E+07,33221.32
1737968534,394049.89,5.221425E+08,372958.82,35024.99,4.652790E+07,33234.20
1737968544,396595.14,5.261084E+08,373126.45,35377.51,4.688168E+07,33249.41
1737968554,407594.98,5.301844E+08,373369.19,36390.00,4.724558E+07,33271.52
1737968564,358339.91,5.337678E+08,373264.09,31792.49,4.756350E+07,33261.18
1737968574,406460.08,5.378324E+08,373494.61,36330.01,4.792680E+07,33282.49
1737968584,364705.04,5.414794E+08,373434.00,32535.00,4.825215E+07,33277.34
1737968594,313677.35,5.446162E+08,373024.70,27907.49,4.853122E+07,33240.56
1737968604,297827.56,5.475945E+08,372513.16,26467.51,4.879590E+07,33194.48
1737968614,274929.99,5.503438E+08,371853.81,24510.00,4.904100E+07,33135.80
1737968624,267195.02,5.530158E+08,371151.41,23842.50,4.927942E+07,33073.43
1737968634,215172.69,5.551675E+08,370111.54,19147.29,4.947090E+07,32980.59
1737968644,274257.96,5.579100E+08,369476.75,24465.26,4.971555E+07,32924.20
1737968654,326147.57,5.611715E+08,369191.69,29032.51,5.000588E+07,32898.59
1737968664,375327.43,5.649248E+08,369231.79,33547.49,5.034135E+07,32902.83
1737968674,375849.96,5.686833E+08,369274.77,33375.00,5.067510E+07,32905.90
1737968684,308909.89,5.717724E+08,368885.32,27614.99,5.095125E+07,32871.77
1737968694,311495.12,5.748874E+08,368517.43,27660.01,5.122785E+07,32838.36
1737968704,358407.41,5.784714E+08,368453.04,32017.49,5.154802E+07,32833.13

Summary:
loaded 581760000 metrics in 1578.874sec with 10 workers (mean rate 368465.01 metrics/sec)
loaded 51840000 rows in 1578.874sec with 10 workers (mean rate 32833.52 rows/sec)
Run complete after 691200 queries with 10 workers (Overall query rate 437.78 queries/sec):
          :
min:     0.88ms, med:     8.18ms, mean:    13.50ms, max: 2943.61ms, stddev:    21.71ms, sum: 9333.2sec, count: 691200
all queries:
min:     0.88ms, med:     8.18ms, mean:    13.50ms, max: 2943.61ms, stddev:    21.71ms, sum: 9333.2sec, count: 691200
Saving Response Latencies to /home/benchUser/results/latenciesInserts_other.csv
