After 500 queries with 10 workers:
Interval query rate: 3.88 queries/sec	Overall query rate: 3.88 queries/sec
VictoriaMetrics mean of 10 metrics, all hosts, random 12h0m0s by 1h:
min:   644.96ms, med:  2573.70ms, mean:  2550.63ms, max: 2937.34ms, stddev:   209.91ms, sum: 1275.3sec, count: 500
all queries                                                        :
min:   644.96ms, med:  2573.70ms, mean:  2550.63ms, max: 2937.34ms, stddev:   209.91ms, sum: 1275.3sec, count: 500

After 1000 queries with 10 workers:
Interval query rate: 3.87 queries/sec	Overall query rate: 3.88 queries/sec
VictoriaMetrics mean of 10 metrics, all hosts, random 12h0m0s by 1h:
min:   644.96ms, med:  2572.80ms, mean:  2565.42ms, max: 3013.89ms, stddev:   178.89ms, sum: 2565.4sec, count: 1000
all queries                                                        :
min:   644.96ms, med:  2572.80ms, mean:  2565.42ms, max: 3013.89ms, stddev:   178.89ms, sum: 2565.4sec, count: 1000

After 1500 queries with 10 workers:
Interval query rate: 3.89 queries/sec	Overall query rate: 3.88 queries/sec
VictoriaMetrics mean of 10 metrics, all hosts, random 12h0m0s by 1h:
min:   644.96ms, med:  2578.56ms, mean:  2567.99ms, max: 3013.89ms, stddev:   166.03ms, sum: 3852.0sec, count: 1500
all queries                                                        :
min:   644.96ms, med:  2578.56ms, mean:  2567.99ms, max: 3013.89ms, stddev:   166.03ms, sum: 3852.0sec, count: 1500

After 2000 queries with 10 workers:
Interval query rate: 3.78 queries/sec	Overall query rate: 3.86 queries/sec
VictoriaMetrics mean of 10 metrics, all hosts, random 12h0m0s by 1h:
min:   644.96ms, med:  2590.46ms, mean:  2587.43ms, max: 3361.15ms, stddev:   169.21ms, sum: 5174.9sec, count: 2000
all queries                                                        :
min:   644.96ms, med:  2590.46ms, mean:  2587.43ms, max: 3361.15ms, stddev:   169.21ms, sum: 5174.9sec, count: 2000

After 2500 queries with 10 workers:
Interval query rate: 3.90 queries/sec	Overall query rate: 3.86 queries/sec
VictoriaMetrics mean of 10 metrics, all hosts, random 12h0m0s by 1h:
min:   644.96ms, med:  2587.65ms, mean:  2583.41ms, max: 3361.15ms, stddev:   167.69ms, sum: 6458.5sec, count: 2500
all queries                                                        :
min:   644.96ms, med:  2587.65ms, mean:  2583.41ms, max: 3361.15ms, stddev:   167.69ms, sum: 6458.5sec, count: 2500

After 3000 queries with 10 workers:
Interval query rate: 3.84 queries/sec	Overall query rate: 3.86 queries/sec
VictoriaMetrics mean of 10 metrics, all hosts, random 12h0m0s by 1h:
min:   644.96ms, med:  2592.26ms, mean:  2587.54ms, max: 3361.15ms, stddev:   162.28ms, sum: 7762.6sec, count: 3000
all queries                                                        :
min:   644.96ms, med:  2592.26ms, mean:  2587.54ms, max: 3361.15ms, stddev:   162.28ms, sum: 7762.6sec, count: 3000

After 3500 queries with 10 workers:
Interval query rate: 3.84 queries/sec	Overall query rate: 3.86 queries/sec
VictoriaMetrics mean of 10 metrics, all hosts, random 12h0m0s by 1h:
min:   644.96ms, med:  2593.15ms, mean:  2589.33ms, max: 3361.15ms, stddev:   160.27ms, sum: 9062.7sec, count: 3500
all queries                                                        :
min:   644.96ms, med:  2593.15ms, mean:  2589.33ms, max: 3361.15ms, stddev:   160.27ms, sum: 9062.7sec, count: 3500

After 4000 queries with 10 workers:
Interval query rate: 3.86 queries/sec	Overall query rate: 3.86 queries/sec
VictoriaMetrics mean of 10 metrics, all hosts, random 12h0m0s by 1h:
min:   644.96ms, med:  2592.26ms, mean:  2589.25ms, max: 3361.15ms, stddev:   158.62ms, sum: 10357.0sec, count: 4000
all queries                                                        :
min:   644.96ms, med:  2592.26ms, mean:  2589.25ms, max: 3361.15ms, stddev:   158.62ms, sum: 10357.0sec, count: 4000

After 4500 queries with 10 workers:
Interval query rate: 3.88 queries/sec	Overall query rate: 3.86 queries/sec
VictoriaMetrics mean of 10 metrics, all hosts, random 12h0m0s by 1h:
min:   644.96ms, med:  2590.34ms, mean:  2588.26ms, max: 3361.15ms, stddev:   155.98ms, sum: 11647.2sec, count: 4500
all queries                                                        :
min:   644.96ms, med:  2590.34ms, mean:  2588.26ms, max: 3361.15ms, stddev:   155.98ms, sum: 11647.2sec, count: 4500

After 5000 queries with 10 workers:
Interval query rate: 3.91 queries/sec	Overall query rate: 3.86 queries/sec
VictoriaMetrics mean of 10 metrics, all hosts, random 12h0m0s by 1h:
min:   644.96ms, med:  2588.41ms, mean:  2585.45ms, max: 3361.15ms, stddev:   154.88ms, sum: 12927.3sec, count: 5000
all queries                                                        :
min:   644.96ms, med:  2588.41ms, mean:  2585.45ms, max: 3361.15ms, stddev:   154.88ms, sum: 12927.3sec, count: 5000

After 5500 queries with 10 workers:
Interval query rate: 3.90 queries/sec	Overall query rate: 3.87 queries/sec
VictoriaMetrics mean of 10 metrics, all hosts, random 12h0m0s by 1h:
min:   644.96ms, med:  2587.01ms, mean:  2583.22ms, max: 3361.15ms, stddev:   153.57ms, sum: 14207.7sec, count: 5500
all queries                                                        :
min:   644.96ms, med:  2587.01ms, mean:  2583.22ms, max: 3361.15ms, stddev:   153.57ms, sum: 14207.7sec, count: 5500

After 6000 queries with 10 workers:
Interval query rate: 3.86 queries/sec	Overall query rate: 3.87 queries/sec
VictoriaMetrics mean of 10 metrics, all hosts, random 12h0m0s by 1h:
min:   644.96ms, med:  2587.78ms, mean:  2583.54ms, max: 3361.15ms, stddev:   151.55ms, sum: 15501.2sec, count: 6000
all queries                                                        :
min:   644.96ms, med:  2587.78ms, mean:  2583.54ms, max: 3361.15ms, stddev:   151.55ms, sum: 15501.2sec, count: 6000

After 6500 queries with 10 workers:
Interval query rate: 3.90 queries/sec	Overall query rate: 3.87 queries/sec
VictoriaMetrics mean of 10 metrics, all hosts, random 12h0m0s by 1h:
min:   644.96ms, med:  2586.24ms, mean:  2582.36ms, max: 3361.15ms, stddev:   150.79ms, sum: 16785.3sec, count: 6500
all queries                                                        :
min:   644.96ms, med:  2586.24ms, mean:  2582.36ms, max: 3361.15ms, stddev:   150.79ms, sum: 16785.3sec, count: 6500

After 7000 queries with 10 workers:
Interval query rate: 3.92 queries/sec	Overall query rate: 3.87 queries/sec
VictoriaMetrics mean of 10 metrics, all hosts, random 12h0m0s by 1h:
min:   644.96ms, med:  2583.17ms, mean:  2579.99ms, max: 3361.15ms, stddev:   149.57ms, sum: 18059.9sec, count: 7000
all queries                                                        :
min:   644.96ms, med:  2583.17ms, mean:  2579.99ms, max: 3361.15ms, stddev:   149.57ms, sum: 18059.9sec, count: 7000

After 7500 queries with 10 workers:
Interval query rate: 3.89 queries/sec	Overall query rate: 3.87 queries/sec
VictoriaMetrics mean of 10 metrics, all hosts, random 12h0m0s by 1h:
min:   644.96ms, med:  2581.76ms, mean:  2579.12ms, max: 3361.15ms, stddev:   148.81ms, sum: 19343.4sec, count: 7500
all queries                                                        :
min:   644.96ms, med:  2581.76ms, mean:  2579.12ms, max: 3361.15ms, stddev:   148.81ms, sum: 19343.4sec, count: 7500

After 8000 queries with 10 workers:
Interval query rate: 3.89 queries/sec	Overall query rate: 3.88 queries/sec
VictoriaMetrics mean of 10 metrics, all hosts, random 12h0m0s by 1h:
min:   644.96ms, med:  2581.50ms, mean:  2578.83ms, max: 3361.15ms, stddev:   149.80ms, sum: 20630.6sec, count: 8000
all queries                                                        :
min:   644.96ms, med:  2581.50ms, mean:  2578.83ms, max: 3361.15ms, stddev:   149.80ms, sum: 20630.6sec, count: 8000

After 8500 queries with 10 workers:
Interval query rate: 3.89 queries/sec	Overall query rate: 3.88 queries/sec
VictoriaMetrics mean of 10 metrics, all hosts, random 12h0m0s by 1h:
min:   644.96ms, med:  2581.12ms, mean:  2578.11ms, max: 3361.15ms, stddev:   148.97ms, sum: 21914.0sec, count: 8500
all queries                                                        :
min:   644.96ms, med:  2581.12ms, mean:  2578.11ms, max: 3361.15ms, stddev:   148.97ms, sum: 21914.0sec, count: 8500

Run complete after 8640 queries with 10 workers (Overall query rate 3.88 queries/sec):
VictoriaMetrics mean of 10 metrics, all hosts, random 12h0m0s by 1h:
min:   644.96ms, med:  2580.35ms, mean:  2576.78ms, max: 3361.15ms, stddev:   150.25ms, sum: 22263.4sec, count: 8640
all queries                                                        :
min:   644.96ms, med:  2580.35ms, mean:  2576.78ms, max: 3361.15ms, stddev:   150.25ms, sum: 22263.4sec, count: 8640
Saving Response Latencies to /home/benchUser/results/latenciesQueries_other.csv
wall clock time: 2227.459192sec
