After 500 queries with 10 workers:
Interval query rate: 3.91 queries/sec	Overall query rate: 3.91 queries/sec
VictoriaMetrics mean of 10 metrics, all hosts, random 12h0m0s by 1h:
min:   651.01ms, med:  2570.62ms, mean:  2537.95ms, max: 3083.78ms, stddev:   210.79ms, sum: 1269.0sec, count: 500
all queries                                                        :
min:   651.01ms, med:  2570.62ms, mean:  2537.95ms, max: 3083.78ms, stddev:   210.79ms, sum: 1269.0sec, count: 500

After 1000 queries with 10 workers:
Interval query rate: 3.87 queries/sec	Overall query rate: 3.89 queries/sec
VictoriaMetrics mean of 10 metrics, all hosts, random 12h0m0s by 1h:
min:   651.01ms, med:  2570.62ms, mean:  2559.01ms, max: 3083.78ms, stddev:   186.56ms, sum: 2559.0sec, count: 1000
all queries                                                        :
min:   651.01ms, med:  2570.62ms, mean:  2559.01ms, max: 3083.78ms, stddev:   186.56ms, sum: 2559.0sec, count: 1000

After 1500 queries with 10 workers:
Interval query rate: 3.94 queries/sec	Overall query rate: 3.91 queries/sec
VictoriaMetrics mean of 10 metrics, all hosts, random 12h0m0s by 1h:
min:   651.01ms, med:  2560.77ms, mean:  2551.09ms, max: 3083.78ms, stddev:   179.43ms, sum: 3826.6sec, count: 1500
all queries                                                        :
min:   651.01ms, med:  2560.77ms, mean:  2551.09ms, max: 3083.78ms, stddev:   179.43ms, sum: 3826.6sec, count: 1500

After 2000 queries with 10 workers:
Interval query rate: 3.83 queries/sec	Overall query rate: 3.89 queries/sec
VictoriaMetrics mean of 10 metrics, all hosts, random 12h0m0s by 1h:
min:   651.01ms, med:  2574.34ms, mean:  2566.75ms, max: 3302.66ms, stddev:   181.43ms, sum: 5133.5sec, count: 2000
all queries                                                        :
min:   651.01ms, med:  2574.34ms, mean:  2566.75ms, max: 3302.66ms, stddev:   181.43ms, sum: 5133.5sec, count: 2000

After 2500 queries with 10 workers:
Interval query rate: 3.84 queries/sec	Overall query rate: 3.88 queries/sec
VictoriaMetrics mean of 10 metrics, all hosts, random 12h0m0s by 1h:
min:   651.01ms, med:  2582.40ms, mean:  2574.05ms, max: 3302.66ms, stddev:   172.70ms, sum: 6435.1sec, count: 2500
all queries                                                        :
min:   651.01ms, med:  2582.40ms, mean:  2574.05ms, max: 3302.66ms, stddev:   172.70ms, sum: 6435.1sec, count: 2500

After 3000 queries with 10 workers:
Interval query rate: 3.88 queries/sec	Overall query rate: 3.88 queries/sec
VictoriaMetrics mean of 10 metrics, all hosts, random 12h0m0s by 1h:
min:   651.01ms, med:  2580.74ms, mean:  2573.94ms, max: 3302.66ms, stddev:   170.88ms, sum: 7721.8sec, count: 3000
all queries                                                        :
min:   651.01ms, med:  2580.74ms, mean:  2573.94ms, max: 3302.66ms, stddev:   170.88ms, sum: 7721.8sec, count: 3000

After 3500 queries with 10 workers:
Interval query rate: 3.88 queries/sec	Overall query rate: 3.88 queries/sec
VictoriaMetrics mean of 10 metrics, all hosts, random 12h0m0s by 1h:
min:   651.01ms, med:  2582.01ms, mean:  2574.67ms, max: 3302.66ms, stddev:   167.73ms, sum: 9011.4sec, count: 3500
all queries                                                        :
min:   651.01ms, med:  2582.01ms, mean:  2574.67ms, max: 3302.66ms, stddev:   167.73ms, sum: 9011.4sec, count: 3500

After 4000 queries with 10 workers:
Interval query rate: 3.88 queries/sec	Overall query rate: 3.88 queries/sec
VictoriaMetrics mean of 10 metrics, all hosts, random 12h0m0s by 1h:
min:   651.01ms, med:  2581.38ms, mean:  2575.26ms, max: 3302.66ms, stddev:   163.65ms, sum: 10301.0sec, count: 4000
all queries                                                        :
min:   651.01ms, med:  2581.38ms, mean:  2575.26ms, max: 3302.66ms, stddev:   163.65ms, sum: 10301.0sec, count: 4000

After 4500 queries with 10 workers:
Interval query rate: 3.93 queries/sec	Overall query rate: 3.88 queries/sec
VictoriaMetrics mean of 10 metrics, all hosts, random 12h0m0s by 1h:
min:   651.01ms, med:  2577.79ms, mean:  2571.57ms, max: 3302.66ms, stddev:   161.33ms, sum: 11572.1sec, count: 4500
all queries                                                        :
min:   651.01ms, med:  2577.79ms, mean:  2571.57ms, max: 3302.66ms, stddev:   161.33ms, sum: 11572.1sec, count: 4500

After 5000 queries with 10 workers:
Interval query rate: 3.92 queries/sec	Overall query rate: 3.89 queries/sec
VictoriaMetrics mean of 10 metrics, all hosts, random 12h0m0s by 1h:
min:   651.01ms, med:  2574.34ms, mean:  2569.43ms, max: 3302.66ms, stddev:   159.13ms, sum: 12847.1sec, count: 5000
all queries                                                        :
min:   651.01ms, med:  2574.34ms, mean:  2569.43ms, max: 3302.66ms, stddev:   159.13ms, sum: 12847.1sec, count: 5000

After 5500 queries with 10 workers:
Interval query rate: 3.96 queries/sec	Overall query rate: 3.89 queries/sec
VictoriaMetrics mean of 10 metrics, all hosts, random 12h0m0s by 1h:
min:   651.01ms, med:  2571.01ms, mean:  2565.75ms, max: 3302.66ms, stddev:   158.14ms, sum: 14111.6sec, count: 5500
all queries                                                        :
min:   651.01ms, med:  2571.01ms, mean:  2565.75ms, max: 3302.66ms, stddev:   158.14ms, sum: 14111.6sec, count: 5500

After 6000 queries with 10 workers:
Interval query rate: 3.93 queries/sec	Overall query rate: 3.90 queries/sec
VictoriaMetrics mean of 10 metrics, all hosts, random 12h0m0s by 1h:
min:   651.01ms, med:  2568.57ms, mean:  2564.08ms, max: 3302.66ms, stddev:   157.49ms, sum: 15384.5sec, count: 6000
all queries                                                        :
min:   651.01ms, med:  2568.57ms, mean:  2564.08ms, max: 3302.66ms, stddev:   157.49ms, sum: 15384.5sec, count: 6000

After 6500 queries with 10 workers:
Interval query rate: 3.90 queries/sec	Overall query rate: 3.90 queries/sec
VictoriaMetrics mean of 10 metrics, all hosts, random 12h0m0s by 1h:
min:   651.01ms, med:  2568.83ms, mean:  2563.88ms, max: 3302.66ms, stddev:   156.57ms, sum: 16665.2sec, count: 6500
all queries                                                        :
min:   651.01ms, med:  2568.83ms, mean:  2563.88ms, max: 3302.66ms, stddev:   156.57ms, sum: 16665.2sec, count: 6500

After 7000 queries with 10 workers:
Interval query rate: 3.93 queries/sec	Overall query rate: 3.90 queries/sec
VictoriaMetrics mean of 10 metrics, all hosts, random 12h0m0s by 1h:
min:   651.01ms, med:  2566.27ms, mean:  2562.92ms, max: 3302.66ms, stddev:   154.65ms, sum: 17940.4sec, count: 7000
all queries                                                        :
min:   651.01ms, med:  2566.27ms, mean:  2562.92ms, max: 3302.66ms, stddev:   154.65ms, sum: 17940.4sec, count: 7000

After 7500 queries with 10 workers:
Interval query rate: 3.93 queries/sec	Overall query rate: 3.90 queries/sec
VictoriaMetrics mean of 10 metrics, all hosts, random 12h0m0s by 1h:
min:   651.01ms, med:  2564.48ms, mean:  2561.61ms, max: 3302.66ms, stddev:   153.28ms, sum: 19212.1sec, count: 7500
all queries                                                        :
min:   651.01ms, med:  2564.48ms, mean:  2561.61ms, max: 3302.66ms, stddev:   153.28ms, sum: 19212.1sec, count: 7500

After 8000 queries with 10 workers:
Interval query rate: 3.95 queries/sec	Overall query rate: 3.90 queries/sec
VictoriaMetrics mean of 10 metrics, all hosts, random 12h0m0s by 1h:
min:   651.01ms, med:  2562.94ms, mean:  2559.69ms, max: 3302.66ms, stddev:   153.90ms, sum: 20477.5sec, count: 8000
all queries                                                        :
min:   651.01ms, med:  2562.94ms, mean:  2559.69ms, max: 3302.66ms, stddev:   153.90ms, sum: 20477.5sec, count: 8000

After 8500 queries with 10 workers:
Interval query rate: 3.96 queries/sec	Overall query rate: 3.91 queries/sec
VictoriaMetrics mean of 10 metrics, all hosts, random 12h0m0s by 1h:
min:   651.01ms, med:  2561.15ms, mean:  2557.68ms, max: 3302.66ms, stddev:   153.82ms, sum: 21740.3sec, count: 8500
all queries                                                        :
min:   651.01ms, med:  2561.15ms, mean:  2557.68ms, max: 3302.66ms, stddev:   153.82ms, sum: 21740.3sec, count: 8500

Run complete after 8640 queries with 10 workers (Overall query rate 3.91 queries/sec):
VictoriaMetrics mean of 10 metrics, all hosts, random 12h0m0s by 1h:
min:   651.01ms, med:  2560.89ms, mean:  2557.18ms, max: 3302.66ms, stddev:   153.72ms, sum: 22094.0sec, count: 8640
all queries                                                        :
min:   651.01ms, med:  2560.89ms, mean:  2557.18ms, max: 3302.66ms, stddev:   153.72ms, sum: 22094.0sec, count: 8640
Saving Response Latencies to /home/benchUser/results/latenciesQueries_latest.csv
wall clock time: 2210.545194sec
