time,per. metric/s,metric total,overall metric/s,per. row/s,row total,overall row/s
1737568108,99004.56,9.901500E+05,99004.56,8901.56,8.902500E+04,8901.56
1737568118,251944.93,3.509600E+06,175470.73,22507.49,3.141000E+05,15704.17
1737568128,264830.14,6.157900E+06,205256.14,23520.01,5.493000E+05,18309.36
1737568138,257075.02,8.728650E+06,218210.52,22852.50,7.778250E+05,19445.11
1737568148,259520.01,1.132385E+07,226472.24,23152.50,1.009350E+06,20186.58
1737568158,248132.23,1.380518E+07,230082.18,22147.48,1.230825E+06,20513.39
1737568168,244800.26,1.625318E+07,232184.73,21780.02,1.448625E+06,20694.33
1737568178,248777.41,1.874095E+07,234258.79,22162.49,1.670250E+06,20877.85
1737568188,255785.08,2.129880E+07,236650.57,22927.51,1.899525E+06,21105.59
1737568198,245790.01,2.375670E+07,237564.50,21742.50,2.116950E+06,21169.28
1737568208,236404.97,2.612075E+07,237459.09,21157.50,2.328525E+06,21168.21
1737568218,228184.93,2.840260E+07,236686.25,20407.49,2.532600E+06,21104.81
1737568228,254830.09,3.095090E+07,238081.92,22545.01,2.758050E+06,21215.60
1737568238,267322.54,3.362412E+07,240170.52,23842.50,2.996475E+06,21403.23
1737568248,258822.48,3.621235E+07,241413.98,23077.50,3.227250E+06,21514.85
1737568258,253107.52,3.874342E+07,242144.82,22672.50,3.453975E+06,21587.20
1737568268,265957.49,4.140300E+07,243545.55,23670.00,3.690675E+06,21709.72
1737568278,256142.43,4.396442E+07,244245.38,22709.99,3.917775E+06,21765.29
1737568288,260397.54,4.656840E+07,245095.49,23302.50,4.150800E+06,21846.19
1737568298,264255.01,4.921095E+07,246053.46,23437.50,4.385175E+06,21925.76
1737568308,253505.02,5.174600E+07,246408.29,22717.50,4.612350E+06,21963.46
1737568318,267599.99,5.442200E+07,247371.55,23887.50,4.851225E+06,22050.92
1737568328,257839.92,5.700040E+07,247826.69,22942.49,5.080650E+06,22089.68
1737568338,260000.07,5.960040E+07,248333.91,23182.51,5.312475E+06,22135.22
1737568348,256577.51,6.216618E+07,248663.65,22830.00,5.540775E+06,22163.01
1737568358,260422.41,6.477040E+07,249115.91,23242.49,5.773200E+06,22204.53
1737568368,257727.49,6.734768E+07,249434.86,22972.50,6.002925E+06,22232.97
1737568378,256855.12,6.991622E+07,249699.87,22830.01,6.231225E+06,22254.29
1737568388,251087.48,7.242710E+07,249747.72,22387.50,6.455100E+06,22258.88
1737568398,238672.43,7.481382E+07,249378.54,21187.49,6.666975E+06,22223.17
1737568408,222497.37,7.703880E+07,248511.41,19927.49,6.866250E+06,22149.12
1737568418,195840.11,7.899720E+07,246865.44,17452.51,7.040775E+06,22002.35
1737568428,233120.03,8.132840E+07,246448.91,20805.00,7.248825E+06,21966.07
1737568438,229495.05,8.362335E+07,245950.27,20302.50,7.451850E+06,21917.14
1737568448,225309.99,8.587645E+07,245360.55,20130.00,7.653150E+06,21866.08
1737568458,230259.94,8.817905E+07,244941.09,20549.99,7.858650E+06,21829.52
1737568468,226375.05,9.044280E+07,244439.31,20175.00,8.060400E+06,21784.80
1737568478,236040.03,9.280320E+07,244218.27,21090.00,8.271300E+06,21766.52
1737568488,236059.99,9.516380E+07,244009.09,20970.00,8.481000E+06,21746.10
1737568498,236254.91,9.752635E+07,243815.23,20947.49,8.690475E+06,21726.13
1737568508,234695.09,9.987330E+07,243592.79,20917.51,8.899650E+06,21706.41
1737568518,221626.94,1.020896E+08,243069.79,19897.45,9.098625E+06,21663.34
1737568528,247433.13,1.045639E+08,243171.27,21907.56,9.317700E+06,21669.02
1737568538,259699.99,1.071609E+08,243546.92,23205.00,9.549750E+06,21703.93
1737568548,257224.84,1.097332E+08,243850.87,22852.49,9.778275E+06,21729.45
1737568558,250480.11,1.122380E+08,243994.98,22320.01,1.000148E+07,21742.29
1737568568,250885.06,1.147468E+08,244141.58,22372.50,1.022520E+07,21755.70
1737568578,179139.90,1.165382E+08,242787.38,16064.99,1.038585E+07,21637.14
1737568588,240540.10,1.189436E+08,242741.52,21315.01,1.059900E+07,21630.57
1737568598,236547.45,1.213091E+08,242617.64,21187.50,1.081088E+07,21621.70
1737568608,245012.58,1.237592E+08,242664.60,21862.51,1.102950E+07,21626.43
1737568618,243645.01,1.261956E+08,242683.45,21645.00,1.124595E+07,21626.78
1737568628,237320.00,1.285688E+08,242582.25,21120.00,1.145715E+07,21617.22
1737568638,233690.01,1.309058E+08,242417.58,20790.00,1.166505E+07,21601.90
1737568648,233794.98,1.332437E+08,242260.81,20820.00,1.187325E+07,21587.69
1737568658,186837.48,1.351121E+08,241271.11,16687.50,1.204012E+07,21500.18
1737568668,185314.94,1.369652E+08,240289.42,16484.99,1.220498E+07,21412.20
1737568678,185217.43,1.388174E+08,239339.91,16492.49,1.236990E+07,21327.37
1737568688,187197.67,1.406894E+08,238456.14,16732.52,1.253722E+07,21249.50
1737568698,154554.96,1.422349E+08,237057.79,13830.00,1.267552E+07,21125.84
1737568708,161007.39,1.438450E+08,235811.07,14317.49,1.281870E+07,21014.23
1737568718,219820.20,1.460432E+08,235553.15,19650.02,1.301520E+07,20992.22
1737568728,261252.46,1.486557E+08,235961.07,23227.50,1.324748E+07,21027.70
1737568738,253974.95,1.511955E+08,236242.54,22605.00,1.347352E+07,21052.35
1737568748,259912.58,1.537946E+08,236606.69,23220.01,1.370572E+07,21085.70
1737568758,251545.01,1.563100E+08,236833.03,22462.50,1.393035E+07,21106.56
1737568768,254574.89,1.588558E+08,237097.84,22514.99,1.415550E+07,21127.58
1737568778,257330.12,1.614291E+08,237395.37,22980.01,1.438530E+07,21154.82
1737568788,238769.90,1.638168E+08,237415.29,21359.99,1.459890E+07,21157.79
1737568798,221790.09,1.660347E+08,237192.07,19680.01,1.479570E+07,21136.68
1737568808,232369.93,1.683584E+08,237124.16,20804.99,1.500375E+07,21132.01
1737568818,231130.07,1.706697E+08,237040.90,20520.01,1.520895E+07,21123.51
1737568828,224230.00,1.729120E+08,236865.41,19905.00,1.540800E+07,21106.82
1737568838,231320.00,1.752252E+08,236790.47,20767.50,1.561568E+07,21102.23
1737568848,230267.46,1.775279E+08,236703.50,20385.00,1.581952E+07,21092.67
1737568858,228040.01,1.798083E+08,236589.51,20415.00,1.602368E+07,21083.75
1737568868,215482.52,1.819631E+08,236315.39,19087.50,1.621455E+07,21057.83
1737568878,219090.00,1.841540E+08,236094.55,19545.00,1.641000E+07,21038.43
1737568888,227169.94,1.864257E+08,235981.58,20294.99,1.661295E+07,21029.02
1737568898,225572.55,1.886814E+08,235851.47,20062.50,1.681358E+07,21016.94
1737568908,222017.53,1.909016E+08,235680.68,19897.50,1.701255E+07,21003.12
1737568918,226794.98,1.931696E+08,235572.32,20190.00,1.721445E+07,20993.20
1737568928,228790.02,1.954574E+08,235490.61,20257.50,1.741702E+07,20984.34
1737568938,221334.97,1.976708E+08,235322.09,19852.50,1.761555E+07,20970.87
1737568948,222990.01,1.999007E+08,235177.00,19740.00,1.781295E+07,20956.39
1737568958,219825.00,2.020990E+08,234998.49,19650.00,1.800945E+07,20941.20
1737568968,229624.96,2.043952E+08,234936.73,20550.00,1.821495E+07,20936.70
1737568978,232520.05,2.067204E+08,234909.27,20700.00,1.842195E+07,20934.01
1737568988,224602.41,2.089664E+08,234793.46,19942.49,1.862138E+07,20922.87
1737568998,236257.57,2.113290E+08,234809.73,21135.01,1.883272E+07,20925.23
1737569008,279625.02,2.141252E+08,235302.20,24780.00,1.908052E+07,20967.59
1737569018,267142.50,2.167967E+08,235648.29,23820.00,1.931872E+07,20998.59
1737569028,267059.96,2.194673E+08,235986.05,23820.00,1.955692E+07,21028.93
1737569038,244712.52,2.219144E+08,236078.88,21907.50,1.977600E+07,21038.27
1737569048,239164.88,2.243060E+08,236111.37,21172.49,1.998772E+07,21039.69
1737569058,244020.13,2.267462E+08,236193.75,21825.01,2.020598E+07,21047.87
1737569068,234867.52,2.290949E+08,236180.08,20955.00,2.041552E+07,21046.91
1737569078,242987.42,2.315248E+08,236249.54,21667.49,2.063220E+07,21053.24
1737569088,169920.02,2.332240E+08,235579.55,15150.00,2.078370E+07,20993.61
1737569098,267142.55,2.358954E+08,235895.18,23827.50,2.102198E+07,21021.95
1737569108,255459.97,2.384500E+08,236088.89,22620.00,2.124818E+07,21037.78
1737569118,266692.50,2.411170E+08,236388.92,23767.50,2.148585E+07,21064.54
1737569128,242242.51,2.435394E+08,236445.75,21577.50,2.170162E+07,21069.52
1737569138,234372.45,2.458831E+08,236425.82,20887.50,2.191050E+07,21067.77
1737569148,242767.56,2.483108E+08,236486.22,21652.51,2.212702E+07,21073.34
1737569158,252402.45,2.508348E+08,236636.37,22582.50,2.235285E+07,21087.57
1737569168,236360.03,2.531984E+08,236633.79,21090.00,2.256375E+07,21087.60
1737569178,250120.01,2.556996E+08,236758.66,22297.50,2.278672E+07,21098.80
1737569188,246315.02,2.581628E+08,236846.33,21795.00,2.300468E+07,21105.19
1737569198,238844.99,2.605512E+08,236864.50,21427.50,2.321895E+07,21108.12
1737569208,241327.50,2.629645E+08,236904.71,21517.50,2.343412E+07,21111.80
1737569218,232202.50,2.652865E+08,236862.72,20602.50,2.364015E+07,21107.26
1737569228,222602.51,2.675125E+08,236736.53,19852.50,2.383868E+07,21096.15
1737569238,223757.38,2.697501E+08,236622.68,20002.49,2.403870E+07,21086.56
1737569248,240440.11,2.721545E+08,236655.87,21345.01,2.425215E+07,21088.81
1737569258,251095.02,2.746654E+08,236780.35,22410.00,2.447625E+07,21100.20
1737569268,243534.98,2.771008E+08,236838.08,21735.00,2.469360E+07,21105.62
1737569278,250300.03,2.796038E+08,236952.16,22297.50,2.491658E+07,21115.72
1737569288,241242.45,2.820162E+08,236988.21,21465.00,2.513122E+07,21118.66
1737569298,242872.49,2.844450E+08,237037.25,21652.50,2.534775E+07,21123.11
1737569308,247810.03,2.869230E+08,237126.28,21967.50,2.556742E+07,21130.08
1737569318,167129.93,2.885944E+08,236552.54,15022.49,2.571765E+07,21080.02
1737569328,150727.57,2.901016E+08,235854.78,13417.51,2.585182E+07,21017.73
1737569338,159612.50,2.916978E+08,235239.92,14122.50,2.599305E+07,20962.12
1737569348,153295.01,2.932307E+08,234584.36,13650.00,2.612955E+07,20903.62
1737569358,139950.00,2.946302E+08,233833.30,12592.50,2.625548E+07,20837.66
1737569368,146579.76,2.960960E+08,233146.26,13102.48,2.638650E+07,20776.75
1737569378,222787.85,2.983239E+08,233065.34,19702.53,2.658352E+07,20768.36
1737569388,219502.48,3.005189E+08,232960.20,19642.50,2.677995E+07,20759.63
1737569398,245110.04,3.029700E+08,233053.66,21892.50,2.699888E+07,20768.35
1737569408,243772.51,3.054077E+08,233135.48,21660.00,2.721548E+07,20775.16
1737569418,240232.42,3.078100E+08,233189.25,21487.49,2.743035E+07,20780.55
1737569428,243195.03,3.102420E+08,233264.48,21652.50,2.764688E+07,20787.11
1737569438,243307.49,3.126751E+08,233339.42,21645.00,2.786332E+07,20793.51
1737569448,240329.89,3.150784E+08,233391.21,21449.99,2.807782E+07,20798.37
1737569458,254867.64,3.176270E+08,233549.12,22560.01,2.830342E+07,20811.33
1737569468,243097.49,3.200580E+08,233618.82,21675.00,2.852018E+07,20817.63
1737569478,220267.41,3.222607E+08,233522.07,19732.49,2.871750E+07,20809.77
1737569488,211282.62,3.243735E+08,233362.07,18877.51,2.890628E+07,20795.87
1737569498,214377.47,3.265173E+08,233226.47,18937.50,2.909565E+07,20782.59
1737569508,227027.39,3.287876E+08,233182.50,20257.49,2.929822E+07,20778.87
1737569518,229842.52,3.310860E+08,233158.98,20610.00,2.950432E+07,20777.68
1737569528,249819.91,3.335842E+08,233275.49,22267.49,2.972700E+07,20788.10
1737569538,257600.09,3.361602E+08,233444.41,22912.51,2.995612E+07,20802.85
1737569548,239697.52,3.385572E+08,233487.54,21240.00,3.016852E+07,20805.86
1737569558,254682.63,3.411040E+08,233632.71,22852.51,3.039705E+07,20819.88
1737569568,249099.99,3.435950E+08,233737.93,22162.50,3.061868E+07,20829.02
1737569578,256720.02,3.461622E+08,233893.21,22792.50,3.084660E+07,20842.28
1737569588,251807.49,3.486803E+08,234013.44,22507.50,3.107168E+07,20853.46
1737569598,159642.51,3.502767E+08,233517.64,14122.50,3.121290E+07,20808.59
1737569608,218684.95,3.524636E+08,233419.41,19515.00,3.140805E+07,20800.02
1737569618,216990.05,3.546334E+08,233311.32,19297.50,3.160102E+07,20790.13
1737569628,194984.99,3.565833E+08,233060.82,17407.50,3.177510E+07,20768.02
1737569638,212129.82,3.587046E+08,232924.90,18997.48,3.196508E+07,20756.53
1737569648,230050.11,3.610051E+08,232906.36,20422.51,3.216930E+07,20754.37
1737569658,214822.56,3.631533E+08,232790.44,19237.51,3.236168E+07,20744.65
1737569668,217567.46,3.653290E+08,232693.47,19365.00,3.255532E+07,20735.86
1737569678,225577.45,3.675848E+08,232648.44,20085.00,3.275618E+07,20731.74
1737569688,224500.06,3.698298E+08,232597.19,19905.01,3.295522E+07,20726.54
1737569698,228250.01,3.721123E+08,232570.02,20445.00,3.315968E+07,20724.78
1737569708,223179.93,3.743441E+08,232511.70,19784.99,3.335752E+07,20718.95
1737569718,214387.60,3.764880E+08,232399.82,19252.51,3.355005E+07,20709.89
1737569728,232525.01,3.788132E+08,232400.59,20655.00,3.375660E+07,20709.56
1737569738,260249.83,3.814157E+08,232570.40,23249.99,3.398910E+07,20725.05
1737569748,274877.69,3.841645E+08,232826.81,24502.52,3.423412E+07,20747.94
1737569758,228564.99,3.864501E+08,232801.13,20295.00,3.443708E+07,20745.21
1737569768,218624.92,3.886364E+08,232716.25,19454.99,3.463162E+07,20737.49
1737569778,212112.56,3.907575E+08,232593.60,18847.51,3.482010E+07,20726.24
1737569788,220630.03,3.929638E+08,232522.81,19777.50,3.501788E+07,20720.62
1737569798,218279.98,3.951466E+08,232439.03,19455.00,3.521242E+07,20713.18
1737569808,218617.51,3.973328E+08,232358.21,19500.00,3.540742E+07,20706.08
1737569818,223072.50,3.995635E+08,232304.22,19732.50,3.560475E+07,20700.42
1737569828,219899.99,4.017625E+08,232232.52,19695.00,3.580170E+07,20694.61
1737569838,224200.00,4.040045E+08,232186.35,19875.00,3.600045E+07,20689.90
1737569848,221837.53,4.062229E+08,232127.22,19927.50,3.619972E+07,20685.54
1737569858,215427.50,4.083772E+08,232032.33,19072.50,3.639045E+07,20676.38
1737569868,209869.99,4.104758E+08,231907.12,18690.00,3.657735E+07,20665.16
1737569878,200117.51,4.124770E+08,231728.53,17842.50,3.675578E+07,20649.30
1737569888,214477.49,4.146218E+08,231632.15,19215.00,3.694792E+07,20641.29
1737569898,207354.90,4.166954E+08,231497.28,18352.49,3.713145E+07,20628.57
1737569908,252602.64,4.192214E+08,231613.88,22612.51,3.735758E+07,20639.53
1737569918,247457.46,4.216960E+08,231700.94,21930.00,3.757688E+07,20646.62
1737569928,241162.45,4.241076E+08,231752.64,21555.00,3.779242E+07,20651.59
1737569938,237762.57,4.264852E+08,231785.30,21217.51,3.800460E+07,20654.66
1737569948,243280.01,4.289180E+08,231847.44,21705.00,3.822165E+07,20660.34
1737569958,265760.00,4.315756E+08,232029.76,23655.00,3.845820E+07,20676.44
1737569968,259559.74,4.341712E+08,232176.98,23159.98,3.868980E+07,20689.72
1737569978,167585.16,4.358470E+08,231833.41,14835.01,3.883815E+07,20658.58
1737569988,171894.99,4.375660E+08,231516.27,15420.00,3.899235E+07,20630.86
1737569998,147360.01,4.390396E+08,231073.35,13147.50,3.912382E+07,20591.48
1737570008,181442.43,4.408540E+08,230813.50,16034.99,3.928418E+07,20567.62
1737570018,155290.07,4.424069E+08,230420.15,13935.01,3.942352E+07,20533.07
1737570028,181287.48,4.442198E+08,230165.57,16147.50,3.958500E+07,20510.35
1737570038,229705.00,4.465168E+08,230163.20,20415.00,3.978915E+07,20509.86
1737570048,260115.01,4.491180E+08,230316.80,23250.00,4.002165E+07,20523.91
1737570058,260959.99,4.517276E+08,230473.14,23272.50,4.025438E+07,20537.94
1737570068,265919.92,4.543868E+08,230653.07,23714.99,4.049152E+07,20554.06
1737570078,263352.59,4.570203E+08,230818.22,23355.01,4.072508E+07,20568.21
1737570088,270407.43,4.597244E+08,231017.16,24194.99,4.096702E+07,20586.43
1737570098,240945.06,4.621338E+08,231066.80,21472.51,4.118175E+07,20590.86
1737570108,241695.00,4.645508E+08,231119.68,21510.00,4.139685E+07,20595.44
1737570118,161660.01,4.661674E+08,230775.82,14407.50,4.154092E+07,20564.80
1737570128,232179.97,4.684892E+08,230782.74,20587.50,4.174680E+07,20564.92
1737570138,241844.92,4.709076E+08,230836.96,21532.49,4.196212E+07,20569.66
1737570148,256407.60,4.734717E+08,230961.70,22935.01,4.219148E+07,20581.20
1737570158,268417.50,4.761559E+08,231143.52,23827.50,4.242975E+07,20596.96
1737570168,267727.49,4.788332E+08,231320.26,23887.50,4.266862E+07,20612.85
1737570178,253212.51,4.813653E+08,231425.51,22687.50,4.289550E+07,20622.83
1737570188,247259.91,4.838379E+08,231501.27,21884.99,4.311435E+07,20628.87
1737570198,253370.11,4.863716E+08,231605.41,22710.01,4.334145E+07,20638.78
1737570208,250479.98,4.888764E+08,231694.86,22320.00,4.356465E+07,20646.74
1737570218,249802.45,4.913744E+08,231780.27,22237.50,4.378702E+07,20654.25
1737570228,231957.44,4.936940E+08,231781.11,20557.50,4.399260E+07,20653.79
1737570238,233487.60,4.960289E+08,231789.08,20812.51,4.420072E+07,20654.53
1737570248,222152.46,4.982504E+08,231744.26,19927.50,4.440000E+07,20651.15
1737570258,228039.98,5.005308E+08,231727.11,20317.50,4.460318E+07,20649.61
1737570268,220905.06,5.027398E+08,231677.24,19545.01,4.479862E+07,20644.52
1737570278,226390.00,5.050038E+08,231652.98,20175.00,4.500038E+07,20642.36
1737570288,227154.99,5.072753E+08,231632.45,20272.50,4.520310E+07,20640.68
1737570298,228047.43,5.095558E+08,231616.15,20407.49,4.540718E+07,20639.62
1737570308,217117.58,5.117270E+08,231550.55,19305.01,4.560022E+07,20633.58
1737570318,220464.98,5.139316E+08,231500.61,19740.00,4.579762E+07,20629.55
1737570328,226359.64,5.161952E+08,231477.56,20167.47,4.599930E+07,20627.48
1737570338,225220.24,5.184474E+08,231449.62,20032.52,4.619962E+07,20624.82
1737570348,228767.64,5.207351E+08,231437.70,20370.01,4.640332E+07,20623.69
1737570358,210312.50,5.228382E+08,231344.23,18727.50,4.659060E+07,20615.30
1737570368,222209.92,5.250603E+08,231303.99,19784.99,4.678845E+07,20611.64
1737570378,234050.07,5.274008E+08,231316.03,20835.01,4.699680E+07,20612.62
1737570388,219520.00,5.295960E+08,231264.52,19620.00,4.719300E+07,20608.29
1737570398,220080.02,5.317968E+08,231215.89,19635.00,4.738935E+07,20604.06
1737570408,263584.99,5.344326E+08,231356.02,23422.50,4.762358E+07,20616.26
1737570418,259635.00,5.370290E+08,231477.91,23175.00,4.785532E+07,20627.29
1737570428,251544.99,5.395444E+08,231564.04,22462.50,4.807995E+07,20635.16
1737570438,254042.46,5.420849E+08,231660.10,22477.50,4.830472E+07,20643.04
1737570448,254232.55,5.446272E+08,231756.15,22777.50,4.853250E+07,20652.12
1737570458,241115.01,5.470384E+08,231795.81,21442.50,4.874692E+07,20655.47
1737570468,232534.87,5.493637E+08,231798.93,20632.49,4.895325E+07,20655.37
1737570478,229190.11,5.516556E+08,231787.96,20550.01,4.915875E+07,20654.93
1737570488,234260.00,5.539982E+08,231798.31,20872.50,4.936748E+07,20655.84
1737570498,231505.00,5.563132E+08,231797.09,20505.00,4.957252E+07,20655.21
1737570508,241409.99,5.587274E+08,231836.97,21532.50,4.978785E+07,20658.85
1737570518,236840.00,5.610958E+08,231857.65,21157.50,4.999942E+07,20660.91
1737570528,236445.00,5.634602E+08,231876.53,21157.50,5.021100E+07,20662.95
1737570538,237522.50,5.658354E+08,231899.66,21037.50,5.042138E+07,20664.49
1737570548,231065.01,5.681461E+08,231896.26,20715.00,5.062852E+07,20664.70
1737570558,246427.50,5.706104E+08,231955.33,21795.00,5.084648E+07,20669.29
1737570568,249242.51,5.731028E+08,232025.32,22275.00,5.106922E+07,20675.79
1737570578,273557.49,5.758384E+08,232192.78,24442.50,5.131365E+07,20690.98
1737570588,301585.00,5.788542E+08,232471.47,26745.00,5.158110E+07,20715.29
1737570598,287459.95,5.817288E+08,232691.42,25770.00,5.183880E+07,20735.51

Summary:
loaded 581760000 metrics in 2500.057sec with 10 workers (mean rate 232698.69 metrics/sec)
loaded 51840000 rows in 2500.057sec with 10 workers (mean rate 20735.53 rows/sec)
Run complete after 691200 queries with 10 workers (Overall query rate 276.47 queries/sec):
          :
min:     0.95ms, med:     1.90ms, mean:     7.89ms, max: 2977.41ms, stddev:    20.57ms, sum: 5457.2sec, count: 691200
all queries:
min:     0.95ms, med:     1.90ms, mean:     7.89ms, max: 2977.41ms, stddev:    20.57ms, sum: 5457.2sec, count: 691200
Saving Response Latencies to /home/benchUser/results/latenciesInserts_latest.csv
