time,per. metric/s,metric total,overall metric/s,per. row/s,row total,overall row/s
1731667401,19757.90,1.976000E+05,19757.90,1899.80,1.900000E+04,1899.80
1731667411,325510.05,3.452700E+06,172625.84,28990.00,3.089000E+05,15444.18
1731667421,313849.92,6.591200E+06,219698.87,28009.99,5.890000E+05,19632.64
1731667431,315440.09,9.745600E+06,243633.54,28100.01,8.700000E+05,21749.42
1731667441,336559.96,1.311120E+07,262218.43,29920.00,1.169200E+06,23383.50
1731667451,316400.04,1.627520E+07,271248.54,28240.00,1.451600E+06,24192.91
1731667461,260239.89,1.887760E+07,269675.90,23209.99,1.683700E+06,24052.49
1731667471,327099.92,2.214860E+07,276853.81,29009.99,1.973800E+06,24672.17
1731667481,331560.16,2.546420E+07,282932.21,29560.01,2.269400E+06,25215.26
1731667491,330660.04,2.877080E+07,287704.95,29440.00,2.563800E+06,25637.73
1731667501,252099.96,3.129180E+07,284468.16,22550.00,2.789300E+06,25357.03
1731667511,200860.02,3.330040E+07,277500.88,17830.00,2.967600E+06,24729.78
1731667521,188800.04,3.518840E+07,270677.79,16960.00,3.137200E+06,24132.11
1731667531,154599.90,3.673440E+07,262386.57,13769.99,3.274900E+06,23391.96
1731667541,173650.09,3.847090E+07,256470.85,15340.01,3.428300E+06,22855.17
1731667551,284979.92,4.132070E+07,258252.66,25499.99,3.683300E+06,23020.47
1731667561,277850.09,4.409920E+07,259405.44,24740.01,3.930700E+06,23121.62
1731667571,301799.93,4.711720E+07,261760.68,26809.99,4.198800E+06,23326.53
1731667581,314739.91,5.026460E+07,264549.04,28029.99,4.479100E+06,23574.08
1731667591,319220.07,5.345680E+07,267282.58,28600.01,4.765100E+06,23825.37
1731667601,265969.73,5.611650E+07,267220.06,23689.98,5.002000E+06,23818.93
1731667611,306270.36,5.917920E+07,268995.07,27270.03,5.274700E+06,23975.79
1731667621,328859.87,6.246780E+07,271597.87,29189.99,5.566600E+06,24202.50
1731667631,310280.07,6.557060E+07,273209.62,27800.01,5.844600E+06,24352.39
1731667641,312710.04,6.869770E+07,274789.63,27760.00,6.122200E+06,24488.70
1731667651,284060.05,7.153830E+07,275146.18,25370.00,6.375900E+06,24522.59
1731667661,292330.03,7.446160E+07,275782.62,26100.00,6.636900E+06,24581.01
1731667671,314160.01,7.760320E+07,277153.24,27960.00,6.916500E+06,24701.69
1731667681,313760.02,8.074080E+07,278415.53,27910.00,7.195600E+06,24812.32
1731667691,264579.98,8.338660E+07,277954.35,23490.00,7.430500E+06,24768.25
1731667701,316870.03,8.655530E+07,279209.69,28300.00,7.713500E+06,24882.17
1731667711,314769.86,8.970300E+07,280320.94,28029.99,7.993800E+06,24980.54
1731667721,309370.12,9.279670E+07,281201.22,27670.01,8.270500E+06,25062.04
1731667731,314139.94,9.593810E+07,282170.00,27959.99,8.550100E+06,25147.27
1731667741,297260.03,9.891070E+07,282601.14,26400.00,8.814100E+06,25183.07
1731667751,299310.02,1.019038E+08,283065.28,26690.00,9.081000E+06,25224.93
1731667761,309060.00,1.049944E+08,283767.84,27630.00,9.357300E+06,25289.93
1731667771,317819.96,1.081726E+08,284663.94,28290.00,9.640200E+06,25368.88
1731667781,263540.03,1.108080E+08,284122.30,23500.00,9.875200E+06,25320.96
1731667791,306859.87,1.138766E+08,284690.74,27339.99,1.014860E+07,25371.43
1731667801,251650.02,1.163931E+08,283884.87,22470.00,1.037330E+07,25300.67
1731667811,102150.00,1.174146E+08,279557.86,8970.00,1.046300E+07,24911.84
1731667821,220050.00,1.196151E+08,278173.96,19700.00,1.066000E+07,24790.64
1731667831,331850.05,1.229336E+08,279393.87,29590.00,1.095590E+07,24899.71
1731667841,312519.98,1.260588E+08,280130.00,27730.00,1.123320E+07,24962.61
1731667851,315680.09,1.292156E+08,280902.83,28160.01,1.151480E+07,25032.12
1731667861,285640.00,1.320720E+08,281003.62,25570.00,1.177050E+07,25043.56
1731667871,322080.03,1.352928E+08,281859.38,28660.00,1.205710E+07,25118.90
1731667881,310209.97,1.383949E+08,282437.96,27600.00,1.233310E+07,25169.54
1731667891,326669.94,1.416616E+08,283322.60,29089.99,1.262400E+07,25247.95
1731667901,310080.04,1.447624E+08,283847.25,27720.00,1.290120E+07,25296.42
1731667911,265119.94,1.474136E+08,283487.11,23599.99,1.313720E+07,25263.79
1731667921,316159.97,1.505752E+08,284103.58,28210.00,1.341930E+07,25319.38
1731667931,305840.05,1.536336E+08,284506.11,27210.00,1.369140E+07,25354.39
1731667941,301279.96,1.566464E+08,284811.09,26860.00,1.396000E+07,25381.77
1731667951,278420.05,1.594306E+08,284696.96,24700.00,1.420700E+07,25369.59
1731667961,323130.09,1.626619E+08,285371.22,28790.01,1.449490E+07,25429.60
1731667971,321839.85,1.658803E+08,285999.99,28669.99,1.478160E+07,25485.47
1731667981,316620.01,1.690465E+08,286518.97,28230.00,1.506390E+07,25531.99
1731667991,309320.00,1.721397E+08,286898.99,27670.00,1.534060E+07,25567.62
1731668001,274270.02,1.748824E+08,286691.96,24420.00,1.558480E+07,25548.81
1731668011,315200.07,1.780344E+08,287151.77,28090.01,1.586570E+07,25589.79
1731668021,313899.94,1.811734E+08,287576.34,27919.99,1.614490E+07,25626.78
1731668031,316579.98,1.843392E+08,288029.52,28270.00,1.642760E+07,25668.08
1731668041,280580.02,1.871450E+08,287914.91,24900.00,1.667660E+07,25656.27
1731668051,316060.08,1.903056E+08,288341.36,28220.01,1.695880E+07,25695.11
1731668061,328499.98,1.935906E+08,288940.74,29220.00,1.725100E+07,25747.72
1731668071,317899.99,1.967696E+08,289366.61,28380.00,1.753480E+07,25786.43
1731668081,315449.99,1.999241E+08,289744.63,28130.00,1.781610E+07,25820.40
1731668091,282799.90,2.027521E+08,289645.42,25199.99,1.806810E+07,25811.53
1731668101,251670.02,2.052688E+08,289110.55,22460.00,1.829270E+07,25764.33
1731668111,315780.11,2.084266E+08,289480.96,28160.01,1.857430E+07,25797.60
1731668121,315100.01,2.115776E+08,289831.91,28090.00,1.885520E+07,25829.00
1731668131,271480.00,2.142924E+08,289583.91,24040.00,1.909560E+07,25804.83
1731668141,302199.98,2.173144E+08,289752.12,27080.00,1.936640E+07,25821.83
1731668151,224200.01,2.195564E+08,288889.60,19900.00,1.956540E+07,25743.91
1731668161,217919.98,2.217356E+08,287967.91,19400.00,1.975940E+07,25661.52
1731668171,176660.02,2.235022E+08,286540.89,15680.00,1.991620E+07,25533.56
1731668181,178859.98,2.252908E+08,285177.84,16000.00,2.007620E+07,25412.88
1731668191,185090.02,2.271417E+08,283926.75,16450.00,2.024070E+07,25300.84
1731668201,272809.87,2.298698E+08,283789.50,24309.99,2.048380E+07,25288.61
1731668211,279590.08,2.326657E+08,283738.29,25050.01,2.073430E+07,25285.70
1731668221,133310.03,2.339988E+08,281925.90,11710.00,2.085140E+07,25122.14
1731668231,270340.01,2.367022E+08,281787.98,24240.00,2.109380E+07,25111.63
1731668241,297219.91,2.396744E+08,281969.53,26419.99,2.135800E+07,25127.03
1731668251,286240.06,2.425368E+08,282019.19,25560.01,2.161360E+07,25132.06
1731668261,295939.99,2.454962E+08,282179.20,26340.00,2.187700E+07,25145.95
1731668271,265630.01,2.481525E+08,281991.14,23610.00,2.211310E+07,25128.49
1731668281,314699.90,2.512995E+08,282358.65,28019.99,2.239330E+07,25160.98
1731668291,295580.07,2.542553E+08,282505.56,26440.01,2.265770E+07,25175.19
1731668301,319130.05,2.574466E+08,282908.02,28370.00,2.294140E+07,25210.30
1731668311,295009.88,2.603967E+08,283039.56,26349.99,2.320490E+07,25222.69
1731668321,297090.05,2.633676E+08,283190.64,26510.00,2.347000E+07,25236.53
1731668331,291800.05,2.662856E+08,283282.23,26000.00,2.373000E+07,25244.65
1731668341,313519.99,2.694208E+08,283600.53,27910.00,2.400910E+07,25272.71
1731668351,287000.00,2.722908E+08,283635.94,25480.00,2.426390E+07,25274.87
1731668361,274309.93,2.750339E+08,283539.79,24459.99,2.450850E+07,25266.47
1731668371,325280.11,2.782867E+08,283965.71,28960.01,2.479810E+07,25304.16
1731668381,333890.00,2.816256E+08,284470.00,29870.00,2.509680E+07,25350.28
1731668391,296559.89,2.845912E+08,284590.90,26319.99,2.536000E+07,25359.97
1731668401,317040.06,2.877616E+08,284912.18,28340.01,2.564340E+07,25389.48
1731668411,288470.03,2.906463E+08,284947.06,25590.00,2.589930E+07,25391.44
1731668421,315959.99,2.938059E+08,285248.15,28200.00,2.618130E+07,25418.71
1731668431,291839.89,2.967243E+08,285311.53,26059.99,2.644190E+07,25424.88
1731668441,302030.04,2.997446E+08,285470.76,26920.00,2.671110E+07,25439.12
1731668451,271199.98,3.024566E+08,285336.13,24140.00,2.695250E+07,25426.86
1731668461,323200.04,3.056886E+08,285690.00,28800.00,2.724050E+07,25458.39
1731668471,314190.09,3.088305E+08,285953.89,27940.01,2.751990E+07,25481.36
1731668481,309999.98,3.119305E+08,286174.49,27760.00,2.779750E+07,25502.27
1731668491,290149.98,3.148320E+08,286210.63,25820.00,2.805570E+07,25505.16
1731668501,326830.03,3.181003E+08,286576.57,29040.00,2.834610E+07,25537.00
1731668511,314190.01,3.212422E+08,286823.12,28050.00,2.862660E+07,25559.44
1731668521,194849.90,3.231907E+08,286009.20,17309.99,2.879970E+07,25486.44
1731668531,280930.12,3.260000E+08,285964.65,25130.01,2.905100E+07,25483.31
1731668541,240319.89,3.284032E+08,285567.74,21389.99,2.926490E+07,25447.72
1731668551,137600.03,3.297792E+08,284292.15,12270.00,2.938760E+07,25334.11
1731668561,187359.97,3.316528E+08,283463.67,16720.00,2.955480E+07,25260.49
1731668571,256880.11,3.342216E+08,283238.39,22860.01,2.978340E+07,25240.15
1731668581,326760.01,3.374892E+08,283604.12,29060.00,3.007400E+07,25272.25
1731668591,321320.01,3.407024E+08,283918.42,28720.00,3.036120E+07,25300.98
1731668601,331439.90,3.440168E+08,284311.16,29529.99,3.065650E+07,25335.93
1731668611,331760.11,3.473344E+08,284700.08,29550.01,3.095200E+07,25370.47
1731668621,176409.99,3.490985E+08,283819.67,15750.00,3.110950E+07,25292.25
1731668631,244369.99,3.515422E+08,283501.53,21710.00,3.132660E+07,25263.37
1731668641,334780.03,3.548900E+08,283911.76,29780.00,3.162440E+07,25299.50
1731668651,318599.94,3.580760E+08,284187.06,28489.99,3.190930E+07,25324.82
1731668661,274230.04,3.608183E+08,284108.66,24440.00,3.215370E+07,25317.85
1731668671,322249.95,3.640408E+08,284406.64,28700.00,3.244070E+07,25344.28
1731668681,325120.08,3.672920E+08,284722.25,28970.01,3.273040E+07,25372.38
1731668691,333759.87,3.706296E+08,285099.46,29599.99,3.302640E+07,25404.90
1731668701,261050.01,3.732401E+08,284915.88,23370.00,3.326010E+07,25389.37
1731668711,263220.05,3.758723E+08,284751.51,23400.00,3.349410E+07,25374.30
1731668721,322270.02,3.790950E+08,285033.61,28770.00,3.378180E+07,25399.83
1731668731,321229.99,3.823073E+08,285303.73,28690.00,3.406870E+07,25424.38
1731668741,333559.98,3.856429E+08,285661.18,29640.00,3.436510E+07,25455.61
1731668751,317470.05,3.888176E+08,285895.07,28210.00,3.464720E+07,25475.86
1731668761,279649.89,3.916141E+08,285849.49,25019.99,3.489740E+07,25472.53
1731668771,344380.11,3.950579E+08,286273.62,30690.01,3.520430E+07,25510.34
1731668781,322570.02,3.982836E+08,286534.75,28710.00,3.549140E+07,25533.36
1731668791,301169.98,4.012953E+08,286639.28,26930.00,3.576070E+07,25543.34
1731668801,231150.00,4.036068E+08,286245.74,20450.00,3.596520E+07,25507.21
1731668811,201719.93,4.056240E+08,285650.49,17959.99,3.614480E+07,25454.07
1731668821,206320.01,4.076872E+08,285095.73,18530.00,3.633010E+07,25405.65
1731668831,189810.05,4.095853E+08,284434.03,16780.00,3.649790E+07,25345.75
1731668841,203269.96,4.116180E+08,283874.27,18190.00,3.667980E+07,25296.40
1731668851,296879.93,4.145868E+08,283963.35,26359.99,3.694340E+07,25303.68
1731668861,267040.12,4.172572E+08,283848.23,23800.01,3.718140E+07,25293.45
1731668871,292060.00,4.201778E+08,283903.72,26080.00,3.744220E+07,25298.77
1731668881,309899.90,4.232768E+08,284078.19,27719.99,3.771940E+07,25315.02
1731668891,306580.07,4.263426E+08,284228.20,27320.01,3.799260E+07,25328.38
1731668901,298679.86,4.293294E+08,284323.91,26599.99,3.825860E+07,25336.80
1731668911,263680.14,4.319662E+08,284188.09,23360.01,3.849220E+07,25323.80
1731668921,311539.99,4.350816E+08,284366.86,27890.00,3.877110E+07,25340.57
1731668931,300610.01,4.380877E+08,284472.34,26700.00,3.903810E+07,25349.40
1731668941,211939.90,4.402071E+08,284004.39,18839.99,3.922650E+07,25307.40
1731668951,219200.08,4.423991E+08,283588.97,19590.01,3.942240E+07,25270.75
1731668961,314640.02,4.455455E+08,283786.75,28010.00,3.970250E+07,25288.20
1731668971,303869.88,4.485842E+08,283913.86,27099.99,3.997350E+07,25299.67
1731668981,320540.09,4.517896E+08,284144.21,28640.01,4.025990E+07,25320.67
1731668991,275680.05,4.545464E+08,284091.31,24590.00,4.050580E+07,25316.11
1731669001,307200.00,4.576184E+08,284234.84,27370.00,4.077950E+07,25328.87
1731669011,311959.60,4.607380E+08,284405.98,27689.96,4.105640E+07,25343.44
1731669021,314280.40,4.638808E+08,284589.26,27960.04,4.133600E+07,25359.49
1731669031,156969.98,4.654505E+08,283811.10,14150.00,4.147750E+07,25291.14
1731669041,248270.04,4.679332E+08,283595.70,22030.00,4.169780E+07,25271.38
1731669051,313949.92,4.710727E+08,283778.55,27909.99,4.197690E+07,25287.27
1731669061,299800.08,4.740707E+08,283874.49,26760.01,4.224450E+07,25296.09
1731669071,273409.92,4.768048E+08,283812.20,24309.99,4.248760E+07,25290.22
1731669081,308350.00,4.798883E+08,283957.40,27530.00,4.276290E+07,25303.48
1731669091,314420.02,4.830325E+08,284136.59,27980.00,4.304270E+07,25319.22
1731669101,305099.98,4.860835E+08,284259.18,27220.00,4.331490E+07,25330.34
1731669111,304210.09,4.891256E+08,284375.17,27230.01,4.358720E+07,25341.38
1731669121,266799.86,4.917936E+08,284273.58,23769.99,4.382490E+07,25332.30
1731669131,304460.15,4.948382E+08,284389.60,27030.01,4.409520E+07,25342.05
1731669141,310740.01,4.979456E+08,284540.17,27760.00,4.437280E+07,25355.87
1731669151,305200.01,5.009976E+08,284657.56,27200.00,4.464480E+07,25366.35
1731669161,257079.95,5.035684E+08,284501.75,22860.00,4.487340E+07,25352.19
1731669171,321219.96,5.067806E+08,284708.03,28530.00,4.515870E+07,25370.04
1731669181,317250.05,5.099531E+08,284889.83,28370.00,4.544240E+07,25386.80
1731669191,323886.63,5.131920E+08,285106.48,28879.70,4.573120E+07,25406.21
1731669201,255702.69,5.157490E+08,284944.03,22690.24,4.595810E+07,25391.20
1731669211,324919.92,5.189982E+08,285163.68,28999.99,4.624810E+07,25411.03
1731669221,305559.94,5.220538E+08,285275.13,27159.99,4.651970E+07,25420.59
1731669231,317650.08,5.252303E+08,285451.09,28420.01,4.680390E+07,25436.89
1731669241,313519.97,5.283655E+08,285602.81,27860.00,4.708250E+07,25449.99
1731669251,289950.10,5.312650E+08,285626.18,25800.01,4.734050E+07,25451.87
1731669261,303899.99,5.343040E+08,285723.90,27220.00,4.761270E+07,25461.32
1731669271,315429.92,5.374583E+08,285881.91,28089.99,4.789360E+07,25475.30
1731669281,314970.01,5.406080E+08,286035.82,28080.00,4.817440E+07,25489.09
1731669291,188519.91,5.424932E+08,285522.58,16659.99,4.834100E+07,25442.62
1731669301,187799.83,5.443712E+08,285010.94,16819.99,4.850920E+07,25397.47
1731669311,308850.37,5.474597E+08,285135.10,27590.03,4.878510E+07,25408.89
1731669321,320870.11,5.506684E+08,285320.26,28490.01,4.907000E+07,25424.86
1731669331,276759.95,5.534360E+08,285276.13,24750.00,4.931750E+07,25421.38
1731669341,306560.06,5.565016E+08,285385.28,27300.01,4.959050E+07,25431.01
1731669351,328949.94,5.597911E+08,285607.55,29199.99,4.988250E+07,25450.24
1731669361,322730.04,5.630184E+08,285795.99,28750.00,5.017000E+07,25466.99
1731669371,325080.01,5.662692E+08,285994.39,29060.00,5.046060E+07,25485.14
1731669381,258500.01,5.688542E+08,285856.23,23030.00,5.069090E+07,25472.80
1731669391,324579.98,5.721000E+08,286049.85,28970.00,5.098060E+07,25490.29
1731669401,320680.01,5.753068E+08,286222.14,28460.00,5.126520E+07,25505.06
1731669411,315189.98,5.784587E+08,286365.54,28090.00,5.154610E+07,25517.86
1731669421,324810.02,5.817068E+08,286554.92,29030.00,5.183640E+07,25535.16

Summary:
loaded 581760000 metrics in 2030.145sec with 10 workers (mean rate 286560.87 metrics/sec)
loaded 51840000 rows in 2030.145sec with 10 workers (mean rate 25535.13 rows/sec)
Run complete after 518400 queries with 10 workers (Overall query rate 255.35 queries/sec):
          :
min:     1.08ms, med:    17.16ms, mean:    23.48ms, max: 5144.83ms, stddev:    41.27ms, sum: 12172.1sec, count: 518400
all queries:
min:     1.08ms, med:    17.16ms, mean:    23.48ms, max: 5144.83ms, stddev:    41.27ms, sum: 12172.1sec, count: 518400
Saving Response Latencies to /home/benchUser/results/latenciesInserts_other.csv
