After 500 queries with 10 workers:
Interval query rate: 2.37 queries/sec	Overall query rate: 2.37 queries/sec
VictoriaMetrics mean of 10 metrics, all hosts, random 12h0m0s by 1h:
min:   833.98ms, med:  4199.42ms, mean:  4170.32ms, max: 5058.30ms, stddev:   446.74ms, sum: 2085.2sec, count: 500
all queries                                                        :
min:   833.98ms, med:  4199.42ms, mean:  4170.32ms, max: 5058.30ms, stddev:   446.74ms, sum: 2085.2sec, count: 500

After 1000 queries with 10 workers:
Interval query rate: 2.37 queries/sec	Overall query rate: 2.37 queries/sec
VictoriaMetrics mean of 10 metrics, all hosts, random 12h0m0s by 1h:
min:   833.98ms, med:  4213.76ms, mean:  4201.56ms, max: 5145.09ms, stddev:   405.04ms, sum: 4201.6sec, count: 1000
all queries                                                        :
min:   833.98ms, med:  4213.76ms, mean:  4201.56ms, max: 5145.09ms, stddev:   405.04ms, sum: 4201.6sec, count: 1000

After 1500 queries with 10 workers:
Interval query rate: 2.37 queries/sec	Overall query rate: 2.37 queries/sec
VictoriaMetrics mean of 10 metrics, all hosts, random 12h0m0s by 1h:
min:   833.98ms, med:  4215.04ms, mean:  4209.63ms, max: 5322.49ms, stddev:   393.32ms, sum: 6314.4sec, count: 1500
all queries                                                        :
min:   833.98ms, med:  4215.04ms, mean:  4209.63ms, max: 5322.49ms, stddev:   393.32ms, sum: 6314.4sec, count: 1500

After 2000 queries with 10 workers:
Interval query rate: 2.34 queries/sec	Overall query rate: 2.36 queries/sec
VictoriaMetrics mean of 10 metrics, all hosts, random 12h0m0s by 1h:
min:   833.98ms, med:  4236.03ms, mean:  4227.14ms, max: 5377.28ms, stddev:   387.79ms, sum: 8454.3sec, count: 2000
all queries                                                        :
min:   833.98ms, med:  4236.03ms, mean:  4227.14ms, max: 5377.28ms, stddev:   387.79ms, sum: 8454.3sec, count: 2000

After 2500 queries with 10 workers:
Interval query rate: 2.32 queries/sec	Overall query rate: 2.35 queries/sec
VictoriaMetrics mean of 10 metrics, all hosts, random 12h0m0s by 1h:
min:   833.98ms, med:  4247.55ms, mean:  4241.62ms, max: 5814.02ms, stddev:   388.38ms, sum: 10604.1sec, count: 2500
all queries                                                        :
min:   833.98ms, med:  4247.55ms, mean:  4241.62ms, max: 5814.02ms, stddev:   388.38ms, sum: 10604.1sec, count: 2500

After 3000 queries with 10 workers:
Interval query rate: 2.35 queries/sec	Overall query rate: 2.35 queries/sec
VictoriaMetrics mean of 10 metrics, all hosts, random 12h0m0s by 1h:
min:   833.98ms, med:  4247.55ms, mean:  4243.20ms, max: 5814.02ms, stddev:   384.61ms, sum: 12729.6sec, count: 3000
all queries                                                        :
min:   833.98ms, med:  4247.55ms, mean:  4243.20ms, max: 5814.02ms, stddev:   384.61ms, sum: 12729.6sec, count: 3000

After 3500 queries with 10 workers:
Interval query rate: 2.35 queries/sec	Overall query rate: 2.35 queries/sec
VictoriaMetrics mean of 10 metrics, all hosts, random 12h0m0s by 1h:
min:   833.98ms, med:  4248.06ms, mean:  4245.20ms, max: 5814.02ms, stddev:   379.17ms, sum: 14858.2sec, count: 3500
all queries                                                        :
min:   833.98ms, med:  4248.06ms, mean:  4245.20ms, max: 5814.02ms, stddev:   379.17ms, sum: 14858.2sec, count: 3500

After 4000 queries with 10 workers:
Interval query rate: 2.30 queries/sec	Overall query rate: 2.35 queries/sec
VictoriaMetrics mean of 10 metrics, all hosts, random 12h0m0s by 1h:
min:   833.98ms, med:  4256.00ms, mean:  4257.96ms, max: 6001.41ms, stddev:   380.01ms, sum: 17031.9sec, count: 4000
all queries                                                        :
min:   833.98ms, med:  4256.00ms, mean:  4257.96ms, max: 6001.41ms, stddev:   380.01ms, sum: 17031.9sec, count: 4000

After 4500 queries with 10 workers:
Interval query rate: 2.38 queries/sec	Overall query rate: 2.35 queries/sec
VictoriaMetrics mean of 10 metrics, all hosts, random 12h0m0s by 1h:
min:   833.98ms, med:  4249.60ms, mean:  4252.51ms, max: 6001.41ms, stddev:   378.33ms, sum: 19136.3sec, count: 4500
all queries                                                        :
min:   833.98ms, med:  4249.60ms, mean:  4252.51ms, max: 6001.41ms, stddev:   378.33ms, sum: 19136.3sec, count: 4500

After 5000 queries with 10 workers:
Interval query rate: 2.34 queries/sec	Overall query rate: 2.35 queries/sec
VictoriaMetrics mean of 10 metrics, all hosts, random 12h0m0s by 1h:
min:   833.98ms, med:  4253.95ms, mean:  4254.83ms, max: 6001.41ms, stddev:   375.24ms, sum: 21274.1sec, count: 5000
all queries                                                        :
min:   833.98ms, med:  4253.95ms, mean:  4254.83ms, max: 6001.41ms, stddev:   375.24ms, sum: 21274.1sec, count: 5000

After 5500 queries with 10 workers:
Interval query rate: 2.31 queries/sec	Overall query rate: 2.34 queries/sec
VictoriaMetrics mean of 10 metrics, all hosts, random 12h0m0s by 1h:
min:   833.98ms, med:  4258.30ms, mean:  4260.38ms, max: 6001.41ms, stddev:   377.28ms, sum: 23432.1sec, count: 5500
all queries                                                        :
min:   833.98ms, med:  4258.30ms, mean:  4260.38ms, max: 6001.41ms, stddev:   377.28ms, sum: 23432.1sec, count: 5500

After 6000 queries with 10 workers:
Interval query rate: 2.37 queries/sec	Overall query rate: 2.35 queries/sec
VictoriaMetrics mean of 10 metrics, all hosts, random 12h0m0s by 1h:
min:   833.98ms, med:  4258.30ms, mean:  4257.78ms, max: 6001.41ms, stddev:   375.04ms, sum: 25546.7sec, count: 6000
all queries                                                        :
min:   833.98ms, med:  4258.30ms, mean:  4257.78ms, max: 6001.41ms, stddev:   375.04ms, sum: 25546.7sec, count: 6000

After 6500 queries with 10 workers:
Interval query rate: 2.39 queries/sec	Overall query rate: 2.35 queries/sec
VictoriaMetrics mean of 10 metrics, all hosts, random 12h0m0s by 1h:
min:   833.98ms, med:  4252.93ms, mean:  4252.48ms, max: 6001.41ms, stddev:   375.01ms, sum: 27641.1sec, count: 6500
all queries                                                        :
min:   833.98ms, med:  4252.93ms, mean:  4252.48ms, max: 6001.41ms, stddev:   375.01ms, sum: 27641.1sec, count: 6500

After 7000 queries with 10 workers:
Interval query rate: 2.36 queries/sec	Overall query rate: 2.35 queries/sec
VictoriaMetrics mean of 10 metrics, all hosts, random 12h0m0s by 1h:
min:   833.98ms, med:  4250.62ms, mean:  4250.54ms, max: 6001.41ms, stddev:   373.03ms, sum: 29753.8sec, count: 7000
all queries                                                        :
min:   833.98ms, med:  4250.62ms, mean:  4250.54ms, max: 6001.41ms, stddev:   373.03ms, sum: 29753.8sec, count: 7000

After 7500 queries with 10 workers:
Interval query rate: 2.37 queries/sec	Overall query rate: 2.35 queries/sec
VictoriaMetrics mean of 10 metrics, all hosts, random 12h0m0s by 1h:
min:   833.98ms, med:  4248.32ms, mean:  4248.77ms, max: 6001.41ms, stddev:   371.53ms, sum: 31865.8sec, count: 7500
all queries                                                        :
min:   833.98ms, med:  4248.32ms, mean:  4248.77ms, max: 6001.41ms, stddev:   371.53ms, sum: 31865.8sec, count: 7500

After 8000 queries with 10 workers:
Interval query rate: 2.35 queries/sec	Overall query rate: 2.35 queries/sec
VictoriaMetrics mean of 10 metrics, all hosts, random 12h0m0s by 1h:
min:   833.98ms, med:  4250.11ms, mean:  4248.89ms, max: 6001.41ms, stddev:   371.13ms, sum: 33991.1sec, count: 8000
all queries                                                        :
min:   833.98ms, med:  4250.11ms, mean:  4248.89ms, max: 6001.41ms, stddev:   371.13ms, sum: 33991.1sec, count: 8000

After 8500 queries with 10 workers:
Interval query rate: 2.36 queries/sec	Overall query rate: 2.35 queries/sec
VictoriaMetrics mean of 10 metrics, all hosts, random 12h0m0s by 1h:
min:   833.98ms, med:  4248.32ms, mean:  4248.19ms, max: 6001.41ms, stddev:   370.57ms, sum: 36109.6sec, count: 8500
all queries                                                        :
min:   833.98ms, med:  4248.32ms, mean:  4248.19ms, max: 6001.41ms, stddev:   370.57ms, sum: 36109.6sec, count: 8500

Run complete after 8640 queries with 10 workers (Overall query rate 2.35 queries/sec):
VictoriaMetrics mean of 10 metrics, all hosts, random 12h0m0s by 1h:
min:   833.98ms, med:  4250.88ms, mean:  4251.24ms, max: 6001.41ms, stddev:   371.84ms, sum: 36730.7sec, count: 8640
all queries                                                        :
min:   833.98ms, med:  4250.88ms, mean:  4251.24ms, max: 6001.41ms, stddev:   371.84ms, sum: 36730.7sec, count: 8640
Saving Response Latencies to /home/benchUser/results/latenciesQueries_latest.csv
wall clock time: 3674.851185sec
