time,per. metric/s,metric total,overall metric/s,per. row/s,row total,overall row/s
1738671949,115483.89,1.154900E+06,115483.89,10394.45,1.039500E+05,10394.45
1738671959,253669.90,3.691600E+06,184575.08,22642.49,3.303750E+05,16518.31
1738671969,263502.62,6.326625E+06,210883.79,23445.01,5.648250E+05,18827.17
1738671979,250067.47,8.827300E+06,220679.58,22252.50,7.873500E+05,19683.49
1738671989,258365.01,1.141095E+07,228216.58,23010.00,1.017450E+06,20348.78
1738671999,263197.51,1.404292E+07,234046.69,23482.50,1.252275E+06,20871.07
1738672009,253922.51,1.658215E+07,236886.07,22597.50,1.478250E+06,21117.70
1738672019,253024.98,1.911240E+07,238903.42,22657.50,1.704825E+06,21310.17
1738672029,256255.01,2.167495E+07,240831.36,22740.00,1.932225E+06,21469.04
1738672039,256040.01,2.423535E+07,242352.22,22762.50,2.159850E+06,21598.39
1738672049,254862.50,2.678398E+07,243489.51,22837.50,2.388225E+06,21711.03
1738672059,254867.48,2.933265E+07,244437.67,22560.00,2.613825E+06,21781.78
1738672069,259887.53,3.193152E+07,245626.12,23205.00,2.845875E+06,21891.26
1738672079,251072.47,3.444225E+07,246015.14,22410.00,3.069975E+06,21928.31
1738672089,262402.52,3.706628E+07,247107.63,23415.00,3.304125E+06,22027.42
1738672099,249452.51,3.956080E+07,247254.18,22267.50,3.526800E+06,22042.43
1738672109,249332.49,4.205412E+07,247376.44,22207.50,3.748875E+06,22052.14
1738672119,253584.99,4.458998E+07,247721.35,22515.00,3.974025E+06,22077.85
1738672129,244694.86,4.703692E+07,247562.07,21764.99,4.191675E+06,22061.39
1738672139,244667.63,4.948360E+07,247417.35,21907.51,4.410750E+06,22053.69
1738672149,248160.02,5.196520E+07,247452.71,22005.00,4.630800E+06,22051.37
1738672159,242347.42,5.438868E+07,247220.65,21592.49,4.846725E+06,22030.51
1738672169,247127.44,5.685995E+07,247216.60,22132.50,5.068050E+06,22034.95
1738672179,247005.14,5.933000E+07,247207.79,21975.01,5.287800E+06,22032.45
1738672189,249489.98,6.182490E+07,247299.08,22170.00,5.509500E+06,22037.95
1738672199,250689.94,6.433180E+07,247429.49,22349.99,5.733000E+06,22049.95
1738672209,242662.56,6.675842E+07,247252.94,21637.50,5.949375E+06,22034.68
1738672219,243007.50,6.918850E+07,247101.32,21697.50,6.166350E+06,22022.64
1738672229,244314.89,7.163165E+07,247005.23,21839.99,6.384750E+06,22016.34
1738672239,236720.08,7.399885E+07,246662.40,21000.01,6.594750E+06,21982.46
1738672249,260255.04,7.660140E+07,247100.87,23115.00,6.825900E+06,22018.99
1738672259,252602.50,7.912742E+07,247272.79,22612.50,7.052025E+06,22037.54
1738672269,253617.42,8.166360E+07,247465.06,22634.99,7.278375E+06,22055.65
1738672279,246682.57,8.413042E+07,247442.04,21900.01,7.497375E+06,22051.07
1738672289,261082.43,8.674125E+07,247831.77,23377.49,7.731150E+06,22088.97
1738672299,250112.57,8.924238E+07,247895.12,22267.51,7.953825E+06,22093.93
1738672309,256142.50,9.180380E+07,248118.02,22717.50,8.181000E+06,22110.78
1738672319,250007.47,9.430388E+07,248167.75,22252.50,8.403525E+06,22114.51
1738672329,245132.52,9.675520E+07,248089.92,21967.50,8.623200E+06,22110.74
1738672339,250119.91,9.925640E+07,248140.67,22274.99,8.845950E+06,22114.85
1738672349,251155.10,1.017680E+08,248214.19,22410.01,9.070050E+06,22122.04
1738672359,246922.44,1.042372E+08,248183.44,21847.49,9.288525E+06,22115.51
1738672369,256647.55,1.068036E+08,248380.28,22942.50,9.517950E+06,22134.74
1738672379,256002.50,1.093637E+08,248553.51,22897.50,9.746925E+06,22152.08
1738672389,257192.50,1.119356E+08,248745.49,22867.50,9.975600E+06,22167.97
1738672399,256550.02,1.145011E+08,248915.15,22755.00,1.020315E+07,22180.74
1738672409,195127.48,1.164524E+08,247770.73,17482.50,1.037798E+07,22080.77
1738672419,250945.02,1.189618E+08,247836.86,22365.00,1.060162E+07,22086.69
1738672429,255440.00,1.215162E+08,247992.03,22695.00,1.082858E+07,22099.11
1738672439,255537.28,1.240716E+08,248142.93,22904.98,1.105762E+07,22115.23
1738672449,258170.24,1.266533E+08,248339.55,22987.52,1.128750E+07,22132.33
1738672459,260029.97,1.292536E+08,248564.36,23160.00,1.151910E+07,22152.09
1738672469,254777.41,1.318014E+08,248681.59,22612.49,1.174522E+07,22160.78
1738672479,253542.61,1.343368E+08,248771.61,22702.51,1.197225E+07,22170.81
1738672489,260757.46,1.369444E+08,248989.53,23137.50,1.220362E+07,22188.39
1738672499,245932.54,1.394037E+08,248934.94,21952.50,1.242315E+07,22184.18
1738672509,257689.95,1.419806E+08,249088.54,22905.00,1.265220E+07,22196.82
1738672519,266797.55,1.446486E+08,249393.87,23782.50,1.289002E+07,22224.16
1738672529,265657.49,1.473052E+08,249669.52,23625.00,1.312628E+07,22247.90
1738672539,244822.50,1.497534E+08,249588.74,21930.00,1.334558E+07,22242.61
1738672549,176897.49,1.515224E+08,248397.08,15735.00,1.350292E+07,22135.92
1738672559,182674.98,1.533491E+08,247337.05,16237.50,1.366530E+07,22040.79
1738672569,164584.92,1.549950E+08,246023.52,14692.49,1.381222E+07,21924.15
1738672579,177047.56,1.567654E+08,244945.77,15735.01,1.396958E+07,21827.44
1738672589,154187.41,1.583073E+08,243549.49,13777.49,1.410735E+07,21703.60
1738672599,156470.13,1.598720E+08,242230.11,14025.01,1.424760E+07,21587.26
1738672609,133075.01,1.612028E+08,240600.93,11707.50,1.436468E+07,21439.80
1738672619,214964.98,1.633524E+08,240223.93,19290.00,1.455758E+07,21408.18
1738672629,240705.01,1.657594E+08,240230.90,21457.50,1.477215E+07,21408.90
1738672639,232690.01,1.680864E+08,240123.18,20677.50,1.497892E+07,21398.45
1738672649,242399.98,1.705104E+08,240155.24,21600.00,1.519492E+07,21401.29
1738672659,247547.50,1.729858E+08,240257.91,22005.00,1.541498E+07,21409.67
1738672669,238297.51,1.753688E+08,240231.06,21322.50,1.562820E+07,21408.48
1738672679,239719.90,1.777660E+08,240224.15,21239.99,1.584060E+07,21406.20
1738672689,251889.64,1.802849E+08,240379.69,22514.97,1.606575E+07,21420.98
1738672699,251930.36,1.828042E+08,240531.67,22507.53,1.629082E+07,21435.28
1738672709,251200.01,1.853162E+08,240670.22,22417.50,1.651500E+07,21448.04
1738672719,231955.07,1.876358E+08,240558.49,20565.01,1.672065E+07,21436.72
1738672729,242399.99,1.900598E+08,240581.80,21600.00,1.693665E+07,21438.78
1738672739,246572.53,1.925255E+08,240656.68,22027.50,1.715692E+07,21446.14
1738672749,254282.40,1.950683E+08,240824.90,22597.49,1.738290E+07,21460.36
1738672759,251597.60,1.975843E+08,240956.28,22477.51,1.760768E+07,21472.76
1738672769,277452.47,2.003588E+08,241395.99,24750.00,1.785518E+07,21512.25
1738672779,279340.01,2.031522E+08,241847.70,24832.50,1.810350E+07,21551.77
1738672789,277220.00,2.059244E+08,242263.85,24787.50,1.835138E+07,21589.84
1738672799,264867.51,2.085731E+08,242526.68,23550.00,1.858688E+07,21612.63
1738672809,242912.50,2.110022E+08,242531.12,21660.00,1.880348E+07,21613.18
1738672819,250719.99,2.135094E+08,242624.17,22350.00,1.902698E+07,21621.55
1738672829,250764.77,2.160170E+08,242715.64,22357.48,1.925055E+07,21629.82
1738672839,257065.20,2.185877E+08,242875.08,22860.02,1.947915E+07,21643.49
1738672849,248980.06,2.210775E+08,242942.17,22095.00,1.970010E+07,21648.45
1738672859,257839.97,2.236559E+08,243104.10,22965.00,1.992975E+07,21662.76
1738672869,243592.53,2.260918E+08,243109.35,21742.50,2.014718E+07,21663.62
1738672879,250480.00,2.285966E+08,243187.76,22320.00,2.037038E+07,21670.60
1738672889,257817.50,2.311748E+08,243341.76,22942.50,2.059980E+07,21683.99
1738672899,167992.49,2.328547E+08,242556.87,15030.00,2.075010E+07,21614.68
1738672909,230087.49,2.351556E+08,242428.32,20550.00,2.095560E+07,21603.70
1738672919,244359.94,2.375992E+08,242448.03,21824.99,2.117385E+07,21605.96
1738672929,238430.06,2.399835E+08,242407.45,21090.01,2.138475E+07,21600.75
1738672939,231245.02,2.422960E+08,242295.82,20730.00,2.159205E+07,21592.04
1738672949,230619.94,2.446022E+08,242180.22,20497.49,2.179702E+07,21581.20
1738672959,235295.06,2.469551E+08,242112.72,21007.51,2.200710E+07,21575.58
1738672969,231590.00,2.492710E+08,242010.56,20520.00,2.221230E+07,21565.33
1738672979,237990.02,2.516509E+08,241971.90,21360.00,2.242590E+07,21563.35
1738672989,261042.50,2.542613E+08,242153.52,23197.50,2.265788E+07,21578.92
1738672999,268567.39,2.569470E+08,242402.71,23842.49,2.289630E+07,21600.27
1738673009,245739.98,2.594044E+08,242433.90,22035.00,2.311665E+07,21604.34
1738673019,257612.62,2.619805E+08,242574.44,22927.51,2.334592E+07,21616.59
1738673029,241102.45,2.643916E+08,242560.94,21412.50,2.356005E+07,21614.71
1738673039,238005.06,2.667716E+08,242519.52,21322.51,2.377328E+07,21612.06
1738673049,241499.95,2.691866E+08,242510.33,21532.50,2.398860E+07,21611.34
1738673059,240035.02,2.715870E+08,242488.23,21285.00,2.420145E+07,21608.43
1738673069,267247.53,2.742594E+08,242707.34,23857.50,2.444002E+07,21628.33
1738673079,271134.92,2.769708E+08,242956.71,24119.99,2.468122E+07,21650.19
1738673089,269460.07,2.796654E+08,243187.17,24000.01,2.492122E+07,21670.62
1738673099,275432.50,2.824197E+08,243465.15,24592.50,2.516715E+07,21695.81
1738673109,259017.44,2.850099E+08,243598.07,23092.49,2.539808E+07,21707.75
1738673119,271195.05,2.877218E+08,243831.95,24090.00,2.563898E+07,21727.94
1738673129,263069.97,2.903525E+08,243993.61,23550.00,2.587448E+07,21743.25
1738673139,272407.53,2.930766E+08,244230.39,24172.50,2.611620E+07,21763.49
1738673149,257209.93,2.956487E+08,244337.66,22874.99,2.634495E+07,21772.68
1738673159,251147.60,2.981602E+08,244393.48,22387.51,2.656882E+07,21777.72
1738673169,243952.41,3.005997E+08,244389.89,21832.49,2.678715E+07,21778.16
1738673179,248980.10,3.030895E+08,244426.91,22095.01,2.700810E+07,21780.72
1738673189,243899.98,3.055285E+08,244422.70,21825.00,2.722635E+07,21781.07
1738673199,244990.01,3.079784E+08,244427.20,21885.00,2.744520E+07,21781.90
1738673209,230230.00,3.102807E+08,244315.41,20370.00,2.764890E+07,21770.78
1738673219,170729.92,3.119880E+08,243740.52,15269.99,2.780160E+07,21719.99
1738673229,153970.06,3.135277E+08,243044.63,13755.01,2.793915E+07,21658.25
1738673239,159979.95,3.151275E+08,242405.67,14160.00,2.808075E+07,21600.57
1738673249,147247.53,3.166000E+08,241679.27,13222.50,2.821298E+07,21536.61
1738673259,135724.83,3.179572E+08,240876.59,11999.99,2.833298E+07,21464.37
1738673269,131757.69,3.192748E+08,240056.15,11857.52,2.845155E+07,21392.13
1738673279,176414.99,3.210390E+08,239581.21,15667.50,2.860822E+07,21349.41
1738673289,225474.99,3.232937E+08,239476.72,20047.50,2.880870E+07,21339.77
1738673299,229129.99,3.255850E+08,239400.64,20550.00,2.901420E+07,21333.96
1738673309,230139.89,3.278864E+08,239333.05,20339.99,2.921760E+07,21326.71
1738673319,228662.63,3.301730E+08,239255.72,20482.51,2.942242E+07,21320.59
1738673329,237652.34,3.325496E+08,239244.19,21202.49,2.963445E+07,21319.74
1738673339,239675.09,3.349463E+08,239247.27,21345.01,2.984790E+07,21319.92
1738673349,227930.02,3.372256E+08,239167.00,20355.00,3.005145E+07,21313.08
1738673359,232820.04,3.395538E+08,239122.31,20707.50,3.025852E+07,21308.81
1738673369,230402.48,3.418578E+08,239061.33,20445.00,3.046298E+07,21302.77
1738673379,227807.47,3.441359E+08,238983.18,20272.50,3.066570E+07,21295.62
1738673389,259137.56,3.467273E+08,239122.17,23122.51,3.089692E+07,21308.22
1738673399,236774.87,3.490950E+08,239106.09,21209.99,3.110902E+07,21307.54
1738673409,182860.08,3.509236E+08,238723.47,16155.01,3.127058E+07,21272.49
1738673419,228837.53,3.532120E+08,238656.67,20512.50,3.147570E+07,21267.36
1738673429,236119.91,3.555732E+08,238639.65,21052.49,3.168622E+07,21265.92
1738673439,230079.97,3.578740E+08,238582.58,20377.50,3.189000E+07,21259.99
1738673449,230240.10,3.601764E+08,238527.33,20647.51,3.209648E+07,21255.94
1738673459,231519.97,3.624916E+08,238481.23,20572.50,3.230220E+07,21251.44
1738673469,227877.45,3.647704E+08,238411.93,20362.50,3.250582E+07,21245.63
1738673479,231482.58,3.670852E+08,238366.93,20497.51,3.271080E+07,21240.77
1738673489,221439.95,3.692996E+08,238257.72,19882.50,3.290962E+07,21232.01
1738673499,230259.97,3.716022E+08,238206.46,20347.50,3.311310E+07,21226.34
1738673509,229340.03,3.738956E+08,238149.98,20565.00,3.331875E+07,21222.13
1738673519,231737.53,3.762130E+08,238109.40,20527.50,3.352402E+07,21217.73
1738673529,226022.51,3.784732E+08,238033.38,20137.50,3.372540E+07,21210.94
1738673539,226667.53,3.807399E+08,237962.34,20212.50,3.392752E+07,21204.70
1738673549,230412.49,3.830440E+08,237915.45,20662.50,3.413415E+07,21201.33
1738673559,230357.34,3.853476E+08,237868.79,20407.49,3.433822E+07,21196.43
1738673569,230082.66,3.876484E+08,237821.03,20625.01,3.454448E+07,21192.92
1738673579,230057.49,3.899490E+08,237773.69,20355.00,3.474802E+07,21187.81
1738673589,226502.50,3.922140E+08,237705.38,20197.50,3.495000E+07,21181.81
1738673599,245920.01,3.946732E+08,237754.86,22057.50,3.517058E+07,21187.09
1738673609,258559.93,3.972588E+08,237879.45,23039.99,3.540098E+07,21198.18
1738673619,256285.06,3.998216E+08,237989.00,22770.01,3.562868E+07,21207.54
1738673629,262920.00,4.024508E+08,238136.52,23407.50,3.586275E+07,21220.56
1738673639,255575.00,4.050066E+08,238239.10,22837.50,3.609112E+07,21230.07
1738673649,261079.99,4.076174E+08,238372.67,23227.50,3.632340E+07,21241.75
1738673659,253629.96,4.101537E+08,238461.38,22530.00,3.654870E+07,21249.24
1738673669,261555.06,4.127692E+08,238594.87,23445.01,3.678315E+07,21261.93
1738673679,248062.50,4.152499E+08,238649.28,21997.50,3.700312E+07,21266.16
1738673689,226862.49,4.175185E+08,238581.93,20257.50,3.720570E+07,21260.39
1738673699,242670.00,4.199452E+08,238605.16,21630.00,3.742200E+07,21262.49
1738673709,241192.50,4.223571E+08,238619.77,21427.50,3.763628E+07,21263.43
1738673719,250007.47,4.248572E+08,238683.75,22252.50,3.785880E+07,21268.98
1738673729,251957.55,4.273768E+08,238757.90,22537.50,3.808418E+07,21276.07
1738673739,275562.38,4.301324E+08,238962.37,24577.49,3.832995E+07,21294.41
1738673749,281365.02,4.329460E+08,239196.64,25012.50,3.858008E+07,21314.95
1738673759,252035.06,4.354664E+08,239267.18,22522.51,3.880530E+07,21321.59
1738673769,244515.03,4.379116E+08,239295.86,21787.50,3.902318E+07,21324.13
1738673779,247672.49,4.403883E+08,239341.38,22050.00,3.924368E+07,21328.08
1738673789,241852.49,4.428068E+08,239354.96,21532.50,3.945900E+07,21329.18
1738673799,241882.52,4.452256E+08,239368.55,21517.50,3.967418E+07,21330.20
1738673809,241927.37,4.476449E+08,239382.23,21532.49,3.988950E+07,21331.28
1738673819,238350.11,4.500284E+08,239376.74,21352.51,4.010302E+07,21331.39
1738673829,243299.93,4.524614E+08,239397.50,21637.49,4.031940E+07,21333.01
1738673839,241500.07,4.548764E+08,239408.56,21562.51,4.053502E+07,21334.22
1738673849,240840.00,4.572848E+08,239416.06,21457.50,4.074960E+07,21334.86
1738673859,241130.01,4.596961E+08,239424.99,21450.00,4.096410E+07,21335.46
1738673869,244090.00,4.621370E+08,239449.16,21810.00,4.118220E+07,21337.92
1738673879,240979.85,4.645468E+08,239457.05,21419.99,4.139640E+07,21338.34
1738673889,137562.57,4.659224E+08,238934.51,12262.51,4.151902E+07,21291.80
1738673899,197875.02,4.679012E+08,238725.02,17580.00,4.169482E+07,21272.86
1738673909,195607.47,4.698572E+08,238506.15,17370.00,4.186852E+07,21253.05
1738673919,193470.03,4.717920E+08,238278.70,17235.00,4.204088E+07,21232.76
1738673929,179342.34,4.735854E+08,237982.54,16034.99,4.220122E+07,21206.64
1738673939,178112.65,4.753665E+08,237683.19,15892.51,4.236015E+07,21180.07
1738673949,232760.01,4.776941E+08,237658.69,20670.00,4.256685E+07,21177.53
1738673959,236765.02,4.800618E+08,237654.27,21210.00,4.277895E+07,21177.69
1738673969,264877.49,4.827105E+08,237788.37,23512.50,4.301408E+07,21189.19
1738673979,269087.51,4.854014E+08,237941.80,24090.00,4.325498E+07,21203.41
1738673989,241242.49,4.878138E+08,237957.90,21465.00,4.346962E+07,21204.69
1738673999,218699.99,4.900008E+08,237864.42,19500.00,4.366462E+07,21196.41
1738674009,225902.50,4.922598E+08,237806.63,20122.50,4.386585E+07,21191.23
1738674019,227585.02,4.945357E+08,237757.49,20325.00,4.406910E+07,21187.06
1738674029,225097.50,4.967867E+08,237696.91,20017.50,4.426928E+07,21181.47
1738674039,225122.50,4.990379E+08,237637.04,20002.50,4.446930E+07,21175.85
1738674049,226029.95,5.012982E+08,237582.03,20130.00,4.467060E+07,21170.90
1738674059,233270.05,5.036309E+08,237561.69,20745.00,4.487805E+07,21168.89
1738674069,229189.99,5.059228E+08,237522.38,20550.00,4.508355E+07,21165.98
1738674079,238302.51,5.083058E+08,237526.03,21142.50,4.529498E+07,21165.87
1738674089,233622.49,5.106420E+08,237507.87,20857.50,4.550355E+07,21164.44
1738674099,247075.03,5.131128E+08,237552.16,22065.00,4.572420E+07,21168.61
1738674109,250162.48,5.156144E+08,237610.28,22282.50,4.594702E+07,21173.74
1738674119,228357.50,5.178980E+08,237567.83,20385.00,4.615088E+07,21170.12
1738674129,254454.95,5.204426E+08,237644.94,22537.50,4.637625E+07,21176.36
1738674139,234635.06,5.227889E+08,237631.26,20925.01,4.658550E+07,21175.22
1738674149,235519.98,5.251441E+08,237621.71,21060.00,4.679610E+07,21174.70
1738674159,241042.51,5.275545E+08,237637.12,21397.50,4.701008E+07,21175.70
1738674169,233412.50,5.298886E+08,237618.17,20775.00,4.721782E+07,21173.91
1738674179,254015.02,5.324288E+08,237691.37,22777.50,4.744560E+07,21181.07
1738674189,263104.92,5.350598E+08,237804.32,23302.49,4.767862E+07,21190.49
1738674199,268605.08,5.377459E+08,237940.61,24022.51,4.791885E+07,21203.03
1738674209,245289.99,5.401988E+08,237972.98,21922.50,4.813808E+07,21206.20
1738674219,234319.92,5.425420E+08,237956.96,20879.99,4.834688E+07,21204.76
1738674229,231865.06,5.448606E+08,237930.36,20617.51,4.855305E+07,21202.20
1738674239,227795.02,5.471386E+08,237886.29,20355.00,4.875660E+07,21198.52
1738674249,231377.47,5.494524E+08,237858.12,20482.50,4.896142E+07,21195.42
1738674259,226030.02,5.517127E+08,237807.13,20130.00,4.916272E+07,21190.82
1738674269,221260.00,5.539253E+08,237736.12,19860.00,4.936132E+07,21185.11
1738674279,230942.40,5.562347E+08,237707.08,20422.49,4.956555E+07,21181.85
1738674289,222490.10,5.584596E+08,237642.33,19972.51,4.976528E+07,21176.71
1738674299,227844.98,5.607380E+08,237600.82,20227.50,4.996755E+07,21172.69
1738674309,231395.00,5.630520E+08,237574.63,20685.00,5.017440E+07,21170.63
1738674319,228235.02,5.653344E+08,237535.39,20325.00,5.037765E+07,21167.08
1738674329,227402.41,5.676084E+08,237492.99,20197.49,5.057962E+07,21163.02
1738674339,232842.57,5.699368E+08,237473.61,20827.51,5.078790E+07,21161.62
1738674349,237484.97,5.723116E+08,237473.66,21022.50,5.099812E+07,21161.04
1738674359,243112.45,5.747428E+08,237496.96,21690.00,5.121502E+07,21163.23
1738674369,244742.60,5.771902E+08,237526.78,21915.01,5.143418E+07,21166.32
1738674379,264402.46,5.798342E+08,237636.93,23460.00,5.166878E+07,21175.72

Summary:
loaded 581760000 metrics in 2447.413sec with 10 workers (mean rate 237704.02 metrics/sec)
loaded 51840000 rows in 2447.413sec with 10 workers (mean rate 21181.55 rows/sec)
Run complete after 691200 queries with 10 workers (Overall query rate 282.42 queries/sec):
          :
min:     0.96ms, med:     1.87ms, mean:     8.34ms, max: 3261.31ms, stddev:    18.79ms, sum: 5763.0sec, count: 691200
all queries:
min:     0.96ms, med:     1.87ms, mean:     8.34ms, max: 3261.31ms, stddev:    18.79ms, sum: 5763.0sec, count: 691200
Saving Response Latencies to /home/benchUser/results/latenciesInserts_latest.csv
