time,per. metric/s,metric total,overall metric/s,per. row/s,row total,overall row/s
1737800189,90053.51,9.006500E+05,90053.51,8053.97,8.055000E+04,8053.97
1737800199,262814.94,3.528800E+06,176428.72,23534.99,3.159000E+05,15793.99
1737800209,264600.06,6.174800E+06,205817.91,23565.01,5.515500E+05,18384.22
1737800219,258122.41,8.756025E+06,218893.62,22987.49,7.814250E+05,19535.00
1737800229,245192.52,1.120795E+07,224153.27,21862.50,1.000050E+06,20000.49
1737800239,246780.01,1.367575E+07,227924.31,21937.50,1.219425E+06,20323.32
1737800249,274945.06,1.642520E+07,234641.44,24517.51,1.464600E+06,20922.48
1737800259,265807.48,1.908328E+07,238537.13,23632.50,1.700925E+06,21261.22
1737800269,262552.51,2.170880E+07,241205.47,23497.50,1.935900E+06,21509.69
1737800279,269804.93,2.440685E+07,244065.38,23902.49,2.174925E+06,21748.97
1737800289,267772.57,2.708458E+07,246220.55,23910.01,2.414025E+06,21945.43
1737800299,253422.51,2.961880E+07,246820.71,22695.00,2.640975E+06,22007.89
1737800309,224799.99,3.186680E+07,245126.82,19987.50,2.840850E+06,21852.48
1737800319,182829.86,3.369510E+07,240677.08,16169.99,3.002550E+06,21446.59
1737800329,167437.50,3.536948E+07,235794.48,15037.50,3.152925E+06,21019.32
1737800339,147067.57,3.684015E+07,230249.10,13012.51,3.283050E+06,20518.90
1737800349,132024.93,3.816040E+07,224471.24,11834.99,3.401400E+06,20008.08
1737800359,192457.67,4.008498E+07,222692.73,17062.52,3.572025E+06,19844.44
1737800369,228762.48,4.237260E+07,223012.19,20505.00,3.777075E+06,19879.21
1737800379,234259.93,4.471520E+07,223574.57,20872.49,3.985800E+06,19928.87
1737800389,225990.07,4.697510E+07,223689.59,20130.01,4.187100E+06,19938.45
1737800399,224814.92,4.922325E+07,223740.74,19964.99,4.386750E+06,19939.66
1737800409,219112.52,5.141438E+07,223539.52,19582.50,4.582575E+06,19924.13
1737800419,222985.04,5.364422E+07,223516.41,19800.00,4.780575E+06,19918.96
1737800429,201302.51,5.565725E+07,222627.86,17977.50,4.960350E+06,19841.30
1737800439,232475.00,5.798200E+07,223006.60,20797.50,5.168325E+06,19878.08
1737800449,259707.50,6.057908E+07,224365.88,23100.00,5.399325E+06,19997.41
1737800459,231024.99,6.288932E+07,224603.71,20580.00,5.605125E+06,20018.21
1737800469,239857.50,6.528790E+07,225129.70,21262.50,5.817750E+06,20061.12
1737800479,236449.97,6.765240E+07,225507.04,21165.00,6.029400E+06,20097.91
1737800489,256429.93,7.021670E+07,226504.55,22754.99,6.256950E+06,20183.63
1737800499,270670.09,7.292340E+07,227884.72,24285.01,6.499800E+06,20311.79
1737800509,240319.99,7.532660E+07,228261.54,21330.00,6.713100E+06,20342.65
1737800519,232294.99,7.764955E+07,228380.17,20617.50,6.919275E+06,20350.73
1737800529,230524.96,7.995480E+07,228441.45,20715.00,7.126425E+06,20361.14
1737800539,231722.50,8.227202E+07,228532.59,20535.00,7.331775E+06,20365.97
1737800549,237757.58,8.464960E+07,228781.91,21277.51,7.544550E+06,20390.61
1737800559,238017.48,8.702978E+07,229024.95,21067.50,7.755225E+06,20408.42
1737800569,237082.53,8.940060E+07,229231.56,21255.00,7.967775E+06,20430.13
1737800579,231819.94,9.171880E+07,229296.27,20542.49,8.173200E+06,20432.93
1737800589,222640.07,9.394520E+07,229133.92,19957.51,8.372775E+06,20421.34
1737800599,217319.91,9.611840E+07,228852.64,19387.49,8.566650E+06,20396.72
1737800609,230275.02,9.842115E+07,228885.71,20362.50,8.770275E+06,20395.93
1737800619,225640.02,1.006776E+08,228811.95,20100.00,8.971275E+06,20389.20
1737800629,226464.96,1.029422E+08,228759.79,20182.50,9.173100E+06,20384.61
1737800639,221560.08,1.051578E+08,228603.28,19882.51,9.371925E+06,20373.69
1737800649,238924.98,1.075470E+08,228822.89,21150.00,9.583425E+06,20390.21
1737800659,229594.92,1.098430E+08,228838.97,20594.99,9.789375E+06,20394.48
1737800669,230815.10,1.121512E+08,228879.30,20430.01,9.993675E+06,20395.20
1737800679,220275.01,1.143539E+08,228707.22,19717.50,1.019085E+07,20381.65
1737800689,204769.87,1.164016E+08,228237.86,18314.99,1.037400E+07,20341.13
1737800699,208340.08,1.184850E+08,227855.21,18532.51,1.055932E+07,20306.34
1737800709,275080.05,1.212358E+08,228746.24,24525.00,1.080458E+07,20385.94
1737800719,269512.43,1.239309E+08,229501.17,23969.99,1.104428E+07,20452.31
1737800729,222615.07,1.261571E+08,229375.97,19860.01,1.124288E+07,20441.54
1737800739,224912.50,1.284062E+08,229296.26,19972.50,1.144260E+07,20433.17
1737800749,224042.49,1.306466E+08,229204.09,19957.50,1.164218E+07,20424.82
1737800759,228122.49,1.329278E+08,229185.44,20317.50,1.184535E+07,20422.97
1737800769,229234.93,1.352202E+08,229186.28,20564.99,1.205100E+07,20425.38
1737800779,228512.58,1.375053E+08,229175.05,20287.51,1.225388E+07,20423.08
1737800789,231995.00,1.398253E+08,229221.28,20745.00,1.246132E+07,20428.36
1737800799,228797.47,1.421132E+08,229214.45,20302.50,1.266435E+07,20426.33
1737800809,227402.53,1.443873E+08,229185.69,20197.50,1.286632E+07,20422.70
1737800819,235422.50,1.467415E+08,229283.14,20977.50,1.307610E+07,20431.37
1737800829,237682.44,1.491183E+08,229412.36,21337.49,1.328948E+07,20445.31
1737800839,240402.50,1.515224E+08,229578.87,21345.00,1.350292E+07,20458.94
1737800849,243504.99,1.539574E+08,229786.73,21735.00,1.372028E+07,20477.98
1737800859,246675.00,1.564242E+08,230035.08,21877.50,1.393905E+07,20498.56
1737800869,234552.56,1.587697E+08,230100.55,20887.51,1.414792E+07,20504.20
1737800879,221792.47,1.609876E+08,229981.87,19882.50,1.434675E+07,20495.32
1737800889,249772.53,1.634853E+08,230260.61,22237.50,1.456912E+07,20519.86
1737800899,249752.46,1.659828E+08,230531.33,22215.00,1.479128E+07,20543.40
1737800909,244719.97,1.684300E+08,230725.69,21907.50,1.501035E+07,20562.09
1737800919,252880.07,1.709588E+08,231025.07,22440.01,1.523475E+07,20587.46
1737800929,236794.97,1.733268E+08,231102.01,21045.00,1.544520E+07,20593.56
1737800939,245020.02,1.757770E+08,231285.14,21952.50,1.566472E+07,20611.45
1737800949,242099.96,1.781980E+08,231425.59,21562.50,1.588035E+07,20623.80
1737800959,180347.51,1.800015E+08,230770.74,16057.50,1.604092E+07,20565.25
1737800969,130907.50,1.813106E+08,229506.65,11572.50,1.615665E+07,20451.42
1737800979,131297.48,1.826235E+08,228279.04,11722.50,1.627388E+07,20342.31
1737800989,148247.53,1.841060E+08,227291.00,13335.00,1.640722E+07,20255.80
1737800999,138987.47,1.854959E+08,226214.13,12330.00,1.653052E+07,20159.15
1737801009,205540.05,1.875513E+08,225965.04,18240.00,1.671292E+07,20136.02
1737801019,231477.51,1.898660E+08,226030.67,20662.50,1.691955E+07,20142.29
1737801029,230057.38,1.921666E+08,226078.04,20527.49,1.712482E+07,20146.82
1737801039,227397.61,1.944406E+08,226093.39,20295.01,1.732778E+07,20148.55
1737801049,234319.97,1.967838E+08,226187.94,20880.00,1.753658E+07,20156.95
1737801059,232030.04,1.991041E+08,226254.33,20572.50,1.774230E+07,20161.68
1737801069,235129.92,2.014554E+08,226354.06,20999.99,1.795230E+07,20171.09
1737801079,230360.01,2.037590E+08,226398.57,20550.00,1.815780E+07,20175.30
1737801089,232700.07,2.060860E+08,226467.81,20797.51,1.836578E+07,20182.14
1737801099,231819.98,2.084042E+08,226525.99,20572.50,1.857150E+07,20186.39
1737801109,226060.01,2.106648E+08,226520.98,20130.00,1.877280E+07,20185.78
1737801119,213600.00,2.128008E+08,226383.52,19110.00,1.896390E+07,20174.33
1737801129,221475.01,2.150156E+08,226331.85,19597.50,1.915988E+07,20168.26
1737801139,215392.44,2.171695E+08,226217.90,19304.99,1.935292E+07,20159.27
1737801149,211242.55,2.192819E+08,226063.52,18757.50,1.954050E+07,20144.82
1737801159,221009.93,2.214920E+08,226011.95,19709.99,1.973760E+07,20140.38
1737801169,225767.50,2.237497E+08,226009.48,20092.50,1.993852E+07,20139.90
1737801179,224867.52,2.259984E+08,225998.06,19995.00,2.013848E+07,20138.45
1737801189,220229.98,2.282006E+08,225940.95,19710.00,2.033558E+07,20134.21
1737801199,244435.08,2.306450E+08,226122.27,21862.51,2.055420E+07,20151.15
1737801209,211579.94,2.327608E+08,225981.08,18817.49,2.074238E+07,20138.20
1737801219,214085.04,2.349016E+08,225866.69,18997.50,2.093235E+07,20127.23
1737801229,244659.99,2.373482E+08,226045.68,21900.00,2.115135E+07,20144.12
1737801239,246150.02,2.398098E+08,226235.34,21810.00,2.136945E+07,20159.83
1737801249,252497.51,2.423347E+08,226480.78,22522.50,2.159468E+07,20181.92
1737801259,253527.45,2.448700E+08,226731.21,22710.00,2.182178E+07,20205.32
1737801269,255722.55,2.474272E+08,226997.19,22680.00,2.204858E+07,20228.03
1737801279,263250.01,2.500597E+08,227326.76,23490.00,2.228348E+07,20257.68
1737801289,254934.99,2.526091E+08,227575.48,22740.00,2.251088E+07,20280.04
1737801299,266234.92,2.552714E+08,227920.65,23714.99,2.274802E+07,20310.71
1737801309,272747.58,2.579989E+08,228317.35,24202.51,2.299005E+07,20345.15
1737801319,227395.01,2.602728E+08,228309.26,20310.00,2.319315E+07,20344.85
1737801329,234214.99,2.626150E+08,228360.62,20865.00,2.340180E+07,20349.37
1737801339,242662.45,2.650416E+08,228483.91,21637.50,2.361818E+07,20360.47
1737801349,229317.56,2.673348E+08,228491.03,20535.01,2.382352E+07,20361.96
1737801359,238692.42,2.697217E+08,228577.49,21134.99,2.403488E+07,20368.52
1737801369,241942.58,2.721412E+08,228689.80,21540.01,2.425028E+07,20378.36
1737801379,243015.01,2.745713E+08,228809.17,21682.50,2.446710E+07,20389.23
1737801389,243937.39,2.770107E+08,228934.20,21817.49,2.468528E+07,20401.03
1737801399,237480.09,2.793855E+08,229004.25,21165.01,2.489692E+07,20407.29
1737801409,243794.95,2.818234E+08,229124.50,21645.00,2.511338E+07,20417.36
1737801419,231297.55,2.841364E+08,229142.02,20745.00,2.532082E+07,20420.00
1737801429,238639.94,2.865228E+08,229218.01,21097.49,2.553180E+07,20425.42
1737801439,234470.04,2.888675E+08,229259.69,20895.00,2.574075E+07,20429.15
1737801449,235385.00,2.912214E+08,229307.92,21030.00,2.595105E+07,20433.88
1737801459,233847.49,2.935598E+08,229343.38,20812.50,2.615918E+07,20436.84
1737801469,235167.51,2.959115E+08,229388.53,21007.50,2.636925E+07,20441.26
1737801479,229489.95,2.982064E+08,229389.31,20505.00,2.657430E+07,20441.75
1737801489,236030.07,3.005667E+08,229440.01,20940.01,2.678370E+07,20445.55
1737801499,229592.48,3.028626E+08,229441.16,20512.50,2.698882E+07,20446.06
1737801509,234455.01,3.052072E+08,229478.86,20895.00,2.719778E+07,20449.44
1737801519,233525.01,3.075424E+08,229509.05,20760.00,2.740538E+07,20451.75
1737801529,229677.51,3.098392E+08,229510.30,20557.50,2.761095E+07,20452.54
1737801539,239892.49,3.122381E+08,229586.64,21337.50,2.782432E+07,20459.04
1737801549,248462.49,3.147228E+08,229724.42,22035.00,2.804468E+07,20470.55
1737801559,234724.99,3.170700E+08,229760.66,20932.50,2.825400E+07,20473.89
1737801569,235002.35,3.194200E+08,229798.37,20977.49,2.846378E+07,20477.52
1737801579,235250.10,3.217725E+08,229837.31,21015.01,2.867392E+07,20481.36
1737801589,238080.05,3.241533E+08,229895.77,21195.00,2.888588E+07,20486.42
1737801599,234087.46,3.264942E+08,229925.29,20872.50,2.909460E+07,20489.14
1737801609,165117.49,3.281454E+08,229472.08,14662.50,2.924122E+07,20448.39
1737801619,138462.54,3.295300E+08,228840.07,12397.50,2.936520E+07,20392.48
1737801629,130879.98,3.308388E+08,228164.49,11722.50,2.948242E+07,20332.69
1737801639,124454.99,3.320834E+08,227454.15,10942.50,2.959185E+07,20268.37
1737801649,130982.44,3.333932E+08,226797.88,11677.49,2.970862E+07,20209.93
1737801659,172412.56,3.351173E+08,226430.41,15487.51,2.986350E+07,20178.02
1737801669,222869.98,3.373460E+08,226406.52,19710.00,3.006060E+07,20174.88
1737801679,221080.00,3.395568E+08,226371.01,19830.00,3.025890E+07,20172.58
1737801689,208982.57,3.416466E+08,226255.85,18592.51,3.044482E+07,20162.12
1737801699,212977.46,3.437764E+08,226168.49,19020.00,3.063502E+07,20154.60
1737801709,223200.04,3.460084E+08,226149.09,19837.50,3.083340E+07,20152.53
1737801719,224830.00,3.482567E+08,226140.53,19950.00,3.103290E+07,20151.22
1737801729,144869.92,3.497054E+08,225616.20,12899.99,3.116190E+07,20104.43
1737801739,219780.06,3.519032E+08,225578.79,19650.01,3.135840E+07,20101.52
1737801749,216007.52,3.540633E+08,225517.83,19192.50,3.155032E+07,20095.73
1737801759,220357.53,3.562668E+08,225485.17,19695.00,3.174728E+07,20093.20
1737801769,225984.97,3.585267E+08,225488.31,20122.50,3.194850E+07,20093.38
1737801779,216749.99,3.606942E+08,225433.69,19260.00,3.214110E+07,20088.17
1737801789,221259.93,3.629068E+08,225407.77,19844.99,3.233955E+07,20086.66
1737801799,224760.12,3.651544E+08,225403.77,19965.01,3.253920E+07,20085.91
1737801809,217529.97,3.673297E+08,225355.47,19350.00,3.273270E+07,20081.40
1737801819,219494.98,3.695246E+08,225319.73,19635.00,3.292905E+07,20078.67
1737801829,222917.47,3.717538E+08,225305.17,19792.50,3.312698E+07,20076.94
1737801839,230397.60,3.740578E+08,225335.85,20625.01,3.333322E+07,20080.24
1737801849,261087.41,3.766687E+08,225549.93,23249.99,3.356572E+07,20099.22
1737801859,283962.48,3.795083E+08,225897.63,25237.50,3.381810E+07,20129.81
1737801869,236487.60,3.818732E+08,225960.29,21052.51,3.402862E+07,20135.27
1737801879,220892.50,3.840821E+08,225930.48,19807.50,3.422670E+07,20133.34
1737801889,214639.88,3.862285E+08,225864.45,18974.99,3.441645E+07,20126.56
1737801899,221050.13,3.884390E+08,225836.46,19822.51,3.461468E+07,20124.80
1737801909,215742.43,3.905964E+08,225778.11,19109.99,3.480578E+07,20118.93
1737801919,211482.51,3.927112E+08,225695.95,18930.00,3.499508E+07,20112.10
1737801929,219700.06,3.949082E+08,225661.69,19627.51,3.519135E+07,20109.33
1737801939,208495.00,3.969932E+08,225564.15,18525.00,3.537660E+07,20100.33
1737801949,230179.93,3.992950E+08,225590.23,20519.99,3.558180E+07,20102.70
1737801959,215640.04,4.014514E+08,225534.33,19252.50,3.577432E+07,20097.92
1737801969,212134.94,4.035728E+08,225459.48,18892.49,3.596325E+07,20091.19
1737801979,213432.58,4.057071E+08,225392.66,18907.51,3.615232E+07,20084.61
1737801989,213652.51,4.078436E+08,225327.80,19185.00,3.634418E+07,20079.64
1737801999,208939.93,4.099330E+08,225237.75,18584.99,3.653002E+07,20071.43
1737802009,224437.54,4.121774E+08,225233.38,19920.00,3.672922E+07,20070.60
1737802019,210844.95,4.142858E+08,225155.18,18840.00,3.691762E+07,20063.91
1737802029,210350.04,4.163893E+08,225075.16,18750.00,3.710512E+07,20056.81
1737802039,209622.52,4.184856E+08,224992.08,18660.00,3.729172E+07,20049.30
1737802049,218295.00,4.206685E+08,224956.26,19462.50,3.748635E+07,20046.16
1737802059,213029.97,4.227988E+08,224892.83,19027.50,3.767662E+07,20040.74
1737802069,210080.02,4.248996E+08,224814.45,18720.00,3.786382E+07,20033.76
1737802079,215397.53,4.270536E+08,224764.89,19155.00,3.805538E+07,20029.13
1737802089,216052.45,4.292141E+08,224719.27,19147.50,3.824685E+07,20024.52
1737802099,221109.97,4.314252E+08,224700.48,19830.00,3.844515E+07,20023.50
1737802109,213365.07,4.335588E+08,224641.74,18960.01,3.863475E+07,20017.99
1737802119,213185.02,4.356907E+08,224582.69,18975.00,3.882450E+07,20012.62
1737802129,210559.96,4.377963E+08,224510.78,18795.00,3.901245E+07,20006.37
1737802139,214807.49,4.399444E+08,224461.27,19117.50,3.920362E+07,20001.84
1737802149,214582.54,4.420902E+08,224411.12,19185.00,3.939548E+07,19997.69
1737802159,213425.00,4.442244E+08,224355.64,18967.50,3.958515E+07,19992.49
1737802169,212765.01,4.463521E+08,224297.39,18915.00,3.977430E+07,19987.07
1737802179,213149.94,4.484836E+08,224241.66,19132.49,3.996562E+07,19982.80
1737802189,231925.06,4.508028E+08,224279.88,20565.00,4.017128E+07,19985.70
1737802199,230727.52,4.531101E+08,224311.80,20580.00,4.037708E+07,19988.64
1737802209,229629.98,4.554064E+08,224338.00,20430.00,4.058138E+07,19990.81
1737802219,225347.46,4.576599E+08,224342.95,20032.50,4.078170E+07,19991.02
1737802229,230689.99,4.599668E+08,224373.91,20692.50,4.098862E+07,19994.44
1737802239,223815.05,4.622050E+08,224371.20,19912.50,4.118775E+07,19994.04
1737802249,226804.96,4.644730E+08,224382.95,20227.50,4.139002E+07,19995.17
1737802259,131807.47,4.657911E+08,223937.88,11730.00,4.150732E+07,19955.43
1737802269,128372.50,4.670748E+08,223480.63,11475.00,4.162208E+07,19914.86
1737802279,123967.54,4.683145E+08,223006.76,10905.00,4.173112E+07,19871.95
1737802289,127187.52,4.695864E+08,222552.64,11452.50,4.184565E+07,19832.05
1737802299,138289.99,4.709692E+08,222155.17,12270.00,4.196835E+07,19796.38
1737802309,149070.00,4.724600E+08,221812.05,13297.50,4.210132E+07,19765.87
1737802319,219204.94,4.746520E+08,221799.87,19567.49,4.229700E+07,19764.94
1737802329,227680.07,4.769288E+08,221827.22,20325.01,4.250025E+07,19767.55
1737802339,232494.99,4.792538E+08,221876.60,20670.00,4.270695E+07,19771.72
1737802349,216764.94,4.814214E+08,221853.05,19244.99,4.289940E+07,19769.30
1737802359,216810.02,4.835895E+08,221829.92,19275.00,4.309215E+07,19767.03
1737802369,211167.57,4.857012E+08,221781.23,18847.51,4.328062E+07,19762.83
1737802379,213802.44,4.878392E+08,221744.96,19177.49,4.347240E+07,19760.17
1737802389,209247.53,4.899317E+08,221688.41,18652.50,4.365892E+07,19755.16
1737802399,214257.53,4.920742E+08,221654.94,18930.00,4.384822E+07,19751.44
1737802409,213254.89,4.942068E+08,221617.27,19132.49,4.403955E+07,19748.67
1737802419,216207.56,4.963689E+08,221593.12,19177.51,4.423132E+07,19746.12
1737802429,218475.04,4.985536E+08,221579.26,19485.00,4.442618E+07,19744.96
1737802439,215699.95,5.007106E+08,221553.25,19200.00,4.461818E+07,19742.54
1737802449,215377.57,5.028644E+08,221526.04,19320.01,4.481138E+07,19740.68
1737802459,210079.95,5.049652E+08,221475.84,18720.00,4.499858E+07,19736.21
1737802469,209180.05,5.070570E+08,221422.15,18615.00,4.518472E+07,19731.31
1737802479,215135.01,5.092084E+08,221394.81,19035.00,4.537508E+07,19728.28
1737802489,210852.49,5.113169E+08,221349.17,18825.00,4.556332E+07,19724.37
1737802499,211324.91,5.134301E+08,221305.97,18899.99,4.575232E+07,19720.82
1737802509,211867.60,5.155488E+08,221265.46,18937.51,4.594170E+07,19717.46
1737802519,214429.99,5.176931E+08,221236.25,18945.00,4.613115E+07,19714.16
1737802529,212789.95,5.198210E+08,221200.31,19087.50,4.632202E+07,19711.49
1737802539,224280.06,5.220638E+08,221213.35,19897.51,4.652100E+07,19712.28
1737802549,212039.95,5.241842E+08,221174.65,18982.50,4.671082E+07,19709.20
1737802559,218340.06,5.263676E+08,221162.74,19462.51,4.690545E+07,19708.16
1737802569,210567.50,5.284733E+08,221118.41,18787.50,4.709332E+07,19704.31
1737802579,251432.48,5.309876E+08,221244.72,22395.00,4.731728E+07,19715.52
1737802589,255242.50,5.335400E+08,221385.79,22650.00,4.754378E+07,19727.70
1737802599,241312.50,5.359532E+08,221468.13,21450.00,4.775828E+07,19734.81
1737802609,259280.00,5.385460E+08,221623.73,23137.50,4.798965E+07,19748.82
1737802619,232692.51,5.408729E+08,221669.10,20707.50,4.819672E+07,19752.75
1737802629,235947.49,5.432324E+08,221727.37,21052.50,4.840725E+07,19758.05
1737802639,235070.01,5.455830E+08,221781.61,20992.50,4.861718E+07,19763.07
1737802649,233570.00,5.479188E+08,221829.34,20767.50,4.882485E+07,19767.14
1737802659,224612.42,5.501649E+08,221840.56,19987.49,4.902472E+07,19768.02
1737802669,228752.58,5.524524E+08,221868.32,20467.51,4.922940E+07,19770.83
1737802679,222565.01,5.546780E+08,221871.11,19815.00,4.942755E+07,19771.01
1737802689,224514.98,5.569232E+08,221881.64,20085.00,4.962840E+07,19772.26
1737802699,224439.95,5.591676E+08,221891.79,19965.00,4.982805E+07,19773.03
1737802709,211280.04,5.612804E+08,221849.85,18877.50,5.001682E+07,19769.49
1737802719,214474.95,5.634252E+08,221820.81,18945.00,5.020628E+07,19766.24
1737802729,212805.06,5.655532E+08,221785.46,19087.51,5.039715E+07,19763.58
1737802739,210650.00,5.676597E+08,221741.96,18795.00,5.058510E+07,19759.79
1737802749,214189.97,5.698016E+08,221712.57,18930.00,5.077440E+07,19756.57
1737802759,213177.45,5.719334E+08,221679.49,19117.50,5.096558E+07,19754.09
1737802769,213900.04,5.740724E+08,221649.46,19005.00,5.115562E+07,19751.20
1737802779,230297.47,5.763754E+08,221682.72,20572.50,5.136135E+07,19754.36
1737802789,231192.57,5.786873E+08,221719.15,20497.51,5.156632E+07,19757.20
1737802799,238912.50,5.810764E+08,221784.78,21450.00,5.178082E+07,19763.66

Summary:
loaded 581760000 metrics in 2622.854sec with 10 workers (mean rate 221804.18 metrics/sec)
loaded 51840000 rows in 2622.854sec with 10 workers (mean rate 19764.73 rows/sec)
Run complete after 691200 queries with 10 workers (Overall query rate 263.53 queries/sec):
          :
min:     0.93ms, med:     1.96ms, mean:     9.14ms, max: 3297.41ms, stddev:    23.00ms, sum: 6319.5sec, count: 691200
all queries:
min:     0.93ms, med:     1.96ms, mean:     9.14ms, max: 3297.41ms, stddev:    23.00ms, sum: 6319.5sec, count: 691200
Saving Response Latencies to /home/benchUser/results/latenciesInserts_other.csv
