time,per. metric/s,metric total,overall metric/s,per. row/s,row total,overall row/s
1731574692,6839.90,6.840000E+04,6839.90,679.99,6.800000E+03,679.99
1731574702,312320.03,3.191600E+06,159578.79,27920.00,2.860000E+05,14299.89
1731574712,303599.92,6.227600E+06,207585.59,26899.99,5.550000E+05,18499.90
1731574722,300280.07,9.230400E+06,230759.12,26820.01,8.232000E+05,20579.92
1731574732,299319.95,1.222360E+07,244471.25,26700.00,1.090200E+06,21803.93
1731574742,286739.92,1.509100E+07,251516.01,25559.99,1.345800E+06,22429.94
1731574752,229880.04,1.738980E+07,248425.16,20440.00,1.550200E+06,22145.67
1731574762,292849.97,2.031830E+07,253978.25,26180.00,1.812000E+06,22649.96
1731574772,284960.10,2.316790E+07,257420.67,25370.01,2.065700E+06,22952.18
1731574782,212349.99,2.529140E+07,252913.61,18800.00,2.253700E+06,22536.97
1731574792,236000.02,2.765140E+07,251376.02,21090.00,2.464600E+06,22405.42
1731574802,169879.94,2.935020E+07,244584.68,15149.99,2.616100E+06,21800.81
1731574812,148420.05,3.083440E+07,237187.41,13310.00,2.749200E+06,21147.67
1731574822,244690.00,3.328130E+07,237723.31,21700.00,2.966200E+06,21187.12
1731574832,305699.81,3.633830E+07,242255.08,27309.98,3.239300E+06,21595.31
1731574842,310850.18,3.944680E+07,246542.26,27630.02,3.515600E+06,21972.48
1731574852,255149.89,4.199830E+07,247048.60,22779.99,3.743400E+06,22019.98
1731574862,302770.15,4.502600E+07,250144.23,26960.01,4.013000E+06,22294.43
1731574872,295369.99,4.797970E+07,252524.53,26330.00,4.276300E+06,22506.82
1731574882,294589.97,5.092560E+07,254627.80,26250.00,4.538800E+06,22693.98
1731574892,248490.01,5.341050E+07,254335.53,22060.00,4.759400E+06,22663.79
1731574902,289469.88,5.630520E+07,255932.54,25859.99,5.018000E+06,22809.07
1731574912,284910.06,5.915430E+07,257192.44,25330.01,5.271300E+06,22918.68
1731574922,302570.05,6.218000E+07,259083.17,27120.00,5.542500E+06,23093.74
1731574932,296330.01,6.514330E+07,260573.04,26300.00,5.805500E+06,23221.99
1731574942,267720.02,6.782050E+07,260847.92,23910.00,6.044600E+06,23248.45
1731574952,283149.85,7.065200E+07,261673.92,25239.99,6.297000E+06,23322.21
1731574962,297250.14,7.362450E+07,262944.50,26410.01,6.561100E+06,23432.49
1731574972,291470.01,7.653920E+07,263928.14,26010.00,6.821200E+06,23521.37
1731574982,288409.96,7.942330E+07,264744.20,25630.00,7.077500E+06,23591.65
1731574992,237119.84,8.179450E+07,263853.09,21219.99,7.289700E+06,23515.15
1731575002,295230.23,8.474680E+07,264833.62,26270.02,7.552400E+06,23601.24
1731575012,289000.02,8.763680E+07,265565.94,25840.00,7.810800E+06,23669.08
1731575022,297359.96,9.061040E+07,266501.06,26470.00,8.075500E+06,23751.46
1731575032,251439.89,9.312480E+07,266070.74,22449.99,8.300000E+06,23714.28
1731575042,297760.15,9.610240E+07,266951.00,26480.01,8.564800E+06,23791.10
1731575052,293979.99,9.904220E+07,267681.51,26180.00,8.826600E+06,23855.67
1731575062,294310.01,1.019853E+08,268382.26,26170.00,9.088300E+06,23916.57
1731575072,255439.92,1.045397E+08,268050.41,22799.99,9.316300E+06,23887.94
1731575082,189699.98,1.064367E+08,266091.65,16910.00,9.485400E+06,23713.49
1731575092,302849.91,1.094652E+08,266988.19,26979.99,9.755200E+06,23793.16
1731575102,310280.11,1.125680E+08,268018.95,27600.01,1.003120E+07,23883.80
1731575112,291950.02,1.154875E+08,268575.48,26080.00,1.029200E+07,23934.88
1731575122,92359.99,1.164111E+08,264570.59,8250.00,1.037450E+07,23578.40
1731575132,279560.08,1.192067E+08,264903.69,24900.01,1.062350E+07,23607.77
1731575142,298329.99,1.221900E+08,265630.35,26550.00,1.088900E+07,23671.73
1731575152,295679.98,1.251468E+08,266269.70,26340.00,1.115240E+07,23728.50
1731575162,251609.96,1.276629E+08,265964.29,22370.00,1.137610E+07,23700.20
1731575172,299370.07,1.306566E+08,266646.04,26660.01,1.164270E+07,23760.60
1731575182,292889.94,1.335855E+08,267170.92,26190.00,1.190460E+07,23809.19
1731575192,305129.97,1.366368E+08,267915.21,27100.00,1.217560E+07,23873.72
1731575202,283079.97,1.394676E+08,268206.84,25240.00,1.242800E+07,23899.99
1731575212,264410.10,1.421117E+08,268135.21,23630.01,1.266430E+07,23894.90
1731575222,299890.03,1.451106E+08,268723.26,26670.00,1.293100E+07,23946.29
1731575232,285399.96,1.479646E+08,269026.47,25470.00,1.318570E+07,23973.99
1731575242,297380.06,1.509384E+08,269532.78,26430.01,1.345000E+07,24017.85
1731575252,245199.99,1.533904E+08,269105.89,21970.00,1.366970E+07,23981.92
1731575262,288969.93,1.562801E+08,269448.38,25659.99,1.392630E+07,24010.86
1731575272,295640.07,1.592365E+08,269892.30,26410.01,1.419040E+07,24051.52
1731575282,298820.03,1.622247E+08,270374.43,26650.00,1.445690E+07,24094.83
1731575292,290719.96,1.651319E+08,270707.96,25910.00,1.471600E+07,24124.58
1731575302,256639.92,1.676983E+08,270481.06,22889.99,1.494490E+07,24104.67
1731575312,300410.10,1.707024E+08,270956.12,26770.01,1.521260E+07,24146.98
1731575322,298800.01,1.736904E+08,271391.19,26630.00,1.547890E+07,24185.78
1731575332,286699.99,1.765574E+08,271626.71,25410.00,1.573300E+07,24204.61
1731575342,260379.82,1.791612E+08,271456.30,23299.98,1.596600E+07,24190.90
1731575352,297770.19,1.821389E+08,271849.04,26470.02,1.623070E+07,24224.92
1731575362,306479.98,1.852037E+08,272358.32,27280.00,1.650350E+07,24269.85
1731575372,268300.03,1.878867E+08,272299.50,24000.00,1.674350E+07,24265.94
1731575382,265400.01,1.905407E+08,272200.94,23580.00,1.697930E+07,24256.14
1731575392,234319.99,1.928839E+08,271667.41,20880.00,1.718810E+07,24208.59
1731575402,305289.98,1.959368E+08,272134.39,27200.00,1.746010E+07,24250.13
1731575412,237070.00,1.983075E+08,271654.05,21190.00,1.767200E+07,24208.21
1731575422,192089.89,2.002284E+08,270578.86,17019.99,1.784220E+07,24111.08
1731575432,187820.13,2.021066E+08,269475.41,16840.01,1.801060E+07,24014.13
1731575442,170459.84,2.038112E+08,268172.57,15209.99,1.816270E+07,23898.28
1731575452,184760.11,2.056588E+08,267089.30,16430.01,1.832700E+07,23801.29
1731575462,177120.07,2.074300E+08,265935.85,15740.01,1.848440E+07,23697.94
1731575472,275059.98,2.101806E+08,266051.34,24530.00,1.872970E+07,23708.48
1731575482,285459.93,2.130352E+08,266293.95,25529.99,1.898500E+07,23731.25
1731575492,302080.05,2.160560E+08,266735.75,26790.00,1.925290E+07,23769.01
1731575502,249969.94,2.185557E+08,266531.29,22289.99,1.947580E+07,23750.97
1731575512,292790.01,2.214836E+08,266847.66,26060.00,1.973640E+07,23778.79
1731575522,292830.08,2.244119E+08,267156.98,26190.01,1.999830E+07,23807.50
1731575532,303579.91,2.274477E+08,267585.48,26989.99,2.026820E+07,23844.94
1731575542,309390.09,2.305416E+08,268071.58,27580.01,2.054400E+07,23888.37
1731575552,219090.02,2.327325E+08,267508.57,19570.00,2.073970E+07,23838.73
1731575562,194509.92,2.346776E+08,266679.04,17349.99,2.091320E+07,23765.00
1731575572,293599.97,2.376136E+08,266981.53,26140.00,2.117460E+07,23791.68
1731575582,310940.14,2.407230E+08,267469.95,27670.01,2.145130E+07,23834.77
1731575592,258150.00,2.433045E+08,267367.54,22980.00,2.168110E+07,23825.38
1731575602,292249.97,2.462270E+08,267638.00,26110.00,2.194220E+07,23850.21
1731575612,306770.02,2.492947E+08,268058.77,27330.00,2.221550E+07,23887.63
1731575622,292319.64,2.522179E+08,268316.87,26099.97,2.247650E+07,23911.17
1731575632,298610.37,2.552040E+08,268635.75,26590.03,2.274240E+07,23939.36
1731575642,256439.90,2.577684E+08,268508.71,22759.99,2.297000E+07,23927.08
1731575652,302900.10,2.607974E+08,268863.26,27060.01,2.324060E+07,23959.38
1731575662,312900.04,2.639264E+08,269312.61,27890.00,2.351950E+07,23999.49
1731575672,305389.99,2.669803E+08,269677.03,27140.00,2.379090E+07,24031.21
1731575682,242189.98,2.694022E+08,269402.16,21570.00,2.400660E+07,24006.60
1731575692,306280.03,2.724650E+08,269767.29,27260.00,2.427920E+07,24038.81
1731575702,308580.02,2.755508E+08,270147.80,27580.00,2.455500E+07,24073.53
1731575712,287669.93,2.784275E+08,270317.92,25589.99,2.481090E+07,24088.25
1731575722,309820.06,2.815257E+08,270697.75,27620.01,2.508710E+07,24122.21
1731575732,223240.00,2.837581E+08,270245.77,19890.00,2.528600E+07,24081.90
1731575742,294069.99,2.866988E+08,270470.53,26220.00,2.554820E+07,24102.07
1731575752,254349.91,2.892423E+08,270319.87,22709.99,2.577530E+07,24089.06
1731575762,196690.00,2.912092E+08,269638.11,17410.00,2.594940E+07,24027.22
1731575772,187550.01,2.930847E+08,268885.01,16800.00,2.611740E+07,23960.91
1731575782,308630.09,2.961710E+08,269246.33,27560.01,2.639300E+07,23993.63
1731575792,313500.00,2.993060E+08,269645.01,27880.00,2.667180E+07,24028.65
1731575802,242699.93,3.017330E+08,269404.43,21639.99,2.688820E+07,24007.32
1731575812,296380.02,3.046968E+08,269643.15,26300.00,2.715120E+07,24027.61
1731575822,299970.05,3.076965E+08,269909.17,26750.00,2.741870E+07,24051.49
1731575832,297840.01,3.106749E+08,270152.05,26540.00,2.768410E+07,24073.13
1731575842,236340.01,3.130383E+08,269860.57,21110.00,2.789520E+07,24047.58
1731575852,290539.87,3.159437E+08,270037.31,25869.99,2.815390E+07,24063.16
1731575862,315590.03,3.190996E+08,270423.35,28150.00,2.843540E+07,24097.79
1731575872,317879.98,3.222784E+08,270822.15,28410.00,2.871950E+07,24134.03
1731575882,312539.98,3.254038E+08,271169.80,27780.00,2.899730E+07,24164.41
1731575892,268170.11,3.280855E+08,271145.01,23950.01,2.923680E+07,24162.64
1731575902,338459.98,3.314701E+08,271696.77,30130.00,2.953810E+07,24211.55
1731575912,306860.00,3.345387E+08,271982.65,27340.00,2.981150E+07,24236.99
1731575922,301410.02,3.375528E+08,272219.97,26900.00,3.008050E+07,24258.46
1731575932,249329.95,3.400461E+08,272036.85,22220.00,3.030270E+07,24242.16
1731575942,312020.05,3.431663E+08,272354.17,27660.00,3.057930E+07,24269.28
1731575952,304929.97,3.462156E+08,272610.68,27230.00,3.085160E+07,24292.60
1731575962,285470.02,3.490703E+08,272711.14,25410.00,3.110570E+07,24301.33
1731575972,116649.97,3.502368E+08,271501.36,10510.00,3.121080E+07,24194.42
1731575982,202000.02,3.522568E+08,270966.74,18000.00,3.139080E+07,24146.77
1731575992,318640.08,3.554432E+08,271330.66,28240.01,3.167320E+07,24178.01
1731576002,316569.99,3.586089E+08,271673.38,28270.00,3.195590E+07,24209.01
1731576012,307350.00,3.616824E+08,271941.62,27410.00,3.223000E+07,24233.08
1731576022,298840.00,3.646708E+08,272142.36,26620.00,3.249620E+07,24250.89
1731576032,233709.93,3.670079E+08,271857.67,20789.99,3.270410E+07,24225.26
1731576042,302490.10,3.700328E+08,272082.91,27070.01,3.297480E+07,24246.17
1731576052,308290.00,3.731157E+08,272347.20,27410.00,3.324890E+07,24269.27
1731576062,305629.89,3.761720E+08,272588.38,27299.99,3.352190E+07,24291.23
1731576072,215140.06,3.783234E+08,272175.08,19070.00,3.371260E+07,24253.67
1731576082,219660.02,3.805200E+08,271799.97,19640.00,3.390900E+07,24220.71
1731576092,202689.96,3.825469E+08,271309.83,18090.00,3.408990E+07,24177.23
1731576102,191660.02,3.844635E+08,270748.91,16980.00,3.425970E+07,24126.55
1731576112,145090.00,3.859144E+08,269870.18,12910.00,3.438880E+07,24048.11
1731576122,259689.99,3.885113E+08,269799.49,23210.00,3.462090E+07,24042.29
1731576132,301910.02,3.915304E+08,270020.94,26940.00,3.489030E+07,24062.27
1731576142,297490.01,3.945053E+08,270209.08,26520.00,3.515550E+07,24079.11
1731576152,296279.98,3.974681E+08,270386.43,26280.00,3.541830E+07,24094.08
1731576162,229129.99,3.997594E+08,270107.67,20550.00,3.562380E+07,24070.13
1731576172,289189.92,4.026513E+08,270235.74,25709.99,3.588090E+07,24081.14
1731576182,299050.04,4.056418E+08,270427.84,26650.00,3.614740E+07,24098.26
1731576192,307820.06,4.087200E+08,270675.47,27450.01,3.642190E+07,24120.46
1731576202,249969.92,4.112197E+08,270539.25,22259.99,3.664450E+07,24108.22
1731576212,297819.97,4.141979E+08,270717.55,26480.00,3.690930E+07,24123.72
1731576222,303780.13,4.172357E+08,270932.25,27100.01,3.718030E+07,24143.05
1731576232,311789.97,4.203536E+08,271195.84,27820.00,3.745850E+07,24166.77
1731576242,268719.93,4.230408E+08,271179.97,23969.99,3.769820E+07,24165.51
1731576252,261859.98,4.256594E+08,271120.61,23190.00,3.793010E+07,24159.30
1731576262,292720.12,4.285866E+08,271257.32,26180.01,3.819190E+07,24172.09
1731576272,289830.02,4.314849E+08,271374.12,25760.00,3.844950E+07,24182.07
1731576282,296429.99,4.344492E+08,271530.72,26450.00,3.871400E+07,24196.25
1731576292,247540.00,4.369246E+08,271381.71,22140.00,3.893540E+07,24183.48
1731576302,309980.00,4.400244E+08,271619.97,27540.00,3.921080E+07,24204.20
1731576312,288289.99,4.429073E+08,271722.24,25790.00,3.946870E+07,24213.92
1731576322,303939.92,4.459467E+08,271918.69,26939.99,3.973810E+07,24230.55
1731576332,298010.00,4.489268E+08,272076.82,26530.00,4.000340E+07,24244.48
1731576342,229559.94,4.512224E+08,271820.70,20589.99,4.020930E+07,24222.47
1731576352,298470.15,4.542071E+08,271980.27,26580.01,4.047510E+07,24236.58
1731576362,293760.02,4.571447E+08,272109.92,26180.00,4.073690E+07,24248.15
1731576372,312729.97,4.602720E+08,272350.27,27880.00,4.101570E+07,24269.64
1731576382,256819.91,4.628402E+08,272258.92,22809.99,4.124380E+07,24261.06
1731576392,259630.04,4.654365E+08,272185.06,23190.00,4.147570E+07,24254.79
1731576402,176890.05,4.672054E+08,271631.02,15720.00,4.163290E+07,24205.17
1731576412,235279.99,4.695582E+08,271420.90,21010.00,4.184300E+07,24186.70
1731576422,288679.89,4.724450E+08,271520.09,25619.99,4.209920E+07,24194.94
1731576432,196119.97,4.744062E+08,271089.23,17580.00,4.227500E+07,24157.14
1731576442,238420.04,4.767904E+08,270903.61,21200.00,4.248700E+07,24140.34
1731576452,293140.07,4.797218E+08,271029.24,26080.01,4.274780E+07,24151.30
1731576462,294070.03,4.826625E+08,271158.68,26340.00,4.301120E+07,24163.59
1731576472,261299.77,4.852755E+08,271103.61,23169.98,4.324290E+07,24158.04
1731576482,310190.18,4.883774E+08,271320.75,27680.02,4.351970E+07,24177.61
1731576492,291689.97,4.912943E+08,271433.29,26020.00,4.377990E+07,24187.79
1731576502,302500.11,4.943193E+08,271603.99,26930.01,4.404920E+07,24202.86
1731576512,287669.99,4.971960E+08,271691.78,25670.00,4.430590E+07,24210.87
1731576522,256980.01,4.997658E+08,271611.83,22830.00,4.453420E+07,24203.37
1731576532,299849.85,5.027643E+08,271764.46,26769.99,4.480190E+07,24217.24
1731576542,297790.06,5.057422E+08,271904.39,26470.00,4.506660E+07,24229.35
1731576552,291600.11,5.086582E+08,272009.71,26030.01,4.532690E+07,24238.98
1731576562,242929.97,5.110875E+08,271855.03,21670.00,4.554360E+07,24225.32
1731576572,275649.92,5.138440E+08,271875.11,24589.99,4.578950E+07,24227.25
1731576582,259380.02,5.164378E+08,271809.35,23130.00,4.602080E+07,24221.47
1731576592,303830.09,5.194761E+08,271976.99,26950.01,4.629030E+07,24235.76
1731576602,303889.97,5.225150E+08,272143.21,27150.00,4.656180E+07,24250.94
1731576612,243019.95,5.249452E+08,271992.31,21620.00,4.677800E+07,24237.30
1731576622,296300.08,5.279082E+08,272117.61,26500.01,4.704300E+07,24248.97
1731576632,299900.01,5.309072E+08,272260.08,26710.00,4.731010E+07,24261.59
1731576642,304499.99,5.339522E+08,272424.57,27090.00,4.758100E+07,24276.02
1731576652,255249.92,5.365047E+08,272337.39,22689.99,4.780790E+07,24267.97
1731576662,301049.91,5.395152E+08,272482.40,26809.99,4.807600E+07,24280.81
1731576672,282310.05,5.423383E+08,272531.79,25130.00,4.832730E+07,24285.07
1731576682,292950.15,5.452678E+08,272633.88,26210.01,4.858940E+07,24294.70
1731576692,299219.95,5.482600E+08,272766.15,26670.00,4.885610E+07,24306.52
1731576702,261419.88,5.508742E+08,272709.98,23279.99,4.908890E+07,24301.43
1731576712,160980.03,5.524840E+08,272159.58,14380.00,4.923270E+07,24252.56
1731576722,126449.79,5.537485E+08,271445.32,11229.98,4.934500E+07,24188.72
1731576732,164110.19,5.553896E+08,270921.73,14670.02,4.949170E+07,24142.29
1731576742,168000.15,5.570696E+08,270422.12,14950.01,4.964120E+07,24097.67
1731576752,177760.00,5.588472E+08,269974.47,15840.00,4.979960E+07,24057.78
1731576762,174819.99,5.605954E+08,269517.00,15450.00,4.995410E+07,24016.39
1731576772,295020.01,5.635456E+08,269639.02,26450.00,5.021860E+07,24028.04
1731576782,330679.96,5.668524E+08,269929.69,29460.00,5.051320E+07,24053.90
1731576792,267560.02,5.695280E+08,269918.46,23840.00,5.075160E+07,24052.89
1731576802,294699.97,5.724750E+08,270035.36,26110.00,5.101270E+07,24062.59
1731576812,347960.04,5.759546E+08,270401.20,31030.00,5.132300E+07,24095.30
1731576822,326620.01,5.792208E+08,270663.91,29240.00,5.161540E+07,24119.34

Summary:
loaded 581760000 metrics in 2147.548sec with 10 workers (mean rate 270894.97 metrics/sec)
loaded 51840000 rows in 2147.548sec with 10 workers (mean rate 24139.16 rows/sec)
Run complete after 518400 queries with 10 workers (Overall query rate 241.39 queries/sec):
          :
min:     1.07ms, med:    29.04ms, mean:    28.39ms, max: 4945.41ms, stddev:    40.26ms, sum: 14715.2sec, count: 518400
all queries:
min:     1.07ms, med:    29.04ms, mean:    28.39ms, max: 4945.41ms, stddev:    40.26ms, sum: 14715.2sec, count: 518400
Saving Response Latencies to /home/benchUser/results/latenciesInserts_other.csv
