After 500 queries with 10 workers:
Interval query rate: 2.95 queries/sec	Overall query rate: 2.95 queries/sec
VictoriaMetrics mean of 10 metrics, all hosts, random 12h0m0s by 1h:
min:   638.30ms, med:  3410.43ms, mean:  3364.17ms, max: 3856.13ms, stddev:   287.57ms, sum: 1682.1sec, count: 500
all queries                                                        :
min:   638.30ms, med:  3410.43ms, mean:  3364.17ms, max: 3856.13ms, stddev:   287.57ms, sum: 1682.1sec, count: 500

After 1000 queries with 10 workers:
Interval query rate: 2.94 queries/sec	Overall query rate: 2.94 queries/sec
VictoriaMetrics mean of 10 metrics, all hosts, random 12h0m0s by 1h:
min:   638.30ms, med:  3413.12ms, mean:  3383.28ms, max: 3873.79ms, stddev:   238.13ms, sum: 3383.3sec, count: 1000
all queries                                                        :
min:   638.30ms, med:  3413.12ms, mean:  3383.28ms, max: 3873.79ms, stddev:   238.13ms, sum: 3383.3sec, count: 1000

After 1500 queries with 10 workers:
Interval query rate: 2.92 queries/sec	Overall query rate: 2.93 queries/sec
VictoriaMetrics mean of 10 metrics, all hosts, random 12h0m0s by 1h:
min:   638.30ms, med:  3420.03ms, mean:  3397.62ms, max: 4000.38ms, stddev:   231.87ms, sum: 5096.4sec, count: 1500
all queries                                                        :
min:   638.30ms, med:  3420.03ms, mean:  3397.62ms, max: 4000.38ms, stddev:   231.87ms, sum: 5096.4sec, count: 1500

After 2000 queries with 10 workers:
Interval query rate: 2.94 queries/sec	Overall query rate: 2.94 queries/sec
VictoriaMetrics mean of 10 metrics, all hosts, random 12h0m0s by 1h:
min:   638.30ms, med:  3416.06ms, mean:  3399.43ms, max: 4000.38ms, stddev:   220.72ms, sum: 6798.9sec, count: 2000
all queries                                                        :
min:   638.30ms, med:  3416.06ms, mean:  3399.43ms, max: 4000.38ms, stddev:   220.72ms, sum: 6798.9sec, count: 2000

After 2500 queries with 10 workers:
Interval query rate: 2.89 queries/sec	Overall query rate: 2.93 queries/sec
VictoriaMetrics mean of 10 metrics, all hosts, random 12h0m0s by 1h:
min:   638.30ms, med:  3426.05ms, mean:  3412.78ms, max: 4048.13ms, stddev:   218.12ms, sum: 8531.9sec, count: 2500
all queries                                                        :
min:   638.30ms, med:  3426.05ms, mean:  3412.78ms, max: 4048.13ms, stddev:   218.12ms, sum: 8531.9sec, count: 2500

After 3000 queries with 10 workers:
Interval query rate: 2.87 queries/sec	Overall query rate: 2.92 queries/sec
VictoriaMetrics mean of 10 metrics, all hosts, random 12h0m0s by 1h:
min:   638.30ms, med:  3433.86ms, mean:  3423.25ms, max: 4048.13ms, stddev:   214.65ms, sum: 10269.8sec, count: 3000
all queries                                                        :
min:   638.30ms, med:  3433.86ms, mean:  3423.25ms, max: 4048.13ms, stddev:   214.65ms, sum: 10269.8sec, count: 3000

After 3500 queries with 10 workers:
Interval query rate: 2.93 queries/sec	Overall query rate: 2.92 queries/sec
VictoriaMetrics mean of 10 metrics, all hosts, random 12h0m0s by 1h:
min:   638.30ms, med:  3433.73ms, mean:  3422.09ms, max: 4048.13ms, stddev:   212.34ms, sum: 11977.3sec, count: 3500
all queries                                                        :
min:   638.30ms, med:  3433.73ms, mean:  3422.09ms, max: 4048.13ms, stddev:   212.34ms, sum: 11977.3sec, count: 3500

After 4000 queries with 10 workers:
Interval query rate: 2.88 queries/sec	Overall query rate: 2.91 queries/sec
VictoriaMetrics mean of 10 metrics, all hosts, random 12h0m0s by 1h:
min:   638.30ms, med:  3437.44ms, mean:  3428.02ms, max: 4048.13ms, stddev:   209.66ms, sum: 13712.1sec, count: 4000
all queries                                                        :
min:   638.30ms, med:  3437.44ms, mean:  3428.02ms, max: 4048.13ms, stddev:   209.66ms, sum: 13712.1sec, count: 4000

After 4500 queries with 10 workers:
Interval query rate: 2.90 queries/sec	Overall query rate: 2.91 queries/sec
VictoriaMetrics mean of 10 metrics, all hosts, random 12h0m0s by 1h:
min:   638.30ms, med:  3438.97ms, mean:  3429.22ms, max: 4048.13ms, stddev:   206.38ms, sum: 15431.5sec, count: 4500
all queries                                                        :
min:   638.30ms, med:  3438.97ms, mean:  3429.22ms, max: 4048.13ms, stddev:   206.38ms, sum: 15431.5sec, count: 4500

After 5000 queries with 10 workers:
Interval query rate: 2.89 queries/sec	Overall query rate: 2.91 queries/sec
VictoriaMetrics mean of 10 metrics, all hosts, random 12h0m0s by 1h:
min:   638.30ms, med:  3442.82ms, mean:  3433.02ms, max: 4048.13ms, stddev:   205.58ms, sum: 17165.1sec, count: 5000
all queries                                                        :
min:   638.30ms, med:  3442.82ms, mean:  3433.02ms, max: 4048.13ms, stddev:   205.58ms, sum: 17165.1sec, count: 5000

After 5500 queries with 10 workers:
Interval query rate: 2.90 queries/sec	Overall query rate: 2.91 queries/sec
VictoriaMetrics mean of 10 metrics, all hosts, random 12h0m0s by 1h:
min:   638.30ms, med:  3444.35ms, mean:  3434.03ms, max: 4048.13ms, stddev:   205.55ms, sum: 18887.2sec, count: 5500
all queries                                                        :
min:   638.30ms, med:  3444.35ms, mean:  3434.03ms, max: 4048.13ms, stddev:   205.55ms, sum: 18887.2sec, count: 5500

After 6000 queries with 10 workers:
Interval query rate: 2.95 queries/sec	Overall query rate: 2.91 queries/sec
VictoriaMetrics mean of 10 metrics, all hosts, random 12h0m0s by 1h:
min:   638.30ms, med:  3441.79ms, mean:  3430.95ms, max: 4048.13ms, stddev:   205.63ms, sum: 20585.7sec, count: 6000
all queries                                                        :
min:   638.30ms, med:  3441.79ms, mean:  3430.95ms, max: 4048.13ms, stddev:   205.63ms, sum: 20585.7sec, count: 6000

After 6500 queries with 10 workers:
Interval query rate: 2.90 queries/sec	Overall query rate: 2.91 queries/sec
VictoriaMetrics mean of 10 metrics, all hosts, random 12h0m0s by 1h:
min:   638.30ms, med:  3441.79ms, mean:  3432.27ms, max: 4048.13ms, stddev:   203.71ms, sum: 22309.8sec, count: 6500
all queries                                                        :
min:   638.30ms, med:  3441.79ms, mean:  3432.27ms, max: 4048.13ms, stddev:   203.71ms, sum: 22309.8sec, count: 6500

After 7000 queries with 10 workers:
Interval query rate: 2.93 queries/sec	Overall query rate: 2.91 queries/sec
VictoriaMetrics mean of 10 metrics, all hosts, random 12h0m0s by 1h:
min:   638.30ms, med:  3439.49ms, mean:  3430.78ms, max: 4048.13ms, stddev:   203.40ms, sum: 24015.4sec, count: 7000
all queries                                                        :
min:   638.30ms, med:  3439.49ms, mean:  3430.78ms, max: 4048.13ms, stddev:   203.40ms, sum: 24015.4sec, count: 7000

After 7500 queries with 10 workers:
Interval query rate: 2.92 queries/sec	Overall query rate: 2.91 queries/sec
VictoriaMetrics mean of 10 metrics, all hosts, random 12h0m0s by 1h:
min:   638.30ms, med:  3439.10ms, mean:  3430.52ms, max: 4048.13ms, stddev:   203.12ms, sum: 25728.9sec, count: 7500
all queries                                                        :
min:   638.30ms, med:  3439.10ms, mean:  3430.52ms, max: 4048.13ms, stddev:   203.12ms, sum: 25728.9sec, count: 7500

After 8000 queries with 10 workers:
Interval query rate: 2.92 queries/sec	Overall query rate: 2.91 queries/sec
VictoriaMetrics mean of 10 metrics, all hosts, random 12h0m0s by 1h:
min:   638.30ms, med:  3438.46ms, mean:  3430.18ms, max: 4048.13ms, stddev:   202.98ms, sum: 27441.4sec, count: 8000
all queries                                                        :
min:   638.30ms, med:  3438.46ms, mean:  3430.18ms, max: 4048.13ms, stddev:   202.98ms, sum: 27441.4sec, count: 8000

After 8500 queries with 10 workers:
Interval query rate: 2.93 queries/sec	Overall query rate: 2.91 queries/sec
VictoriaMetrics mean of 10 metrics, all hosts, random 12h0m0s by 1h:
min:   638.30ms, med:  3436.29ms, mean:  3428.99ms, max: 4048.13ms, stddev:   201.95ms, sum: 29146.4sec, count: 8500
all queries                                                        :
min:   638.30ms, med:  3436.29ms, mean:  3428.99ms, max: 4048.13ms, stddev:   201.95ms, sum: 29146.4sec, count: 8500

Run complete after 8640 queries with 10 workers (Overall query rate 2.91 queries/sec):
VictoriaMetrics mean of 10 metrics, all hosts, random 12h0m0s by 1h:
min:   638.30ms, med:  3438.08ms, mean:  3430.20ms, max: 4048.13ms, stddev:   201.93ms, sum: 29637.0sec, count: 8640
all queries                                                        :
min:   638.30ms, med:  3438.08ms, mean:  3430.20ms, max: 4048.13ms, stddev:   201.93ms, sum: 29637.0sec, count: 8640
Saving Response Latencies to /home/benchUser/results/latenciesQueries_other.csv
wall clock time: 2965.221903sec
