time,per. metric/s,metric total,overall metric/s,per. row/s,row total,overall row/s
1738651611,105329.42,1.053400E+06,105329.42,9389.06,9.390000E+04,9389.06
1738651621,259182.50,3.645225E+06,182252.10,23107.50,3.249750E+05,16247.93
1738651631,270557.49,6.350800E+06,211686.25,24255.00,5.675250E+05,18916.87
1738651641,191772.39,8.268525E+06,206707.90,17039.99,7.379250E+05,18447.66
1738651651,192464.99,1.019318E+07,203859.38,17070.00,9.086250E+05,18172.13
1738651661,169575.11,1.188892E+07,198145.43,15105.01,1.059675E+06,17660.95
1738651671,147467.49,1.336360E+07,190905.83,13237.50,1.192050E+06,17029.04
1738651681,144290.01,1.480650E+07,185078.93,12810.00,1.320150E+06,16501.67
1738651691,218775.00,1.699425E+07,188822.89,19530.00,1.515450E+06,16838.15
1738651701,233929.98,1.933355E+07,193333.56,20827.50,1.723725E+06,17237.08
1738651711,251274.93,2.184630E+07,198600.91,22417.49,1.947900E+06,17708.02
1738651721,250345.09,2.434975E+07,202912.89,22305.01,2.170950E+06,18091.10
1738651731,267024.87,2.702000E+07,207844.54,23804.99,2.409000E+06,18530.63
1738651741,249960.12,2.951960E+07,210852.77,22260.01,2.631600E+06,18797.01
1738651751,194799.82,3.146760E+07,209782.58,17384.98,2.805450E+06,18702.87
1738651761,231280.19,3.378040E+07,211126.17,20475.02,3.010200E+06,18813.63
1738651771,258987.51,3.637028E+07,213941.53,23092.50,3.241125E+06,19065.33
1738651781,259452.51,3.896480E+07,216469.90,23167.50,3.472800E+06,19293.23
1738651791,245919.97,4.142400E+07,218019.90,21990.00,3.692700E+06,19435.16
1738651801,232850.02,4.375250E+07,218761.40,20760.00,3.900300E+06,19501.40
1738651811,238580.01,4.613830E+07,219705.14,21105.00,4.111350E+06,19577.76
1738651821,235197.51,4.849028E+07,220409.34,20977.50,4.321125E+06,19641.39
1738651831,237419.96,5.086448E+07,221148.92,21300.00,4.534125E+06,19713.50
1738651841,248272.52,5.334720E+07,222279.07,22027.50,4.754400E+06,19809.92
1738651851,244765.01,5.579485E+07,223178.50,21915.00,4.973550E+06,19894.12
1738651861,242347.50,5.821832E+07,223915.77,21592.50,5.189475E+06,19959.44
1738651871,247484.93,6.069318E+07,224788.70,21914.99,5.408625E+06,20031.87
1738651881,234057.55,6.303375E+07,225119.73,20842.50,5.617050E+06,20060.82
1738651891,235624.96,6.539000E+07,225481.98,21075.00,5.827800E+06,20095.79
1738651901,233435.04,6.772435E+07,225747.08,20745.00,6.035250E+06,20117.43
1738651911,251274.94,7.023710E+07,226570.55,22439.99,6.259650E+06,20192.35
1738651921,265372.58,7.289082E+07,227783.11,23572.51,6.495375E+06,20297.98
1738651931,262117.43,7.551200E+07,228823.54,23512.49,6.730500E+06,20395.39
1738651941,253150.06,7.804350E+07,229539.03,22440.01,6.954900E+06,20455.53
1738651951,244252.49,8.048602E+07,229959.41,21727.50,7.172175E+06,20491.87
1738651961,250637.41,8.299240E+07,230533.80,22342.49,7.395600E+06,20543.28
1738651971,258770.05,8.558010E+07,231296.94,23070.00,7.626300E+06,20611.57
1738651981,244509.98,8.802520E+07,231644.65,21885.00,7.845150E+06,20645.08
1738651991,256450.07,9.058970E+07,232280.68,22755.01,8.072700E+06,20699.18
1738652001,235220.01,9.294190E+07,232354.17,21015.00,8.282850E+06,20707.07
1738652011,258335.00,9.552525E+07,232987.84,23002.50,8.512875E+06,20763.06
1738652021,265912.51,9.818438E+07,233771.76,23655.00,8.749425E+06,20831.91
1738652031,218632.39,1.003707E+08,233419.69,19507.49,8.944500E+06,20801.11
1738652041,266272.58,1.030334E+08,234166.34,23707.51,9.181575E+06,20867.17
1738652051,256752.54,1.056010E+08,234668.25,22867.50,9.410250E+06,20911.62
1738652061,253839.99,1.081394E+08,235085.03,22710.00,9.637350E+06,20950.72
1738652071,251764.98,1.106570E+08,235439.92,22485.00,9.862200E+06,20983.36
1738652081,265739.99,1.133144E+08,236071.17,23640.00,1.009860E+07,21038.71
1738652091,263809.92,1.159525E+08,236637.27,23384.99,1.033245E+07,21086.59
1738652101,163340.06,1.175859E+08,235171.33,14640.01,1.047885E+07,20957.66
1738652111,249317.45,1.200791E+08,235448.70,22147.50,1.070032E+07,20980.99
1738652121,242347.56,1.225026E+08,235581.37,21592.50,1.091625E+07,20992.75
1738652131,254344.96,1.250460E+08,235935.40,22807.50,1.114432E+07,21026.99
1738652141,258919.83,1.276352E+08,236361.04,23062.48,1.137495E+07,21064.68
1738652151,262415.20,1.302594E+08,236834.75,23250.02,1.160745E+07,21104.42
1738652161,259595.01,1.328553E+08,237241.18,23190.00,1.183935E+07,21141.66
1738652171,266392.49,1.355192E+08,237752.61,23722.50,1.207658E+07,21186.94
1738652181,245357.40,1.379728E+08,237883.72,21967.49,1.229625E+07,21200.39
1738652191,271762.60,1.406904E+08,238457.94,24112.51,1.253738E+07,21249.75
1738652201,266272.51,1.433532E+08,238921.52,23707.50,1.277445E+07,21290.71
1738652211,259790.00,1.459510E+08,239263.62,23220.00,1.300665E+07,21322.34
1738652221,259215.01,1.485432E+08,239585.42,23115.00,1.323780E+07,21351.26
1738652231,265984.96,1.512030E+08,240004.46,23685.00,1.347465E+07,21388.30
1738652241,248777.50,1.536908E+08,240141.54,22072.50,1.369538E+07,21398.99
1738652251,238837.53,1.560792E+08,240121.48,21412.50,1.390950E+07,21399.20
1738652261,260734.99,1.586866E+08,240433.80,23115.00,1.414065E+07,21425.19
1738652271,270917.50,1.613957E+08,240888.78,24262.50,1.438328E+07,21467.54
1738652281,265250.02,1.640482E+08,241247.03,23595.00,1.461922E+07,21498.83
1738652291,192524.98,1.659735E+08,240540.92,17070.00,1.478992E+07,21434.64
1738652301,140460.02,1.673781E+08,239111.19,12660.00,1.491652E+07,21309.29
1738652311,173167.49,1.691098E+08,238182.41,15292.50,1.506945E+07,21224.55
1738652321,140014.95,1.705099E+08,236818.97,12540.00,1.519485E+07,21103.93
1738652331,152987.45,1.720398E+08,235670.60,13597.50,1.533082E+07,21001.10
1738652341,210185.15,1.741416E+08,235326.20,18735.01,1.551818E+07,20970.48
1738652351,235587.51,1.764975E+08,235329.68,21052.50,1.572870E+07,20971.57
1738652361,256767.50,1.790652E+08,235611.76,22792.50,1.595662E+07,20995.53
1738652371,191497.42,1.809802E+08,235038.85,17084.99,1.612748E+07,20944.75
1738652381,263505.07,1.836152E+08,235403.80,23572.51,1.636320E+07,20978.43
1738652391,258380.03,1.861990E+08,235694.64,23017.50,1.659338E+07,21004.25
1738652401,265159.92,1.888506E+08,236062.95,23572.49,1.682910E+07,21036.35
1738652411,262680.08,1.914774E+08,236391.56,23430.01,1.706340E+07,21065.90
1738652421,230792.51,1.937853E+08,236323.28,20572.50,1.726912E+07,21059.88
1738652431,241312.48,1.961984E+08,236383.39,21442.50,1.748355E+07,21064.49
1738652441,251567.48,1.987141E+08,236564.15,22477.50,1.770832E+07,21081.31
1738652451,247629.96,2.011904E+08,236694.34,21967.50,1.792800E+07,21091.74
1738652461,243007.55,2.036205E+08,236767.75,21645.00,1.814445E+07,21098.17
1738652471,238049.97,2.060010E+08,236782.48,21375.00,1.835820E+07,21101.35
1738652481,222585.00,2.082268E+08,236621.15,19672.50,1.855492E+07,21085.12
1738652491,217935.03,2.104062E+08,236411.19,19417.50,1.874910E+07,21066.38
1738652501,235047.45,2.127567E+08,236396.04,20962.50,1.895872E+07,21065.23
1738652511,229932.54,2.150560E+08,236325.01,20632.50,1.916505E+07,21060.47
1738652521,217357.51,2.172296E+08,236118.85,19357.50,1.935862E+07,21041.96
1738652531,225722.50,2.194868E+08,236007.06,20092.50,1.955955E+07,21031.75
1738652541,232157.50,2.218084E+08,235966.10,20587.50,1.976542E+07,21027.03
1738652551,237367.50,2.241820E+08,235980.86,21292.50,1.997835E+07,21029.82
1738652561,242190.00,2.266040E+08,236045.53,21570.00,2.019405E+07,21035.45
1738652571,248010.01,2.290840E+08,236168.88,21990.00,2.041395E+07,21045.29
1738652581,242984.98,2.315139E+08,236238.43,21690.00,2.063085E+07,21051.87
1738652591,176492.47,2.332788E+08,235634.94,15652.50,2.078738E+07,20997.33
1738652601,243487.55,2.357137E+08,235713.46,21757.50,2.100495E+07,21004.93
1738652611,257419.92,2.382879E+08,235928.38,22874.99,2.123370E+07,21023.44
1738652621,275140.09,2.410393E+08,236312.81,24540.01,2.147910E+07,21057.92
1738652631,259369.89,2.436330E+08,236536.66,23159.99,2.171070E+07,21078.33
1738652641,246520.02,2.460982E+08,236632.66,21990.00,2.193060E+07,21087.09
1738652651,248492.52,2.485831E+08,236745.61,22207.50,2.215268E+07,21097.77
1738652661,241867.56,2.510018E+08,236793.93,21525.01,2.236792E+07,21101.80
1738652671,233177.50,2.533336E+08,236760.13,20745.00,2.257538E+07,21098.46
1738652681,248672.43,2.558203E+08,236870.43,22057.49,2.279595E+07,21107.34
1738652691,252422.54,2.583445E+08,237013.11,22597.50,2.302192E+07,21121.01
1738652701,220427.52,2.605488E+08,236862.33,19687.50,2.321880E+07,21107.98
1738652711,258439.91,2.631332E+08,237056.72,23032.49,2.344912E+07,21125.32
1738652721,260405.09,2.657372E+08,237265.19,23122.51,2.368035E+07,21143.15
1738652731,238812.51,2.681254E+08,237278.88,21322.50,2.389358E+07,21144.74
1738652741,257832.51,2.707037E+08,237459.18,22957.50,2.412315E+07,21160.64
1738652751,232625.00,2.730300E+08,237417.14,20632.50,2.432948E+07,21156.05
1738652761,259542.44,2.756254E+08,237607.88,23174.99,2.456122E+07,21173.45
1738652771,259227.56,2.782176E+08,237792.66,23145.00,2.479268E+07,21190.30
1738652781,249392.45,2.807116E+08,237890.96,22155.00,2.501422E+07,21198.48
1738652791,227560.04,2.829872E+08,237804.15,20355.00,2.521778E+07,21191.39
1738652801,250682.41,2.854940E+08,237911.47,22342.49,2.544120E+07,21200.98
1738652811,243872.51,2.879327E+08,237960.73,21787.50,2.565908E+07,21205.83
1738652821,257847.58,2.905112E+08,238123.74,22942.51,2.588850E+07,21220.06
1738652831,253412.49,2.930453E+08,238248.04,22537.50,2.611388E+07,21230.78
1738652841,254162.49,2.955870E+08,238376.38,22635.00,2.634022E+07,21242.10
1738652851,244824.97,2.980352E+08,238427.97,21907.50,2.655930E+07,21247.42
1738652861,265619.96,3.006914E+08,238643.78,23632.50,2.679562E+07,21266.35
1738652871,260855.07,3.033000E+08,238818.67,23242.51,2.702805E+07,21281.91
1738652881,261335.02,3.059133E+08,238994.58,23160.00,2.725965E+07,21296.58
1738652891,263189.97,3.085452E+08,239182.14,23602.50,2.749568E+07,21314.46
1738652901,279534.96,3.113406E+08,239492.55,24817.50,2.774385E+07,21341.41
1738652911,266115.09,3.140017E+08,239695.77,23685.01,2.798070E+07,21359.30
1738652921,260670.00,3.166084E+08,239854.67,23325.00,2.821395E+07,21374.19
1738652931,258800.00,3.191964E+08,239997.11,23070.00,2.844465E+07,21386.94
1738652941,187639.75,3.210728E+08,239606.39,16724.98,2.861190E+07,21352.15
1738652951,160392.67,3.226767E+08,239019.62,14317.52,2.875508E+07,21300.04
1738652961,160947.41,3.242862E+08,238445.56,14309.99,2.889818E+07,21248.64
1738652971,129340.11,3.255796E+08,237649.17,11527.51,2.901345E+07,21177.69
1738652981,158882.42,3.271684E+08,237078.40,14032.49,2.915378E+07,21125.91
1738652991,180860.08,3.289770E+08,236673.95,16260.01,2.931638E+07,21090.90
1738653001,248602.50,3.314630E+08,236759.15,22080.00,2.953718E+07,21097.97
1738653011,241387.51,3.338769E+08,236791.98,21450.00,2.975168E+07,21100.46
1738653021,252507.47,3.364020E+08,236902.65,22597.50,2.997765E+07,21111.01
1738653031,239690.02,3.387989E+08,236922.14,21240.00,3.019005E+07,21111.91
1738653041,241252.49,3.412114E+08,236952.21,21532.50,3.040538E+07,21114.83
1738653051,235542.46,3.435668E+08,236942.49,20955.00,3.061492E+07,21113.73
1738653061,236955.06,3.459364E+08,236942.58,21232.51,3.082725E+07,21114.54
1738653071,249187.48,3.484283E+08,237025.88,22147.50,3.104872E+07,21121.57
1738653081,130509.97,3.497334E+08,236306.17,11685.00,3.116558E+07,21057.81
1738653091,227427.54,3.520076E+08,236246.59,20317.50,3.136875E+07,21052.84
1738653101,241927.51,3.544269E+08,236284.46,21532.50,3.158408E+07,21056.04
1738653111,255775.02,3.569847E+08,236413.53,22665.00,3.181072E+07,21066.69
1738653121,249677.48,3.594814E+08,236500.80,22230.00,3.203302E+07,21074.34
1738653131,226937.51,3.617508E+08,236438.29,20235.00,3.223538E+07,21068.86
1738653141,258162.50,3.643324E+08,236579.36,22995.00,3.246532E+07,21081.37
1738653151,244499.96,3.667774E+08,236630.46,21892.50,3.268425E+07,21086.60
1738653161,251374.94,3.692912E+08,236724.98,22424.99,3.290850E+07,21095.18
1738653171,250930.07,3.718005E+08,236815.45,22380.01,3.313230E+07,21103.36
1738653181,270517.53,3.745057E+08,237028.76,23962.50,3.337192E+07,21121.46
1738653191,260607.52,3.771118E+08,237177.05,23272.50,3.360465E+07,21134.99
1738653201,233952.49,3.794513E+08,237156.90,20827.50,3.381292E+07,21133.06
1738653211,236947.49,3.818208E+08,237155.60,21232.50,3.402525E+07,21133.68
1738653221,240949.90,3.842302E+08,237179.02,21419.99,3.423945E+07,21135.45
1738653231,231845.11,3.865487E+08,237146.30,20550.01,3.444495E+07,21131.86
1738653241,230374.99,3.888524E+08,237105.01,20700.00,3.465195E+07,21129.22
1738653251,231010.00,3.911626E+08,237068.07,20430.00,3.485625E+07,21124.99
1738653261,231717.46,3.934797E+08,237035.84,20722.50,3.506348E+07,21122.56
1738653271,248627.55,3.959660E+08,237105.25,22230.00,3.528578E+07,21129.19
1738653281,265199.99,3.986180E+08,237272.48,23587.50,3.552165E+07,21143.83
1738653291,241729.99,4.010353E+08,237298.85,21525.00,3.573690E+07,21146.08
1738653301,248439.96,4.035197E+08,237364.39,22035.00,3.595725E+07,21151.31
1738653311,260600.06,4.061257E+08,237500.27,23325.01,3.619050E+07,21164.02
1738653321,266474.99,4.087904E+08,237668.73,23737.50,3.642788E+07,21178.98
1738653331,250479.92,4.112952E+08,237742.78,22319.99,3.665108E+07,21185.58
1738653341,248905.10,4.137843E+08,237806.93,22087.51,3.687195E+07,21190.76
1738653351,241800.00,4.162023E+08,237829.75,21540.00,3.708735E+07,21192.76
1738653361,260509.99,4.188074E+08,237958.61,23295.00,3.732030E+07,21204.70
1738653371,267940.01,4.214868E+08,238128.00,23925.00,3.755955E+07,21220.07
1738653381,260915.01,4.240960E+08,238256.02,23250.00,3.779205E+07,21231.48
1738653391,239404.95,4.264900E+08,238262.44,21315.00,3.800520E+07,21231.94
1738653401,265065.04,4.291406E+08,238411.34,23535.00,3.824055E+07,21244.74
1738653411,257750.02,4.317182E+08,238518.18,22942.50,3.846998E+07,21254.12
1738653421,219389.98,4.339120E+08,238413.08,19597.50,3.866595E+07,21245.02
1738653431,245027.50,4.363623E+08,238449.23,21952.50,3.888548E+07,21248.88
1738653441,247852.41,4.388408E+08,238500.33,21967.49,3.910515E+07,21252.79
1738653451,225557.57,4.410964E+08,238430.37,20062.51,3.930578E+07,21246.35
1738653461,221957.51,4.433160E+08,238341.81,19927.50,3.950505E+07,21239.26
1738653471,246434.98,4.457804E+08,238385.09,21802.50,3.972308E+07,21242.27
1738653481,237105.02,4.481514E+08,238378.28,21255.00,3.993562E+07,21242.34
1738653491,231939.93,4.504708E+08,238344.21,20557.49,4.014120E+07,21238.72
1738653501,229234.99,4.527632E+08,238296.27,20565.00,4.034685E+07,21235.17
1738653511,234845.04,4.551116E+08,238278.20,20932.50,4.055618E+07,21233.59
1738653521,243555.03,4.575472E+08,238305.68,21667.50,4.077285E+07,21235.85
1738653531,229090.00,4.598380E+08,238257.93,20287.50,4.097572E+07,21230.93
1738653541,235399.93,4.621920E+08,238243.20,21022.49,4.118595E+07,21229.86
1738653551,241545.03,4.646075E+08,238260.13,21480.00,4.140075E+07,21231.14
1738653561,178510.04,4.663926E+08,237955.29,15945.00,4.156020E+07,21204.17
1738653571,237179.99,4.687644E+08,237951.35,21262.50,4.177282E+07,21204.47
1738653581,232149.92,4.710859E+08,237922.05,20602.49,4.197885E+07,21201.43
1738653591,191264.97,4.729986E+08,237687.59,16980.00,4.214865E+07,21180.22
1738653601,140787.58,4.744064E+08,237203.09,12637.51,4.227502E+07,21137.50
1738653611,150932.49,4.759158E+08,236773.89,13335.00,4.240838E+07,21098.68
1738653621,146355.00,4.773793E+08,236326.27,13072.50,4.253910E+07,21058.95
1738653631,130178.87,4.786811E+08,235803.37,11654.90,4.265565E+07,21012.62
1738653641,129100.73,4.799721E+08,235280.32,11490.07,4.277055E+07,20965.95
1738653651,195670.59,4.819288E+08,235087.10,17505.05,4.294560E+07,20949.06
1738653661,210499.99,4.840338E+08,234967.75,18780.00,4.313340E+07,20938.53
1738653671,231850.01,4.863523E+08,234952.69,20550.00,4.333890E+07,20936.66
1738653681,265747.51,4.890098E+08,235100.74,23632.50,4.357522E+07,20949.62
1738653691,179312.44,4.908029E+08,234833.81,16072.49,4.373595E+07,20926.28
1738653701,226967.58,4.930726E+08,234796.35,20242.51,4.393838E+07,20923.03
1738653711,218702.49,4.952596E+08,234720.08,19507.50,4.413345E+07,20916.32
1738653721,216665.00,4.974262E+08,234634.91,19252.50,4.432598E+07,20908.47
1738653731,237014.99,4.997964E+08,234646.09,21195.00,4.453792E+07,20909.81
1738653741,237327.52,5.021697E+08,234658.62,21000.00,4.474792E+07,20910.24
1738653751,224379.93,5.044135E+08,234610.81,20099.99,4.494892E+07,20906.47
1738653761,209412.56,5.065076E+08,234494.15,18690.01,4.513582E+07,20896.21
1738653771,241050.00,5.089181E+08,234524.36,21487.50,4.535070E+07,20898.93
1738653781,255617.51,5.114743E+08,234621.12,22642.50,4.557712E+07,20906.93
1738653791,244402.42,5.139183E+08,234665.78,21877.49,4.579590E+07,20911.36
1738653801,254832.57,5.164666E+08,234757.45,22627.51,4.602218E+07,20919.16
1738653811,251252.49,5.189792E+08,234832.09,22350.00,4.624568E+07,20925.64
1738653821,234470.01,5.213238E+08,234830.46,20895.00,4.645462E+07,20925.50
1738653831,252219.99,5.238460E+08,234908.44,22545.00,4.668008E+07,20932.76
1738653841,253115.03,5.263772E+08,234989.72,22650.00,4.690658E+07,20940.43
1738653851,253494.88,5.289122E+08,235071.96,22447.49,4.713105E+07,20947.12
1738653861,256385.11,5.314760E+08,235166.27,22965.01,4.736070E+07,20956.05
1738653871,230590.00,5.337819E+08,235146.11,20460.00,4.756530E+07,20953.87
1738653881,212849.93,5.359104E+08,235048.32,19079.99,4.775610E+07,20945.65
1738653891,210800.06,5.380184E+08,234942.43,18765.01,4.794375E+07,20936.13
1738653901,221857.44,5.402370E+08,234885.54,19627.49,4.814002E+07,20930.44
1738653911,237982.58,5.426168E+08,234898.95,21367.51,4.835370E+07,20932.33
1738653921,229607.50,5.449129E+08,234876.14,20302.50,4.855672E+07,20929.61
1738653931,214597.48,5.470588E+08,234789.10,19282.50,4.874955E+07,20922.54
1738653941,231429.93,5.493732E+08,234774.75,20489.99,4.895445E+07,20920.70
1738653951,234110.08,5.517142E+08,234771.92,20850.01,4.916295E+07,20920.40
1738653961,227065.01,5.539849E+08,234739.26,20280.00,4.936575E+07,20917.68
1738653971,221470.00,5.561996E+08,234683.28,19807.50,4.956382E+07,20913.00
1738653981,217799.95,5.583776E+08,234612.34,19417.50,4.975800E+07,20906.71
1738653991,213575.00,5.605134E+08,234524.32,18877.50,4.994678E+07,20898.22
1738654001,203545.04,5.625488E+08,234395.24,18202.50,5.012880E+07,20886.99
1738654011,217162.49,5.647204E+08,234323.73,19297.50,5.032178E+07,20880.40
1738654021,204417.47,5.667646E+08,234200.15,18330.00,5.050508E+07,20869.86
1738654031,215637.53,5.689210E+08,234123.76,19095.00,5.069602E+07,20862.55
1738654041,222302.46,5.711440E+08,234075.31,19957.50,5.089560E+07,20858.84
1738654051,231505.05,5.734590E+08,234064.82,20557.50,5.110118E+07,20857.61
1738654061,257089.96,5.760300E+08,234158.42,22830.00,5.132948E+07,20865.63
1738654071,238724.97,5.784172E+08,234176.91,21420.00,5.154368E+07,20867.88
1738654081,232460.07,5.807418E+08,234169.99,20685.01,5.175052E+07,20867.14

Summary:
loaded 581760000 metrics in 2484.365sec with 10 workers (mean rate 234168.50 metrics/sec)
loaded 51840000 rows in 2484.365sec with 10 workers (mean rate 20866.50 rows/sec)
Run complete after 691200 queries with 10 workers (Overall query rate 278.22 queries/sec):
          :
min:     0.84ms, med:     1.68ms, mean:     9.90ms, max: 2848.26ms, stddev:    23.41ms, sum: 6843.7sec, count: 691200
all queries:
min:     0.84ms, med:     1.68ms, mean:     9.90ms, max: 2848.26ms, stddev:    23.41ms, sum: 6843.7sec, count: 691200
Saving Response Latencies to /home/benchUser/results/latenciesInserts_other.csv
