time,per. metric/s,metric total,overall metric/s,per. row/s,row total,overall row/s
1737555689,193193.65,1.932225E+06,193193.65,17254.92,1.725750E+05,17254.92
1737555699,406460.01,5.996825E+06,299818.86,36240.00,5.349750E+05,26746.75
1737555709,425082.40,1.024765E+07,341571.30,37897.49,9.139500E+05,30463.48
1737555719,447655.09,1.472420E+07,368091.25,39877.51,1.312725E+06,32816.90
1737555729,436012.57,1.908432E+07,381675.11,38835.01,1.701075E+06,34020.48
1737555739,407887.35,2.316320E+07,386043.71,36442.49,2.065500E+06,34424.14
1737555749,384822.57,2.701142E+07,385869.26,34252.51,2.408025E+06,34399.62
1737555759,445890.42,3.147038E+07,393371.84,39779.59,2.805825E+06,35072.11
1737555769,439557.02,3.586590E+07,398503.38,39067.90,3.196500E+06,35516.08
1737555779,433454.93,4.020045E+07,401998.49,38744.99,3.583950E+06,35838.96
1737555789,336207.54,4.356252E+07,396017.57,29812.50,3.882075E+06,35291.11
1737555799,439367.52,4.795620E+07,399630.02,39292.50,4.275000E+06,35624.56
1737555809,425455.06,5.221075E+07,401616.54,37785.00,4.652850E+06,35790.74
1737555819,433529.98,5.654605E+07,403896.05,38670.00,5.039550E+06,35996.40
1737555829,454024.86,6.108630E+07,407237.94,40379.99,5.443350E+06,36288.64
1737555839,349915.07,6.458545E+07,403655.29,31290.01,5.756250E+06,35976.23
1737555849,372214.99,6.830760E+07,401805.88,33180.00,6.088050E+06,35811.74
1737555859,317947.38,7.148708E+07,397147.11,28327.49,6.371325E+06,35395.96
1737555869,291577.59,7.440285E+07,391590.87,25942.51,6.630750E+06,34898.41
1737555879,343447.55,7.783732E+07,389183.72,30637.50,6.937125E+06,34685.37
1737555889,404759.95,8.188492E+07,389925.44,36090.00,7.298025E+06,34752.25
1737555899,406535.01,8.595028E+07,390680.41,36210.00,7.660125E+06,34818.51
1737555909,428007.56,9.023035E+07,392303.32,38152.51,8.041650E+06,34963.47
1737555919,406400.03,9.429435E+07,392890.68,36082.50,8.402475E+06,35010.09
1737555929,357364.98,9.786800E+07,391469.66,31912.50,8.721600E+06,34886.19
1737555939,422525.01,1.020932E+08,392664.09,37755.00,9.099150E+06,34996.53
1737555949,398784.88,1.060811E+08,392890.79,35414.99,9.453300E+06,35012.03
1737555959,404922.62,1.101303E+08,393320.49,36045.01,9.813750E+06,35048.92
1737555969,395997.89,1.140904E+08,393412.82,35272.09,1.016648E+07,35056.62
1737555979,231802.59,1.164084E+08,388025.90,20790.23,1.037438E+07,34581.08
1737555989,368055.08,1.200889E+08,387381.68,32737.51,1.070175E+07,34521.61
1737555999,422067.63,1.243096E+08,388465.61,37687.51,1.107862E+07,34620.54
1737556009,398222.41,1.282918E+08,388761.27,35437.49,1.143300E+07,34645.30
1737556019,416970.08,1.324615E+08,389590.94,37170.01,1.180470E+07,34719.55
1737556029,350397.49,1.359655E+08,388471.13,31222.50,1.211692E+07,34619.64
1737556039,415132.32,1.401168E+08,389211.71,36892.48,1.248585E+07,34682.77
1737556049,424640.21,1.443632E+08,390169.24,37965.02,1.286550E+07,34771.48
1737556059,416999.93,1.485332E+08,390875.30,37109.99,1.323660E+07,34833.02
1737556069,368469.99,1.522179E+08,390300.81,32790.00,1.356450E+07,34780.64
1737556079,426050.01,1.564784E+08,391194.54,38070.00,1.394520E+07,34862.87
1737556089,419680.05,1.606752E+08,391889.30,37410.00,1.431930E+07,34924.99
1737556099,416129.98,1.648365E+08,392466.46,36915.00,1.468845E+07,34972.38
1737556109,406829.99,1.689048E+08,392800.50,36375.00,1.505220E+07,35004.99
1737556119,377612.56,1.726809E+08,392455.32,33547.50,1.538768E+07,34971.87
1737556129,222467.50,1.749056E+08,388677.82,19942.50,1.558710E+07,34637.89
1737556139,286212.42,1.777677E+08,386450.32,25372.49,1.584082E+07,34436.46
1737556149,416147.35,1.819292E+08,387082.17,37229.99,1.621312E+07,34495.90
1737556159,427925.05,1.862084E+08,387933.06,38137.50,1.659450E+07,34571.77
1737556169,409422.75,1.903027E+08,388371.62,36382.52,1.695832E+07,34608.72
1737556179,399492.46,1.942976E+08,388594.04,35677.50,1.731510E+07,34630.10
1737556189,395080.03,1.982484E+08,388721.22,35227.50,1.766738E+07,34641.81
1737556199,420039.96,2.024488E+08,389323.50,37432.50,1.804170E+07,34695.48
1737556209,432061.53,2.067694E+08,390129.88,38332.19,1.842502E+07,34764.09
1737556219,376418.00,2.105336E+08,389875.96,33697.77,1.876200E+07,34744.35
1737556229,394540.05,2.144790E+08,389960.76,35137.50,1.911338E+07,34751.50
1737556239,421419.98,2.186932E+08,390522.53,37575.00,1.948912E+07,34801.92
1737556249,414389.87,2.228371E+08,390941.25,36817.49,1.985730E+07,34837.28
1737556259,425270.15,2.270898E+08,391533.13,38010.01,2.023740E+07,34891.98
1737556269,376397.48,2.308538E+08,391276.59,33382.50,2.057122E+07,34866.39
1737556279,261202.48,2.334658E+08,389108.70,23400.00,2.080522E+07,34675.29
1737556289,414157.51,2.376074E+08,389519.33,36892.50,2.117415E+07,34711.64
1737556299,409302.38,2.417004E+08,389838.41,36464.99,2.153880E+07,34739.92
1737556309,420560.18,2.459060E+08,390326.06,37485.02,2.191365E+07,34783.49
1737556319,341279.87,2.493188E+08,389559.71,30442.49,2.221808E+07,34715.66
1737556329,415829.93,2.534771E+08,389963.87,36907.49,2.258715E+07,34749.38
1737556339,422372.71,2.577008E+08,390454.91,37747.52,2.296462E+07,34794.81
1737556349,412517.43,2.618260E+08,390784.20,36772.49,2.333235E+07,34824.33
1737556359,333867.58,2.651647E+08,389947.20,29737.51,2.362972E+07,34749.52
1737556369,415619.77,2.693209E+08,390319.26,36959.98,2.399932E+07,34781.55
1737556379,415435.16,2.734752E+08,390678.06,37125.01,2.437058E+07,34815.03
1737556389,417502.46,2.776502E+08,391055.87,37140.00,2.474198E+07,34847.78
1737556399,429495.08,2.819452E+08,391589.74,38317.51,2.512515E+07,34895.97
1737556409,338854.94,2.853338E+08,390867.35,30179.99,2.542695E+07,34831.37
1737556419,421865.08,2.895524E+08,391286.24,37642.51,2.580338E+07,34869.36
1737556429,426467.49,2.938171E+08,391755.32,37950.00,2.618288E+07,34910.43
1737556439,403227.50,2.978494E+08,391906.27,35895.00,2.654182E+07,34923.39
1737556449,376077.45,3.016101E+08,391700.70,33525.00,2.687708E+07,34905.22
1737556459,415312.51,3.057632E+08,392003.42,36967.50,2.724675E+07,34931.66
1737556469,419844.98,3.099617E+08,392355.84,37395.00,2.762070E+07,34962.85
1737556479,277347.49,3.127352E+08,390918.24,24832.50,2.786902E+07,34836.22
1737556489,241874.96,3.151539E+08,389078.20,21532.50,2.808435E+07,34671.97
1737556499,274020.06,3.178941E+08,387675.06,24397.51,2.832832E+07,34546.67
1737556509,286327.53,3.207574E+08,386454.00,25507.50,2.858340E+07,34437.77
1737556519,414915.02,3.249066E+08,386792.82,36885.00,2.895225E+07,34466.90
1737556529,411629.90,3.290228E+08,387085.02,36667.49,2.931892E+07,34492.79
1737556539,390007.55,3.329229E+08,387119.01,34860.00,2.966752E+07,34497.06
1737556549,357187.44,3.364948E+08,386774.97,31889.99,2.998642E+07,34467.10
1737556559,429320.13,3.407880E+08,387258.43,38227.51,3.036870E+07,34509.83
1737556569,403880.00,3.448268E+08,387445.19,35992.50,3.072862E+07,34526.49
1737556579,424577.43,3.490726E+08,387857.77,37739.99,3.110602E+07,34562.19
1737556589,185157.42,3.509242E+08,385630.30,16462.49,3.127065E+07,34363.30
1737556599,411555.28,3.550397E+08,385912.09,36660.03,3.163725E+07,34388.26
1737556609,407782.42,3.591175E+08,386147.26,36502.49,3.200228E+07,34410.99
1737556619,424682.54,3.633644E+08,386557.20,37680.00,3.237908E+07,34445.77
1737556629,412747.48,3.674918E+08,386832.89,36810.00,3.274718E+07,34470.66
1737556639,417655.04,3.716684E+08,387153.96,37245.00,3.311962E+07,34499.56
1737556649,357057.44,3.752390E+08,386843.68,31754.99,3.343718E+07,34471.26
1737556659,429875.10,3.795377E+08,387282.78,38377.51,3.382095E+07,34511.12
1737556669,397984.99,3.835176E+08,387390.88,35550.00,3.417645E+07,34521.61
1737556679,436844.98,3.878860E+08,387885.42,38932.50,3.456578E+07,34565.72
1737556689,357522.49,3.914612E+08,387584.80,31770.00,3.488348E+07,34538.04
1737556699,417257.49,3.956338E+08,387875.71,37245.00,3.525592E+07,34564.58
1737556709,425139.84,3.998852E+08,388237.49,37747.49,3.563340E+07,34595.48
1737556719,416920.04,4.040544E+08,388513.29,37290.00,3.600630E+07,34621.39
1737556729,422717.60,4.082816E+08,388839.04,37537.51,3.638168E+07,34649.16
1737556739,340574.99,4.116873E+08,388383.72,30360.00,3.668528E+07,34608.70
1737556749,432667.55,4.160140E+08,388797.59,38670.00,3.707198E+07,34646.66
1737556759,421052.49,4.202245E+08,389096.24,37470.00,3.744668E+07,34672.80
1737556769,398522.49,4.242098E+08,389182.72,35437.50,3.780105E+07,34679.81
1737556779,423665.07,4.284464E+08,389496.20,37905.01,3.818010E+07,34709.13
1737556789,343109.91,4.318775E+08,389078.30,30404.99,3.848415E+07,34670.36
1737556799,437932.57,4.362568E+08,389514.50,39082.51,3.887498E+07,34709.75
1737556809,411397.40,4.403708E+08,389708.16,36622.49,3.924120E+07,34726.68
1737556819,412132.58,4.444921E+08,389904.86,36727.51,3.960848E+07,34744.23
1737556829,413639.96,4.486285E+08,390111.25,36945.00,3.997792E+07,34763.37
1737556839,315757.51,4.517861E+08,389470.27,28155.00,4.025948E+07,34706.40
1737556849,421369.97,4.559998E+08,389742.92,37575.00,4.063522E+07,34730.92
1737556859,417809.79,4.601779E+08,389980.78,37162.48,4.100685E+07,34751.52
1737556869,424422.64,4.644221E+08,390270.20,37822.51,4.138508E+07,34777.33
1737556879,229000.08,4.667121E+08,388926.29,20340.01,4.158848E+07,34657.02
1737556889,421217.49,4.709243E+08,389193.16,37597.50,4.196445E+07,34681.32
1737556899,419837.51,4.751227E+08,389444.34,37387.50,4.233832E+07,34703.50
1737556909,219752.43,4.773202E+08,388064.73,19649.99,4.253482E+07,34581.12
1737556919,373660.15,4.810568E+08,387948.57,33307.51,4.286790E+07,34570.85
1737556929,418794.85,4.852448E+08,388195.34,37334.99,4.324125E+07,34592.96
1737556939,420107.63,4.894458E+08,388448.61,37432.51,4.361558E+07,34615.49
1737556949,434487.49,4.937907E+08,388811.12,38647.50,4.400205E+07,34647.24
1737556959,340929.98,4.972000E+08,388437.05,30435.00,4.430640E+07,34614.33
1737556969,422387.48,5.014239E+08,388700.23,37612.50,4.468252E+07,34637.58
1737556979,448862.47,5.059125E+08,389163.01,39982.50,4.508235E+07,34678.69
1737556989,421429.96,5.101268E+08,389409.33,37590.00,4.545825E+07,34700.91
1737556999,364316.94,5.137700E+08,389219.23,32497.23,4.578322E+07,34684.22
1737557009,401510.89,5.177851E+08,389311.65,35670.30,4.613992E+07,34691.63
1737557019,419845.09,5.219835E+08,389539.51,37395.01,4.651388E+07,34711.81
1737557029,414107.30,5.261246E+08,389721.49,36989.98,4.688378E+07,34728.68
1737557039,425035.17,5.303750E+08,389981.15,37740.01,4.726118E+07,34750.83
1737557049,354597.45,5.339209E+08,389722.88,31635.00,4.757752E+07,34728.08
1737557059,408487.50,5.380058E+08,389858.85,36510.00,4.794262E+07,34740.99
1737557069,421179.94,5.422176E+08,390084.18,37537.49,4.831800E+07,34761.11
1737557079,430895.15,5.465266E+08,390375.69,38265.01,4.870065E+07,34786.14
1737557089,422334.94,5.507499E+08,390602.35,37664.99,4.907730E+07,34806.56
1737557099,357569.90,5.543256E+08,390369.73,31949.99,4.939680E+07,34786.44
1737557109,411765.07,5.584432E+08,390519.35,36682.51,4.976362E+07,34799.70
1737557119,331857.58,5.617618E+08,390111.97,29595.01,5.005958E+07,34763.56
1737557129,312912.40,5.648910E+08,389579.56,27787.49,5.033745E+07,34715.45
1737557139,290092.27,5.677919E+08,388898.14,25807.48,5.059552E+07,34654.43
1737557149,268372.70,5.704756E+08,388078.24,24007.52,5.083560E+07,34582.01
1737557159,289830.11,5.733739E+08,387414.41,25770.01,5.109330E+07,34522.47
1737557169,363749.94,5.770114E+08,387255.58,32422.49,5.141752E+07,34508.37
1737557179,404465.01,5.810560E+08,387370.31,36075.00,5.177828E+07,34518.82

Summary:
loaded 581760000 metrics in 1503.147sec with 10 workers (mean rate 387028.01 metrics/sec)
loaded 51840000 rows in 1503.147sec with 10 workers (mean rate 34487.64 rows/sec)
Run complete after 691200 queries with 10 workers (Overall query rate 459.84 queries/sec):
          :
min:     0.91ms, med:    13.31ms, mean:    14.39ms, max: 3047.81ms, stddev:    24.18ms, sum: 9948.4sec, count: 691200
all queries:
min:     0.91ms, med:    13.31ms, mean:    14.39ms, max: 3047.81ms, stddev:    24.18ms, sum: 9948.4sec, count: 691200
Saving Response Latencies to /home/benchUser/results/latenciesInserts_other.csv
