After 500 queries with 10 workers:
Interval query rate: 3.07 queries/sec	Overall query rate: 3.07 queries/sec
VictoriaMetrics mean of 10 metrics, all hosts, random 12h0m0s by 1h:
min:   688.54ms, med:  3269.63ms, mean:  3236.45ms, max: 3891.97ms, stddev:   273.25ms, sum: 1618.2sec, count: 500
all queries                                                        :
min:   688.54ms, med:  3269.63ms, mean:  3236.45ms, max: 3891.97ms, stddev:   273.25ms, sum: 1618.2sec, count: 500

After 1000 queries with 10 workers:
Interval query rate: 3.09 queries/sec	Overall query rate: 3.08 queries/sec
VictoriaMetrics mean of 10 metrics, all hosts, random 12h0m0s by 1h:
min:   688.54ms, med:  3246.97ms, mean:  3235.58ms, max: 3963.90ms, stddev:   233.20ms, sum: 3235.6sec, count: 1000
all queries                                                        :
min:   688.54ms, med:  3246.97ms, mean:  3235.58ms, max: 3963.90ms, stddev:   233.20ms, sum: 3235.6sec, count: 1000

After 1500 queries with 10 workers:
Interval query rate: 3.11 queries/sec	Overall query rate: 3.09 queries/sec
VictoriaMetrics mean of 10 metrics, all hosts, random 12h0m0s by 1h:
min:   688.54ms, med:  3240.45ms, mean:  3225.92ms, max: 3963.90ms, stddev:   226.48ms, sum: 4838.9sec, count: 1500
all queries                                                        :
min:   688.54ms, med:  3240.45ms, mean:  3225.92ms, max: 3963.90ms, stddev:   226.48ms, sum: 4838.9sec, count: 1500

After 2000 queries with 10 workers:
Interval query rate: 3.10 queries/sec	Overall query rate: 3.09 queries/sec
VictoriaMetrics mean of 10 metrics, all hosts, random 12h0m0s by 1h:
min:   688.54ms, med:  3239.55ms, mean:  3227.23ms, max: 3963.90ms, stddev:   219.33ms, sum: 6454.5sec, count: 2000
all queries                                                        :
min:   688.54ms, med:  3239.55ms, mean:  3227.23ms, max: 3963.90ms, stddev:   219.33ms, sum: 6454.5sec, count: 2000

After 2500 queries with 10 workers:
Interval query rate: 3.08 queries/sec	Overall query rate: 3.09 queries/sec
VictoriaMetrics mean of 10 metrics, all hosts, random 12h0m0s by 1h:
min:   688.54ms, med:  3241.47ms, mean:  3231.29ms, max: 3963.90ms, stddev:   210.26ms, sum: 8078.2sec, count: 2500
all queries                                                        :
min:   688.54ms, med:  3241.47ms, mean:  3231.29ms, max: 3963.90ms, stddev:   210.26ms, sum: 8078.2sec, count: 2500

After 3000 queries with 10 workers:
Interval query rate: 3.09 queries/sec	Overall query rate: 3.09 queries/sec
VictoriaMetrics mean of 10 metrics, all hosts, random 12h0m0s by 1h:
min:   688.54ms, med:  3241.60ms, mean:  3231.15ms, max: 4031.10ms, stddev:   209.50ms, sum: 9693.4sec, count: 3000
all queries                                                        :
min:   688.54ms, med:  3241.60ms, mean:  3231.15ms, max: 4031.10ms, stddev:   209.50ms, sum: 9693.4sec, count: 3000

After 3500 queries with 10 workers:
Interval query rate: 3.08 queries/sec	Overall query rate: 3.09 queries/sec
VictoriaMetrics mean of 10 metrics, all hosts, random 12h0m0s by 1h:
min:   688.54ms, med:  3243.26ms, mean:  3233.34ms, max: 4031.10ms, stddev:   207.48ms, sum: 11316.7sec, count: 3500
all queries                                                        :
min:   688.54ms, med:  3243.26ms, mean:  3233.34ms, max: 4031.10ms, stddev:   207.48ms, sum: 11316.7sec, count: 3500

After 4000 queries with 10 workers:
Interval query rate: 3.07 queries/sec	Overall query rate: 3.09 queries/sec
VictoriaMetrics mean of 10 metrics, all hosts, random 12h0m0s by 1h:
min:   688.54ms, med:  3245.05ms, mean:  3235.66ms, max: 4031.10ms, stddev:   203.49ms, sum: 12942.6sec, count: 4000
all queries                                                        :
min:   688.54ms, med:  3245.05ms, mean:  3235.66ms, max: 4031.10ms, stddev:   203.49ms, sum: 12942.6sec, count: 4000

After 4500 queries with 10 workers:
Interval query rate: 3.12 queries/sec	Overall query rate: 3.09 queries/sec
VictoriaMetrics mean of 10 metrics, all hosts, random 12h0m0s by 1h:
min:   688.54ms, med:  3239.42ms, mean:  3232.48ms, max: 4031.10ms, stddev:   201.34ms, sum: 14546.2sec, count: 4500
all queries                                                        :
min:   688.54ms, med:  3239.42ms, mean:  3232.48ms, max: 4031.10ms, stddev:   201.34ms, sum: 14546.2sec, count: 4500

After 5000 queries with 10 workers:
Interval query rate: 3.07 queries/sec	Overall query rate: 3.09 queries/sec
VictoriaMetrics mean of 10 metrics, all hosts, random 12h0m0s by 1h:
min:   688.54ms, med:  3238.91ms, mean:  3235.05ms, max: 4067.71ms, stddev:   202.72ms, sum: 16175.3sec, count: 5000
all queries                                                        :
min:   688.54ms, med:  3238.91ms, mean:  3235.05ms, max: 4067.71ms, stddev:   202.72ms, sum: 16175.3sec, count: 5000

After 5500 queries with 10 workers:
Interval query rate: 3.11 queries/sec	Overall query rate: 3.09 queries/sec
VictoriaMetrics mean of 10 metrics, all hosts, random 12h0m0s by 1h:
min:   688.54ms, med:  3239.17ms, mean:  3233.94ms, max: 4067.71ms, stddev:   201.83ms, sum: 17786.7sec, count: 5500
all queries                                                        :
min:   688.54ms, med:  3239.17ms, mean:  3233.94ms, max: 4067.71ms, stddev:   201.83ms, sum: 17786.7sec, count: 5500

After 6000 queries with 10 workers:
Interval query rate: 3.11 queries/sec	Overall query rate: 3.09 queries/sec
VictoriaMetrics mean of 10 metrics, all hosts, random 12h0m0s by 1h:
min:   688.54ms, med:  3237.38ms, mean:  3232.01ms, max: 4067.71ms, stddev:   200.97ms, sum: 19392.1sec, count: 6000
all queries                                                        :
min:   688.54ms, med:  3237.38ms, mean:  3232.01ms, max: 4067.71ms, stddev:   200.97ms, sum: 19392.1sec, count: 6000

After 6500 queries with 10 workers:
Interval query rate: 3.06 queries/sec	Overall query rate: 3.09 queries/sec
VictoriaMetrics mean of 10 metrics, all hosts, random 12h0m0s by 1h:
min:   688.54ms, med:  3239.42ms, mean:  3233.94ms, max: 4067.71ms, stddev:   199.56ms, sum: 21020.6sec, count: 6500
all queries                                                        :
min:   688.54ms, med:  3239.42ms, mean:  3233.94ms, max: 4067.71ms, stddev:   199.56ms, sum: 21020.6sec, count: 6500

After 7000 queries with 10 workers:
Interval query rate: 3.08 queries/sec	Overall query rate: 3.09 queries/sec
VictoriaMetrics mean of 10 metrics, all hosts, random 12h0m0s by 1h:
min:   688.54ms, med:  3240.45ms, mean:  3235.75ms, max: 4220.41ms, stddev:   200.03ms, sum: 22650.2sec, count: 7000
all queries                                                        :
min:   688.54ms, med:  3240.45ms, mean:  3235.75ms, max: 4220.41ms, stddev:   200.03ms, sum: 22650.2sec, count: 7000

After 7500 queries with 10 workers:
Interval query rate: 3.09 queries/sec	Overall query rate: 3.09 queries/sec
VictoriaMetrics mean of 10 metrics, all hosts, random 12h0m0s by 1h:
min:   688.54ms, med:  3239.81ms, mean:  3235.57ms, max: 4220.41ms, stddev:   198.84ms, sum: 24266.8sec, count: 7500
all queries                                                        :
min:   688.54ms, med:  3239.81ms, mean:  3235.57ms, max: 4220.41ms, stddev:   198.84ms, sum: 24266.8sec, count: 7500

After 8000 queries with 10 workers:
Interval query rate: 3.10 queries/sec	Overall query rate: 3.09 queries/sec
VictoriaMetrics mean of 10 metrics, all hosts, random 12h0m0s by 1h:
min:   688.54ms, med:  3239.55ms, mean:  3234.83ms, max: 4220.41ms, stddev:   198.44ms, sum: 25878.6sec, count: 8000
all queries                                                        :
min:   688.54ms, med:  3239.55ms, mean:  3234.83ms, max: 4220.41ms, stddev:   198.44ms, sum: 25878.6sec, count: 8000

After 8500 queries with 10 workers:
Interval query rate: 3.11 queries/sec	Overall query rate: 3.09 queries/sec
VictoriaMetrics mean of 10 metrics, all hosts, random 12h0m0s by 1h:
min:   688.54ms, med:  3238.66ms, mean:  3233.90ms, max: 4220.41ms, stddev:   198.22ms, sum: 27488.1sec, count: 8500
all queries                                                        :
min:   688.54ms, med:  3238.66ms, mean:  3233.90ms, max: 4220.41ms, stddev:   198.22ms, sum: 27488.1sec, count: 8500

Run complete after 8640 queries with 10 workers (Overall query rate 3.09 queries/sec):
VictoriaMetrics mean of 10 metrics, all hosts, random 12h0m0s by 1h:
min:   688.54ms, med:  3239.17ms, mean:  3234.25ms, max: 4220.41ms, stddev:   197.69ms, sum: 27943.9sec, count: 8640
all queries                                                        :
min:   688.54ms, med:  3239.17ms, mean:  3234.25ms, max: 4220.41ms, stddev:   197.69ms, sum: 27943.9sec, count: 8640
Saving Response Latencies to /home/benchUser/results/latenciesQueries_other.csv
wall clock time: 2795.853065sec
