time,per. metric/s,metric total,overall metric/s,per. row/s,row total,overall row/s
1738487761,251641.96,2.516650E+06,251641.96,22452.94,2.245500E+05,22452.94
1738487771,470012.60,7.216775E+06,360822.27,41962.51,6.441750E+05,32207.28
1738487781,437102.48,1.158780E+07,386248.24,38970.00,1.033875E+06,34461.45
1738487791,456904.90,1.615685E+07,403912.00,40612.49,1.440000E+06,35999.18
1738487801,447475.12,2.063160E+07,412624.46,39960.01,1.839600E+06,36791.33
1738487811,459194.99,2.522355E+07,420386.10,40845.00,2.248050E+06,37466.93
1738487821,446764.83,2.969120E+07,424154.44,39914.99,2.647200E+06,37816.65
1738487831,420160.15,3.389280E+07,423655.16,37440.01,3.021600E+06,37769.57
1738487841,428239.96,3.817520E+07,424164.58,38160.00,3.403200E+06,37812.95
1738487851,485400.00,4.302920E+07,430288.06,43282.50,3.836025E+06,38359.90
1738487861,449042.55,4.751962E+07,431993.00,39855.00,4.234575E+06,38495.82
1738487871,453702.44,5.205665E+07,433802.11,40499.99,4.639575E+06,38662.83
1738487881,417857.53,5.623522E+07,432575.61,37162.50,5.011200E+06,38547.42
1738487891,448632.35,6.072155E+07,433722.52,40124.99,5.412450E+06,38660.10
1738487901,461085.14,6.533240E+07,435546.68,41092.51,5.823375E+06,38822.26
1738487911,435742.53,6.968982E+07,435558.92,38820.00,6.211575E+06,38822.12
1738487921,485857.52,7.454840E+07,438517.64,43290.00,6.644475E+06,39084.94
1738487931,449004.93,7.903845E+07,439100.27,39907.49,7.043550E+06,39130.63
1738487941,445164.98,8.349010E+07,439419.46,39720.00,7.440750E+06,39161.65
1738487951,467402.58,8.816412E+07,440818.61,41572.51,7.856475E+06,39282.20
1738487961,438647.44,9.255060E+07,440715.22,39194.99,8.248425E+06,39278.04
1738487971,376449.98,9.631510E+07,437794.09,33412.50,8.582550E+06,39011.43
1738487981,308704.98,9.940215E+07,432181.54,27570.00,8.858250E+06,38513.98
1738487991,273880.00,1.021410E+08,425585.67,24360.00,9.101850E+06,37924.23
1738488001,244117.50,1.045821E+08,418326.97,21847.50,9.320325E+06,37281.16
1738488011,355520.02,1.081373E+08,415911.32,31680.00,9.637125E+06,37065.73
1738488021,386857.55,1.120059E+08,414835.26,34417.50,9.981300E+06,36967.65
1738488031,424010.04,1.162460E+08,415162.93,37867.50,1.035998E+07,36999.79
1738488041,221864.97,1.184646E+08,408497.50,19657.50,1.055655E+07,36401.78
1738488051,399575.04,1.224604E+08,408200.09,35737.50,1.091392E+07,36379.64
1738488061,402972.49,1.264901E+08,408031.46,35895.00,1.127288E+07,36364.01
1738488071,426437.44,1.307545E+08,408606.64,37927.49,1.165215E+07,36412.86
1738488081,380172.56,1.345562E+08,407745.01,33907.51,1.199122E+07,36336.94
1738488091,418337.40,1.387396E+08,408056.55,37177.49,1.236300E+07,36361.67
1738488101,400399.80,1.427436E+08,407837.78,35827.48,1.272128E+07,36346.40
1738488111,421067.77,1.469543E+08,408205.28,37485.02,1.309612E+07,36378.03
1738488121,410114.88,1.510554E+08,408256.89,36584.99,1.346198E+07,36383.63
1738488131,377657.59,1.548320E+08,407451.65,33562.51,1.379760E+07,36309.39
1738488141,406365.03,1.588956E+08,407423.79,36315.00,1.416075E+07,36309.53
1738488151,411817.28,1.630138E+08,407533.63,36682.48,1.452758E+07,36318.85
1738488161,402400.12,1.670378E+08,407408.42,35805.01,1.488562E+07,36306.32
1738488171,398697.55,1.710248E+08,407201.02,35572.50,1.524135E+07,36288.85
1738488181,392377.55,1.749486E+08,406856.29,34867.50,1.559002E+07,36255.80
1738488191,409957.52,1.790482E+08,406926.77,36502.50,1.595505E+07,36261.40
1738488201,399347.29,1.830416E+08,406758.34,35677.48,1.631182E+07,36248.43
1738488211,414437.70,1.871860E+08,406925.28,36960.02,1.668142E+07,36263.90
1738488221,432394.97,1.915100E+08,407467.19,38422.50,1.706565E+07,36309.82
1738488231,393130.02,1.954412E+08,407168.50,35070.00,1.741635E+07,36283.99
1738488241,424382.44,1.996851E+08,407519.80,37852.49,1.779488E+07,36316.00
1738488251,436712.46,2.040522E+08,408103.65,38925.00,1.818412E+07,36368.18
1738488261,345982.60,2.075120E+08,406885.59,30765.01,1.849178E+07,36258.32
1738488271,345212.47,2.109642E+08,405699.58,30727.50,1.879905E+07,36151.96
1738488281,408749.89,2.150516E+08,405757.13,36569.99,1.916475E+07,36159.84
1738488291,411607.55,2.191677E+08,405865.47,36652.50,1.953128E+07,36168.97
1738488301,417742.49,2.233452E+08,406081.41,37117.50,1.990245E+07,36186.21
1738488311,429739.86,2.276426E+08,406503.89,38369.99,2.028615E+07,36225.21
1738488321,376400.20,2.314066E+08,405975.75,33450.02,2.062065E+07,36176.52
1738488331,300819.78,2.344148E+08,404162.72,26819.98,2.088885E+07,36015.20
1738488341,405365.33,2.384684E+08,404183.10,36195.03,2.125080E+07,36018.25
1738488351,410557.45,2.425740E+08,404289.34,36502.50,2.161582E+07,36026.32
1738488361,418457.42,2.467586E+08,404521.61,37282.49,2.198865E+07,36046.91
1738488371,372962.57,2.504882E+08,404012.59,33217.51,2.232082E+07,36001.28
1738488381,390992.47,2.543981E+08,403805.92,34987.50,2.267070E+07,35985.19
1738488391,397150.04,2.583696E+08,403701.92,35385.00,2.302455E+07,35975.81
1738488401,409302.46,2.624626E+08,403788.09,36427.50,2.338882E+07,35982.76
1738488411,380737.53,2.662700E+08,403438.84,33952.50,2.372835E+07,35952.00
1738488421,427735.01,2.705474E+08,403801.46,38100.00,2.410935E+07,35984.06
1738488431,411464.97,2.746620E+08,403914.16,36645.00,2.447580E+07,35993.78
1738488441,418959.89,2.788516E+08,404132.22,37259.99,2.484840E+07,36012.13
1738488451,399560.08,2.828472E+08,404066.90,35745.01,2.520585E+07,36008.31
1738488461,424652.49,2.870937E+08,404356.84,37702.50,2.558288E+07,36032.17
1738488471,359107.53,2.906848E+08,403728.38,32137.50,2.590425E+07,35978.08
1738488481,424757.51,2.949324E+08,404016.45,37717.50,2.628142E+07,36001.91
1738488491,414602.53,2.990784E+08,404159.50,37057.50,2.665200E+07,36016.17
1738488501,401897.46,3.030974E+08,404129.34,35722.50,2.700922E+07,36012.26
1738488511,413047.41,3.072278E+08,404246.68,36862.49,2.737785E+07,36023.44
1738488521,352662.63,3.107545E+08,403576.76,31327.51,2.769112E+07,35962.46
1738488531,422627.49,3.149808E+08,403821.00,37740.00,2.806852E+07,35985.25
1738488541,397655.00,3.189573E+08,403742.95,35497.50,2.842350E+07,35979.07
1738488551,428502.42,3.232423E+08,404052.44,38197.49,2.880548E+07,36006.80
1738488561,428487.57,3.275272E+08,404354.11,38182.51,2.918730E+07,36033.66
1738488571,402740.01,3.315546E+08,404334.43,35842.50,2.954572E+07,36031.33
1738488581,442575.01,3.359804E+08,404795.16,39352.50,2.993925E+07,36071.35
1738488591,402139.99,3.400018E+08,404763.55,35820.00,3.029745E+07,36068.35
1738488601,400669.89,3.440084E+08,404715.39,35849.99,3.065595E+07,36065.78
1738488611,278589.97,3.467944E+08,403248.81,24652.50,3.090248E+07,35933.07
1738488621,233082.42,3.491252E+08,401292.88,20834.99,3.111082E+07,35759.53
1738488631,228482.62,3.514100E+08,399329.13,20317.51,3.131400E+07,35584.05
1738488641,255387.54,3.539639E+08,397711.81,22852.50,3.154252E+07,35441.00
1738488651,250944.96,3.564733E+08,396081.07,22335.00,3.176588E+07,35295.38
1738488661,351167.50,3.599850E+08,395587.51,31282.50,3.207870E+07,35251.28
1738488671,382739.97,3.638124E+08,395447.87,34177.50,3.242048E+07,35239.61
1738488681,415680.11,3.679692E+08,395665.42,36892.51,3.278940E+07,35257.38
1738488691,414104.88,3.721102E+08,395861.58,37004.99,3.315945E+07,35275.98
1738488701,316412.49,3.752744E+08,395025.28,28237.50,3.344182E+07,35201.89
1738488711,360552.65,3.788799E+08,394666.19,31987.51,3.376170E+07,35168.40
1738488721,414104.94,3.830210E+08,394866.59,37004.99,3.413175E+07,35187.34
1738488731,440807.41,3.874290E+08,395335.37,39202.49,3.452378E+07,35228.31
1738488741,395222.57,3.913812E+08,395334.23,35257.51,3.487635E+07,35228.60
1738488751,423880.01,3.956200E+08,395619.69,37792.50,3.525428E+07,35254.24
1738488761,372047.48,3.993405E+08,395386.30,33165.00,3.558592E+07,35233.56
1738488771,409462.54,4.034352E+08,395524.30,36375.00,3.594968E+07,35244.75
1738488781,426770.01,4.077028E+08,395827.66,38107.50,3.633075E+07,35272.54
1738488791,414817.50,4.118510E+08,396010.25,36922.50,3.669998E+07,35288.41
1738488801,391217.48,4.157632E+08,395964.61,34987.50,3.704985E+07,35285.54
1738488811,428360.04,4.200468E+08,396270.22,38167.50,3.743152E+07,35312.73
1738488821,450062.47,4.245474E+08,396772.96,40050.00,3.783202E+07,35357.00
1738488831,423724.99,4.287847E+08,397022.51,37770.00,3.820972E+07,35379.35
1738488841,438022.49,4.331649E+08,397398.66,38940.00,3.859912E+07,35412.01
1738488851,399470.02,4.371596E+08,397417.49,35692.50,3.895605E+07,35414.56
1738488861,426265.04,4.414222E+08,397677.38,37890.00,3.933495E+07,35436.86
1738488871,428764.65,4.457099E+08,397954.94,38234.97,3.971730E+07,35461.85
1738488881,428292.78,4.499928E+08,398223.42,38167.53,4.009898E+07,35485.79
1738488891,427714.95,4.542700E+08,398482.11,38085.00,4.047982E+07,35508.59
1738488901,415202.54,4.584220E+08,398627.51,37140.00,4.085122E+07,35522.78
1738488911,369809.78,4.621201E+08,398379.08,32887.48,4.118010E+07,35500.06
1738488921,334222.59,4.654623E+08,397830.73,29812.51,4.147822E+07,35451.45
1738488931,379767.65,4.692600E+08,397677.66,33847.51,4.181670E+07,35437.85
1738488941,431855.03,4.735786E+08,397964.86,38355.00,4.220025E+07,35462.37
1738488951,419784.54,4.777764E+08,398146.69,37394.96,4.257420E+07,35478.47
1738488961,410317.92,4.818796E+08,398247.28,36622.54,4.294042E+07,35487.93
1738488971,438232.53,4.862619E+08,398575.03,38992.50,4.333035E+07,35516.65
1738488981,439270.02,4.906546E+08,398905.88,39277.50,4.372312E+07,35547.23
1738488991,427434.92,4.949290E+08,399135.96,38062.49,4.410375E+07,35567.51
1738489001,436320.03,4.992922E+08,399433.43,38880.00,4.449255E+07,35594.01
1738489011,426739.96,5.035596E+08,399650.15,37950.00,4.487205E+07,35612.71
1738489021,416440.04,5.077240E+08,399782.35,37200.00,4.524405E+07,35625.21
1738489031,433844.99,5.120624E+08,400048.46,38655.00,4.563060E+07,35648.88
1738489041,456815.03,5.166306E+08,400488.51,40605.00,4.603665E+07,35687.30
1738489051,431262.48,5.209432E+08,400725.24,38512.50,4.642178E+07,35709.03
1738489061,427962.53,5.252228E+08,400933.16,38122.50,4.680300E+07,35727.46
1738489071,381059.89,5.290334E+08,400782.60,33997.49,4.714298E+07,35714.35
1738489081,433190.07,5.333653E+08,401026.27,38467.51,4.752765E+07,35735.05
1738489091,427789.92,5.376432E+08,401225.99,38114.99,4.790880E+07,35752.81
1738489101,428989.99,5.419331E+08,401431.65,38235.00,4.829115E+07,35771.20
1738489111,437017.63,5.463033E+08,401693.31,38977.51,4.868092E+07,35794.77
1738489121,425164.93,5.505549E+08,401864.64,37934.99,4.906028E+07,35810.40
1738489131,406602.28,5.546210E+08,401898.97,36157.48,4.942185E+07,35812.91
1738489141,442030.24,5.590412E+08,402187.68,39450.02,4.981635E+07,35839.08
1738489151,280137.50,5.618426E+08,401315.90,25042.50,5.006678E+07,35761.96
1738489161,443957.49,5.662822E+08,401618.32,39540.00,5.046218E+07,35788.75
1738489171,449980.09,5.707820E+08,401958.90,39982.51,5.086200E+07,35818.29
1738489181,443469.99,5.752167E+08,402249.18,39495.00,5.125695E+07,35844.00
1738489191,446672.45,5.796834E+08,402557.68,39907.50,5.165602E+07,35872.22

Summary:
loaded 581760000 metrics in 1444.515sec with 10 workers (mean rate 402737.31 metrics/sec)
loaded 51840000 rows in 1444.515sec with 10 workers (mean rate 35887.48 rows/sec)
Run complete after 691200 queries with 10 workers (Overall query rate 478.50 queries/sec):
          :
min:     0.84ms, med:     2.52ms, mean:    10.13ms, max: 2727.30ms, stddev:    18.84ms, sum: 7000.4sec, count: 691200
all queries:
min:     0.84ms, med:     2.52ms, mean:    10.13ms, max: 2727.30ms, stddev:    18.84ms, sum: 7000.4sec, count: 691200
Saving Response Latencies to /home/benchUser/results/latenciesInserts_other.csv
