time,per. metric/s,metric total,overall metric/s,per. row/s,row total,overall row/s
1738645769,222122.17,2.221300E+06,222122.17,19949.30,1.995000E+05,19949.30
1738645779,437909.99,6.600400E+06,330014.18,39007.50,5.895750E+05,29478.23
1738645789,449290.03,1.109330E+07,369772.33,39997.50,9.895500E+05,32984.61
1738645799,436844.98,1.546175E+07,386540.34,38940.00,1.378950E+06,34473.45
1738645809,437447.45,1.983622E+07,396721.69,39022.50,1.769175E+06,35383.25
1738645819,441825.08,2.425448E+07,404238.88,39255.01,2.161725E+06,36028.54
1738645829,347072.46,2.772520E+07,396072.29,30907.50,2.470800E+06,35296.96
1738645839,439840.01,3.212360E+07,401543.23,39337.50,2.864175E+06,35802.03
1738645849,435742.51,3.648102E+07,405343.13,38820.00,3.252375E+06,36137.36
1738645859,441930.03,4.090032E+07,409001.81,39270.00,3.645075E+06,36450.62
1738645869,380307.50,4.470340E+07,406393.24,33922.50,3.984300E+06,36220.79
1738645879,467724.94,4.938065E+07,411504.20,41624.99,4.400550E+06,36671.14
1738645889,444032.39,5.382098E+07,414006.37,39547.49,4.796025E+06,36892.40
1738645899,437265.04,5.819362E+07,415667.70,39015.00,5.186175E+06,37044.01
1738645909,446037.59,6.265400E+07,417692.35,39817.51,5.584350E+06,37228.91
1738645919,435155.06,6.700555E+07,418783.77,38737.51,5.971725E+06,37323.20
1738645929,356179.91,7.056735E+07,415101.19,31762.49,6.289350E+06,36996.10
1738645939,449120.06,7.505855E+07,416991.13,39930.01,6.688650E+06,37159.09
1738645949,446575.01,7.952430E+07,418548.17,39825.00,7.086900E+06,37299.40
1738645959,420460.02,8.372890E+07,418643.76,37485.00,7.461750E+06,37308.68
1738645969,428652.47,8.801542E+07,419120.37,38227.50,7.844025E+06,37352.44
1738645979,378012.48,9.179555E+07,417251.83,33585.00,8.179875E+06,37181.19
1738645989,420775.04,9.600330E+07,417405.01,37522.50,8.555100E+06,37196.03
1738645999,396182.46,9.996512E+07,416520.74,35317.50,8.908275E+06,37117.76
1738646009,360884.99,1.035740E+08,414295.31,32175.00,9.230025E+06,36920.05
1738646019,331280.01,1.068868E+08,411102.42,29520.00,9.525225E+06,36635.43
1738646029,296222.52,1.098490E+08,406847.62,26497.50,9.790200E+06,36259.95
1738646039,296174.95,1.128108E+08,402895.03,26265.00,1.005285E+07,35902.99
1738646049,357027.51,1.163810E+08,401313.39,31890.00,1.037175E+07,35764.61
1738646059,314640.02,1.195274E+08,398424.28,28027.50,1.065202E+07,35506.71
1738646069,451557.43,1.240430E+08,400138.25,40177.49,1.105380E+07,35657.38
1738646079,382335.03,1.278664E+08,399581.90,34185.00,1.139565E+07,35611.37
1738646089,419182.61,1.320582E+08,400175.86,37312.51,1.176878E+07,35662.92
1738646099,416829.97,1.362265E+08,400665.69,37035.00,1.213912E+07,35703.27
1738646109,381439.95,1.400409E+08,400116.38,34020.00,1.247932E+07,35655.18
1738646119,412732.51,1.441682E+08,400466.83,36817.50,1.284750E+07,35687.46
1738646129,373039.96,1.478986E+08,399725.56,33292.50,1.318042E+07,35622.74
1738646139,417832.52,1.520769E+08,400202.06,37125.00,1.355168E+07,35662.27
1738646149,404734.97,1.561243E+08,400318.29,36105.00,1.391272E+07,35673.62
1738646159,442982.39,1.605541E+08,401384.89,39412.49,1.430685E+07,35767.09
1738646169,405455.14,1.646086E+08,401484.17,36195.01,1.466880E+07,35777.53
1738646179,445052.56,1.690592E+08,402521.51,39697.51,1.506578E+07,35870.86
1738646189,356932.40,1.726285E+08,401461.30,31852.49,1.538430E+07,35777.41
1738646199,420107.59,1.768296E+08,401885.08,37432.51,1.575862E+07,35815.03
1738646209,258822.47,1.794178E+08,398705.91,23077.50,1.598940E+07,35531.97
1738646219,335929.94,1.827771E+08,397341.21,29774.99,1.628715E+07,35406.82
1738646229,445360.11,1.872307E+08,398362.89,39735.01,1.668450E+07,35498.91
1738646239,435060.04,1.915813E+08,399127.42,38715.00,1.707165E+07,35565.91
1738646249,391412.49,1.954954E+08,398969.97,35032.50,1.742198E+07,35555.03
1738646259,440977.47,1.999052E+08,399810.12,39142.50,1.781340E+07,35626.77
1738646269,436537.41,2.042706E+08,400530.26,38902.49,1.820242E+07,35691.00
1738646279,421900.14,2.084896E+08,400941.22,37687.51,1.857930E+07,35729.40
1738646289,435952.44,2.128491E+08,401601.81,38834.99,1.896765E+07,35787.99
1738646299,402680.00,2.168759E+08,401621.77,35805.00,1.932570E+07,35788.31
1738646309,430062.59,2.211765E+08,402138.88,38422.51,1.970992E+07,35836.20
1738646319,428240.00,2.254589E+08,402604.97,38160.00,2.009152E+07,35877.70
1738646329,443762.45,2.298966E+08,403327.03,39510.00,2.048662E+07,35941.43
1738646339,286417.22,2.327607E+08,401311.34,25574.98,2.074238E+07,35762.69
1738646349,387480.25,2.366355E+08,401076.92,34537.52,2.108775E+07,35741.93
1738646359,450927.72,2.411448E+08,401907.76,40185.02,2.148960E+07,35815.98
1738646369,434749.91,2.454923E+08,402446.16,38684.99,2.187645E+07,35863.01
1738646379,429270.04,2.497850E+08,402878.80,38287.50,2.225932E+07,35902.12
1738646389,434127.50,2.541263E+08,403374.81,38580.00,2.264512E+07,35944.62
1738646399,347649.99,2.576028E+08,402504.11,30990.00,2.295502E+07,35867.21
1738646409,437504.93,2.619778E+08,403042.59,39059.99,2.334562E+07,35916.33
1738646419,447297.55,2.664508E+08,403713.12,39900.00,2.374462E+07,35976.69
1738646429,443207.56,2.708829E+08,404302.59,39510.01,2.413972E+07,36029.42
1738646439,399947.50,2.748824E+08,404238.54,35475.00,2.449448E+07,36021.27
1738646449,434249.83,2.792248E+08,404673.49,38789.98,2.488238E+07,36061.39
1738646459,435435.13,2.835792E+08,405112.94,38857.51,2.527095E+07,36101.34
1738646469,427062.53,2.878498E+08,405422.09,38062.50,2.565158E+07,36128.96
1738646479,442799.96,2.922778E+08,405941.22,39405.00,2.604562E+07,36174.46
1738646489,348777.47,2.957656E+08,405158.16,31117.50,2.635680E+07,36105.19
1738646499,459357.54,3.003592E+08,405890.58,40897.50,2.676578E+07,36169.95
1738646509,436184.99,3.047210E+08,406294.51,38865.00,2.715442E+07,36205.88
1738646519,418922.56,3.089102E+08,406460.67,37252.51,2.752695E+07,36219.65
1738646529,390939.97,3.128196E+08,406259.10,34980.00,2.787675E+07,36203.55
1738646539,441772.43,3.172374E+08,406714.40,39247.49,2.826922E+07,36242.58
1738646549,468745.10,3.219248E+08,407499.60,41775.01,2.868698E+07,36312.61
1738646559,443387.50,3.263587E+08,407948.20,39457.50,2.908155E+07,36351.92
1738646569,452810.00,3.308868E+08,408502.04,40365.00,2.948520E+07,36401.47
1738646579,394682.40,3.348336E+08,408333.51,35159.99,2.983680E+07,36386.33
1738646589,433837.56,3.391720E+08,408640.79,38790.01,3.022470E+07,36415.29
1738646599,439185.04,3.435638E+08,409004.41,38992.50,3.061462E+07,36445.97
1738646609,319434.98,3.467582E+08,407950.65,28620.00,3.090082E+07,36353.90
1738646619,232689.98,3.490851E+08,405912.74,20692.50,3.110775E+07,36171.79
1738646629,315370.06,3.522388E+08,404872.02,28110.01,3.138885E+07,36079.12
1738646639,330445.00,3.555432E+08,404026.26,29422.50,3.168308E+07,36003.48
1738646649,343254.61,3.589758E+08,403343.43,30592.47,3.198900E+07,35942.68
1738646659,288735.26,3.618632E+08,402070.01,25785.02,3.224685E+07,35829.82
1738646669,312230.05,3.649854E+08,401082.76,27690.00,3.252375E+07,35740.37
1738646679,316034.99,3.681458E+08,400158.32,28215.00,3.280590E+07,35658.57
1738646689,394689.92,3.720927E+08,400099.52,35099.99,3.315690E+07,35652.57
1738646699,395273.95,3.760454E+08,400048.19,35212.41,3.350902E+07,35647.88
1738646709,413776.15,3.801832E+08,400192.69,36937.60,3.387840E+07,35661.46
1738646719,370682.54,3.838900E+08,399885.30,32977.50,3.420818E+07,35633.50
1738646729,406657.36,3.879566E+08,399955.11,36359.99,3.457178E+07,35640.99
1738646739,417450.11,3.921311E+08,400133.63,37072.51,3.494250E+07,35655.60
1738646749,400122.46,3.961323E+08,400133.52,35790.00,3.530040E+07,35656.96
1738646759,425312.59,4.003854E+08,400385.31,37837.51,3.567878E+07,35678.76
1738646769,372754.88,4.041130E+08,400111.74,33254.99,3.601132E+07,35654.76
1738646779,410254.90,4.082156E+08,400211.18,36472.49,3.637605E+07,35662.78
1738646789,419440.24,4.124100E+08,400397.87,37342.52,3.674948E+07,35679.09
1738646799,421974.96,4.166297E+08,400605.34,37702.50,3.712650E+07,35698.55
1738646809,363074.71,4.202604E+08,400247.91,32317.47,3.744968E+07,35666.34
1738646819,412125.37,4.243817E+08,400359.96,36727.53,3.781695E+07,35676.36
1738646829,444257.38,4.288243E+08,400770.22,39577.49,3.821272E+07,35712.82
1738646839,406777.55,4.328920E+08,400825.84,36345.00,3.857618E+07,35718.67
1738646849,418477.55,4.370768E+08,400987.78,37245.00,3.894862E+07,35732.67
1738646859,388037.40,4.409572E+08,400870.05,34582.49,3.929445E+07,35722.22
1738646869,427570.11,4.452329E+08,401110.59,38085.01,3.967530E+07,35743.50
1738646879,408659.92,4.493195E+08,401178.00,36359.99,4.003890E+07,35749.01
1738646889,431592.51,4.536354E+08,401447.15,38512.50,4.042402E+07,35773.46
1738646899,416447.60,4.577999E+08,401578.74,37065.01,4.079468E+07,35784.79
1738646909,418442.47,4.619843E+08,401725.38,37372.50,4.116840E+07,35798.60
1738646919,347807.46,4.654624E+08,401260.57,30990.00,4.147830E+07,35757.14
1738646929,349299.77,4.689554E+08,400816.46,31034.98,4.178865E+07,35716.78
1738646939,417520.24,4.731306E+08,400958.02,37305.02,4.216170E+07,35730.24
1738646949,489457.62,4.780252E+08,401701.71,43492.51,4.259662E+07,35795.47
1738646959,421952.37,4.822447E+08,401870.46,37687.49,4.297350E+07,35811.24
1738646969,451295.00,4.867576E+08,402278.93,40162.50,4.337512E+07,35847.20
1738646979,478334.89,4.915410E+08,402902.34,42689.99,4.380202E+07,35903.29
1738646989,441165.21,4.959526E+08,403213.42,39180.02,4.419382E+07,35929.93
1738646999,282724.93,4.987799E+08,402241.74,25192.49,4.444575E+07,35843.34
1738647009,380532.59,5.025852E+08,402068.07,33922.51,4.478498E+07,35827.97
1738647019,439682.42,5.069820E+08,402366.59,39337.49,4.517835E+07,35855.82
1738647029,480890.03,5.117910E+08,402984.89,42682.50,4.560518E+07,35909.58
1738647039,430692.54,5.160979E+08,403201.35,38490.00,4.599008E+07,35929.74
1738647049,419522.49,5.202931E+08,403327.87,37357.50,4.636365E+07,35940.80
1738647059,486069.98,5.251538E+08,403964.35,43357.50,4.679722E+07,35997.86
1738647069,459199.97,5.297458E+08,404386.00,40867.50,4.720590E+07,36035.03
1738647079,499010.08,5.347359E+08,405102.85,44385.01,4.764975E+07,36098.29
1738647089,463507.26,5.393710E+08,405541.98,41422.48,4.806398E+07,36138.32
1738647099,421422.44,5.435852E+08,405660.49,37604.99,4.844002E+07,36149.26
1738647109,508597.78,5.486712E+08,406422.99,45300.03,4.889302E+07,36217.05
1738647119,462862.53,5.532998E+08,406837.98,41197.50,4.930500E+07,36253.67
1738647129,506220.01,5.583620E+08,407563.40,45135.00,4.975635E+07,36318.49
1738647139,466109.73,5.630231E+08,407987.65,41414.98,5.017050E+07,36355.43
1738647149,438547.71,5.674086E+08,408207.50,39187.52,5.056238E+07,36375.80
1738647159,492205.07,5.723306E+08,408807.49,43845.01,5.100082E+07,36429.15
1738647169,461334.95,5.769440E+08,409180.02,41130.00,5.141212E+07,36462.49

Summary:
loaded 581760000 metrics in 1419.643sec with 10 workers (mean rate 409793.05 metrics/sec)
loaded 51840000 rows in 1419.643sec with 10 workers (mean rate 36516.21 rows/sec)
Run complete after 691200 queries with 10 workers (Overall query rate 486.88 queries/sec):
          :
min:     0.73ms, med:     4.55ms, mean:    12.34ms, max: 2872.70ms, stddev:    21.26ms, sum: 8529.0sec, count: 691200
all queries:
min:     0.73ms, med:     4.55ms, mean:    12.34ms, max: 2872.70ms, stddev:    21.26ms, sum: 8529.0sec, count: 691200
Saving Response Latencies to /home/benchUser/results/latenciesInserts_latest.csv
