After 500 queries with 10 workers:
Interval query rate: 2.40 queries/sec	Overall query rate: 2.40 queries/sec
VictoriaMetrics mean of 10 metrics, all hosts, random 12h0m0s by 1h:
min:  1141.06ms, med:  4152.06ms, mean:  4129.48ms, max: 5263.87ms, stddev:   414.62ms, sum: 2064.7sec, count: 500
all queries                                                        :
min:  1141.06ms, med:  4152.06ms, mean:  4129.48ms, max: 5263.87ms, stddev:   414.62ms, sum: 2064.7sec, count: 500

After 1000 queries with 10 workers:
Interval query rate: 2.42 queries/sec	Overall query rate: 2.41 queries/sec
VictoriaMetrics mean of 10 metrics, all hosts, random 12h0m0s by 1h:
min:  1141.06ms, med:  4151.04ms, mean:  4132.72ms, max: 5263.87ms, stddev:   384.72ms, sum: 4132.7sec, count: 1000
all queries                                                        :
min:  1141.06ms, med:  4151.04ms, mean:  4132.72ms, max: 5263.87ms, stddev:   384.72ms, sum: 4132.7sec, count: 1000

After 1500 queries with 10 workers:
Interval query rate: 2.43 queries/sec	Overall query rate: 2.42 queries/sec
VictoriaMetrics mean of 10 metrics, all hosts, random 12h0m0s by 1h:
min:  1141.06ms, med:  4141.18ms, mean:  4127.57ms, max: 5263.87ms, stddev:   368.67ms, sum: 6191.4sec, count: 1500
all queries                                                        :
min:  1141.06ms, med:  4141.18ms, mean:  4127.57ms, max: 5263.87ms, stddev:   368.67ms, sum: 6191.4sec, count: 1500

After 2000 queries with 10 workers:
Interval query rate: 2.44 queries/sec	Overall query rate: 2.42 queries/sec
VictoriaMetrics mean of 10 metrics, all hosts, random 12h0m0s by 1h:
min:  1141.06ms, med:  4131.20ms, mean:  4120.46ms, max: 5263.87ms, stddev:   359.54ms, sum: 8240.9sec, count: 2000
all queries                                                        :
min:  1141.06ms, med:  4131.20ms, mean:  4120.46ms, max: 5263.87ms, stddev:   359.54ms, sum: 8240.9sec, count: 2000

After 2500 queries with 10 workers:
Interval query rate: 2.45 queries/sec	Overall query rate: 2.43 queries/sec
VictoriaMetrics mean of 10 metrics, all hosts, random 12h0m0s by 1h:
min:  1141.06ms, med:  4121.73ms, mean:  4112.41ms, max: 5263.87ms, stddev:   361.75ms, sum: 10281.0sec, count: 2500
all queries                                                        :
min:  1141.06ms, med:  4121.73ms, mean:  4112.41ms, max: 5263.87ms, stddev:   361.75ms, sum: 10281.0sec, count: 2500

After 3000 queries with 10 workers:
Interval query rate: 2.42 queries/sec	Overall query rate: 2.43 queries/sec
VictoriaMetrics mean of 10 metrics, all hosts, random 12h0m0s by 1h:
min:  1141.06ms, med:  4121.22ms, mean:  4114.89ms, max: 5342.46ms, stddev:   363.55ms, sum: 12344.7sec, count: 3000
all queries                                                        :
min:  1141.06ms, med:  4121.22ms, mean:  4114.89ms, max: 5342.46ms, stddev:   363.55ms, sum: 12344.7sec, count: 3000

After 3500 queries with 10 workers:
Interval query rate: 2.44 queries/sec	Overall query rate: 2.43 queries/sec
VictoriaMetrics mean of 10 metrics, all hosts, random 12h0m0s by 1h:
min:  1141.06ms, med:  4120.19ms, mean:  4114.00ms, max: 5342.46ms, stddev:   361.49ms, sum: 14399.0sec, count: 3500
all queries                                                        :
min:  1141.06ms, med:  4120.19ms, mean:  4114.00ms, max: 5342.46ms, stddev:   361.49ms, sum: 14399.0sec, count: 3500

After 4000 queries with 10 workers:
Interval query rate: 2.44 queries/sec	Overall query rate: 2.43 queries/sec
VictoriaMetrics mean of 10 metrics, all hosts, random 12h0m0s by 1h:
min:  1141.06ms, med:  4117.76ms, mean:  4111.59ms, max: 5342.46ms, stddev:   356.58ms, sum: 16446.4sec, count: 4000
all queries                                                        :
min:  1141.06ms, med:  4117.76ms, mean:  4111.59ms, max: 5342.46ms, stddev:   356.58ms, sum: 16446.4sec, count: 4000

After 4500 queries with 10 workers:
Interval query rate: 2.42 queries/sec	Overall query rate: 2.43 queries/sec
VictoriaMetrics mean of 10 metrics, all hosts, random 12h0m0s by 1h:
min:  1141.06ms, med:  4115.84ms, mean:  4112.95ms, max: 5605.12ms, stddev:   359.45ms, sum: 18508.3sec, count: 4500
all queries                                                        :
min:  1141.06ms, med:  4115.84ms, mean:  4112.95ms, max: 5605.12ms, stddev:   359.45ms, sum: 18508.3sec, count: 4500

After 5000 queries with 10 workers:
Interval query rate: 2.39 queries/sec	Overall query rate: 2.42 queries/sec
VictoriaMetrics mean of 10 metrics, all hosts, random 12h0m0s by 1h:
min:  1141.06ms, med:  4121.98ms, mean:  4120.90ms, max: 5605.12ms, stddev:   360.38ms, sum: 20604.5sec, count: 5000
all queries                                                        :
min:  1141.06ms, med:  4121.98ms, mean:  4120.90ms, max: 5605.12ms, stddev:   360.38ms, sum: 20604.5sec, count: 5000

After 5500 queries with 10 workers:
Interval query rate: 2.42 queries/sec	Overall query rate: 2.42 queries/sec
VictoriaMetrics mean of 10 metrics, all hosts, random 12h0m0s by 1h:
min:  1141.06ms, med:  4126.72ms, mean:  4123.15ms, max: 5605.12ms, stddev:   357.45ms, sum: 22677.3sec, count: 5500
all queries                                                        :
min:  1141.06ms, med:  4126.72ms, mean:  4123.15ms, max: 5605.12ms, stddev:   357.45ms, sum: 22677.3sec, count: 5500

After 6000 queries with 10 workers:
Interval query rate: 2.33 queries/sec	Overall query rate: 2.42 queries/sec
VictoriaMetrics mean of 10 metrics, all hosts, random 12h0m0s by 1h:
min:  1141.06ms, med:  4137.98ms, mean:  4136.29ms, max: 5605.12ms, stddev:   360.65ms, sum: 24817.7sec, count: 6000
all queries                                                        :
min:  1141.06ms, med:  4137.98ms, mean:  4136.29ms, max: 5605.12ms, stddev:   360.65ms, sum: 24817.7sec, count: 6000

After 6500 queries with 10 workers:
Interval query rate: 2.66 queries/sec	Overall query rate: 2.43 queries/sec
VictoriaMetrics mean of 10 metrics, all hosts, random 12h0m0s by 1h:
min:  1141.06ms, med:  4110.34ms, mean:  4107.97ms, max: 5605.12ms, stddev:   371.37ms, sum: 26701.8sec, count: 6500
all queries                                                        :
min:  1141.06ms, med:  4110.34ms, mean:  4107.97ms, max: 5605.12ms, stddev:   371.37ms, sum: 26701.8sec, count: 6500

After 7000 queries with 10 workers:
Interval query rate: 2.69 queries/sec	Overall query rate: 2.45 queries/sec
VictoriaMetrics mean of 10 metrics, all hosts, random 12h0m0s by 1h:
min:  1141.06ms, med:  4082.05ms, mean:  4079.75ms, max: 5605.12ms, stddev:   380.80ms, sum: 28558.3sec, count: 7000
all queries                                                        :
min:  1141.06ms, med:  4082.05ms, mean:  4079.75ms, max: 5605.12ms, stddev:   380.80ms, sum: 28558.3sec, count: 7000

After 7500 queries with 10 workers:
Interval query rate: 2.65 queries/sec	Overall query rate: 2.46 queries/sec
VictoriaMetrics mean of 10 metrics, all hosts, random 12h0m0s by 1h:
min:  1141.06ms, med:  4058.24ms, mean:  4059.70ms, max: 5605.12ms, stddev:   384.08ms, sum: 30447.7sec, count: 7500
all queries                                                        :
min:  1141.06ms, med:  4058.24ms, mean:  4059.70ms, max: 5605.12ms, stddev:   384.08ms, sum: 30447.7sec, count: 7500

After 8000 queries with 10 workers:
Interval query rate: 2.61 queries/sec	Overall query rate: 2.47 queries/sec
VictoriaMetrics mean of 10 metrics, all hosts, random 12h0m0s by 1h:
min:  1141.06ms, med:  4042.11ms, mean:  4045.21ms, max: 5605.12ms, stddev:   384.07ms, sum: 32361.7sec, count: 8000
all queries                                                        :
min:  1141.06ms, med:  4042.11ms, mean:  4045.21ms, max: 5605.12ms, stddev:   384.07ms, sum: 32361.7sec, count: 8000

After 8500 queries with 10 workers:
Interval query rate: 2.62 queries/sec	Overall query rate: 2.48 queries/sec
VictoriaMetrics mean of 10 metrics, all hosts, random 12h0m0s by 1h:
min:  1141.06ms, med:  4025.86ms, mean:  4031.56ms, max: 5605.12ms, stddev:   383.57ms, sum: 34268.3sec, count: 8500
all queries                                                        :
min:  1141.06ms, med:  4025.86ms, mean:  4031.56ms, max: 5605.12ms, stddev:   383.57ms, sum: 34268.3sec, count: 8500

Run complete after 8640 queries with 10 workers (Overall query rate 2.48 queries/sec):
VictoriaMetrics mean of 10 metrics, all hosts, random 12h0m0s by 1h:
min:  1141.06ms, med:  4021.89ms, mean:  4028.05ms, max: 5605.12ms, stddev:   383.42ms, sum: 34802.4sec, count: 8640
all queries                                                        :
min:  1141.06ms, med:  4021.89ms, mean:  4028.05ms, max: 5605.12ms, stddev:   383.42ms, sum: 34802.4sec, count: 8640
Saving Response Latencies to /home/benchUser/results/latenciesQueries_latest.csv
wall clock time: 3482.075281sec
