time,per. metric/s,metric total,overall metric/s,per. row/s,row total,overall row/s
1737535969,147190.05,1.472025E+06,147190.05,13176.39,1.317750E+05,13176.39
1737535979,266587.61,4.137900E+06,206886.29,23752.51,3.693000E+05,18464.22
1737535989,250779.90,6.645700E+06,221517.09,22364.99,5.929500E+05,19764.44
1737535999,243217.59,9.077875E+06,226942.10,21712.51,8.100750E+05,20251.45
1737536009,247187.51,1.154975E+07,230991.11,21937.50,1.029450E+06,20588.65
1737536019,241237.41,1.396212E+07,232698.80,21562.49,1.245075E+06,20750.96
1737536029,252707.60,1.648920E+07,235557.17,22432.51,1.469400E+06,20991.18
1737536039,253519.99,1.902440E+07,237802.50,22725.00,1.696650E+06,21207.90
1737536049,255947.43,2.158388E+07,239818.58,22687.49,1.923525E+06,21372.30
1737536059,254292.56,2.412680E+07,241265.97,22800.01,2.151525E+06,21515.07
1737536069,256345.00,2.669025E+07,242636.78,22792.50,2.379450E+06,21631.20
1737536079,257697.51,2.926722E+07,243891.83,22912.50,2.608575E+06,21737.97
1737536089,256947.51,3.183670E+07,244896.11,22837.50,2.836950E+06,21822.55
1737536099,258859.99,3.442530E+07,245893.52,23070.00,3.067650E+06,21911.65
1737536109,254052.52,3.696582E+07,246437.45,22792.50,3.295575E+06,21970.38
1737536119,255774.99,3.952358E+07,247021.04,22665.00,3.522225E+06,22013.79
1737536129,246362.50,4.198720E+07,246982.31,22072.50,3.742950E+06,22017.24
1737536139,190482.49,4.389202E+07,243843.44,16882.50,3.911775E+06,21731.98
1737536149,169732.50,4.558935E+07,239942.88,15127.50,4.063050E+06,21384.38
1737536159,155990.00,4.714925E+07,235745.26,14010.00,4.203150E+06,21015.66
1737536169,136992.47,4.851918E+07,231042.76,12187.50,4.325025E+06,20595.27
1737536179,141597.52,4.993515E+07,226977.09,12465.00,4.449675E+06,20225.72
1737536189,189105.01,5.182620E+07,225330.48,16980.00,4.619475E+06,20084.60
1737536199,223874.98,5.406495E+07,225269.83,19837.50,4.817850E+06,20074.30
1737536209,266534.95,5.673030E+07,226920.43,23745.00,5.055300E+06,20221.13
1737536219,266797.54,5.939828E+07,228454.16,23782.50,5.293125E+06,20358.11
1737536229,269252.52,6.209080E+07,229965.21,24112.50,5.534250E+06,20497.16
1737536239,270614.91,6.479695E+07,231416.98,23999.99,5.774250E+06,20622.26
1737536249,269865.11,6.749560E+07,232742.77,24135.01,6.015600E+06,20743.39
1737536259,267520.00,7.017080E+07,233902.01,23865.00,6.254250E+06,20847.44
1737536269,263524.92,7.280605E+07,234857.59,23347.49,6.487725E+06,20928.09
1737536279,266415.07,7.547020E+07,235843.75,23737.51,6.725100E+06,21015.88
1737536289,267262.39,7.814282E+07,236795.83,23827.49,6.963375E+06,21101.08
1737536299,267997.60,8.082280E+07,237713.53,23962.51,7.203000E+06,21185.24
1737536309,268382.52,8.350662E+07,238589.78,23977.50,7.442775E+06,21265.02
1737536319,273322.48,8.623985E+07,239554.58,24307.50,7.685850E+06,21349.53
1737536329,268300.02,8.892285E+07,240331.48,23970.00,7.925550E+06,21420.36
1737536339,255564.98,9.147850E+07,240732.36,22635.00,8.151900E+06,21452.32
1737536349,257495.01,9.405345E+07,241162.17,22912.50,8.381025E+06,21489.76
1737536359,259467.50,9.664812E+07,241619.80,23145.00,8.612475E+06,21531.14
1737536369,261607.50,9.926420E+07,242107.31,23452.50,8.847000E+06,21578.00
1737536379,249059.98,1.017548E+08,242272.85,22140.00,9.068400E+06,21591.39
1737536389,233269.94,1.040875E+08,242063.48,20730.00,9.275700E+06,21571.35
1737536399,219007.54,1.062776E+08,241539.48,19567.50,9.471375E+06,21525.81
1737536409,231837.39,1.085960E+08,241323.88,20549.99,9.676875E+06,21504.13
1737536419,227770.12,1.108736E+08,241029.23,20347.51,9.880350E+06,21478.98
1737536429,274405.00,1.136177E+08,241739.35,24435.00,1.012470E+07,21541.88
1737536439,276392.50,1.163816E+08,242461.29,24712.50,1.037182E+07,21607.93
1737536449,206419.94,1.184458E+08,241725.76,18314.99,1.055498E+07,21540.73
1737536459,248177.54,1.209276E+08,241854.79,22230.00,1.077728E+07,21554.51
1737536469,246427.55,1.233919E+08,241944.45,21825.00,1.099552E+07,21559.82
1737536479,244402.49,1.258359E+08,241991.72,21877.50,1.121430E+07,21565.93
1737536489,248125.01,1.283172E+08,242107.45,21997.50,1.143428E+07,21574.07
1737536499,253504.99,1.308522E+08,242318.51,22725.00,1.166152E+07,21595.38
1737536509,244454.88,1.332968E+08,242357.35,21772.49,1.187925E+07,21598.60
1737536519,245805.13,1.357548E+08,242418.92,21795.01,1.209720E+07,21602.11
1737536529,256317.50,1.383180E+08,242662.76,22882.50,1.232602E+07,21624.57
1737536539,252392.50,1.408419E+08,242830.51,22432.50,1.255035E+07,21638.50
1737536549,250914.99,1.433510E+08,242967.53,22380.00,1.277415E+07,21651.07
1737536559,275770.00,1.461088E+08,243514.24,24637.50,1.302052E+07,21700.84
1737536569,290700.00,1.490158E+08,244287.78,25890.00,1.327942E+07,21769.52
1737536579,257794.92,1.515937E+08,244505.63,22927.49,1.350870E+07,21788.20
1737536589,248957.57,1.540833E+08,244576.30,22162.51,1.373032E+07,21794.14
1737536599,246392.51,1.565472E+08,244604.68,22087.50,1.395120E+07,21798.72
1737536609,246945.00,1.590166E+08,244640.68,21862.50,1.416982E+07,21799.70
1737536619,245394.99,1.614706E+08,244652.11,21990.00,1.438972E+07,21802.59
1737536629,248234.99,1.639530E+08,244705.59,22012.50,1.460985E+07,21805.72
1737536639,237367.52,1.663266E+08,244597.68,21292.50,1.482278E+07,21798.17
1737536649,242977.44,1.687564E+08,244574.19,21659.99,1.503938E+07,21796.17
1737536659,243240.02,1.711888E+08,244555.13,21652.50,1.525590E+07,21794.12
1737536669,240300.03,1.735918E+08,244495.20,21397.50,1.546988E+07,21788.53
1737536679,233469.90,1.759265E+08,244342.07,20782.49,1.567770E+07,21774.56
1737536689,288690.12,1.788134E+08,244949.58,25620.01,1.593390E+07,21827.24
1737536699,282799.99,1.816414E+08,245461.07,25200.00,1.618590E+07,21872.81
1737536709,277247.52,1.844139E+08,245884.89,24817.50,1.643408E+07,21912.08
1737536719,273340.00,1.871473E+08,246246.14,24285.00,1.667692E+07,21943.30
1737536729,275462.50,1.899019E+08,246625.57,24592.50,1.692285E+07,21977.70
1737536739,275929.99,1.926612E+08,247001.27,24630.00,1.716915E+07,22011.71
1737536749,276880.02,1.954300E+08,247379.48,24682.50,1.741598E+07,22045.51
1737536759,279662.49,1.982266E+08,247783.02,24885.00,1.766482E+07,22081.01
1737536769,260212.41,2.008288E+08,247936.47,23242.49,1.789725E+07,22095.35
1737536779,238624.97,2.032150E+08,247822.91,21105.00,1.810830E+07,22083.27
1737536789,174820.07,2.049632E+08,246943.36,15720.01,1.826550E+07,22006.60
1737536799,147847.43,2.064417E+08,245763.65,13042.49,1.839592E+07,21899.89
1737536809,156972.59,2.080114E+08,244719.05,14100.01,1.853692E+07,21808.13
1737536819,143562.43,2.094470E+08,243542.81,12704.99,1.866398E+07,21702.28
1737536829,145387.44,2.109009E+08,242414.59,12952.49,1.879350E+07,21601.70
1737536839,176695.05,2.126678E+08,241667.78,15712.50,1.895062E+07,21534.78
1737536849,234470.13,2.150126E+08,241586.91,20895.01,1.915958E+07,21527.59
1737536859,234170.02,2.173542E+08,241504.50,20865.00,1.936822E+07,21520.23
1737536869,233629.97,2.196906E+08,241417.96,20842.50,1.957665E+07,21512.78
1737536879,237409.96,2.220646E+08,241374.40,21240.00,1.978905E+07,21509.82
1737536889,234855.06,2.244132E+08,241304.30,20940.01,1.999845E+07,21503.69
1737536899,239915.01,2.268124E+08,241289.52,21262.50,2.021108E+07,21501.12
1737536909,238484.99,2.291972E+08,241260.00,21405.00,2.042512E+07,21500.11
1737536919,235700.00,2.315542E+08,241202.08,20947.50,2.063460E+07,21494.36
1737536929,183695.01,2.333912E+08,240609.22,16425.00,2.079885E+07,21442.09
1737536939,218212.50,2.355733E+08,240380.69,19447.50,2.099332E+07,21421.74
1737536949,225692.47,2.378302E+08,240232.32,20085.00,2.119418E+07,21408.24
1737536959,273105.02,2.405612E+08,240561.05,24270.00,2.143688E+07,21436.86
1737536969,284174.94,2.434030E+08,240992.87,25379.99,2.169068E+07,21475.90
1737536979,283587.54,2.462389E+08,241410.46,25305.00,2.194372E+07,21513.44
1737536989,281635.00,2.490552E+08,241800.99,25050.00,2.219422E+07,21547.77
1737536999,240112.44,2.514564E+08,241784.76,21284.99,2.240708E+07,21545.25
1737537009,208707.56,2.535434E+08,241469.73,18630.01,2.259338E+07,21517.48
1737537019,229217.50,2.558356E+08,241354.15,20482.50,2.279820E+07,21507.72
1737537029,225092.40,2.580865E+08,241202.17,19987.49,2.299808E+07,21493.51
1737537039,225107.59,2.603376E+08,241053.15,20032.51,2.319840E+07,21479.98
1737537049,220394.97,2.625416E+08,240863.62,19732.50,2.339572E+07,21463.95
1737537059,218550.06,2.647270E+08,240660.77,19492.51,2.359065E+07,21446.03
1737537069,236654.99,2.670936E+08,240624.68,21135.00,2.380200E+07,21443.23
1737537079,234559.99,2.694392E+08,240570.53,20895.00,2.401095E+07,21438.33
1737537089,243652.51,2.718757E+08,240597.81,21652.50,2.422748E+07,21440.23
1737537099,215677.49,2.740325E+08,240379.21,19282.50,2.442030E+07,21421.30
1737537109,241392.47,2.764464E+08,240388.02,21472.50,2.463502E+07,21421.75
1737537119,272890.03,2.791753E+08,240668.21,24225.00,2.487728E+07,21445.91
1737537129,278667.51,2.819620E+08,240992.99,24960.00,2.512688E+07,21475.95
1737537139,283707.49,2.847991E+08,241354.98,25245.00,2.537932E+07,21507.89
1737537149,277682.47,2.875759E+08,241660.25,24637.50,2.562570E+07,21534.19
1737537159,266295.01,2.902388E+08,241865.54,23722.50,2.586292E+07,21552.42
1737537169,276114.99,2.930000E+08,242148.59,24667.50,2.610960E+07,21578.17
1737537179,269005.01,2.956900E+08,242368.73,24075.00,2.635035E+07,21598.63
1737537189,271515.01,2.984052E+08,242605.69,24045.00,2.659080E+07,21618.52
1737537199,267112.49,3.010763E+08,242803.32,23827.50,2.682908E+07,21636.34
1737537209,265537.38,3.037317E+08,242985.20,23617.49,2.706525E+07,21652.19
1737537219,271270.15,3.064444E+08,243209.68,24322.51,2.730848E+07,21673.38
1737537229,273557.50,3.091800E+08,243448.64,24375.00,2.755222E+07,21694.65
1737537239,249659.98,3.116766E+08,243497.16,22215.00,2.777438E+07,21698.72
1737537249,264412.38,3.143207E+08,243659.30,23452.49,2.800890E+07,21712.31
1737537259,268732.62,3.170080E+08,243852.17,24052.51,2.824942E+07,21730.31
1737537269,281599.98,3.198240E+08,244140.32,25035.00,2.849978E+07,21755.54
1737537279,260377.54,3.224278E+08,244263.33,23280.00,2.873258E+07,21767.09
1737537289,233702.49,3.247648E+08,244183.92,20805.00,2.894062E+07,21759.85
1737537299,233547.50,3.271003E+08,244104.55,20782.50,2.914845E+07,21752.56
1737537309,249265.01,3.295930E+08,244142.77,22140.00,2.936985E+07,21755.43
1737537319,243524.95,3.320282E+08,244138.23,21765.00,2.958750E+07,21755.50
1737537329,242790.03,3.344561E+08,244128.39,21660.00,2.980410E+07,21754.80
1737537339,243190.02,3.368880E+08,244121.59,21690.00,3.002100E+07,21754.33
1737537349,240147.43,3.392895E+08,244093.00,21292.49,3.023392E+07,21751.01
1737537359,244592.56,3.417354E+08,244096.57,21900.01,3.045292E+07,21752.08
1737537369,237552.52,3.441109E+08,244050.16,21135.00,3.066428E+07,21747.70
1737537379,256287.48,3.466738E+08,244136.33,22912.50,3.089340E+07,21755.90
1737537389,241372.40,3.490875E+08,244117.01,21464.99,3.110805E+07,21753.87
1737537399,221227.59,3.512998E+08,243958.05,19695.01,3.130500E+07,21739.57
1737537409,236779.99,3.536676E+08,243908.55,21000.00,3.151500E+07,21734.47
1737537419,259617.50,3.562638E+08,244016.14,23182.50,3.174682E+07,21744.39
1737537429,249347.49,3.587572E+08,244052.41,22170.00,3.196852E+07,21747.28
1737537439,211655.01,3.608738E+08,243833.51,18937.50,3.215790E+07,21728.30
1737537449,156259.90,3.624364E+08,243245.77,14002.49,3.229792E+07,21676.45
1737537459,142467.40,3.638611E+08,242573.91,12599.99,3.242392E+07,21615.94
1737537469,128702.60,3.651481E+08,241819.80,11437.51,3.253830E+07,21548.53
1737537479,137360.06,3.665217E+08,241132.56,12240.00,3.266070E+07,21487.29
1737537489,144900.03,3.679707E+08,240503.59,12885.00,3.278955E+07,21431.07
1737537499,213142.50,3.701021E+08,240325.92,19132.50,3.298088E+07,21416.14
1737537509,236960.01,3.724717E+08,240304.21,21060.00,3.319148E+07,21413.84
1737537519,238572.51,3.748574E+08,240293.11,21277.50,3.340425E+07,21412.97
1737537529,237014.94,3.772276E+08,240272.23,21157.49,3.361582E+07,21411.34
1737537539,245310.05,3.796807E+08,240304.11,21712.50,3.383295E+07,21413.25
1737537549,231844.99,3.819992E+08,240250.91,20790.00,3.404085E+07,21409.33
1737537559,236795.00,3.843671E+08,240229.31,20970.00,3.425055E+07,21406.58
1737537569,232309.98,3.866902E+08,240180.12,20805.00,3.445860E+07,21402.85
1737537579,230470.01,3.889949E+08,240120.18,20535.00,3.466395E+07,21397.49
1737537589,232820.01,3.913231E+08,240075.40,20655.00,3.487050E+07,21392.93
1737537599,231822.50,3.936413E+08,240025.07,20737.50,3.507788E+07,21388.94
1737537609,223757.51,3.958789E+08,239926.48,20002.50,3.527790E+07,21380.53
1737537619,232359.97,3.982025E+08,239880.90,20625.00,3.548415E+07,21375.98
1737537629,228829.84,4.004908E+08,239814.73,20482.49,3.568898E+07,21370.63
1737537639,235160.19,4.028424E+08,239787.02,20932.52,3.589830E+07,21368.03
1737537649,232579.90,4.051682E+08,239744.38,20722.49,3.610552E+07,21364.21
1737537659,233717.54,4.075054E+08,239708.93,20805.00,3.631358E+07,21360.92
1737537669,227112.54,4.097765E+08,239635.26,20272.50,3.651630E+07,21354.55
1737537679,230349.94,4.120800E+08,239581.28,20369.99,3.672000E+07,21348.83
1737537689,240540.07,4.144854E+08,239586.82,21540.01,3.693540E+07,21349.93
1737537699,248860.00,4.169740E+08,239640.11,22237.50,3.715778E+07,21355.03
1737537709,239142.39,4.193654E+08,239637.27,21179.99,3.736958E+07,21354.03
1737537719,252167.57,4.218871E+08,239708.46,22552.51,3.759510E+07,21360.84
1737537729,240397.55,4.242911E+08,239712.36,21322.50,3.780832E+07,21360.63
1737537739,237209.99,4.266632E+08,239698.30,21270.00,3.802102E+07,21360.12
1737537749,240492.50,4.290681E+08,239702.74,21352.50,3.823455E+07,21360.07
1737537759,245110.00,4.315192E+08,239732.78,21930.00,3.845385E+07,21363.24
1737537769,252677.51,4.340460E+08,239804.29,22417.50,3.867802E+07,21369.06
1737537779,252774.95,4.365737E+08,239875.56,22485.00,3.890288E+07,21375.20
1737537789,253370.05,4.391074E+08,239949.30,22710.00,3.912998E+07,21382.49
1737537799,254987.48,4.416573E+08,240031.03,22567.50,3.935565E+07,21388.93
1737537809,240322.48,4.440605E+08,240032.61,21502.50,3.957068E+07,21389.54
1737537819,243330.03,4.464938E+08,240050.33,21630.00,3.978698E+07,21390.84
1737537829,236622.49,4.488600E+08,240032.00,21097.50,3.999795E+07,21389.27
1737537839,236115.01,4.512212E+08,240011.17,21120.00,4.020915E+07,21387.84
1737537849,243840.01,4.536596E+08,240031.43,21757.50,4.042672E+07,21389.79
1737537859,114732.45,4.548069E+08,239371.96,10155.00,4.052828E+07,21330.66
1737537869,239760.09,4.572045E+08,239373.99,21420.01,4.074248E+07,21331.13
1737537879,248430.02,4.596888E+08,239421.16,22050.00,4.096298E+07,21334.87
1737537889,240787.49,4.620967E+08,239428.24,21397.50,4.117695E+07,21335.20
1737537899,245409.97,4.645508E+08,239459.07,21990.00,4.139685E+07,21338.57
1737537909,190910.03,4.664599E+08,239210.10,16890.00,4.156575E+07,21315.76
1737537919,235774.97,4.688176E+08,239192.58,21060.00,4.177635E+07,21314.46
1737537929,258920.04,4.714068E+08,239292.72,23092.50,4.200728E+07,21323.48
1737537939,252432.42,4.739312E+08,239359.08,22574.99,4.223302E+07,21329.80
1737537949,256404.96,4.764952E+08,239444.73,22755.00,4.246058E+07,21336.96
1737537959,257247.62,4.790677E+08,239533.75,22867.51,4.268925E+07,21344.62
1737537969,257877.42,4.816465E+08,239625.01,22987.49,4.291912E+07,21352.79
1737537979,254892.56,4.841954E+08,239700.59,22867.51,4.314780E+07,21360.29
1737537989,251499.96,4.867104E+08,239758.72,22395.00,4.337175E+07,21365.39
1737537999,261440.06,4.893248E+08,239865.00,23145.01,4.360320E+07,21374.11
1737538009,259902.49,4.919238E+08,239962.74,23197.50,4.383518E+07,21383.00
1737538019,258560.01,4.945094E+08,240053.02,23040.00,4.406558E+07,21391.05
1737538029,258034.99,4.970898E+08,240139.89,22965.00,4.429522E+07,21398.65
1737538039,242977.51,4.995196E+08,240153.53,21682.50,4.451205E+07,21400.02
1737538049,248620.01,5.020058E+08,240194.04,22140.00,4.473345E+07,21403.56
1737538059,243997.48,5.044457E+08,240212.15,21742.50,4.495088E+07,21405.17
1737538069,234792.51,5.067936E+08,240186.47,20947.50,4.516035E+07,21403.00
1737538079,242190.01,5.092156E+08,240195.92,21570.00,4.537605E+07,21403.79
1737538089,252047.38,5.117360E+08,240251.56,22537.49,4.560142E+07,21409.11
1737538099,172037.56,5.134564E+08,239932.80,15360.01,4.575502E+07,21380.84
1737538109,149017.43,5.149466E+08,239509.94,13139.99,4.588642E+07,21342.51
1737538119,139370.02,5.163403E+08,239046.33,12525.00,4.601168E+07,21301.69
1737538129,127899.92,5.176193E+08,238534.13,11324.99,4.612492E+07,21255.72
1737538139,130112.65,5.189204E+08,238036.79,11647.51,4.624140E+07,21211.64
1737538149,144607.50,5.203665E+08,237610.17,12832.50,4.636972E+07,21173.38
1737538159,209157.51,5.224580E+08,237480.84,18600.00,4.655572E+07,21161.69
1737538169,212179.89,5.245798E+08,237366.36,19012.49,4.674585E+07,21151.96
1737538179,222684.99,5.268067E+08,237300.22,19785.00,4.694370E+07,21145.80
1737538189,217462.61,5.289813E+08,237211.27,19417.51,4.713788E+07,21138.05
1737538199,215047.51,5.311318E+08,237112.32,19200.00,4.732988E+07,21129.40
1737538209,218219.99,5.333140E+08,237028.36,19447.50,4.752435E+07,21121.93
1737538219,218280.00,5.354968E+08,236945.40,19455.00,4.771890E+07,21114.55
1737538229,216740.00,5.376642E+08,236856.39,19260.00,4.791150E+07,21106.38
1737538239,218249.99,5.398467E+08,236774.78,19455.00,4.810605E+07,21099.14
1737538249,226809.87,5.421148E+08,236731.27,20234.99,4.830840E+07,21095.36
1737538259,234185.14,5.444566E+08,236720.20,20865.01,4.851705E+07,21094.36
1737538269,233839.96,5.467950E+08,236707.73,20812.50,4.872518E+07,21093.14
1737538279,236197.55,5.491570E+08,236705.53,21120.00,4.893638E+07,21093.26
1737538289,231902.47,5.514760E+08,236684.91,20557.50,4.914195E+07,21090.96
1737538299,227530.00,5.537514E+08,236645.79,20340.00,4.934535E+07,21087.75
1737538309,226374.97,5.560151E+08,236602.09,20175.00,4.954710E+07,21083.86
1737538319,225265.04,5.582678E+08,236554.05,20032.50,4.974742E+07,21079.41
1737538329,232339.98,5.605912E+08,236536.27,20625.00,4.995368E+07,21077.49
1737538339,226839.99,5.628596E+08,236495.53,20220.00,5.015588E+07,21073.89
1737538349,226802.42,5.651276E+08,236454.97,20234.99,5.035822E+07,21070.38
1737538359,226292.59,5.673905E+08,236412.63,20167.51,5.055990E+07,21066.62
1737538369,225550.00,5.696460E+08,236367.55,20070.00,5.076060E+07,21062.48
1737538379,234800.00,5.719940E+08,236361.07,20940.00,5.097000E+07,21061.98
1737538389,246639.95,5.744604E+08,236403.37,22102.50,5.119102E+07,21066.26
1737538399,249640.06,5.769568E+08,236457.62,22267.51,5.141370E+07,21071.18
1737538409,250479.99,5.794616E+08,236514.86,22320.00,5.163690E+07,21076.28

Summary:
loaded 581760000 metrics in 2459.289sec with 10 workers (mean rate 236556.21 metrics/sec)
loaded 51840000 rows in 2459.289sec with 10 workers (mean rate 21079.27 rows/sec)
Run complete after 691200 queries with 10 workers (Overall query rate 281.06 queries/sec):
          :
min:     0.92ms, med:     2.02ms, mean:     6.63ms, max: 2370.56ms, stddev:    17.20ms, sum: 4581.7sec, count: 691200
all queries:
min:     0.92ms, med:     2.02ms, mean:     6.63ms, max: 2370.56ms, stddev:    17.20ms, sum: 4581.7sec, count: 691200
Saving Response Latencies to /home/benchUser/results/latenciesInserts_latest.csv
