time,per. metric/s,metric total,overall metric/s,per. row/s,row total,overall row/s
1738955439,117334.59,1.173525E+06,117334.59,10625.88,1.062750E+05,10625.88
1738955449,250607.48,3.679600E+06,183965.96,22335.00,3.296250E+05,16479.99
1738955459,248130.00,6.160900E+06,205352.88,22012.50,5.497500E+05,18324.07
1738955469,249707.52,8.657975E+06,216441.12,22207.50,7.718250E+05,19294.89
1738955479,249542.47,1.115340E+07,223061.19,22207.50,9.939000E+05,19877.39
1738955489,246122.52,1.361462E+07,226904.64,22087.50,1.214775E+06,20245.73
1738955499,251057.50,1.612520E+07,230354.98,22380.00,1.438575E+06,20550.62
1738955509,255879.99,1.868400E+07,233545.54,22702.50,1.665600E+06,20819.60
1738955519,257509.95,2.125910E+07,236208.21,22890.00,1.894500E+06,21049.64
1738955529,250584.99,2.376495E+07,237645.87,22335.00,2.117850E+06,21178.18
1738955539,260277.56,2.636772E+07,239703.26,23287.51,2.350725E+06,21369.93
1738955549,251600.00,2.888372E+07,240694.65,22455.00,2.575275E+06,21460.35
1738955559,257507.50,3.145880E+07,241987.93,22912.50,2.804400E+06,21572.05
1738955569,256670.00,3.402550E+07,243036.64,22770.00,3.032100E+06,21657.62
1738955579,258980.00,3.661530E+07,244099.52,23100.00,3.263100E+06,21753.78
1738955589,257345.00,3.918875E+07,244927.35,22897.50,3.492075E+06,21825.26
1738955599,259159.99,4.178035E+07,245764.56,23100.00,3.723075E+06,21900.24
1738955609,257960.00,4.435995E+07,246442.08,22980.00,3.952875E+06,21960.23
1738955619,255484.94,4.691480E+07,246918.01,22919.99,4.182075E+06,22010.74
1738955629,255400.07,4.946880E+07,247342.11,22672.51,4.408800E+06,22043.83
1738955639,257930.01,5.204810E+07,247846.29,22950.00,4.638300E+06,22086.98
1738955649,243344.95,5.448155E+07,247641.69,21742.50,4.855725E+06,22071.32
1738955659,266505.05,5.714660E+07,248461.83,23737.50,5.093100E+06,22143.77
1738955669,252244.96,5.966905E+07,248619.46,22545.00,5.318550E+06,22160.48
1738955679,259055.04,6.225960E+07,249036.88,23107.50,5.549625E+06,22198.36
1738955689,267000.00,6.492960E+07,249727.76,23782.50,5.787450E+06,22259.29
1738955699,263929.97,6.756890E+07,250253.77,23430.00,6.021750E+06,22302.65
1738955709,265657.51,7.022548E+07,250803.90,23617.50,6.257925E+06,22349.61
1738955719,265612.53,7.288160E+07,251314.54,23647.50,6.494400E+06,22394.36
1738955729,244634.98,7.532795E+07,251091.89,21892.50,6.713325E+06,22377.64
1738955739,258289.91,7.791085E+07,251324.08,22994.99,6.943275E+06,22397.55
1738955749,249040.07,8.040125E+07,251252.71,22125.01,7.164525E+06,22389.03
1738955759,254315.02,8.294440E+07,251345.50,22830.00,7.392825E+06,22402.40
1738955769,243794.99,8.538235E+07,251123.43,21682.50,7.609650E+06,22381.22
1738955779,253255.00,8.791490E+07,251184.33,22440.00,7.834050E+06,22382.90
1738955789,250705.00,9.042195E+07,251171.02,22342.50,8.057475E+06,22381.78
1738955799,260075.01,9.302270E+07,251411.67,23257.50,8.290050E+06,22405.45
1738955809,249474.98,9.551745E+07,251360.70,22170.00,8.511750E+06,22399.25
1738955819,251440.00,9.803185E+07,251362.73,22462.50,8.736375E+06,22400.87
1738955829,251735.00,1.005492E+08,251372.04,22477.50,8.961150E+06,22402.79
1738955839,249450.02,1.030437E+08,251325.16,22200.00,9.183150E+06,22397.84
1738955849,241792.40,1.054616E+08,251098.19,21502.49,9.398175E+06,22376.53
1738955859,242242.60,1.078840E+08,250892.25,21577.51,9.613950E+06,22357.94
1738955869,244659.95,1.103306E+08,250750.61,21900.00,9.832950E+06,22347.54
1738955879,248377.55,1.128144E+08,250697.87,22042.50,1.005338E+07,22340.76
1738955889,243060.02,1.152450E+08,250531.83,21705.00,1.027042E+07,22326.94
1738955899,178557.42,1.170306E+08,249000.47,15929.99,1.042972E+07,22190.83
1738955909,251072.58,1.195413E+08,249043.63,22395.01,1.065368E+07,22195.09
1738955919,244575.02,1.219871E+08,248952.44,21765.00,1.087132E+07,22186.31
1738955929,233052.49,1.243176E+08,248634.44,20812.50,1.107945E+07,22158.83
1738955939,232879.97,1.266464E+08,248325.53,20715.00,1.128660E+07,22130.52
1738955949,240252.46,1.290489E+08,248170.28,21307.50,1.149968E+07,22114.69
1738955959,237547.52,1.314244E+08,247969.85,21315.00,1.171282E+07,22099.61
1738955969,238640.01,1.338108E+08,247797.08,21097.50,1.192380E+07,22081.05
1738955979,242250.07,1.362333E+08,247696.22,21585.01,1.213965E+07,22072.03
1738955989,142469.99,1.376580E+08,245817.19,12832.50,1.226798E+07,21907.04
1738955999,143640.00,1.390944E+08,244024.61,12802.50,1.239600E+07,21747.31
1738956009,131079.95,1.404052E+08,242077.29,11677.50,1.251278E+07,21573.69
1738956019,119662.47,1.416018E+08,240002.47,10680.00,1.261958E+07,21389.05
1738956029,127177.57,1.428736E+08,238122.06,11242.51,1.273200E+07,21219.95
1738956039,115485.01,1.440284E+08,236111.62,10395.00,1.283595E+07,21042.49
1738956049,182582.49,1.458543E+08,235248.25,16117.50,1.299712E+07,20963.05
1738956059,213337.41,1.479876E+08,234900.46,19162.49,1.318875E+07,20934.47
1738956069,223087.55,1.502185E+08,234715.88,19732.50,1.338608E+07,20915.69
1738956079,217897.56,1.523975E+08,234457.14,19402.51,1.358010E+07,20892.41
1738956089,216592.51,1.545634E+08,234186.47,19327.50,1.377338E+07,20868.70
1738956099,219232.49,1.567558E+08,233963.27,19500.00,1.396838E+07,20848.27
1738956109,218759.99,1.589434E+08,233739.70,19507.50,1.416345E+07,20828.56
1738956119,218107.46,1.611244E+08,233513.14,19432.50,1.435778E+07,20808.32
1738956129,218685.05,1.633113E+08,233301.31,19515.00,1.455292E+07,20789.85
1738956139,212992.50,1.654412E+08,233015.27,19110.00,1.474402E+07,20766.19
1738956149,217874.98,1.676200E+08,232804.99,19402.50,1.493805E+07,20747.25
1738956159,218805.01,1.698080E+08,232613.21,19500.00,1.513305E+07,20730.16
1738956169,221969.93,1.720277E+08,232469.38,19619.99,1.532925E+07,20715.16
1738956179,243607.58,1.744638E+08,232617.89,21757.51,1.554682E+07,20729.06
1738956189,255507.43,1.770188E+08,232919.07,22792.49,1.577475E+07,20756.21
1738956199,252850.06,1.795474E+08,233177.91,22470.01,1.599945E+07,20778.47
1738956209,227544.99,1.818228E+08,233105.70,20355.00,1.620300E+07,20773.04
1738956219,245875.00,1.842816E+08,233267.33,21945.00,1.642245E+07,20787.87
1738956229,247417.51,1.867557E+08,233444.21,22027.50,1.664272E+07,20803.37
1738956239,241522.52,1.891710E+08,233543.94,21472.50,1.685745E+07,20811.63
1738956249,250059.98,1.916716E+08,233745.36,22260.00,1.708005E+07,20829.29
1738956259,227334.93,1.939449E+08,233668.12,20324.99,1.728330E+07,20823.21
1738956269,220750.01,1.961524E+08,233514.34,19717.50,1.748048E+07,20810.05
1738956279,221310.08,1.983655E+08,233370.76,19567.51,1.767615E+07,20795.43
1738956289,213742.44,2.005029E+08,233142.52,19192.49,1.786808E+07,20776.79
1738956299,216162.53,2.026646E+08,232947.35,19177.50,1.805985E+07,20758.41
1738956309,220577.52,2.048703E+08,232806.78,19762.50,1.825748E+07,20747.09
1738956319,224902.49,2.071194E+08,232717.97,19987.50,1.845735E+07,20738.56
1738956329,216607.49,2.092854E+08,232538.97,19222.50,1.864958E+07,20721.71
1738956339,211957.51,2.114050E+08,232312.80,18975.00,1.883932E+07,20702.52
1738956349,222322.43,2.136282E+08,232204.21,19724.99,1.903658E+07,20691.89
1738956359,213200.01,2.157602E+08,231999.86,19065.00,1.922722E+07,20674.40
1738956369,192472.55,2.176850E+08,231579.36,17062.50,1.939785E+07,20635.98
1738956379,214860.00,2.198336E+08,231403.37,19260.00,1.959045E+07,20621.49
1738956389,222764.95,2.220612E+08,231313.38,19815.00,1.978860E+07,20613.09
1738956399,223494.95,2.242962E+08,231232.78,19845.00,1.998705E+07,20605.17
1738956409,220815.09,2.265043E+08,231126.48,19740.01,2.018445E+07,20596.35
1738956419,220150.00,2.287058E+08,231015.60,19695.00,2.038140E+07,20587.24
1738956429,217680.00,2.308826E+08,230882.25,19372.50,2.057512E+07,20575.09
1738956439,187692.42,2.327595E+08,230454.63,16717.49,2.074230E+07,20536.90
1738956449,204677.57,2.348063E+08,230201.91,18105.01,2.092335E+07,20513.06
1738956459,223449.97,2.370408E+08,230136.36,20055.00,2.112390E+07,20508.61
1738956469,220102.54,2.392418E+08,230039.88,19507.50,2.131898E+07,20498.98
1738956479,222257.49,2.414644E+08,229965.76,19897.50,2.151795E+07,20493.26
1738956489,217722.51,2.436416E+08,229850.26,19387.50,2.171182E+07,20482.82
1738956499,226172.52,2.459034E+08,229815.89,20152.50,2.191335E+07,20479.74
1738956509,223344.91,2.481368E+08,229755.97,19784.99,2.211120E+07,20473.30
1738956519,218610.08,2.503229E+08,229653.72,19485.01,2.230605E+07,20464.24
1738956529,229550.01,2.526184E+08,229652.77,20595.00,2.251200E+07,20465.43
1738956539,227440.00,2.548928E+08,229632.84,20280.00,2.271480E+07,20463.76
1738956549,230282.50,2.571956E+08,229638.64,20377.50,2.291858E+07,20462.99
1738956559,234424.92,2.595399E+08,229680.99,20894.99,2.312752E+07,20466.81
1738956569,262492.60,2.621648E+08,229968.81,23527.51,2.336280E+07,20493.66
1738956579,285454.97,2.650194E+08,230451.30,25305.00,2.361585E+07,20535.49
1738956589,271825.01,2.677376E+08,230807.97,24360.00,2.385945E+07,20568.46
1738956599,280000.01,2.705376E+08,231228.42,24855.00,2.410800E+07,20605.10
1738956609,267547.50,2.732131E+08,231536.20,23887.50,2.434688E+07,20632.92
1738956619,280572.49,2.760188E+08,231948.27,24892.50,2.459580E+07,20668.71
1738956629,252775.02,2.785466E+08,232121.83,22635.00,2.482215E+07,20685.10
1738956639,216660.00,2.807132E+08,231994.05,19230.00,2.501445E+07,20673.07
1738956649,156094.95,2.822741E+08,231371.92,14025.00,2.515470E+07,20618.58
1738956659,116997.47,2.834441E+08,230442.05,10282.50,2.525752E+07,20534.55
1738956669,109505.05,2.845391E+08,229466.75,9915.00,2.535668E+07,20448.91
1738956679,118257.15,2.857217E+08,228577.08,10402.47,2.546070E+07,20368.53
1738956689,112054.76,2.868422E+08,227652.29,9952.48,2.556022E+07,20285.87
1738956699,115385.60,2.879961E+08,226768.31,10387.55,2.566410E+07,20207.93
1738956709,166260.00,2.896587E+08,226295.59,14760.00,2.581170E+07,20165.37
1738956719,209615.00,2.917548E+08,226166.28,18705.00,2.599875E+07,20154.05
1738956729,221789.99,2.939728E+08,226132.62,19777.50,2.619652E+07,20151.15
1738956739,216899.93,2.961418E+08,226062.14,19252.49,2.638905E+07,20144.29
1738956749,228227.60,2.984240E+08,226078.55,20437.51,2.659342E+07,20146.51
1738956759,224567.38,3.006697E+08,226067.18,19927.49,2.679270E+07,20144.86
1738956769,226660.10,3.029363E+08,226071.61,20220.01,2.699490E+07,20145.42
1738956779,234057.50,3.052769E+08,226130.76,20842.50,2.720332E+07,20150.59
1738956789,215317.41,3.074300E+08,226051.25,19222.49,2.739555E+07,20143.76
1738956799,223915.07,3.096692E+08,226035.66,20047.51,2.759602E+07,20143.06
1738956809,221415.00,3.118834E+08,226002.18,19582.50,2.779185E+07,20139.00
1738956819,215865.04,3.140420E+08,225929.25,19357.50,2.798542E+07,20133.38
1738956829,231234.98,3.163544E+08,225967.15,20550.00,2.819092E+07,20136.35
1738956839,225767.51,3.186120E+08,225965.73,20085.00,2.839178E+07,20135.99
1738956849,224627.26,3.208583E+08,225956.30,19957.48,2.859135E+07,20134.73
1738956859,221875.17,3.230770E+08,225927.77,19920.02,2.879055E+07,20133.23
1738956869,222900.06,3.253060E+08,225906.74,19717.50,2.898772E+07,20130.34
1738956879,275432.51,3.280604E+08,226248.30,24570.00,2.923342E+07,20160.96
1738956889,253962.41,3.306000E+08,226438.12,22762.49,2.946105E+07,20178.78
1738956899,233360.08,3.329336E+08,226485.21,20775.01,2.966880E+07,20182.84
1738956909,227199.99,3.352056E+08,226490.04,20265.00,2.987145E+07,20183.39
1738956919,229975.01,3.375054E+08,226513.43,20332.50,3.007478E+07,20184.39
1738956929,236772.49,3.398731E+08,226581.82,21210.00,3.028688E+07,20191.23
1738956939,233150.01,3.422046E+08,226625.32,20715.00,3.049402E+07,20194.70
1738956949,236362.48,3.445682E+08,226689.38,21150.00,3.070552E+07,20200.98
1738956959,226239.92,3.468306E+08,226686.44,20159.99,3.090712E+07,20200.72
1738956969,225450.05,3.490851E+08,226678.41,20062.50,3.110775E+07,20199.82
1738956979,179135.03,3.508764E+08,226371.68,16020.00,3.126795E+07,20172.85
1738956989,223822.49,3.531147E+08,226355.34,19837.50,3.146632E+07,20170.70
1738956999,217792.53,3.552926E+08,226300.80,19387.50,3.166020E+07,20165.71
1738957009,236999.97,3.576626E+08,226368.52,21240.00,3.187260E+07,20172.51
1738957019,243179.94,3.600944E+08,226474.25,21660.00,3.208920E+07,20181.87
1738957029,247665.08,3.625710E+08,226606.69,21997.51,3.230918E+07,20193.22
1738957039,235754.97,3.649286E+08,226663.51,21060.00,3.251978E+07,20198.60
1738957049,235220.02,3.672808E+08,226716.33,20992.50,3.272970E+07,20203.50
1738957059,240612.41,3.696869E+08,226801.58,21382.49,3.294352E+07,20210.73
1738957069,235755.06,3.720445E+08,226856.18,21060.01,3.315412E+07,20215.91
1738957079,239089.95,3.744354E+08,226930.32,21150.00,3.336562E+07,20221.57
1738957089,237202.50,3.768074E+08,226992.20,21270.00,3.357832E+07,20227.89
1738957099,210560.07,3.789130E+08,226893.80,18787.51,3.376620E+07,20219.26
1738957109,225459.99,3.811676E+08,226885.27,20055.00,3.396675E+07,20218.29
1738957119,217129.99,3.833389E+08,226827.55,19320.00,3.415995E+07,20212.97
1738957129,217499.97,3.855139E+08,226772.68,19335.00,3.435330E+07,20207.81
1738957139,222670.03,3.877406E+08,226748.69,19890.00,3.455220E+07,20205.95
1738957149,220695.00,3.899476E+08,226713.49,19567.50,3.474788E+07,20202.23
1738957159,214604.99,3.920936E+08,226643.50,19267.50,3.494055E+07,20196.83
1738957169,217679.97,3.942704E+08,226591.98,19410.00,3.513465E+07,20192.31
1738957179,225100.04,3.965214E+08,226583.46,20032.50,3.533498E+07,20191.40
1738957189,248865.00,3.990100E+08,226710.06,22110.00,3.555608E+07,20202.30
1738957199,251675.02,4.015268E+08,226851.10,22477.50,3.578085E+07,20215.15
1738957209,249554.96,4.040224E+08,226978.65,22207.50,3.600292E+07,20226.35
1738957219,233217.52,4.063545E+08,227013.51,20715.00,3.621008E+07,20229.07
1738957229,223479.98,4.085893E+08,226993.88,19980.00,3.640988E+07,20227.69
1738957239,224147.53,4.108308E+08,226978.15,20055.00,3.661042E+07,20226.74
1738957249,214670.00,4.129775E+08,226910.52,18967.50,3.680010E+07,20219.82
1738957259,213929.91,4.151168E+08,226839.59,19214.99,3.699225E+07,20214.33
1738957269,214835.01,4.172652E+08,226774.35,19020.00,3.718245E+07,20207.84
1738957279,217897.58,4.194441E+08,226726.37,19402.51,3.737648E+07,20203.48
1738957289,212812.50,4.215722E+08,226651.56,19087.50,3.756735E+07,20197.48
1738957299,216162.51,4.237339E+08,226595.47,19177.50,3.775912E+07,20192.03
1738957309,179052.29,4.255244E+08,226342.58,16012.48,3.791925E+07,20169.80
1738957319,131200.08,4.268364E+08,225839.18,11722.51,3.803648E+07,20125.10
1738957329,135920.07,4.281956E+08,225365.92,12097.51,3.815745E+07,20082.85
1738957339,122399.84,4.294196E+08,224826.83,10927.49,3.826672E+07,20034.92
1738957349,124965.17,4.306692E+08,224306.72,10980.01,3.837652E+07,19987.76
1738957359,132455.00,4.319938E+08,223830.81,11940.00,3.849592E+07,19946.06
1738957369,151582.46,4.335096E+08,223458.39,13425.00,3.863018E+07,19912.45
1738957379,232932.57,4.358390E+08,223506.98,20700.01,3.883718E+07,19916.48
1738957389,235812.47,4.381971E+08,223569.76,21075.00,3.904792E+07,19922.40
1738957399,236684.90,4.405639E+08,223636.34,21194.99,3.925988E+07,19928.86
1738957409,258402.64,4.431480E+08,223811.92,23017.51,3.949005E+07,19944.45
1738957419,278027.49,4.459282E+08,224084.36,24652.50,3.973658E+07,19968.11
1738957429,269617.48,4.486244E+08,224312.03,24082.50,3.997740E+07,19988.68
1738957439,275659.86,4.513810E+08,224567.49,24592.49,4.022332E+07,20011.59
1738957449,250020.08,4.538812E+08,224693.49,22267.51,4.044600E+07,20022.76
1738957459,244960.07,4.563308E+08,224793.33,21862.51,4.066462E+07,20031.82
1738957469,243299.99,4.587638E+08,224884.05,21637.50,4.088100E+07,20039.69
1738957479,239074.99,4.611546E+08,224953.27,21315.00,4.109415E+07,20045.91
1738957489,232347.43,4.634780E+08,224989.17,20602.49,4.130018E+07,20048.61
1738957499,198677.49,4.654648E+08,224862.06,17820.00,4.147838E+07,20037.85
1738957509,221797.51,4.676828E+08,224847.32,19665.00,4.167502E+07,20036.05
1738957519,244742.58,4.701302E+08,224942.52,21915.01,4.189418E+07,20045.05
1738957529,241377.47,4.725440E+08,225020.78,21480.00,4.210898E+07,20051.88
1738957539,241342.42,4.749574E+08,225098.13,21442.49,4.232340E+07,20058.47
1738957549,242662.62,4.773840E+08,225180.98,21637.51,4.253978E+07,20065.92
1738957559,242647.46,4.798105E+08,225262.98,21637.50,4.275615E+07,20073.30
1738957569,226652.44,4.820770E+08,225269.48,20227.49,4.295842E+07,20074.02
1738957579,281982.64,4.848968E+08,225533.26,25072.51,4.320915E+07,20097.26
1738957589,264802.44,4.875449E+08,225715.06,23557.49,4.344472E+07,20113.28
1738957599,246332.54,4.900082E+08,225810.07,22080.00,4.366552E+07,20122.35
1738957609,243539.93,4.924436E+08,225891.40,21719.99,4.388272E+07,20129.68
1738957619,240454.98,4.948482E+08,225957.90,21382.50,4.409655E+07,20135.40
1738957629,242725.08,4.972754E+08,226034.12,21637.51,4.431292E+07,20142.22
1738957639,249314.97,4.997686E+08,226139.46,22170.00,4.453462E+07,20151.40
1738957649,244705.03,5.022156E+08,226223.09,21900.00,4.475362E+07,20159.28
1738957659,250480.01,5.047204E+08,226331.86,22320.00,4.497682E+07,20168.97
1738957669,253270.02,5.072531E+08,226452.12,22447.50,4.520130E+07,20179.14
1738957679,252909.99,5.097822E+08,226569.71,22530.00,4.542660E+07,20189.59
1738957689,242609.98,5.122083E+08,226640.69,21630.00,4.564290E+07,20195.96
1738957699,244817.52,5.146565E+08,226720.76,21922.50,4.586212E+07,20203.57
1738957709,232382.49,5.169803E+08,226745.59,20632.50,4.606845E+07,20205.45
1738957719,242834.91,5.194086E+08,226815.85,21659.99,4.628505E+07,20211.80
1738957729,242145.08,5.218301E+08,226882.50,21570.01,4.650075E+07,20217.70
1738957739,237390.03,5.242040E+08,226927.99,21195.00,4.671270E+07,20221.93
1738957749,238302.48,5.265870E+08,226977.02,21127.50,4.692398E+07,20225.84
1738957759,250270.01,5.290897E+08,227076.99,22290.00,4.714688E+07,20234.70
1738957769,245342.51,5.315432E+08,227155.04,21997.50,4.736685E+07,20242.23
1738957779,255879.97,5.341020E+08,227277.28,22680.00,4.759365E+07,20252.60
1738957789,245484.96,5.365568E+08,227354.43,22005.00,4.781370E+07,20260.03
1738957799,249700.04,5.390538E+08,227448.71,22222.50,4.803592E+07,20268.31
1738957809,248122.44,5.415350E+08,227535.58,22004.99,4.825598E+07,20275.61
1738957819,251282.56,5.440478E+08,227634.94,22440.01,4.848038E+07,20284.66
1738957829,234274.99,5.463906E+08,227662.61,20872.50,4.868910E+07,20287.11
1738957839,258012.52,5.489707E+08,227788.54,22957.50,4.891868E+07,20298.19
1738957849,283347.30,5.518042E+08,228018.12,25282.48,4.917150E+07,20318.79
1738957859,285300.19,5.546572E+08,228253.85,25507.52,4.942658E+07,20340.14
1738957869,279437.49,5.574516E+08,228463.62,24765.00,4.967422E+07,20358.28
1738957879,254082.41,5.599924E+08,228568.18,22769.99,4.990192E+07,20368.12
1738957889,261567.61,5.626081E+08,228702.33,23160.01,5.013352E+07,20379.47
1738957899,255192.39,5.651600E+08,228809.57,22897.49,5.036250E+07,20389.66
1738957909,242880.10,5.675888E+08,228866.31,21630.01,5.057880E+07,20394.66
1738957919,240334.99,5.699922E+08,228912.37,21375.00,5.079255E+07,20398.60
1738957929,235447.46,5.723466E+08,228938.51,21022.50,5.100278E+07,20401.10
1738957939,232442.54,5.746710E+08,228952.47,20640.00,5.120918E+07,20402.05
1738957949,237930.00,5.770504E+08,228988.10,21247.50,5.142165E+07,20405.40
1738957959,244724.99,5.794976E+08,229050.30,21675.00,5.163840E+07,20410.42

Summary:
loaded 581760000 metrics in 2539.048sec with 10 workers (mean rate 229125.28 metrics/sec)
loaded 51840000 rows in 2539.048sec with 10 workers (mean rate 20417.10 rows/sec)
Run complete after 691200 queries with 10 workers (Overall query rate 272.23 queries/sec):
          :
min:     0.93ms, med:     1.96ms, mean:     8.41ms, max: 3451.78ms, stddev:    19.77ms, sum: 5815.8sec, count: 691200
all queries:
min:     0.93ms, med:     1.96ms, mean:     8.41ms, max: 3451.78ms, stddev:    19.77ms, sum: 5815.8sec, count: 691200
Saving Response Latencies to /home/benchUser/results/latenciesInserts_other.csv
