After 500 queries with 10 workers:
Interval query rate: 2.44 queries/sec	Overall query rate: 2.44 queries/sec
VictoriaMetrics mean of 10 metrics, all hosts, random 12h0m0s by 1h:
min:   740.38ms, med:  4104.96ms, mean:  4070.55ms, max: 4983.30ms, stddev:   435.70ms, sum: 2035.3sec, count: 500
all queries                                                        :
min:   740.38ms, med:  4104.96ms, mean:  4070.55ms, max: 4983.30ms, stddev:   435.70ms, sum: 2035.3sec, count: 500

After 1000 queries with 10 workers:
Interval query rate: 2.48 queries/sec	Overall query rate: 2.46 queries/sec
VictoriaMetrics mean of 10 metrics, all hosts, random 12h0m0s by 1h:
min:   740.38ms, med:  4074.75ms, mean:  4051.97ms, max: 5090.56ms, stddev:   394.01ms, sum: 4052.0sec, count: 1000
all queries                                                        :
min:   740.38ms, med:  4074.75ms, mean:  4051.97ms, max: 5090.56ms, stddev:   394.01ms, sum: 4052.0sec, count: 1000

After 1500 queries with 10 workers:
Interval query rate: 2.40 queries/sec	Overall query rate: 2.44 queries/sec
VictoriaMetrics mean of 10 metrics, all hosts, random 12h0m0s by 1h:
min:   740.38ms, med:  4098.69ms, mean:  4091.62ms, max: 5729.53ms, stddev:   392.68ms, sum: 6137.4sec, count: 1500
all queries                                                        :
min:   740.38ms, med:  4098.69ms, mean:  4091.62ms, max: 5729.53ms, stddev:   392.68ms, sum: 6137.4sec, count: 1500

After 2000 queries with 10 workers:
Interval query rate: 2.40 queries/sec	Overall query rate: 2.43 queries/sec
VictoriaMetrics mean of 10 metrics, all hosts, random 12h0m0s by 1h:
min:   740.38ms, med:  4116.35ms, mean:  4109.15ms, max: 5729.53ms, stddev:   389.78ms, sum: 8218.3sec, count: 2000
all queries                                                        :
min:   740.38ms, med:  4116.35ms, mean:  4109.15ms, max: 5729.53ms, stddev:   389.78ms, sum: 8218.3sec, count: 2000

After 2500 queries with 10 workers:
Interval query rate: 2.43 queries/sec	Overall query rate: 2.43 queries/sec
VictoriaMetrics mean of 10 metrics, all hosts, random 12h0m0s by 1h:
min:   740.38ms, med:  4118.40ms, mean:  4110.85ms, max: 5729.53ms, stddev:   375.98ms, sum: 10277.1sec, count: 2500
all queries                                                        :
min:   740.38ms, med:  4118.40ms, mean:  4110.85ms, max: 5729.53ms, stddev:   375.98ms, sum: 10277.1sec, count: 2500

After 3000 queries with 10 workers:
Interval query rate: 2.36 queries/sec	Overall query rate: 2.42 queries/sec
VictoriaMetrics mean of 10 metrics, all hosts, random 12h0m0s by 1h:
min:   740.38ms, med:  4131.07ms, mean:  4130.21ms, max: 6302.72ms, stddev:   386.48ms, sum: 12390.6sec, count: 3000
all queries                                                        :
min:   740.38ms, med:  4131.07ms, mean:  4130.21ms, max: 6302.72ms, stddev:   386.48ms, sum: 12390.6sec, count: 3000

After 3500 queries with 10 workers:
Interval query rate: 2.40 queries/sec	Overall query rate: 2.41 queries/sec
VictoriaMetrics mean of 10 metrics, all hosts, random 12h0m0s by 1h:
min:   740.38ms, med:  4138.49ms, mean:  4137.51ms, max: 6302.72ms, stddev:   383.32ms, sum: 14481.3sec, count: 3500
all queries                                                        :
min:   740.38ms, med:  4138.49ms, mean:  4137.51ms, max: 6302.72ms, stddev:   383.32ms, sum: 14481.3sec, count: 3500

After 4000 queries with 10 workers:
Interval query rate: 2.40 queries/sec	Overall query rate: 2.41 queries/sec
VictoriaMetrics mean of 10 metrics, all hosts, random 12h0m0s by 1h:
min:   740.38ms, med:  4143.61ms, mean:  4140.00ms, max: 6302.72ms, stddev:   382.25ms, sum: 16560.0sec, count: 4000
all queries                                                        :
min:   740.38ms, med:  4143.61ms, mean:  4140.00ms, max: 6302.72ms, stddev:   382.25ms, sum: 16560.0sec, count: 4000

After 4500 queries with 10 workers:
Interval query rate: 2.41 queries/sec	Overall query rate: 2.41 queries/sec
VictoriaMetrics mean of 10 metrics, all hosts, random 12h0m0s by 1h:
min:   740.38ms, med:  4142.59ms, mean:  4140.41ms, max: 6302.72ms, stddev:   379.54ms, sum: 18631.9sec, count: 4500
all queries                                                        :
min:   740.38ms, med:  4142.59ms, mean:  4140.41ms, max: 6302.72ms, stddev:   379.54ms, sum: 18631.9sec, count: 4500

After 5000 queries with 10 workers:
Interval query rate: 2.43 queries/sec	Overall query rate: 2.41 queries/sec
VictoriaMetrics mean of 10 metrics, all hosts, random 12h0m0s by 1h:
min:   740.38ms, med:  4142.59ms, mean:  4138.03ms, max: 6302.72ms, stddev:   376.66ms, sum: 20690.1sec, count: 5000
all queries                                                        :
min:   740.38ms, med:  4142.59ms, mean:  4138.03ms, max: 6302.72ms, stddev:   376.66ms, sum: 20690.1sec, count: 5000

After 5500 queries with 10 workers:
Interval query rate: 2.40 queries/sec	Overall query rate: 2.41 queries/sec
VictoriaMetrics mean of 10 metrics, all hosts, random 12h0m0s by 1h:
min:   740.38ms, med:  4142.59ms, mean:  4139.94ms, max: 6302.72ms, stddev:   375.69ms, sum: 22769.7sec, count: 5500
all queries                                                        :
min:   740.38ms, med:  4142.59ms, mean:  4139.94ms, max: 6302.72ms, stddev:   375.69ms, sum: 22769.7sec, count: 5500

After 6000 queries with 10 workers:
Interval query rate: 2.43 queries/sec	Overall query rate: 2.41 queries/sec
VictoriaMetrics mean of 10 metrics, all hosts, random 12h0m0s by 1h:
min:   740.38ms, med:  4138.49ms, mean:  4138.19ms, max: 6302.72ms, stddev:   372.23ms, sum: 24829.2sec, count: 6000
all queries                                                        :
min:   740.38ms, med:  4138.49ms, mean:  4138.19ms, max: 6302.72ms, stddev:   372.23ms, sum: 24829.2sec, count: 6000

After 6500 queries with 10 workers:
Interval query rate: 2.44 queries/sec	Overall query rate: 2.42 queries/sec
VictoriaMetrics mean of 10 metrics, all hosts, random 12h0m0s by 1h:
min:   740.38ms, med:  4136.19ms, mean:  4135.27ms, max: 6302.72ms, stddev:   369.90ms, sum: 26879.3sec, count: 6500
all queries                                                        :
min:   740.38ms, med:  4136.19ms, mean:  4135.27ms, max: 6302.72ms, stddev:   369.90ms, sum: 26879.3sec, count: 6500

After 7000 queries with 10 workers:
Interval query rate: 2.42 queries/sec	Overall query rate: 2.42 queries/sec
VictoriaMetrics mean of 10 metrics, all hosts, random 12h0m0s by 1h:
min:   740.38ms, med:  4136.45ms, mean:  4135.73ms, max: 6302.72ms, stddev:   372.66ms, sum: 28950.1sec, count: 7000
all queries                                                        :
min:   740.38ms, med:  4136.45ms, mean:  4135.73ms, max: 6302.72ms, stddev:   372.66ms, sum: 28950.1sec, count: 7000

After 7500 queries with 10 workers:
Interval query rate: 2.78 queries/sec	Overall query rate: 2.44 queries/sec
VictoriaMetrics mean of 10 metrics, all hosts, random 12h0m0s by 1h:
min:   740.38ms, med:  4104.45ms, mean:  4099.32ms, max: 6302.72ms, stddev:   391.38ms, sum: 30744.9sec, count: 7500
all queries                                                        :
min:   740.38ms, med:  4104.45ms, mean:  4099.32ms, max: 6302.72ms, stddev:   391.38ms, sum: 30744.9sec, count: 7500

After 8000 queries with 10 workers:
Interval query rate: 2.76 queries/sec	Overall query rate: 2.46 queries/sec
VictoriaMetrics mean of 10 metrics, all hosts, random 12h0m0s by 1h:
min:   740.38ms, med:  4073.98ms, mean:  4069.50ms, max: 6302.72ms, stddev:   402.51ms, sum: 32556.0sec, count: 8000
all queries                                                        :
min:   740.38ms, med:  4073.98ms, mean:  4069.50ms, max: 6302.72ms, stddev:   402.51ms, sum: 32556.0sec, count: 8000

After 8500 queries with 10 workers:
Interval query rate: 2.84 queries/sec	Overall query rate: 2.48 queries/sec
VictoriaMetrics mean of 10 metrics, all hosts, random 12h0m0s by 1h:
min:   740.38ms, med:  4043.52ms, mean:  4036.71ms, max: 6302.72ms, stddev:   417.62ms, sum: 34312.0sec, count: 8500
all queries                                                        :
min:   740.38ms, med:  4043.52ms, mean:  4036.71ms, max: 6302.72ms, stddev:   417.62ms, sum: 34312.0sec, count: 8500

Run complete after 8640 queries with 10 workers (Overall query rate 2.48 queries/sec):
VictoriaMetrics mean of 10 metrics, all hosts, random 12h0m0s by 1h:
min:   740.38ms, med:  4036.22ms, mean:  4030.97ms, max: 6302.72ms, stddev:   418.39ms, sum: 34827.6sec, count: 8640
all queries                                                        :
min:   740.38ms, med:  4036.22ms, mean:  4030.97ms, max: 6302.72ms, stddev:   418.39ms, sum: 34827.6sec, count: 8640
Saving Response Latencies to /home/benchUser/results/latenciesQueries_other.csv
wall clock time: 3484.387192sec
