time,per. metric/s,metric total,overall metric/s,per. row/s,row total,overall row/s
1732862734,18438.69,1.844000E+05,18438.69,1739.88,1.740000E+04,1739.88
1732862744,370199.98,3.886400E+06,194313.09,32900.00,3.464000E+05,17319.38
1732862754,381360.08,7.700000E+06,256660.60,34080.01,6.872000E+05,22906.13
1732862764,365099.96,1.135100E+07,283769.97,32580.00,1.013000E+06,25324.55
1732862774,353989.88,1.489090E+07,297813.75,31489.99,1.327900E+06,26557.62
1732862784,394840.15,1.883930E+07,313984.62,35120.01,1.679100E+06,27984.67
1732862794,259639.98,2.143570E+07,306221.18,23200.00,1.911100E+06,27301.15
1732862804,372060.07,2.515630E+07,314450.97,33170.01,2.242800E+06,28034.75
1732862814,370219.90,2.885850E+07,320647.47,32909.99,2.571900E+06,28576.44
1732862824,383129.81,3.268980E+07,326895.66,34259.98,2.914500E+06,29144.79
1732862834,358930.10,3.627910E+07,329807.86,31850.01,3.233000E+06,29390.72
1732862844,282190.11,3.910100E+07,325839.74,25160.01,3.484600E+06,29038.16
1732862854,377099.88,4.287200E+07,329782.81,33729.99,3.821900E+06,29399.07
1732862864,264120.07,4.551320E+07,325092.64,23470.01,4.056600E+06,28975.57
1732862874,353840.03,4.905160E+07,327009.12,31440.00,4.371000E+06,29139.86
1732862884,277150.00,5.182310E+07,323892.94,24810.00,4.619100E+06,28869.25
1732862894,330829.81,5.513140E+07,324300.99,29469.98,4.913800E+06,28904.58
1732862904,325100.13,5.838240E+07,324345.39,29030.01,5.204100E+06,28911.55
1732862914,409640.06,6.247880E+07,328834.56,36410.01,5.568200E+06,29306.21
1732862924,365319.98,6.613200E+07,330658.83,32620.00,5.894400E+06,29471.90
1732862934,274999.92,6.888200E+07,328008.41,24519.99,6.139600E+06,29236.09
1732862944,360710.16,7.248910E+07,329494.85,32010.01,6.459700E+06,29362.18
1732862954,359169.93,7.608080E+07,330785.07,32139.99,6.781100E+06,29482.95
1732862964,362310.06,7.970390E+07,332098.60,32260.01,7.103700E+06,29598.66
1732862974,383590.00,8.353980E+07,334158.25,34120.00,7.444900E+06,29779.52
1732862984,346109.97,8.700090E+07,334617.93,30890.00,7.753800E+06,29822.23
1732862994,372920.04,9.073010E+07,336036.53,33160.00,8.085400E+06,29945.85
1732863004,323089.89,9.396100E+07,335574.15,28779.99,8.373200E+06,29904.21
1732863014,333510.06,9.729610E+07,335502.97,29710.01,8.670300E+06,29897.51
1732863024,406819.94,1.013643E+08,337880.20,36379.99,9.034100E+06,30113.60
1732863034,236120.04,1.037255E+08,334597.62,21000.00,9.244100E+06,29819.61
1732863044,395440.04,1.076799E+08,336498.94,35250.00,9.596600E+06,29989.31
1732863054,369529.94,1.113752E+08,337499.88,32919.99,9.925800E+06,30078.12
1732863064,341979.80,1.147950E+08,337631.64,30459.98,1.023040E+07,30089.35
1732863074,175920.04,1.165542E+08,333011.32,15710.00,1.038750E+07,29678.51
1732863084,309040.13,1.196446E+08,332345.46,27500.01,1.066250E+07,29618.00
1732863094,376279.82,1.234074E+08,333532.87,33529.98,1.099780E+07,29723.73
1732863104,362520.16,1.270326E+08,334295.69,32240.01,1.132020E+07,29789.94
1732863114,375450.01,1.307871E+08,335350.93,33550.00,1.165570E+07,29886.36
1732863124,332309.90,1.341102E+08,335274.90,29559.99,1.195130E+07,29878.20
1732863134,305540.11,1.371656E+08,334549.67,27300.01,1.222430E+07,29815.31
1732863144,351319.92,1.406788E+08,334948.96,31149.99,1.253580E+07,29847.09
1732863154,309560.01,1.437744E+08,334358.52,27700.00,1.281280E+07,29797.16
1732863164,187679.98,1.456512E+08,331024.92,16760.00,1.298040E+07,29500.86
1732863174,219570.06,1.478469E+08,328548.15,19500.01,1.317540E+07,29278.62
1732863184,353190.01,1.513788E+08,329083.84,31540.00,1.349080E+07,29327.78
1732863194,362919.74,1.550080E+08,329803.75,32309.98,1.381390E+07,29391.23
1732863204,292320.13,1.579312E+08,329022.85,26080.01,1.407470E+07,29322.25
1732863214,385969.93,1.617909E+08,330185.03,34349.99,1.441820E+07,29424.86
1732863224,371600.13,1.655069E+08,331013.33,33110.01,1.474930E+07,29498.56
1732863234,347770.01,1.689846E+08,331341.89,31000.00,1.505930E+07,29528.00
1732863244,374100.01,1.727256E+08,332164.16,33350.00,1.539280E+07,29601.50
1732863254,325879.90,1.759844E+08,332045.59,28899.99,1.568180E+07,29588.26
1732863264,336040.06,1.793448E+08,332119.56,30100.01,1.598280E+07,29597.74
1732863274,376089.86,1.831057E+08,332919.02,33389.99,1.631670E+07,29666.69
1732863284,347580.01,1.865815E+08,333180.83,30980.00,1.662650E+07,29690.14
1732863294,383760.17,1.904191E+08,334068.18,34290.02,1.696940E+07,29770.84
1732863304,296809.99,1.933872E+08,333425.80,26440.00,1.723380E+07,29713.41
1732863314,391599.89,1.973032E+08,334411.80,34839.99,1.758220E+07,29800.30
1732863324,291590.01,2.002191E+08,333698.10,25970.00,1.784190E+07,29736.46
1732863334,410550.08,2.043246E+08,334957.97,36630.01,1.820820E+07,29849.47
1732863344,374619.89,2.080708E+08,335597.68,33299.99,1.854120E+07,29905.13
1732863354,243420.06,2.105050E+08,334134.54,21750.01,1.875870E+07,29775.68
1732863364,361580.02,2.141208E+08,334563.38,32180.00,1.908050E+07,29813.25
1732863374,366540.00,2.177862E+08,335055.33,32740.00,1.940790E+07,29858.28
1732863384,369230.00,2.214785E+08,335573.12,32790.00,1.973580E+07,29902.70
1732863394,295749.96,2.244360E+08,334978.75,26490.00,2.000070E+07,29851.76
1732863404,433069.93,2.287667E+08,336421.26,38529.99,2.038600E+07,29979.38
1732863414,351980.14,2.322865E+08,336646.76,31370.01,2.069970E+07,29999.53
1732863424,171329.98,2.339998E+08,334285.09,15180.00,2.085150E+07,29787.83
1732863434,329579.80,2.372956E+08,334218.82,29439.98,2.114590E+07,29782.93
1732863444,325200.02,2.405476E+08,334093.56,28910.00,2.143500E+07,29770.80
1732863454,393610.23,2.444837E+08,334908.85,35160.02,2.178660E+07,29844.63
1732863464,245739.97,2.469411E+08,333703.87,21860.00,2.200520E+07,29736.73
1732863474,400820.04,2.509493E+08,334598.75,35750.00,2.236270E+07,29816.91
1732863484,348369.98,2.544330E+08,334779.95,30990.00,2.267260E+07,29832.34
1732863494,253009.91,2.569631E+08,333718.00,22579.99,2.289840E+07,29738.15
1732863504,354970.08,2.605128E+08,333990.46,31600.01,2.321440E+07,29762.02
1732863514,330930.02,2.638221E+08,333951.72,29470.00,2.350910E+07,29758.33
1732863524,321879.97,2.670409E+08,333800.83,28680.00,2.379590E+07,29744.85
1732863534,236790.07,2.694088E+08,332603.17,21170.01,2.400760E+07,29638.99
1732863544,201409.91,2.714229E+08,331003.25,17909.99,2.418670E+07,29495.95
1732863554,240930.00,2.738322E+08,329918.03,21420.00,2.440090E+07,29398.65
1732863564,405400.15,2.778862E+08,330816.63,36170.01,2.476260E+07,29479.26
1732863574,236409.98,2.802503E+08,329705.96,21160.00,2.497420E+07,29381.39
1732863584,362770.04,2.838780E+08,330090.43,32300.00,2.529720E+07,29415.32
1732863594,350270.01,2.873807E+08,330322.37,31230.00,2.560950E+07,29436.18
1732863604,369529.98,2.910760E+08,330767.91,32930.00,2.593880E+07,29475.89
1732863614,353929.90,2.946153E+08,331028.16,31469.99,2.625350E+07,29498.29
1732863624,397750.11,2.985928E+08,331769.52,35520.01,2.660870E+07,29565.20
1732863634,248089.82,3.010737E+08,330849.96,21999.98,2.682870E+07,29482.06
1732863644,348490.11,3.045586E+08,331041.70,31120.01,2.713990E+07,29499.87
1732863654,373400.11,3.082926E+08,331497.17,33320.01,2.747310E+07,29540.95
1732863664,368840.05,3.119810E+08,331894.43,32750.00,2.780060E+07,29575.08
1732863674,293329.99,3.149143E+08,331488.49,26250.00,2.806310E+07,29540.08
1732863684,355890.00,3.184732E+08,331742.67,31730.00,2.838040E+07,29562.89
1732863694,399740.02,3.224706E+08,332443.67,35500.00,2.873540E+07,29624.10
1732863704,357029.92,3.260409E+08,332694.55,31809.99,2.905350E+07,29646.41
1732863714,349979.96,3.295407E+08,332869.15,31300.00,2.936650E+07,29663.11
1732863724,348090.15,3.330216E+08,333021.36,31040.01,2.967690E+07,29676.88
1732863734,240199.97,3.354236E+08,332102.34,21330.00,2.989020E+07,29594.24
1732863744,373719.92,3.391608E+08,332510.36,33379.99,3.022400E+07,29631.35
1732863754,347160.10,3.426324E+08,332652.59,30920.01,3.053320E+07,29643.86
1732863764,355070.00,3.461831E+08,332868.14,31620.00,3.084940E+07,29662.86
1732863774,290139.84,3.490845E+08,332461.20,25829.99,3.110770E+07,29626.36
1732863784,168050.01,3.507650E+08,330910.15,14890.00,3.125660E+07,29487.34
1732863794,400610.14,3.547711E+08,331561.56,35790.01,3.161450E+07,29546.24
1732863804,360000.00,3.583711E+08,331824.87,32050.00,3.193500E+07,29569.42
1732863814,335030.03,3.617214E+08,331854.28,29870.00,3.223370E+07,29572.18
1732863824,377949.88,3.655009E+08,332273.33,33739.99,3.257110E+07,29610.07
1732863834,278650.12,3.682874E+08,331790.24,24660.01,3.281770E+07,29565.48
1732863844,351169.91,3.717991E+08,331963.27,31439.99,3.313210E+07,29582.21
1732863854,393730.08,3.757364E+08,332509.88,34990.01,3.348200E+07,29630.07
1732863864,381479.95,3.795512E+08,332939.44,34070.00,3.382270E+07,29669.02
1732863874,339429.99,3.829455E+08,332995.88,30250.00,3.412520E+07,29674.07
1732863884,286720.05,3.858127E+08,332596.95,25470.00,3.437990E+07,29637.83
1732863894,365969.95,3.894724E+08,332882.19,32610.00,3.470600E+07,29663.23
1732863904,351399.84,3.929864E+08,333039.12,31399.99,3.502000E+07,29677.95
1732863914,216600.12,3.951524E+08,332060.64,19320.01,3.521320E+07,29590.91
1732863924,206030.01,3.972127E+08,331010.39,18220.00,3.539540E+07,29496.15
1732863934,286990.00,4.000826E+08,330646.58,25720.00,3.565260E+07,29464.94
1732863944,371099.99,4.037936E+08,330978.17,33040.00,3.598300E+07,29494.25
1732863954,379189.85,4.075855E+08,331370.13,33769.99,3.632070E+07,29529.01
1732863964,305299.97,4.106385E+08,331159.89,27120.00,3.659190E+07,29509.58
1732863974,349830.17,4.141368E+08,331309.25,31280.01,3.690470E+07,29523.74
1732863984,374319.98,4.178800E+08,331650.61,33320.00,3.723790E+07,29553.87
1732863994,377480.06,4.216548E+08,332011.47,33690.01,3.757480E+07,29586.44
1732864004,341069.94,4.250655E+08,332082.24,30359.99,3.787840E+07,29592.48
1732864014,263379.99,4.276993E+08,331549.66,23450.00,3.811290E+07,29544.87
1732864024,341160.04,4.311109E+08,331623.59,30440.00,3.841730E+07,29551.75
1732864034,393479.97,4.350457E+08,332095.77,34980.00,3.876710E+07,29593.19
1732864044,368829.76,4.387340E+08,332374.06,32849.98,3.909560E+07,29617.86
1732864054,303710.18,4.417711E+08,332158.54,27160.02,3.936720E+07,29599.38
1732864064,283530.05,4.446064E+08,331795.65,25290.00,3.962010E+07,29567.22
1732864074,371029.88,4.483167E+08,332086.27,33039.99,3.995050E+07,29592.95
1732864084,389130.06,4.522080E+08,332505.71,34680.00,4.029730E+07,29630.35
1732864094,327450.04,4.554825E+08,332468.81,29060.00,4.058790E+07,29626.19
1732864104,332090.04,4.588034E+08,332466.06,29640.00,4.088430E+07,29626.29
1732864114,366299.98,4.624664E+08,332709.47,32720.00,4.121150E+07,29648.55
1732864124,297009.98,4.654365E+08,332454.47,26420.00,4.147570E+07,29625.48
1732864134,239429.97,4.678308E+08,331794.73,21260.00,4.168830E+07,29566.16
1732864144,304659.97,4.708774E+08,331603.64,27230.00,4.196060E+07,29549.70
1732864154,272500.05,4.736024E+08,331190.33,24290.00,4.220350E+07,29512.92
1732864164,332829.99,4.769307E+08,331201.71,29670.00,4.250020E+07,29514.01
1732864174,233979.91,4.792705E+08,330531.22,20869.99,4.270890E+07,29454.40
1732864184,141920.06,4.806897E+08,329239.36,12510.01,4.283400E+07,29338.34
1732864194,172969.98,4.824194E+08,328176.30,15550.00,4.298950E+07,29244.54
1732864204,303919.84,4.854586E+08,328012.41,26949.99,4.325900E+07,29229.04
1732864214,348260.25,4.889412E+08,328148.30,31080.02,4.356980E+07,29241.46
1732864224,363479.83,4.925760E+08,328383.84,32379.98,4.389360E+07,29262.39
1732864234,396760.20,4.965436E+08,328836.67,35400.02,4.424760E+07,29303.03
1732864244,367989.95,5.002235E+08,329094.25,32730.00,4.457490E+07,29325.58
1732864254,219730.00,5.024208E+08,328379.46,19540.00,4.477030E+07,29261.62
1732864264,367759.97,5.060984E+08,328635.17,32920.00,4.509950E+07,29285.38
1732864274,351219.95,5.096106E+08,328780.88,31140.00,4.541090E+07,29297.34
1732864284,375680.11,5.133674E+08,329081.52,33630.01,4.574720E+07,29325.11
1732864294,353390.02,5.169013E+08,329236.35,31430.00,4.606150E+07,29338.52
1732864304,299789.82,5.198992E+08,329049.98,26739.98,4.632890E+07,29322.08
1732864314,336140.12,5.232606E+08,329094.57,29870.01,4.662760E+07,29325.52
1732864324,359720.01,5.268578E+08,329285.98,32180.00,4.694940E+07,29343.36
1732864334,378070.01,5.306385E+08,329588.98,33630.00,4.728570E+07,29369.99
1732864344,344109.78,5.340796E+08,329678.62,30599.98,4.759170E+07,29377.58
1732864354,309920.09,5.371788E+08,329557.40,27650.01,4.786820E+07,29366.98
1732864364,202900.00,5.392078E+08,328785.10,18120.00,4.804940E+07,29298.40
1732864374,210410.04,5.413119E+08,328067.68,18760.00,4.823700E+07,29234.53
1732864384,332490.04,5.446368E+08,328094.32,29670.00,4.853370E+07,29237.16
1732864394,417780.00,5.488146E+08,328631.36,37140.00,4.890510E+07,29284.48
1732864404,485520.09,5.536698E+08,329565.22,43300.01,4.933810E+07,29367.90
1732864414,420779.68,5.578776E+08,330104.95,37509.97,4.971320E+07,29416.08
1732864424,461230.38,5.624899E+08,330876.27,41130.03,5.012450E+07,29484.99
1732864434,468849.55,5.671784E+08,331683.14,41789.96,5.054240E+07,29556.95
1732864444,483510.30,5.720135E+08,332565.85,43030.03,5.097270E+07,29635.28
1732864454,417329.92,5.761868E+08,333055.82,37069.99,5.134340E+07,29678.25
1732864464,477120.19,5.809580E+08,333883.77,42520.02,5.176860E+07,29752.06

Summary:
loaded 581760000 metrics in 1741.969sec with 10 workers (mean rate 333966.89 metrics/sec)
loaded 51840000 rows in 1741.969sec with 10 workers (mean rate 29759.43 rows/sec)
Run complete after 518400 queries with 10 workers (Overall query rate 297.59 queries/sec):
          :
min:     1.10ms, med:    31.95ms, mean:    31.30ms, max: 5156.86ms, stddev:    41.33ms, sum: 16225.2sec, count: 518400
all queries:
min:     1.10ms, med:    31.95ms, mean:    31.30ms, max: 5156.86ms, stddev:    41.33ms, sum: 16225.2sec, count: 518400
Saving Response Latencies to /home/benchUser/results/latenciesInserts_other.csv
