time,per. metric/s,metric total,overall metric/s,per. row/s,row total,overall row/s
1732862734,42499.62,4.250000E+05,42499.62,3869.97,3.870000E+04,3869.97
1732862744,387450.01,4.299500E+06,214974.04,34500.00,3.837000E+05,19184.91
1732862754,375549.92,8.055000E+06,268499.18,33529.99,7.190000E+05,23966.59
1732862764,369539.96,1.175040E+07,293759.32,32940.00,1.048400E+06,26209.94
1732862774,370390.12,1.545430E+07,309085.45,32960.01,1.378000E+06,27559.95
1732862784,371310.01,1.916740E+07,319456.19,33060.00,1.708600E+06,28476.62
1732862794,301469.98,2.218210E+07,316886.74,26950.00,1.978100E+06,28258.54
1732862804,383850.00,2.602060E+07,325257.14,34060.00,2.318700E+06,28983.72
1732862814,403390.05,3.005450E+07,333938.56,35960.00,2.678300E+06,29758.86
1732862824,365549.78,3.371000E+07,337099.68,32609.98,3.004400E+06,30043.97
1732862834,317450.16,3.688450E+07,335313.37,28390.01,3.288300E+06,29893.61
1732862844,345020.02,4.033470E+07,336122.25,30640.00,3.594700E+06,29955.81
1732862854,439889.93,4.473360E+07,344104.38,39299.99,3.987700E+06,30674.59
1732862864,324510.07,4.797870E+07,342704.79,28850.01,4.276200E+06,30544.27
1732862874,381510.00,5.179380E+07,345291.80,33910.00,4.615300E+06,30768.65
1732862884,368619.86,5.548000E+07,346749.80,32999.99,4.945300E+06,30908.11
1732862894,321439.98,5.869440E+07,345260.99,28620.00,5.231500E+06,30773.51
1732862904,336400.07,6.205840E+07,344768.72,29850.01,5.530000E+06,30722.21
1732862914,373059.96,6.578900E+07,346257.73,33300.00,5.863000E+06,30857.88
1732862924,379550.06,6.958450E+07,347922.34,33810.01,6.201100E+06,31005.49
1732862934,376010.00,7.334460E+07,349259.85,33570.00,6.536800E+06,31127.61
1732862944,374800.00,7.709260E+07,350420.77,33300.00,6.869800E+06,31226.35
1732862954,326900.00,8.036160E+07,349398.12,29280.00,7.162600E+06,31141.73
1732862964,338549.93,8.374710E+07,348946.12,30149.99,7.464100E+06,31100.40
1732862974,401250.12,8.775960E+07,351038.28,35630.01,7.820400E+06,31281.59
1732862984,370689.90,9.146650E+07,351794.11,33029.99,8.150700E+06,31348.84
1732862994,415020.13,9.561670E+07,354135.81,37080.01,8.521500E+06,31561.10
1732863004,312589.96,9.874260E+07,352652.03,27740.00,8.798900E+06,31424.63
1732863014,362169.99,1.023643E+08,352980.24,32320.00,9.122100E+06,31455.51
1732863024,370440.04,1.060687E+08,353562.23,33080.00,9.452900E+06,31509.66
1732863034,401210.05,1.100808E+08,355099.25,35750.00,9.810400E+06,31646.44
1732863044,369709.93,1.137779E+08,355555.84,32849.99,1.013890E+07,31684.05
1732863054,260279.97,1.163807E+08,352668.69,23280.00,1.037170E+07,31429.39
1732863064,225770.06,1.186384E+08,348936.38,20110.01,1.057280E+07,31096.46
1732863074,357759.86,1.222160E+08,349188.48,31939.99,1.089220E+07,31120.56
1732863084,374810.11,1.259641E+08,349900.19,33250.01,1.122470E+07,31179.71
1732863094,372489.96,1.296890E+08,350510.73,33180.00,1.155650E+07,31233.78
1732863104,375150.07,1.334405E+08,351159.13,33580.01,1.189230E+07,31295.52
1732863114,312089.97,1.365614E+08,350157.36,27670.00,1.216900E+07,31202.56
1732863124,375219.97,1.403136E+08,350783.92,33590.00,1.250490E+07,31262.24
1732863134,418529.94,1.444989E+08,352436.26,37239.99,1.287730E+07,31408.04
1732863144,371320.09,1.482121E+08,352885.88,33080.01,1.320810E+07,31447.85
1732863154,370410.04,1.519162E+08,353293.42,32930.00,1.353740E+07,31482.32
1732863164,301599.92,1.549322E+08,352118.56,26999.99,1.380740E+07,31380.45
1732863174,382120.02,1.587534E+08,352785.26,34000.00,1.414740E+07,31438.66
1732863184,271529.90,1.614687E+08,351018.84,24209.99,1.438950E+07,31281.52
1732863194,264010.09,1.641088E+08,349167.59,23410.01,1.462360E+07,31114.04
1732863204,250479.95,1.666136E+08,347111.60,22320.00,1.484680E+07,30930.83
1732863214,308350.08,1.696971E+08,346320.55,27530.01,1.512210E+07,30861.42
1732863224,379550.01,1.734926E+08,346985.14,33810.00,1.546020E+07,30920.39
1732863234,320459.95,1.766972E+08,346465.04,28580.00,1.574600E+07,30874.50
1732863244,379450.04,1.804917E+08,347099.36,33830.00,1.608430E+07,30931.34
1732863254,389659.84,1.843883E+08,347902.39,34639.99,1.643070E+07,31001.32
1732863264,384610.23,1.882344E+08,348582.17,34420.02,1.677490E+07,31064.62
1732863274,331279.92,1.915472E+08,348267.58,29519.99,1.707010E+07,31036.54
1732863284,368780.00,1.952350E+08,348633.87,32800.00,1.739810E+07,31068.03
1732863294,382819.93,1.990632E+08,349233.63,34169.99,1.773980E+07,31122.45
1732863304,381320.16,2.028764E+08,349786.84,33900.01,1.807880E+07,31170.34
1732863314,325109.98,2.061275E+08,349368.59,28910.00,1.836790E+07,31132.03
1732863324,354539.97,2.096729E+08,349454.78,31600.00,1.868390E+07,31139.83
1732863334,380370.02,2.134766E+08,349961.59,33880.00,1.902270E+07,31184.75
1732863344,382579.99,2.173024E+08,350487.69,34210.00,1.936480E+07,31233.54
1732863354,388319.80,2.211856E+08,351088.20,34619.98,1.971100E+07,31287.30
1732863364,321100.14,2.243966E+08,350619.64,28520.01,1.999620E+07,31244.06
1732863374,383379.89,2.282304E+08,351123.64,34269.99,2.033890E+07,31290.61
1732863384,393470.13,2.321651E+08,351765.26,35020.01,2.068910E+07,31347.12
1732863394,212370.03,2.342888E+08,349684.73,18970.00,2.087880E+07,31162.38
1732863404,372319.96,2.380120E+08,350017.60,33160.00,2.121040E+07,31191.76
1732863414,324439.95,2.412564E+08,349646.91,28840.00,2.149880E+07,31157.68
1732863424,387630.06,2.451327E+08,350189.53,34560.01,2.184440E+07,31206.28
1732863434,388559.96,2.490183E+08,350729.96,34590.00,2.219030E+07,31253.94
1732863444,390279.88,2.529211E+08,351279.26,34779.99,2.253810E+07,31302.91
1732863454,386930.15,2.567904E+08,351767.63,34430.01,2.288240E+07,31345.75
1732863464,321670.00,2.600071E+08,351360.90,28710.00,2.316950E+07,31310.13
1732863474,301729.94,2.630244E+08,350699.16,26909.99,2.343860E+07,31251.46
1732863484,380749.99,2.668319E+08,351094.56,33970.00,2.377830E+07,31287.23
1732863494,385209.99,2.706840E+08,351537.62,34210.00,2.412040E+07,31325.19
1732863504,381820.03,2.745022E+08,351925.86,34110.00,2.446150E+07,31360.89
1732863514,389210.08,2.783943E+08,352397.81,34740.01,2.480890E+07,31403.67
1732863524,322549.87,2.816198E+08,352024.71,28719.99,2.509610E+07,31370.12
1732863534,341299.94,2.850328E+08,351892.30,30439.99,2.540050E+07,31358.64
1732863544,418710.24,2.892199E+08,352707.16,37300.02,2.577350E+07,31431.09
1732863554,385109.95,2.930710E+08,353097.55,34190.00,2.611540E+07,31464.33
1732863564,385760.06,2.969286E+08,353486.39,34430.01,2.645970E+07,31499.64
1732863574,382609.98,3.007547E+08,353829.02,34080.00,2.680050E+07,31530.00
1732863584,333510.00,3.040898E+08,353592.75,29820.00,2.709870E+07,31510.11
1732863594,359959.21,3.076894E+08,353665.93,31919.93,2.741790E+07,31514.82
1732863604,384740.78,3.115368E+08,354019.05,34430.07,2.776220E+07,31547.95
1732863614,260320.07,3.141400E+08,352966.26,23120.01,2.799340E+07,31453.26
1732863624,263040.00,3.167704E+08,351967.08,23500.00,2.822840E+07,31364.89
1732863634,294219.92,3.197126E+08,351332.49,26149.99,2.848990E+07,31307.58
1732863644,391040.12,3.236230E+08,351764.10,34850.01,2.883840E+07,31346.08
1732863654,388809.95,3.275111E+08,352162.44,34690.00,2.918530E+07,31382.04
1732863664,373559.93,3.312467E+08,352390.07,33319.99,2.951850E+07,31402.66
1732863674,371660.11,3.349633E+08,352592.91,33130.01,2.984980E+07,31420.84
1732863684,378059.91,3.387439E+08,352858.20,33649.99,3.018630E+07,31444.06
1732863694,297540.04,3.417193E+08,352287.91,26450.00,3.045080E+07,31392.57
1732863704,392969.97,3.456490E+08,352703.03,35030.00,3.080110E+07,31429.69
1732863714,343570.02,3.490847E+08,352610.78,30660.00,3.110770E+07,31421.92
1732863724,169390.01,3.507786E+08,350778.57,15090.00,3.125860E+07,31258.60
1732863734,376859.98,3.545472E+08,351036.80,33510.00,3.159370E+07,31280.89
1732863744,389800.05,3.584452E+08,351416.83,34750.00,3.194120E+07,31314.90
1732863754,319699.91,3.616422E+08,351108.90,28539.99,3.222660E+07,31287.96
1732863764,371679.92,3.653590E+08,351306.70,33119.99,3.255780E+07,31305.57
1732863774,393600.17,3.692950E+08,351709.49,35120.01,3.290900E+07,31341.90
1732863784,389520.02,3.731902E+08,352066.20,34680.00,3.325580E+07,31373.39
1732863794,393189.97,3.771221E+08,352450.53,35030.00,3.360610E+07,31407.57
1732863804,321989.93,3.803420E+08,352168.49,28629.99,3.389240E+07,31381.85
1732863814,388029.99,3.842223E+08,352497.49,34590.00,3.423830E+07,31411.28
1732863824,393879.96,3.881611E+08,352873.70,35050.00,3.458880E+07,31444.36
1732863834,390030.12,3.920614E+08,353208.44,34810.01,3.493690E+07,31474.68
1732863844,322789.99,3.952893E+08,352936.85,28740.00,3.522430E+07,31450.27
1732863854,372389.92,3.990132E+08,353109.00,33229.99,3.555660E+07,31466.02
1732863864,401720.07,4.030304E+08,353535.41,35700.01,3.591360E+07,31503.16
1732863874,384399.83,4.068744E+08,353803.80,34419.98,3.625780E+07,31528.52
1732863884,384909.98,4.107235E+08,354071.95,34190.00,3.659970E+07,31551.46
1732863894,323560.22,4.139591E+08,353811.17,28850.02,3.688820E+07,31528.37
1732863904,383699.96,4.177961E+08,354064.46,34240.00,3.723060E+07,31551.35
1732863914,385939.97,4.216555E+08,354332.33,34430.00,3.757490E+07,31575.54
1732863924,383689.80,4.254924E+08,354576.97,34049.98,3.791540E+07,31596.16
1732863934,371820.23,4.292106E+08,354719.48,33110.02,3.824650E+07,31608.68
1732863944,373979.82,4.329504E+08,354877.35,33429.98,3.858080E+07,31623.60
1732863954,384819.95,4.367986E+08,355120.79,34220.00,3.892300E+07,31644.71
1732863964,376180.22,4.405604E+08,355290.62,33640.02,3.925940E+07,31660.80
1732863974,380059.90,4.443610E+08,355488.77,33879.99,3.959820E+07,31678.56
1732863984,385760.10,4.482186E+08,355729.02,34290.01,3.994110E+07,31699.28
1732863994,299229.97,4.512109E+08,355284.15,26670.00,4.020780E+07,31659.68
1732864004,392310.03,4.551340E+08,355573.41,34940.00,4.055720E+07,31685.31
1732864014,389379.87,4.590278E+08,355835.48,34629.99,4.090350E+07,31708.14
1732864024,383819.91,4.628660E+08,356050.74,34349.99,4.124700E+07,31728.46
1732864034,257069.98,4.654367E+08,355295.17,22870.00,4.147570E+07,31660.84
1732864044,225350.12,4.676902E+08,354310.73,20040.01,4.167610E+07,31572.80
1732864054,303820.02,4.707284E+08,353931.10,27070.00,4.194680E+07,31538.95
1732864064,317999.98,4.739084E+08,353662.96,28320.00,4.223000E+07,31514.92
1732864074,382370.02,4.777321E+08,353875.61,34190.00,4.257190E+07,31534.74
1732864084,382659.92,4.815587E+08,354087.26,33979.99,4.291170E+07,31552.72
1732864094,382670.07,4.853854E+08,354295.89,34120.01,4.325290E+07,31571.46
1732864104,341049.99,4.887959E+08,354199.90,30460.00,4.355750E+07,31563.40
1732864114,331109.99,4.921070E+08,354033.79,29500.00,4.385250E+07,31548.56
1732864124,335859.85,4.954656E+08,353903.98,29789.99,4.415040E+07,31536.00
1732864134,254280.01,4.980084E+08,353197.42,22810.00,4.437850E+07,31474.11
1732864144,244820.00,5.004566E+08,352434.20,21770.00,4.459620E+07,31405.77
1732864154,321940.09,5.036760E+08,352220.96,28740.01,4.488360E+07,31387.13
1732864164,361730.05,5.072933E+08,352286.99,32200.00,4.520560E+07,31392.78
1732864174,233209.85,5.096254E+08,351465.77,20729.99,4.541290E+07,31319.24
1732864184,185290.10,5.114783E+08,350327.58,16480.01,4.557770E+07,31217.60
1732864194,238949.93,5.138678E+08,349569.91,21359.99,4.579130E+07,31150.54
1732864204,312890.18,5.169967E+08,349322.07,27920.02,4.607050E+07,31128.71
1732864214,352769.83,5.205244E+08,349345.21,31309.99,4.638360E+07,31129.93
1732864224,378260.05,5.243070E+08,349537.98,33720.00,4.672080E+07,31147.20
1732864234,385919.99,5.281662E+08,349778.92,34470.00,4.706550E+07,31169.20
1732864244,392220.05,5.320884E+08,350058.14,34910.00,4.741460E+07,31193.81
1732864254,322450.09,5.353129E+08,349877.69,28690.01,4.770150E+07,31177.45
1732864264,362879.97,5.389417E+08,349962.12,32310.00,4.802460E+07,31184.80
1732864274,382949.98,5.427712E+08,350174.95,34260.00,4.836720E+07,31204.64
1732864284,384479.97,5.466160E+08,350394.85,34120.00,4.870840E+07,31223.33
1732864294,375460.00,5.503706E+08,350554.50,33620.00,4.904460E+07,31238.60
1732864304,312089.97,5.534915E+08,350311.06,27670.00,4.932130E+07,31216.01
1732864314,334770.03,5.568392E+08,350213.31,29970.00,4.962100E+07,31208.17
1732864324,391879.96,5.607580E+08,350473.73,34760.00,4.996860E+07,31230.37
1732864334,363290.09,5.643909E+08,350553.33,32390.01,5.029250E+07,31237.58
1732864344,372330.02,5.681142E+08,350687.76,33170.00,5.062420E+07,31249.50
1732864354,312629.95,5.712405E+08,350454.28,27930.00,5.090350E+07,31229.14
1732864364,371059.94,5.749511E+08,350579.92,33099.99,5.123450E+07,31240.55
1732864374,403529.91,5.789864E+08,350900.83,35979.99,5.159430E+07,31269.27

Summary:
loaded 581760000 metrics in 1657.542sec with 10 workers (mean rate 350977.59 metrics/sec)
loaded 51840000 rows in 1657.542sec with 10 workers (mean rate 31275.23 rows/sec)
Run complete after 518400 queries with 10 workers (Overall query rate 312.75 queries/sec):
          :
min:     1.28ms, med:    29.73ms, mean:    31.69ms, max: 12611.58ms, stddev:    55.34ms, sum: 16429.8sec, count: 518400
all queries:
min:     1.28ms, med:    29.73ms, mean:    31.69ms, max: 12611.58ms, stddev:    55.34ms, sum: 16429.8sec, count: 518400
Saving Response Latencies to /home/benchUser/results/latenciesInserts_latest.csv
